#Build: Fabric Compiler 2020.3-SP3.1, Build 67625, Jan 05 04:16 2021
#Install: C:\pango\PDS_2020.3-SP3.1-ads\bin
#Application name: pds_shell.exe
#OS: Windows 7 6.1.7600
#Hostname: LAPTOP-33JRCVKD
Generated by Fabric Compiler (version 2020.3-SP3.1 build 67625) at Wed Mar 31 16:01:57 2021
Compiling verification operator library.
Compiling common defs.
Compiling prim grid devices.
Compiling gate devices.
Compiling gate operators.
Building architecture model.
Loading device packaging model 'MBG324'.
Reading design from DB.
Start Generating Programming File...
Reading design from DB takes 4.046875 sec.
Generating architecture configuration.
The bitstream file is "C:/Users/yangl/Documents/IC_competition/arm/M1_PGL22G_RTOS/PDS_project/pnr/generate_bitstream/m1_soc_top.sbit"
Generate programming file takes 34.046875 sec.
Generating Programming File done.
Action gen_bit_stream: Real time elapsed is 44.000 sec
Action gen_bit_stream: CPU time elapsed is 41.344 sec
Current time: Wed Mar 31 16:02:38 2021
Action gen_bit_stream: Peak memory pool usage is 480,018,432 bytes
