#Build: Fabric Compiler 2020.3, Build 62942, Sep 29 13:34 2020
#Install: C:\pango\PDS_2020.3\bin
#Application name: pds_shell.exe
#OS: Windows 7 6.1.7600
#Hostname: LAPTOP-33JRCVKD
Generated by Fabric Compiler (version 2020.3 build 62942) at Tue Mar 23 19:37:51 2021
Compiling verification operator library.
Compiling common defs.
Compiling prim grid devices.
Compiling gate devices.
Compiling gate operators.
Building architecture model.
Loading device packaging model 'MBG324'.
Reading design from DB.
Start Generating Programming File...
Reading design from DB takes 4.046875 sec.
Generating architecture configuration.
The bitstream file is "C:/Users/yangl/Documents/IC_competition/arm/M1_PGL22G_RTOS/PDS_project/pnr/generate_bitstream/m1_soc_top.sbit"
Generate programming file takes 28.765625 sec.
Generating Programming File done.
Action gen_bit_stream: Real time elapsed is 36.000 sec
Action gen_bit_stream: CPU time elapsed is 34.109 sec
Current time: Tue Mar 23 19:38:25 2021
Action gen_bit_stream: Peak memory pool usage is 471,212,032 bytes
