#Build: Fabric Compiler 2020.3-SP3.1, Build 67625, Jan 05 04:16 2021
#Install: C:\pango\PDS_2020.3-SP3.1-ads\bin
#Application name: pds_shell.exe
#OS: Windows 7 6.1.7600
#Hostname: LAPTOP-33JRCVKD
Generated by Fabric Compiler (version 2020.3-SP3.1 build 67625) at Mon Apr  5 11:24:40 2021
Compiling verification operator library.
Compiling common defs.
Compiling prim grid devices.
Compiling gate devices.
Compiling gate operators.
Building architecture model.
Loading device packaging model 'MBG324'.
Reading design from DB.
Start Generating Programming File...
Reading design from DB takes 3.093750 sec.
Generating architecture configuration.
The bitstream file is "C:/Users/yangl/Documents/IC_competition/arm/M1_PGL22G_RTOS/PDS_project/pnr/generate_bitstream/m1_soc_top.sbit"
Generate programming file takes 23.593750 sec.
Generating Programming File done.
Action gen_bit_stream: Real time elapsed is 29.000 sec
Action gen_bit_stream: CPU time elapsed is 27.656 sec
Current time: Mon Apr  5 11:25:08 2021
Action gen_bit_stream: Peak memory pool usage is 480,645,120 bytes
