#Build: Fabric Configuration 2020.3-SP3.1, Build 67625, Jan 05 04:16 2021
#Install: C:\pango\PDS_2020.3-SP3.1-ads\bin
#Application name: cdt_cfg.exe
#OS: Windows 7 6.1.7600
#Hostname: LAPTOP-33JRCVKD
Generated by Fabric Configuration (version 2020.3-SP3.1 build 67625) at Sun Mar 14 08:57:33 2021
Connecting to server[127.0.0.1 : 65420].
Connect to server[127.0.0.1 : 65420] successfully.
COMMAND[check version information] execute successfully, takes 0.5 secs.
The cable List : 
Cable index 0:USB Cable II/fffffffffffffffe 

COMMAND[get_cable_paras] execute successfully, takes 1.1 secs.
PANGO USB CABLE II cable driver: D2XX DLL
COMMAND[Open config cable] execute successfully, takes 2.7 secs.
The Start Address of bit file C:/Users/yangl/Documents/IC_competition/arm/pgr_FPGA_Cortex_M1_PGL22_324_eval/pgr_ARM_Cortex_M1_PGL22_324_eval/pnr/generate_bitstream/m1_soc_top.sbit: 0x0
The Start Address of User Data C:/Users/yangl/Documents/IC_competition/arm/pgr_FPGA_Cortex_M1_PGL22_324_eval/pgr_ARM_Cortex_M1_PGL22_324_eval/pnr/generate_bitstream/cortex_M1_demo.bin: 0xc0000
COMMAND[Scan Outer SPI Flash] execute successfully, takes 1.8 secs.
The start address of operating flash is 0x0.
COMMAND[Erase Outer Flash] execute successfully, takes 6.0 secs.
The start address of operating flash is 0x0.
COMMAND[Program Outer Flash] execute successfully, takes 18.0 secs.
The start address of operating flash is 0x0.
COMMAND[Verify Outer Flash] execute successfully, takes 1.2 secs.
The Start Address of bit file C:/Users/yangl/Documents/IC_competition/arm/pgr_FPGA_Cortex_M1_PGL22_324_eval/pgr_ARM_Cortex_M1_PGL22_324_eval/pnr/generate_bitstream/m1_soc_top.sbit: 0x0
The Start Address of User Data C:/Users/yangl/Documents/IC_competition/arm/pgr_FPGA_Cortex_M1_PGL22_324_eval/pgr_ARM_Cortex_M1_PGL22_324_eval/pnr/generate_bitstream/cortex_M1_demo.bin: 0xc0000
The start address of operating flash is 0x0.
COMMAND[Erase Outer Flash] execute successfully, takes 6.1 secs.
The start address of operating flash is 0x0.
COMMAND[Program Outer Flash] execute successfully, takes 17.8 secs.
The start address of operating flash is 0x0.
E: Compare config file with readback file fail
W: Configuration-4003: Maybe the cable frequency is high or file error, decreasing frequency may avoid fail or check file. And check flash mode whether device supports.
E: Configuration-0008: The operation 'Verify Outer Flash' execute fail.
COMMAND[Scan Outer SPI Flash] execute successfully, takes 1.6 secs.
The start address of operating flash is 0x0.
COMMAND[Erase Outer Flash] execute successfully, takes 6.0 secs.
The start address of operating flash is 0x0.
COMMAND[Program Outer Flash] execute successfully, takes 18.3 secs.
The start address of operating flash is 0x0.
COMMAND[Verify Outer Flash] execute successfully, takes 1.2 secs.
The Start Address of bit file C:/Users/yangl/Documents/IC_competition/arm/pgr_FPGA_Cortex_M1_PGL22_324_eval/pgr_ARM_Cortex_M1_PGL22_324_eval/pnr/generate_bitstream/m1_soc_top.sbit: 0x0
The Start Address of User Data C:/Users/yangl/Documents/IC_competition/arm/pgr_FPGA_Cortex_M1_PGL22_324_eval/pgr_ARM_Cortex_M1_PGL22_324_eval/pnr/generate_bitstream/cortex_M1_uart.bin: 0xc0000
COMMAND[Scan Outer SPI Flash] execute successfully, takes 2.3 secs.
The start address of operating flash is 0x0.
COMMAND[Erase Outer Flash] execute successfully, takes 6.0 secs.
The start address of operating flash is 0x0.
COMMAND[Program Outer Flash] execute successfully, takes 17.8 secs.
The start address of operating flash is 0x0.
COMMAND[Verify Outer Flash] execute successfully, takes 1.2 secs.
