#Build: Fabric Compiler 2020.3-SP3.1, Build 67625, Jan 05 04:16 2021
#Install: C:\pango\PDS_2020.3-SP3.1-ads\bin
#Application name: pds_shell.exe
#OS: Windows 7 6.1.7600
#Hostname: LAPTOP-33JRCVKD
Generated by Fabric Compiler (version 2020.3-SP3.1 build 67625) at Sun Mar 14 08:51:03 2021
Compiling verification operator library.
Compiling common defs.
Compiling prim grid devices.
Compiling gate devices.
Compiling gate operators.
Building architecture model.
Loading device packaging model 'MBG324'.
Reading design from DB.
Start Generating Programming File...
Reading design from DB takes 3.078125 sec.
Generating architecture configuration.
The bitstream file is "C:/Users/yangl/Documents/IC_competition/arm/pgr_FPGA_Cortex_M1_PGL22_324_eval/pgr_ARM_Cortex_M1_PGL22_324_eval/pnr/generate_bitstream/m1_soc_top.sbit"
Generate programming file takes 27.109375 sec.
Generating Programming File done.
Action gen_bit_stream: Real time elapsed is 33.000 sec
Action gen_bit_stream: CPU time elapsed is 31.766 sec
Current time: Sun Mar 14 08:51:34 2021
Action gen_bit_stream: Peak memory pool usage is 474,779,648 bytes
