#Build: Fabric Compiler 2020.3-SP3.1, Build 67625, Jan 05 04:16 2021
#Install: C:\pango\PDS_2020.3-SP3.1-ads\bin
#Application name: pds_shell.exe
#OS: Windows 7 6.1.7600
#Hostname: LAPTOP-33JRCVKD
Generated by Fabric Compiler (version 2020.3-SP3.1 build 67625) at Mon Apr  5 15:22:16 2021
Compiling verification operator library.
Compiling common defs.
Compiling prim grid devices.
Compiling gate devices.
Compiling gate operators.
Building architecture model.
Loading device packaging model 'MBG324'.
I: dp_step_length: 4 != def: 1
Starting placement and routing flow. (CPU time elapsed 0h:00m:00s)
Reading design from devmap DB.
Building architecture floorplan logic view.
Executing : apply_constraint -f C:/Users/yangl/Documents/IC_competition/arm/M1_PGL22G_RTOS/PDS_project/pnr/device_map/m1_soc_top.pcf
Executing : def_port i2c0_sck -LOC A15 -IOSTANDARD LVCMOS33 -VCCIO 3.3 -BUS_KEEPER PULLUP
C: ConstraintEditor-2006: [C:/Users/yangl/Documents/IC_competition/arm/M1_PGL22G_RTOS/PDS_project/pnr/device_map/m1_soc_top.pcf] Port i2c0_sck lack of drive, output port and inout port had better set drive value, the default value is 4.
C: ConstraintEditor-2007: [C:/Users/yangl/Documents/IC_competition/arm/M1_PGL22G_RTOS/PDS_project/pnr/device_map/m1_soc_top.pcf] Port i2c0_sck lack of slew, output port and inout port had better set slew value, the default value is SLOW.
Executing : def_port i2c0_sck -LOC A15 -IOSTANDARD LVCMOS33 -VCCIO 3.3 -BUS_KEEPER PULLUP successfully.
Executing : def_port i2c0_sda -LOC B15 -IOSTANDARD LVCMOS33 -VCCIO 3.3 -BUS_KEEPER PULLUP
C: ConstraintEditor-2006: [C:/Users/yangl/Documents/IC_competition/arm/M1_PGL22G_RTOS/PDS_project/pnr/device_map/m1_soc_top.pcf] Port i2c0_sda lack of drive, output port and inout port had better set drive value, the default value is 4.
C: ConstraintEditor-2007: [C:/Users/yangl/Documents/IC_competition/arm/M1_PGL22G_RTOS/PDS_project/pnr/device_map/m1_soc_top.pcf] Port i2c0_sda lack of slew, output port and inout port had better set slew value, the default value is SLOW.
Executing : def_port i2c0_sda -LOC B15 -IOSTANDARD LVCMOS33 -VCCIO 3.3 -BUS_KEEPER PULLUP successfully.
Executing : def_port {pad_dq_ch0[0]} -LOC T8 -IOSTANDARD SSTL15_I -VCCIO 1.5 -BUS_KEEPER UNUSED -VREF_MODE IN -VREF_MODE_VALUE 0.5 -DDR_TERM_MODE ON -DRIVE 7.5 -SLEW FAST
Executing : def_port {pad_dq_ch0[0]} -LOC T8 -IOSTANDARD SSTL15_I -VCCIO 1.5 -BUS_KEEPER UNUSED -VREF_MODE IN -VREF_MODE_VALUE 0.5 -DDR_TERM_MODE ON -DRIVE 7.5 -SLEW FAST successfully.
Executing : def_port {pad_dq_ch0[1]} -LOC T6 -IOSTANDARD SSTL15_I -VCCIO 1.5 -BUS_KEEPER UNUSED -VREF_MODE IN -VREF_MODE_VALUE 0.5 -DDR_TERM_MODE ON -DRIVE 7.5 -SLEW FAST
Executing : def_port {pad_dq_ch0[1]} -LOC T6 -IOSTANDARD SSTL15_I -VCCIO 1.5 -BUS_KEEPER UNUSED -VREF_MODE IN -VREF_MODE_VALUE 0.5 -DDR_TERM_MODE ON -DRIVE 7.5 -SLEW FAST successfully.
Executing : def_port {pad_dq_ch0[2]} -LOC R6 -IOSTANDARD SSTL15_I -VCCIO 1.5 -BUS_KEEPER UNUSED -VREF_MODE IN -VREF_MODE_VALUE 0.5 -DDR_TERM_MODE ON -DRIVE 7.5 -SLEW FAST
Executing : def_port {pad_dq_ch0[2]} -LOC R6 -IOSTANDARD SSTL15_I -VCCIO 1.5 -BUS_KEEPER UNUSED -VREF_MODE IN -VREF_MODE_VALUE 0.5 -DDR_TERM_MODE ON -DRIVE 7.5 -SLEW FAST successfully.
Executing : def_port {pad_dq_ch0[3]} -LOC R9 -IOSTANDARD SSTL15_I -VCCIO 1.5 -BUS_KEEPER UNUSED -VREF_MODE IN -VREF_MODE_VALUE 0.5 -DDR_TERM_MODE ON -DRIVE 7.5 -SLEW FAST
Executing : def_port {pad_dq_ch0[3]} -LOC R9 -IOSTANDARD SSTL15_I -VCCIO 1.5 -BUS_KEEPER UNUSED -VREF_MODE IN -VREF_MODE_VALUE 0.5 -DDR_TERM_MODE ON -DRIVE 7.5 -SLEW FAST successfully.
Executing : def_port {pad_dq_ch0[4]} -LOC T9 -IOSTANDARD SSTL15_I -VCCIO 1.5 -BUS_KEEPER UNUSED -VREF_MODE IN -VREF_MODE_VALUE 0.5 -DDR_TERM_MODE ON -DRIVE 7.5 -SLEW FAST
Executing : def_port {pad_dq_ch0[4]} -LOC T9 -IOSTANDARD SSTL15_I -VCCIO 1.5 -BUS_KEEPER UNUSED -VREF_MODE IN -VREF_MODE_VALUE 0.5 -DDR_TERM_MODE ON -DRIVE 7.5 -SLEW FAST successfully.
Executing : def_port {pad_dq_ch0[5]} -LOC N4 -IOSTANDARD SSTL15_I -VCCIO 1.5 -BUS_KEEPER UNUSED -VREF_MODE IN -VREF_MODE_VALUE 0.5 -DDR_TERM_MODE ON -DRIVE 7.5 -SLEW FAST
Executing : def_port {pad_dq_ch0[5]} -LOC N4 -IOSTANDARD SSTL15_I -VCCIO 1.5 -BUS_KEEPER UNUSED -VREF_MODE IN -VREF_MODE_VALUE 0.5 -DDR_TERM_MODE ON -DRIVE 7.5 -SLEW FAST successfully.
Executing : def_port {pad_dq_ch0[6]} -LOC N5 -IOSTANDARD SSTL15_I -VCCIO 1.5 -BUS_KEEPER UNUSED -VREF_MODE IN -VREF_MODE_VALUE 0.5 -DDR_TERM_MODE ON -DRIVE 7.5 -SLEW FAST
Executing : def_port {pad_dq_ch0[6]} -LOC N5 -IOSTANDARD SSTL15_I -VCCIO 1.5 -BUS_KEEPER UNUSED -VREF_MODE IN -VREF_MODE_VALUE 0.5 -DDR_TERM_MODE ON -DRIVE 7.5 -SLEW FAST successfully.
Executing : def_port {pad_dq_ch0[7]} -LOC P6 -IOSTANDARD SSTL15_I -VCCIO 1.5 -BUS_KEEPER UNUSED -VREF_MODE IN -VREF_MODE_VALUE 0.5 -DDR_TERM_MODE ON -DRIVE 7.5 -SLEW FAST
Executing : def_port {pad_dq_ch0[7]} -LOC P6 -IOSTANDARD SSTL15_I -VCCIO 1.5 -BUS_KEEPER UNUSED -VREF_MODE IN -VREF_MODE_VALUE 0.5 -DDR_TERM_MODE ON -DRIVE 7.5 -SLEW FAST successfully.
Executing : def_port {pad_dq_ch0[8]} -LOC T4 -IOSTANDARD SSTL15_I -VCCIO 1.5 -BUS_KEEPER UNUSED -VREF_MODE IN -VREF_MODE_VALUE 0.5 -DDR_TERM_MODE ON -DRIVE 7.5 -SLEW FAST
Executing : def_port {pad_dq_ch0[8]} -LOC T4 -IOSTANDARD SSTL15_I -VCCIO 1.5 -BUS_KEEPER UNUSED -VREF_MODE IN -VREF_MODE_VALUE 0.5 -DDR_TERM_MODE ON -DRIVE 7.5 -SLEW FAST successfully.
Executing : def_port {pad_dq_ch0[9]} -LOC V9 -IOSTANDARD SSTL15_I -VCCIO 1.5 -BUS_KEEPER UNUSED -VREF_MODE IN -VREF_MODE_VALUE 0.5 -DDR_TERM_MODE ON -DRIVE 7.5 -SLEW FAST
Executing : def_port {pad_dq_ch0[9]} -LOC V9 -IOSTANDARD SSTL15_I -VCCIO 1.5 -BUS_KEEPER UNUSED -VREF_MODE IN -VREF_MODE_VALUE 0.5 -DDR_TERM_MODE ON -DRIVE 7.5 -SLEW FAST successfully.
Executing : def_port {pad_dq_ch0[10]} -LOC U9 -IOSTANDARD SSTL15_I -VCCIO 1.5 -BUS_KEEPER UNUSED -VREF_MODE IN -VREF_MODE_VALUE 0.5 -DDR_TERM_MODE ON -DRIVE 7.5 -SLEW FAST
Executing : def_port {pad_dq_ch0[10]} -LOC U9 -IOSTANDARD SSTL15_I -VCCIO 1.5 -BUS_KEEPER UNUSED -VREF_MODE IN -VREF_MODE_VALUE 0.5 -DDR_TERM_MODE ON -DRIVE 7.5 -SLEW FAST successfully.
Executing : def_port {pad_dq_ch0[11]} -LOC V7 -IOSTANDARD SSTL15_I -VCCIO 1.5 -BUS_KEEPER UNUSED -VREF_MODE IN -VREF_MODE_VALUE 0.5 -DDR_TERM_MODE ON -DRIVE 7.5 -SLEW FAST
Executing : def_port {pad_dq_ch0[11]} -LOC V7 -IOSTANDARD SSTL15_I -VCCIO 1.5 -BUS_KEEPER UNUSED -VREF_MODE IN -VREF_MODE_VALUE 0.5 -DDR_TERM_MODE ON -DRIVE 7.5 -SLEW FAST successfully.
Executing : def_port {pad_dq_ch0[12]} -LOC U7 -IOSTANDARD SSTL15_I -VCCIO 1.5 -BUS_KEEPER UNUSED -VREF_MODE IN -VREF_MODE_VALUE 0.5 -DDR_TERM_MODE ON -DRIVE 7.5 -SLEW FAST
Executing : def_port {pad_dq_ch0[12]} -LOC U7 -IOSTANDARD SSTL15_I -VCCIO 1.5 -BUS_KEEPER UNUSED -VREF_MODE IN -VREF_MODE_VALUE 0.5 -DDR_TERM_MODE ON -DRIVE 7.5 -SLEW FAST successfully.
Executing : def_port {pad_dq_ch0[13]} -LOC V6 -IOSTANDARD SSTL15_I -VCCIO 1.5 -BUS_KEEPER UNUSED -VREF_MODE IN -VREF_MODE_VALUE 0.5 -DDR_TERM_MODE ON -DRIVE 7.5 -SLEW FAST
Executing : def_port {pad_dq_ch0[13]} -LOC V6 -IOSTANDARD SSTL15_I -VCCIO 1.5 -BUS_KEEPER UNUSED -VREF_MODE IN -VREF_MODE_VALUE 0.5 -DDR_TERM_MODE ON -DRIVE 7.5 -SLEW FAST successfully.
Executing : def_port {pad_dq_ch0[14]} -LOC U6 -IOSTANDARD SSTL15_I -VCCIO 1.5 -BUS_KEEPER UNUSED -VREF_MODE IN -VREF_MODE_VALUE 0.5 -DDR_TERM_MODE ON -DRIVE 7.5 -SLEW FAST
Executing : def_port {pad_dq_ch0[14]} -LOC U6 -IOSTANDARD SSTL15_I -VCCIO 1.5 -BUS_KEEPER UNUSED -VREF_MODE IN -VREF_MODE_VALUE 0.5 -DDR_TERM_MODE ON -DRIVE 7.5 -SLEW FAST successfully.
Executing : def_port {pad_dq_ch0[15]} -LOC V5 -IOSTANDARD SSTL15_I -VCCIO 1.5 -BUS_KEEPER UNUSED -VREF_MODE IN -VREF_MODE_VALUE 0.5 -DDR_TERM_MODE ON -DRIVE 7.5 -SLEW FAST
Executing : def_port {pad_dq_ch0[15]} -LOC V5 -IOSTANDARD SSTL15_I -VCCIO 1.5 -BUS_KEEPER UNUSED -VREF_MODE IN -VREF_MODE_VALUE 0.5 -DDR_TERM_MODE ON -DRIVE 7.5 -SLEW FAST successfully.
Executing : def_port {pad_dqs_ch0[0]} -LOC N6 -IOSTANDARD SSTL15D_I -VCCIO 1.5 -BUS_KEEPER UNUSED -DDR_TERM_MODE ON -DRIVE 7.5 -SLEW FAST
Executing : def_port {pad_dqs_ch0[0]} -LOC N6 -IOSTANDARD SSTL15D_I -VCCIO 1.5 -BUS_KEEPER UNUSED -DDR_TERM_MODE ON -DRIVE 7.5 -SLEW FAST successfully.
Executing : def_port {pad_dqs_ch0[1]} -LOC U8 -IOSTANDARD SSTL15D_I -VCCIO 1.5 -BUS_KEEPER UNUSED -DDR_TERM_MODE ON -DRIVE 7.5 -SLEW FAST
Executing : def_port {pad_dqs_ch0[1]} -LOC U8 -IOSTANDARD SSTL15D_I -VCCIO 1.5 -BUS_KEEPER UNUSED -DDR_TERM_MODE ON -DRIVE 7.5 -SLEW FAST successfully.
Executing : def_port {pad_dqsn_ch0[0]} -LOC N7 -IOSTANDARD SSTL15D_I -VCCIO 1.5 -BUS_KEEPER UNUSED -DDR_TERM_MODE ON -DRIVE 7.5 -SLEW FAST
Executing : def_port {pad_dqsn_ch0[0]} -LOC N7 -IOSTANDARD SSTL15D_I -VCCIO 1.5 -BUS_KEEPER UNUSED -DDR_TERM_MODE ON -DRIVE 7.5 -SLEW FAST successfully.
Executing : def_port {pad_dqsn_ch0[1]} -LOC V8 -IOSTANDARD SSTL15D_I -VCCIO 1.5 -BUS_KEEPER UNUSED -DDR_TERM_MODE ON -DRIVE 7.5 -SLEW FAST
Executing : def_port {pad_dqsn_ch0[1]} -LOC V8 -IOSTANDARD SSTL15D_I -VCCIO 1.5 -BUS_KEEPER UNUSED -DDR_TERM_MODE ON -DRIVE 7.5 -SLEW FAST successfully.
Executing : def_port {LED[0]} -LOC U10 -IOSTANDARD LVCMOS33 -VCCIO 3.3 -BUS_KEEPER NONE
C: ConstraintEditor-2006: [C:/Users/yangl/Documents/IC_competition/arm/M1_PGL22G_RTOS/PDS_project/pnr/device_map/m1_soc_top.pcf] Port LED[0] lack of drive, output port and inout port had better set drive value, the default value is 4.
C: ConstraintEditor-2007: [C:/Users/yangl/Documents/IC_competition/arm/M1_PGL22G_RTOS/PDS_project/pnr/device_map/m1_soc_top.pcf] Port LED[0] lack of slew, output port and inout port had better set slew value, the default value is SLOW.
Executing : def_port {LED[0]} -LOC U10 -IOSTANDARD LVCMOS33 -VCCIO 3.3 -BUS_KEEPER NONE successfully.
Executing : def_port {LED[1]} -LOC V10 -IOSTANDARD LVCMOS33 -VCCIO 3.3 -BUS_KEEPER NONE
C: ConstraintEditor-2006: [C:/Users/yangl/Documents/IC_competition/arm/M1_PGL22G_RTOS/PDS_project/pnr/device_map/m1_soc_top.pcf] Port LED[1] lack of drive, output port and inout port had better set drive value, the default value is 4.
C: ConstraintEditor-2007: [C:/Users/yangl/Documents/IC_competition/arm/M1_PGL22G_RTOS/PDS_project/pnr/device_map/m1_soc_top.pcf] Port LED[1] lack of slew, output port and inout port had better set slew value, the default value is SLOW.
Executing : def_port {LED[1]} -LOC V10 -IOSTANDARD LVCMOS33 -VCCIO 3.3 -BUS_KEEPER NONE successfully.
Executing : def_port {LED[2]} -LOC U11 -IOSTANDARD LVCMOS33 -VCCIO 3.3 -BUS_KEEPER NONE
C: ConstraintEditor-2006: [C:/Users/yangl/Documents/IC_competition/arm/M1_PGL22G_RTOS/PDS_project/pnr/device_map/m1_soc_top.pcf] Port LED[2] lack of drive, output port and inout port had better set drive value, the default value is 4.
C: ConstraintEditor-2007: [C:/Users/yangl/Documents/IC_competition/arm/M1_PGL22G_RTOS/PDS_project/pnr/device_map/m1_soc_top.pcf] Port LED[2] lack of slew, output port and inout port had better set slew value, the default value is SLOW.
Executing : def_port {LED[2]} -LOC U11 -IOSTANDARD LVCMOS33 -VCCIO 3.3 -BUS_KEEPER NONE successfully.
Executing : def_port {LED[3]} -LOC V11 -IOSTANDARD LVCMOS33 -VCCIO 3.3 -BUS_KEEPER NONE -OPEN_DRAIN OFF
C: ConstraintEditor-2006: [C:/Users/yangl/Documents/IC_competition/arm/M1_PGL22G_RTOS/PDS_project/pnr/device_map/m1_soc_top.pcf] Port LED[3] lack of drive, output port and inout port had better set drive value, the default value is 4.
C: ConstraintEditor-2007: [C:/Users/yangl/Documents/IC_competition/arm/M1_PGL22G_RTOS/PDS_project/pnr/device_map/m1_soc_top.pcf] Port LED[3] lack of slew, output port and inout port had better set slew value, the default value is SLOW.
Executing : def_port {LED[3]} -LOC V11 -IOSTANDARD LVCMOS33 -VCCIO 3.3 -BUS_KEEPER NONE -OPEN_DRAIN OFF successfully.
Executing : def_port SD_DCLK -LOC V13 -IOSTANDARD LVCMOS33 -VCCIO 3.3 -BUS_KEEPER NONE -DRIVE 4
C: ConstraintEditor-2007: [C:/Users/yangl/Documents/IC_competition/arm/M1_PGL22G_RTOS/PDS_project/pnr/device_map/m1_soc_top.pcf] Port SD_DCLK lack of slew, output port and inout port had better set slew value, the default value is SLOW.
Executing : def_port SD_DCLK -LOC V13 -IOSTANDARD LVCMOS33 -VCCIO 3.3 -BUS_KEEPER NONE -DRIVE 4 successfully.
Executing : def_port SD_MOSI -LOC U14 -IOSTANDARD LVCMOS33 -VCCIO 3.3 -BUS_KEEPER PULLUP -DRIVE 4
C: ConstraintEditor-2007: [C:/Users/yangl/Documents/IC_competition/arm/M1_PGL22G_RTOS/PDS_project/pnr/device_map/m1_soc_top.pcf] Port SD_MOSI lack of slew, output port and inout port had better set slew value, the default value is SLOW.
Executing : def_port SD_MOSI -LOC U14 -IOSTANDARD LVCMOS33 -VCCIO 3.3 -BUS_KEEPER PULLUP -DRIVE 4 successfully.
Executing : def_port SD_nCS -LOC V14 -IOSTANDARD LVCMOS33 -VCCIO 3.3 -BUS_KEEPER PULLUP -DRIVE 4
C: ConstraintEditor-2007: [C:/Users/yangl/Documents/IC_competition/arm/M1_PGL22G_RTOS/PDS_project/pnr/device_map/m1_soc_top.pcf] Port SD_nCS lack of slew, output port and inout port had better set slew value, the default value is SLOW.
Executing : def_port SD_nCS -LOC V14 -IOSTANDARD LVCMOS33 -VCCIO 3.3 -BUS_KEEPER PULLUP -DRIVE 4 successfully.
Executing : def_port TX -LOC C10 -IOSTANDARD LVCMOS33 -VCCIO 3.3 -BUS_KEEPER PULLUP
C: ConstraintEditor-2006: [C:/Users/yangl/Documents/IC_competition/arm/M1_PGL22G_RTOS/PDS_project/pnr/device_map/m1_soc_top.pcf] Port TX lack of drive, output port and inout port had better set drive value, the default value is 4.
C: ConstraintEditor-2007: [C:/Users/yangl/Documents/IC_competition/arm/M1_PGL22G_RTOS/PDS_project/pnr/device_map/m1_soc_top.pcf] Port TX lack of slew, output port and inout port had better set slew value, the default value is SLOW.
Executing : def_port TX -LOC C10 -IOSTANDARD LVCMOS33 -VCCIO 3.3 -BUS_KEEPER PULLUP successfully.
Executing : def_port l0_sgmii_clk_shft -LOC H17 -IOSTANDARD LVCMOS33 -VCCIO 3.3 -BUS_KEEPER PULLUP -DRIVE 4 -SLEW FAST -OPEN_DRAIN OFF
Executing : def_port l0_sgmii_clk_shft -LOC H17 -IOSTANDARD LVCMOS33 -VCCIO 3.3 -BUS_KEEPER PULLUP -DRIVE 4 -SLEW FAST -OPEN_DRAIN OFF successfully.
Executing : def_port {pad_addr_ch0[0]} -LOC M4 -IOSTANDARD SSTL15_I -VCCIO 1.5 -BUS_KEEPER UNUSED -DRIVE 7.5 -SLEW FAST
Executing : def_port {pad_addr_ch0[0]} -LOC M4 -IOSTANDARD SSTL15_I -VCCIO 1.5 -BUS_KEEPER UNUSED -DRIVE 7.5 -SLEW FAST successfully.
Executing : def_port {pad_addr_ch0[1]} -LOC M3 -IOSTANDARD SSTL15_I -VCCIO 1.5 -BUS_KEEPER UNUSED -DRIVE 7.5 -SLEW FAST
Executing : def_port {pad_addr_ch0[1]} -LOC M3 -IOSTANDARD SSTL15_I -VCCIO 1.5 -BUS_KEEPER UNUSED -DRIVE 7.5 -SLEW FAST successfully.
Executing : def_port {pad_addr_ch0[2]} -LOC P2 -IOSTANDARD SSTL15_I -VCCIO 1.5 -BUS_KEEPER UNUSED -DRIVE 7.5 -SLEW FAST
Executing : def_port {pad_addr_ch0[2]} -LOC P2 -IOSTANDARD SSTL15_I -VCCIO 1.5 -BUS_KEEPER UNUSED -DRIVE 7.5 -SLEW FAST successfully.
Executing : def_port {pad_addr_ch0[3]} -LOC P1 -IOSTANDARD SSTL15_I -VCCIO 1.5 -BUS_KEEPER UNUSED -DRIVE 7.5 -SLEW FAST
Executing : def_port {pad_addr_ch0[3]} -LOC P1 -IOSTANDARD SSTL15_I -VCCIO 1.5 -BUS_KEEPER UNUSED -DRIVE 7.5 -SLEW FAST successfully.
Executing : def_port {pad_addr_ch0[4]} -LOC L5 -IOSTANDARD SSTL15_I -VCCIO 1.5 -BUS_KEEPER UNUSED -DRIVE 7.5 -SLEW FAST
Executing : def_port {pad_addr_ch0[4]} -LOC L5 -IOSTANDARD SSTL15_I -VCCIO 1.5 -BUS_KEEPER UNUSED -DRIVE 7.5 -SLEW FAST successfully.
Executing : def_port {pad_addr_ch0[5]} -LOC M5 -IOSTANDARD SSTL15_I -VCCIO 1.5 -BUS_KEEPER UNUSED -DRIVE 7.5 -SLEW FAST
Executing : def_port {pad_addr_ch0[5]} -LOC M5 -IOSTANDARD SSTL15_I -VCCIO 1.5 -BUS_KEEPER UNUSED -DRIVE 7.5 -SLEW FAST successfully.
Executing : def_port {pad_addr_ch0[6]} -LOC N2 -IOSTANDARD SSTL15_I -VCCIO 1.5 -BUS_KEEPER UNUSED -DRIVE 7.5 -SLEW FAST
Executing : def_port {pad_addr_ch0[6]} -LOC N2 -IOSTANDARD SSTL15_I -VCCIO 1.5 -BUS_KEEPER UNUSED -DRIVE 7.5 -SLEW FAST successfully.
Executing : def_port {pad_addr_ch0[7]} -LOC N1 -IOSTANDARD SSTL15_I -VCCIO 1.5 -BUS_KEEPER UNUSED -DRIVE 7.5 -SLEW FAST
Executing : def_port {pad_addr_ch0[7]} -LOC N1 -IOSTANDARD SSTL15_I -VCCIO 1.5 -BUS_KEEPER UNUSED -DRIVE 7.5 -SLEW FAST successfully.
Executing : def_port {pad_addr_ch0[8]} -LOC K4 -IOSTANDARD SSTL15_I -VCCIO 1.5 -BUS_KEEPER UNUSED -DRIVE 7.5 -SLEW FAST
Executing : def_port {pad_addr_ch0[8]} -LOC K4 -IOSTANDARD SSTL15_I -VCCIO 1.5 -BUS_KEEPER UNUSED -DRIVE 7.5 -SLEW FAST successfully.
Executing : def_port {pad_addr_ch0[9]} -LOC M1 -IOSTANDARD SSTL15_I -VCCIO 1.5 -BUS_KEEPER UNUSED -DRIVE 7.5 -SLEW FAST
Executing : def_port {pad_addr_ch0[9]} -LOC M1 -IOSTANDARD SSTL15_I -VCCIO 1.5 -BUS_KEEPER UNUSED -DRIVE 7.5 -SLEW FAST successfully.
Executing : def_port {pad_addr_ch0[10]} -LOC M6 -IOSTANDARD SSTL15_I -VCCIO 1.5 -BUS_KEEPER UNUSED -DRIVE 7.5 -SLEW FAST
Executing : def_port {pad_addr_ch0[10]} -LOC M6 -IOSTANDARD SSTL15_I -VCCIO 1.5 -BUS_KEEPER UNUSED -DRIVE 7.5 -SLEW FAST successfully.
Executing : def_port {pad_addr_ch0[11]} -LOC L1 -IOSTANDARD SSTL15_I -VCCIO 1.5 -BUS_KEEPER UNUSED -DRIVE 7.5 -SLEW FAST
Executing : def_port {pad_addr_ch0[11]} -LOC L1 -IOSTANDARD SSTL15_I -VCCIO 1.5 -BUS_KEEPER UNUSED -DRIVE 7.5 -SLEW FAST successfully.
Executing : def_port {pad_addr_ch0[12]} -LOC K2 -IOSTANDARD SSTL15_I -VCCIO 1.5 -BUS_KEEPER UNUSED -DRIVE 7.5 -SLEW FAST
Executing : def_port {pad_addr_ch0[12]} -LOC K2 -IOSTANDARD SSTL15_I -VCCIO 1.5 -BUS_KEEPER UNUSED -DRIVE 7.5 -SLEW FAST successfully.
Executing : def_port {pad_addr_ch0[13]} -LOC K1 -IOSTANDARD SSTL15_I -VCCIO 1.5 -BUS_KEEPER UNUSED -DRIVE 7.5 -SLEW FAST
Executing : def_port {pad_addr_ch0[13]} -LOC K1 -IOSTANDARD SSTL15_I -VCCIO 1.5 -BUS_KEEPER UNUSED -DRIVE 7.5 -SLEW FAST successfully.
Executing : def_port {pad_addr_ch0[14]} -LOC J2 -IOSTANDARD SSTL15_I -VCCIO 1.5 -BUS_KEEPER UNUSED -DRIVE 7.5 -SLEW FAST
Executing : def_port {pad_addr_ch0[14]} -LOC J2 -IOSTANDARD SSTL15_I -VCCIO 1.5 -BUS_KEEPER UNUSED -DRIVE 7.5 -SLEW FAST successfully.
Executing : def_port {pad_addr_ch0[15]} -LOC J1 -IOSTANDARD SSTL15_I -VCCIO 1.5 -BUS_KEEPER UNUSED -DRIVE 7.5 -SLEW FAST
Executing : def_port {pad_addr_ch0[15]} -LOC J1 -IOSTANDARD SSTL15_I -VCCIO 1.5 -BUS_KEEPER UNUSED -DRIVE 7.5 -SLEW FAST successfully.
Executing : def_port {pad_ba_ch0[0]} -LOC U2 -IOSTANDARD SSTL15_I -VCCIO 1.5 -BUS_KEEPER UNUSED -DRIVE 7.5 -SLEW FAST
Executing : def_port {pad_ba_ch0[0]} -LOC U2 -IOSTANDARD SSTL15_I -VCCIO 1.5 -BUS_KEEPER UNUSED -DRIVE 7.5 -SLEW FAST successfully.
Executing : def_port {pad_ba_ch0[1]} -LOC U1 -IOSTANDARD SSTL15_I -VCCIO 1.5 -BUS_KEEPER UNUSED -DRIVE 7.5 -SLEW FAST
Executing : def_port {pad_ba_ch0[1]} -LOC U1 -IOSTANDARD SSTL15_I -VCCIO 1.5 -BUS_KEEPER UNUSED -DRIVE 7.5 -SLEW FAST successfully.
Executing : def_port {pad_ba_ch0[2]} -LOC T2 -IOSTANDARD SSTL15_I -VCCIO 1.5 -BUS_KEEPER UNUSED -DRIVE 7.5 -SLEW FAST
Executing : def_port {pad_ba_ch0[2]} -LOC T2 -IOSTANDARD SSTL15_I -VCCIO 1.5 -BUS_KEEPER UNUSED -DRIVE 7.5 -SLEW FAST successfully.
Executing : def_port pad_casn_ch0 -LOC T1 -IOSTANDARD SSTL15_I -VCCIO 1.5 -BUS_KEEPER UNUSED -DRIVE 7.5 -SLEW FAST
Executing : def_port pad_casn_ch0 -LOC T1 -IOSTANDARD SSTL15_I -VCCIO 1.5 -BUS_KEEPER UNUSED -DRIVE 7.5 -SLEW FAST successfully.
Executing : def_port pad_cke_ch0 -LOC L4 -IOSTANDARD SSTL15_I -VCCIO 1.5 -BUS_KEEPER UNUSED -DRIVE 7.5 -SLEW FAST
Executing : def_port pad_cke_ch0 -LOC L4 -IOSTANDARD SSTL15_I -VCCIO 1.5 -BUS_KEEPER UNUSED -DRIVE 7.5 -SLEW FAST successfully.
Executing : def_port pad_csn_ch0 -LOC R1 -IOSTANDARD SSTL15_I -VCCIO 1.5 -BUS_KEEPER UNUSED -DRIVE 7.5 -SLEW FAST
Executing : def_port pad_csn_ch0 -LOC R1 -IOSTANDARD SSTL15_I -VCCIO 1.5 -BUS_KEEPER UNUSED -DRIVE 7.5 -SLEW FAST successfully.
Executing : def_port pad_ddr_clk_w -LOC U3 -IOSTANDARD SSTL15D_I -VCCIO 1.5 -BUS_KEEPER UNUSED -DRIVE 7.5 -SLEW FAST
Executing : def_port pad_ddr_clk_w -LOC U3 -IOSTANDARD SSTL15D_I -VCCIO 1.5 -BUS_KEEPER UNUSED -DRIVE 7.5 -SLEW FAST successfully.
Executing : def_port pad_ddr_clkn_w -LOC V3 -IOSTANDARD SSTL15D_I -VCCIO 1.5 -BUS_KEEPER UNUSED -DRIVE 7.5 -SLEW FAST
Executing : def_port pad_ddr_clkn_w -LOC V3 -IOSTANDARD SSTL15D_I -VCCIO 1.5 -BUS_KEEPER UNUSED -DRIVE 7.5 -SLEW FAST successfully.
Executing : def_port {pad_dm_rdqs_ch0[0]} -LOC R8 -IOSTANDARD SSTL15_I -VCCIO 1.5 -BUS_KEEPER UNUSED -DRIVE 7.5 -SLEW FAST
Executing : def_port {pad_dm_rdqs_ch0[0]} -LOC R8 -IOSTANDARD SSTL15_I -VCCIO 1.5 -BUS_KEEPER UNUSED -DRIVE 7.5 -SLEW FAST successfully.
Executing : def_port {pad_dm_rdqs_ch0[1]} -LOC U5 -IOSTANDARD SSTL15_I -VCCIO 1.5 -BUS_KEEPER UNUSED -DRIVE 7.5 -SLEW FAST
Executing : def_port {pad_dm_rdqs_ch0[1]} -LOC U5 -IOSTANDARD SSTL15_I -VCCIO 1.5 -BUS_KEEPER UNUSED -DRIVE 7.5 -SLEW FAST successfully.
Executing : def_port pad_loop_out -LOC P8 -IOSTANDARD SSTL15_I -VCCIO 1.5 -BUS_KEEPER UNUSED -DRIVE 7.5 -SLEW FAST
Executing : def_port pad_loop_out -LOC P8 -IOSTANDARD SSTL15_I -VCCIO 1.5 -BUS_KEEPER UNUSED -DRIVE 7.5 -SLEW FAST successfully.
Executing : def_port pad_loop_out_h -LOC U4 -IOSTANDARD SSTL15_I -VCCIO 1.5 -BUS_KEEPER UNUSED -DRIVE 7.5 -SLEW FAST
Executing : def_port pad_loop_out_h -LOC U4 -IOSTANDARD SSTL15_I -VCCIO 1.5 -BUS_KEEPER UNUSED -DRIVE 7.5 -SLEW FAST successfully.
Executing : def_port pad_odt_ch0 -LOC V2 -IOSTANDARD SSTL15_I -VCCIO 1.5 -BUS_KEEPER UNUSED -DRIVE 7.5 -SLEW FAST
Executing : def_port pad_odt_ch0 -LOC V2 -IOSTANDARD SSTL15_I -VCCIO 1.5 -BUS_KEEPER UNUSED -DRIVE 7.5 -SLEW FAST successfully.
Executing : def_port pad_rasn_ch0 -LOC R2 -IOSTANDARD SSTL15_I -VCCIO 1.5 -BUS_KEEPER UNUSED -DRIVE 7.5 -SLEW FAST
Executing : def_port pad_rasn_ch0 -LOC R2 -IOSTANDARD SSTL15_I -VCCIO 1.5 -BUS_KEEPER UNUSED -DRIVE 7.5 -SLEW FAST successfully.
Executing : def_port pad_rstn_ch0 -LOC M2 -IOSTANDARD SSTL15_I -VCCIO 1.5 -BUS_KEEPER UNUSED -DRIVE 7.5 -SLEW FAST
Executing : def_port pad_rstn_ch0 -LOC M2 -IOSTANDARD SSTL15_I -VCCIO 1.5 -BUS_KEEPER UNUSED -DRIVE 7.5 -SLEW FAST successfully.
Executing : def_port pad_wen_ch0 -LOC V1 -IOSTANDARD SSTL15_I -VCCIO 1.5 -BUS_KEEPER UNUSED -DRIVE 7.5 -SLEW FAST
Executing : def_port pad_wen_ch0 -LOC V1 -IOSTANDARD SSTL15_I -VCCIO 1.5 -BUS_KEEPER UNUSED -DRIVE 7.5 -SLEW FAST successfully.
Executing : def_port phy_rst_n -LOC J17 -IOSTANDARD LVCMOS33 -VCCIO 3.3 -BUS_KEEPER PULLUP -DRIVE 8 -SLEW FAST -OPEN_DRAIN OFF
Executing : def_port phy_rst_n -LOC J17 -IOSTANDARD LVCMOS33 -VCCIO 3.3 -BUS_KEEPER PULLUP -DRIVE 8 -SLEW FAST -OPEN_DRAIN OFF successfully.
Executing : def_port phy_tx_en -LOC G18 -IOSTANDARD LVCMOS33 -VCCIO 3.3 -BUS_KEEPER PULLUP -DRIVE 8 -SLEW FAST -OPEN_DRAIN OFF
Executing : def_port phy_tx_en -LOC G18 -IOSTANDARD LVCMOS33 -VCCIO 3.3 -BUS_KEEPER PULLUP -DRIVE 8 -SLEW FAST -OPEN_DRAIN OFF successfully.
Executing : def_port phy_txd0 -LOC G17 -IOSTANDARD LVCMOS33 -VCCIO 3.3 -BUS_KEEPER PULLUP -DRIVE 8 -SLEW FAST -OPEN_DRAIN OFF
Executing : def_port phy_txd0 -LOC G17 -IOSTANDARD LVCMOS33 -VCCIO 3.3 -BUS_KEEPER PULLUP -DRIVE 8 -SLEW FAST -OPEN_DRAIN OFF successfully.
Executing : def_port phy_txd1 -LOC F18 -IOSTANDARD LVCMOS33 -VCCIO 3.3 -BUS_KEEPER PULLUP -DRIVE 8 -SLEW FAST -OPEN_DRAIN OFF
Executing : def_port phy_txd1 -LOC F18 -IOSTANDARD LVCMOS33 -VCCIO 3.3 -BUS_KEEPER PULLUP -DRIVE 8 -SLEW FAST -OPEN_DRAIN OFF successfully.
Executing : def_port phy_txd2 -LOC F17 -IOSTANDARD LVCMOS33 -VCCIO 3.3 -BUS_KEEPER PULLUP -DRIVE 8 -SLEW FAST -OPEN_DRAIN OFF
Executing : def_port phy_txd2 -LOC F17 -IOSTANDARD LVCMOS33 -VCCIO 3.3 -BUS_KEEPER PULLUP -DRIVE 8 -SLEW FAST -OPEN_DRAIN OFF successfully.
Executing : def_port phy_txd3 -LOC G16 -IOSTANDARD LVCMOS33 -VCCIO 3.3 -BUS_KEEPER PULLUP -DRIVE 8 -SLEW FAST -OPEN_DRAIN OFF
Executing : def_port phy_txd3 -LOC G16 -IOSTANDARD LVCMOS33 -VCCIO 3.3 -BUS_KEEPER PULLUP -DRIVE 8 -SLEW FAST -OPEN_DRAIN OFF successfully.
Executing : def_port spi0_clk -LOC C9 -IOSTANDARD LVCMOS33 -VCCIO 3.3 -BUS_KEEPER NONE -DRIVE 4
C: ConstraintEditor-2007: [C:/Users/yangl/Documents/IC_competition/arm/M1_PGL22G_RTOS/PDS_project/pnr/device_map/m1_soc_top.pcf] Port spi0_clk lack of slew, output port and inout port had better set slew value, the default value is SLOW.
Executing : def_port spi0_clk -LOC C9 -IOSTANDARD LVCMOS33 -VCCIO 3.3 -BUS_KEEPER NONE -DRIVE 4 successfully.
Executing : def_port spi0_cs -LOC B8 -IOSTANDARD LVCMOS33 -VCCIO 3.3 -BUS_KEEPER PULLUP -DRIVE 4
C: ConstraintEditor-2007: [C:/Users/yangl/Documents/IC_competition/arm/M1_PGL22G_RTOS/PDS_project/pnr/device_map/m1_soc_top.pcf] Port spi0_cs lack of slew, output port and inout port had better set slew value, the default value is SLOW.
Executing : def_port spi0_cs -LOC B8 -IOSTANDARD LVCMOS33 -VCCIO 3.3 -BUS_KEEPER PULLUP -DRIVE 4 successfully.
Executing : def_port spi0_mosi -LOC B4 -IOSTANDARD LVCMOS33 -VCCIO 3.3 -BUS_KEEPER PULLUP -DRIVE 4
C: ConstraintEditor-2007: [C:/Users/yangl/Documents/IC_competition/arm/M1_PGL22G_RTOS/PDS_project/pnr/device_map/m1_soc_top.pcf] Port spi0_mosi lack of slew, output port and inout port had better set slew value, the default value is SLOW.
Executing : def_port spi0_mosi -LOC B4 -IOSTANDARD LVCMOS33 -VCCIO 3.3 -BUS_KEEPER PULLUP -DRIVE 4 successfully.
Executing : def_port RX -LOC A12 -IOSTANDARD LVCMOS33 -VCCIO 3.3 -BUS_KEEPER PULLUP
C: ConstraintEditor-2002: [C:/Users/yangl/Documents/IC_competition/arm/M1_PGL22G_RTOS/PDS_project/pnr/device_map/m1_soc_top.pcf(line number: 75)] | Port RX has been placed at location A12, whose type is share pin.
Executing : def_port RX -LOC A12 -IOSTANDARD LVCMOS33 -VCCIO 3.3 -BUS_KEEPER PULLUP successfully.
Executing : def_port SD_MISO -LOC U13 -IOSTANDARD LVCMOS33 -VCCIO 3.3 -BUS_KEEPER PULLUP
Executing : def_port SD_MISO -LOC U13 -IOSTANDARD LVCMOS33 -VCCIO 3.3 -BUS_KEEPER PULLUP successfully.
Executing : def_port ex_clk_50m -LOC B5 -IOSTANDARD LVCMOS33 -VCCIO 3.3 -HYS_DRIVE_MODE NOHYS -BUS_KEEPER PULLUP
Executing : def_port ex_clk_50m -LOC B5 -IOSTANDARD LVCMOS33 -VCCIO 3.3 -HYS_DRIVE_MODE NOHYS -BUS_KEEPER PULLUP successfully.
Executing : def_port gpio_in0 -LOC P17 -IOSTANDARD LVCMOS33 -VCCIO 3.3 -BUS_KEEPER NONE
Executing : def_port gpio_in0 -LOC P17 -IOSTANDARD LVCMOS33 -VCCIO 3.3 -BUS_KEEPER NONE successfully.
Executing : def_port gpio_in1 -LOC L12 -IOSTANDARD LVCMOS33 -VCCIO 3.3 -BUS_KEEPER NONE
Executing : def_port gpio_in1 -LOC L12 -IOSTANDARD LVCMOS33 -VCCIO 3.3 -BUS_KEEPER NONE successfully.
Executing : def_port pad_loop_in -LOC P7 -IOSTANDARD SSTL15_I -VCCIO 1.5 -BUS_KEEPER UNUSED -VREF_MODE IN -VREF_MODE_VALUE 0.5 -DDR_TERM_MODE ON
Executing : def_port pad_loop_in -LOC P7 -IOSTANDARD SSTL15_I -VCCIO 1.5 -BUS_KEEPER UNUSED -VREF_MODE IN -VREF_MODE_VALUE 0.5 -DDR_TERM_MODE ON successfully.
Executing : def_port pad_loop_in_h -LOC V4 -IOSTANDARD SSTL15_I -VCCIO 1.5 -BUS_KEEPER UNUSED -VREF_MODE IN -VREF_MODE_VALUE 0.5 -DDR_TERM_MODE ON
Executing : def_port pad_loop_in_h -LOC V4 -IOSTANDARD SSTL15_I -VCCIO 1.5 -BUS_KEEPER UNUSED -VREF_MODE IN -VREF_MODE_VALUE 0.5 -DDR_TERM_MODE ON successfully.
Executing : def_port phy_rx_dv -LOC L16 -IOSTANDARD LVCMOS33 -VCCIO 3.3 -HYS_DRIVE_MODE NOHYS -BUS_KEEPER PULLUP
Executing : def_port phy_rx_dv -LOC L16 -IOSTANDARD LVCMOS33 -VCCIO 3.3 -HYS_DRIVE_MODE NOHYS -BUS_KEEPER PULLUP successfully.
Executing : def_port phy_rxd0 -LOC M16 -IOSTANDARD LVCMOS33 -VCCIO 3.3 -HYS_DRIVE_MODE NOHYS -BUS_KEEPER PULLUP
Executing : def_port phy_rxd0 -LOC M16 -IOSTANDARD LVCMOS33 -VCCIO 3.3 -HYS_DRIVE_MODE NOHYS -BUS_KEEPER PULLUP successfully.
Executing : def_port phy_rxd1 -LOC M18 -IOSTANDARD LVCMOS33 -VCCIO 3.3 -HYS_DRIVE_MODE NOHYS -BUS_KEEPER PULLUP
Executing : def_port phy_rxd1 -LOC M18 -IOSTANDARD LVCMOS33 -VCCIO 3.3 -HYS_DRIVE_MODE NOHYS -BUS_KEEPER PULLUP successfully.
Executing : def_port phy_rxd2 -LOC K18 -IOSTANDARD LVCMOS33 -VCCIO 3.3 -HYS_DRIVE_MODE NOHYS -BUS_KEEPER PULLUP
Executing : def_port phy_rxd2 -LOC K18 -IOSTANDARD LVCMOS33 -VCCIO 3.3 -HYS_DRIVE_MODE NOHYS -BUS_KEEPER PULLUP successfully.
Executing : def_port phy_rxd3 -LOC K17 -IOSTANDARD LVCMOS33 -VCCIO 3.3 -HYS_DRIVE_MODE NOHYS -BUS_KEEPER PULLUP
Executing : def_port phy_rxd3 -LOC K17 -IOSTANDARD LVCMOS33 -VCCIO 3.3 -HYS_DRIVE_MODE NOHYS -BUS_KEEPER PULLUP successfully.
Executing : def_port rst_key -LOC V12 -IOSTANDARD LVCMOS33 -VCCIO 3.3 -HYS_DRIVE_MODE NOHYS -BUS_KEEPER PULLUP
Executing : def_port rst_key -LOC V12 -IOSTANDARD LVCMOS33 -VCCIO 3.3 -HYS_DRIVE_MODE NOHYS -BUS_KEEPER PULLUP successfully.
Executing : def_port rx_clki -LOC H18 -IOSTANDARD LVCMOS33 -VCCIO 3.3 -HYS_DRIVE_MODE NOHYS -BUS_KEEPER PULLUP
Executing : def_port rx_clki -LOC H18 -IOSTANDARD LVCMOS33 -VCCIO 3.3 -HYS_DRIVE_MODE NOHYS -BUS_KEEPER PULLUP successfully.
Executing : def_port spi0_miso -LOC A4 -IOSTANDARD LVCMOS33 -VCCIO 3.3 -BUS_KEEPER PULLUP
C: ConstraintEditor-2002: [C:/Users/yangl/Documents/IC_competition/arm/M1_PGL22G_RTOS/PDS_project/pnr/device_map/m1_soc_top.pcf(line number: 89)] | Port spi0_miso has been placed at location A4, whose type is share pin.
Executing : def_port spi0_miso -LOC A4 -IOSTANDARD LVCMOS33 -VCCIO 3.3 -BUS_KEEPER PULLUP successfully.
Executing : def_inst_site u_DDR3/u_pll_50_400/u_pll_e1/goppll PLL_82_71
Executing : def_inst_site u_DDR3/u_pll_50_400/u_pll_e1/goppll PLL_82_71 successfully.
Executing : apply_constraint -f C:/Users/yangl/Documents/IC_competition/arm/M1_PGL22G_RTOS/PDS_project/pnr/device_map/m1_soc_top.pcf successfully.

Placement started.
Mapping instance u_DDR3/u_ipsl_hmic_h_phy_top/u_phy_io/u_gtp_ddrphy/gateop_DDRC to HMEMC_16_1.
Mapping instance u_DDR3/u_ipsl_hmic_h_phy_top/u_phy_io/dqs2_dut/opit_0 to DQSL_6_96.
Mapping instance u_DDR3/u_ipsl_hmic_h_phy_top/u_phy_io/dqs0_dut/opit_0 to DQSL_6_24.
Mapping instance u_DDR3/u_ipsl_hmic_h_phy_top/u_phy_io/dll_hmemc_dut/gopdll to DLL_7_59.
Mapping instance u_DDR3/u_ipsl_hmic_h_phy_top/u_phy_io/dqs1_dut/opit_0 to DQSL_6_52.
Mapping instance u_DDR3/u_ipsl_hmic_h_phy_top/u_phy_io/dqs3_dut/opit_0 to DQSL_6_148.
Mapping instance u_DDR3/u_ipsl_hmic_h_phy_top/u_phy_io/dqs4_dut/opit_0 to DQSL_6_176.
Mapping instance u_DDR3/u_ipsl_hmic_h_phy_top/u_phy_io/ioclkdiv_dut/gopclkdiv to IOCKDIV_6_64.
Mapping instance u_GTP_IOCLKDELAY/opit_0 to IOCKDLY_150_185.
Mapping instance u_DDR3/u_ipsl_hmic_h_phy_top/u_phy_io/ioclkbuf01_dut/gopclkgate to IOCKGATE_6_56.
Mapping instance u_DDR3/u_ipsl_hmic_h_phy_top/u_phy_io/ioclkbuf02_dut/gopclkgate to IOCKGATE_6_181.
Mapping instance clkbufg_2/gopclkbufg to USCM_74_104.
Mapping instance u_GTP_CLKBUFG/gopclkbufg to USCM_74_105.
Mapping instance clkbufg_1/gopclkbufg to USCM_74_106.
Mapping instance clkbufg_0/gopclkbufg to USCM_74_107.
Pre global placement takes 19.44 sec.
Run super clustering :
	Initial slack -6745.
	11 iterations finished.
	Final slack -1067.
Super clustering done.
Design Utilization : 48%.
Global placement takes 16.80 sec.
Wirelength after global placement is 106552.
Placed fixed group with base inst LED_obuf[0]/opit_1 on IOL_151_114.
Placed fixed group with base inst LED_obuf[1]/opit_1 on IOL_151_113.
Placed fixed group with base inst LED_obuf[2]/opit_1 on IOL_151_102.
Placed fixed group with base inst LED_obuf[3]/opit_1 on IOL_151_101.
Placed fixed group with base inst RX_ibuf/opit_1 on IOL_151_333.
Placed fixed group with base inst SD_DCLK_obuf/opit_1 on IOL_151_109.
Placed fixed group with base inst SD_MISO_ibuf/opit_1 on IOL_151_110.
Placed fixed group with base inst SD_MOSI_obuf/opit_1 on IOL_151_38.
Placed fixed group with base inst SD_nCS_obuf/opit_1 on IOL_151_37.
Placed fixed group with base inst TX_obuf/opit_1 on IOL_151_361.
Placed fixed instance clkbufg_0/gopclkbufg on USCM_74_107.
Placed fixed instance clkbufg_1/gopclkbufg on USCM_74_106.
Placed fixed instance clkbufg_2/gopclkbufg on USCM_74_104.
Placed fixed group with base inst ex_clk_50m_ibuf/opit_1 on IOL_7_298.
Placed fixed group with base inst gpio_in0_ibuf/opit_1 on IOL_151_46.
Placed fixed group with base inst gpio_in1_ibuf/opit_1 on IOL_151_161.
Placed fixed group with base inst i2c0_sck_tri/opit_1 on IOL_151_325.
Placed fixed group with base inst i2c0_sda_tri/opit_1 on IOL_151_326.
Placed fixed group with base inst phy_rst_n_obuf/opit_1 on IOL_151_173.
Placed fixed group with base inst rst_key_ibuf/opit_1 on IOL_151_105.
Placed fixed group with base inst rx_clki_ibuf/opit_1 on IOL_151_198.
Placed fixed group with base inst spi0_clk_obuf/opit_1 on IOL_7_353.
Placed fixed group with base inst spi0_cs_obuf/opit_1 on IOL_7_350.
Placed fixed group with base inst spi0_miso_ibuf/opit_1 on IOL_7_289.
Placed fixed group with base inst spi0_mosi_obuf/opit_1 on IOL_7_290.
Placed fixed instance u_DDR3/u_ipsl_hmic_h_phy_top/u_phy_io/dll_hmemc_dut/gopdll on DLL_7_59.
Placed fixed instance u_DDR3/u_ipsl_hmic_h_phy_top/u_phy_io/dqs0_dut/opit_0 on DQSL_6_24.
Placed fixed instance u_DDR3/u_ipsl_hmic_h_phy_top/u_phy_io/dqs1_dut/opit_0 on DQSL_6_52.
Placed fixed instance u_DDR3/u_ipsl_hmic_h_phy_top/u_phy_io/dqs2_dut/opit_0 on DQSL_6_96.
Placed fixed instance u_DDR3/u_ipsl_hmic_h_phy_top/u_phy_io/dqs3_dut/opit_0 on DQSL_6_148.
Placed fixed instance u_DDR3/u_ipsl_hmic_h_phy_top/u_phy_io/dqs4_dut/opit_0 on DQSL_6_176.
Placed fixed group with base inst u_DDR3/u_ipsl_hmic_h_phy_top/u_phy_io/genblk2.iob_08_09_dut/opit_2_O on IOL_7_22.
Placed fixed group with base inst u_DDR3/u_ipsl_hmic_h_phy_top/u_phy_io/genblk3.iob_30_31_dut/opit_2_O on IOL_7_102.
Placed fixed group with base inst u_DDR3/u_ipsl_hmic_h_phy_top/u_phy_io/iob_00_dut/opit_0_iol on IOL_7_5.
Placed fixed group with base inst u_DDR3/u_ipsl_hmic_h_phy_top/u_phy_io/iob_01_dut/opit_1 on IOL_7_6.
Placed fixed group with base inst u_DDR3/u_ipsl_hmic_h_phy_top/u_phy_io/iob_02_dut/opit_1_IOL on IOL_7_9.
Placed fixed group with base inst u_DDR3/u_ipsl_hmic_h_phy_top/u_phy_io/iob_16_17_dut/opit_3_IOL on IOL_7_46.
Placed fixed group with base inst u_DDR3/u_ipsl_hmic_h_phy_top/u_phy_io/iob_18_dut/opit_1_IOL on IOL_7_49.
Placed fixed group with base inst u_DDR3/u_ipsl_hmic_h_phy_top/u_phy_io/iob_19_dut/opit_1_IOL on IOL_7_50.
Placed fixed group with base inst u_DDR3/u_ipsl_hmic_h_phy_top/u_phy_io/iob_20_dut/opit_1_IOL on IOL_7_73.
Placed fixed group with base inst u_DDR3/u_ipsl_hmic_h_phy_top/u_phy_io/iob_21_dut/opit_1_IOL on IOL_7_74.
Placed fixed group with base inst u_DDR3/u_ipsl_hmic_h_phy_top/u_phy_io/iob_22_dut/opit_1_IOL on IOL_7_77.
Placed fixed group with base inst u_DDR3/u_ipsl_hmic_h_phy_top/u_phy_io/iob_23_dut/opit_1_IOL on IOL_7_78.
Placed fixed group with base inst u_DDR3/u_ipsl_hmic_h_phy_top/u_phy_io/iob_24_dut/opit_1_IOL on IOL_7_81.
Placed fixed group with base inst u_DDR3/u_ipsl_hmic_h_phy_top/u_phy_io/iob_25_dut/opit_1_IOL on IOL_7_82.
Placed fixed group with base inst u_DDR3/u_ipsl_hmic_h_phy_top/u_phy_io/iob_37_dut/opit_1_IOL on IOL_7_114.
Placed fixed group with base inst u_DDR3/u_ipsl_hmic_h_phy_top/u_phy_io/iob_38_dut/opit_0_iol on IOL_7_117.
Placed fixed group with base inst u_DDR3/u_ipsl_hmic_h_phy_top/u_phy_io/iob_39_dut/opit_1 on IOL_7_118.
Placed fixed group with base inst u_DDR3/u_ipsl_hmic_h_phy_top/u_phy_io/iob_40_dut/opit_1_IOL on IOL_7_129.
Placed fixed group with base inst u_DDR3/u_ipsl_hmic_h_phy_top/u_phy_io/iob_41_dut/opit_1_IOL on IOL_7_130.
Placed fixed group with base inst u_DDR3/u_ipsl_hmic_h_phy_top/u_phy_io/iob_42_dut/opit_1_IOL on IOL_7_133.
Placed fixed group with base inst u_DDR3/u_ipsl_hmic_h_phy_top/u_phy_io/iob_43_dut/opit_1_IOL on IOL_7_134.
Placed fixed group with base inst u_DDR3/u_ipsl_hmic_h_phy_top/u_phy_io/iob_44_dut/opit_1_IOL on IOL_7_137.
Placed fixed group with base inst u_DDR3/u_ipsl_hmic_h_phy_top/u_phy_io/iob_45_dut/opit_1_IOL on IOL_7_138.
Placed fixed group with base inst u_DDR3/u_ipsl_hmic_h_phy_top/u_phy_io/iob_46_dut/opit_1_IOL on IOL_7_141.
Placed fixed group with base inst u_DDR3/u_ipsl_hmic_h_phy_top/u_phy_io/iob_47_dut/opit_1_IOL on IOL_7_142.
Placed fixed group with base inst u_DDR3/u_ipsl_hmic_h_phy_top/u_phy_io/iob_48_dut/opit_1_IOL on IOL_7_145.
Placed fixed group with base inst u_DDR3/u_ipsl_hmic_h_phy_top/u_phy_io/iob_49_dut/opit_1_IOL on IOL_7_146.
Placed fixed group with base inst u_DDR3/u_ipsl_hmic_h_phy_top/u_phy_io/iob_50_dut/opit_1 on IOL_7_157.
Placed fixed group with base inst u_DDR3/u_ipsl_hmic_h_phy_top/u_phy_io/iob_51_dut/opit_1_IOL on IOL_7_158.
Placed fixed group with base inst u_DDR3/u_ipsl_hmic_h_phy_top/u_phy_io/iob_52_dut/opit_1_IOL on IOL_7_161.
Placed fixed group with base inst u_DDR3/u_ipsl_hmic_h_phy_top/u_phy_io/iob_55_dut/opit_1_IOL on IOL_7_166.
Placed fixed group with base inst u_DDR3/u_ipsl_hmic_h_phy_top/u_phy_io/iob_56_dut/opit_1_IOL on IOL_7_169.
Placed fixed group with base inst u_DDR3/u_ipsl_hmic_h_phy_top/u_phy_io/iob_57_dut/opit_1_IOL on IOL_7_170.
Placed fixed group with base inst u_DDR3/u_ipsl_hmic_h_phy_top/u_phy_io/iob_58_dut/opit_1_IOL on IOL_7_173.
Placed fixed group with base inst u_DDR3/u_ipsl_hmic_h_phy_top/u_phy_io/iob_59_dut/opit_1_IOL on IOL_7_174.
Placed fixed instance u_DDR3/u_ipsl_hmic_h_phy_top/u_phy_io/ioclkbuf01_dut/gopclkgate on IOCKGATE_6_56.
Placed fixed instance u_DDR3/u_ipsl_hmic_h_phy_top/u_phy_io/ioclkbuf02_dut/gopclkgate on IOCKGATE_6_181.
Placed fixed instance u_DDR3/u_ipsl_hmic_h_phy_top/u_phy_io/ioclkdiv_dut/gopclkdiv on IOCKDIV_6_64.
Placed fixed group with base inst u_DDR3/u_ipsl_hmic_h_phy_top/u_phy_io/iol_iddr3_dut/gateop_inv_IO on IOL_7_10.
Placed fixed group with base inst u_DDR3/u_ipsl_hmic_h_phy_top/u_phy_io/iol_iddr4_dut/gateop_inv_IO on IOL_7_13.
Placed fixed group with base inst u_DDR3/u_ipsl_hmic_h_phy_top/u_phy_io/iol_iddr5_dut/gateop_inv_IO on IOL_7_14.
Placed fixed group with base inst u_DDR3/u_ipsl_hmic_h_phy_top/u_phy_io/iol_iddr6_dut/gateop_inv_IO on IOL_7_17.
Placed fixed group with base inst u_DDR3/u_ipsl_hmic_h_phy_top/u_phy_io/iol_iddr7_dut/gateop_inv_IO on IOL_7_18.
Placed fixed group with base inst u_DDR3/u_ipsl_hmic_h_phy_top/u_phy_io/iol_iddr10_dut/gateop_inv_IO on IOL_7_33.
Placed fixed group with base inst u_DDR3/u_ipsl_hmic_h_phy_top/u_phy_io/iol_iddr11_dut/gateop_inv_IO on IOL_7_34.
Placed fixed group with base inst u_DDR3/u_ipsl_hmic_h_phy_top/u_phy_io/iol_iddr12_dut/gateop_inv_IO on IOL_7_37.
Placed fixed group with base inst u_DDR3/u_ipsl_hmic_h_phy_top/u_phy_io/iol_iddr27_dut/gateop_inv_IO on IOL_7_86.
Placed fixed group with base inst u_DDR3/u_ipsl_hmic_h_phy_top/u_phy_io/iol_iddr28_dut/gateop_inv_IO on IOL_7_89.
Placed fixed group with base inst u_DDR3/u_ipsl_hmic_h_phy_top/u_phy_io/iol_iddr29_dut/gateop_inv_IO on IOL_7_90.
Placed fixed group with base inst u_DDR3/u_ipsl_hmic_h_phy_top/u_phy_io/iol_iddr32_dut/gateop_inv_IO on IOL_7_105.
Placed fixed group with base inst u_DDR3/u_ipsl_hmic_h_phy_top/u_phy_io/iol_iddr33_dut/gateop_inv_IO on IOL_7_106.
Placed fixed group with base inst u_DDR3/u_ipsl_hmic_h_phy_top/u_phy_io/iol_iddr34_dut/gateop_inv_IO on IOL_7_109.
Placed fixed group with base inst u_DDR3/u_ipsl_hmic_h_phy_top/u_phy_io/iol_iddr35_dut/gateop_inv_IO on IOL_7_110.
Placed fixed group with base inst u_DDR3/u_ipsl_hmic_h_phy_top/u_phy_io/iol_iddr36_dut/gateop_inv_IO on IOL_7_113.
Placed fixed instance u_DDR3/u_ipsl_hmic_h_phy_top/u_phy_io/u_gtp_ddrphy/gateop_DDRC on HMEMC_16_1.
Placed fixed instance u_DDR3/u_pll_50_400/u_pll_e1/goppll on PLL_82_71.
Placed fixed instance u_GTP_CLKBUFG/gopclkbufg on USCM_74_105.
Placed fixed instance u_GTP_IOCLKDELAY/opit_0 on IOCKDLY_150_185.
Placed fixed group with base inst u_GTP_OUTBUFT/opit_1_IOL on IOL_151_197.
Placed fixed group with base inst u_tsmac_phy/U_pgs_tsmac_rgmii_gmii_convert_v1_0/U_pgs_tsmac_gmii_to_rgmii_v1_0/gtp_outbuft1/opit_1_IOL on IOL_151_214.
Placed fixed group with base inst u_tsmac_phy/U_pgs_tsmac_rgmii_gmii_convert_v1_0/U_pgs_tsmac_gmii_to_rgmii_v1_0/gtp_outbuft2/opit_1_IOL on IOL_151_229.
Placed fixed group with base inst u_tsmac_phy/U_pgs_tsmac_rgmii_gmii_convert_v1_0/U_pgs_tsmac_gmii_to_rgmii_v1_0/gtp_outbuft3/opit_1_IOL on IOL_151_237.
Placed fixed group with base inst u_tsmac_phy/U_pgs_tsmac_rgmii_gmii_convert_v1_0/U_pgs_tsmac_gmii_to_rgmii_v1_0/gtp_outbuft4/opit_1_IOL on IOL_151_238.
Placed fixed group with base inst u_tsmac_phy/U_pgs_tsmac_rgmii_gmii_convert_v1_0/U_pgs_tsmac_gmii_to_rgmii_v1_0/gtp_outbuft5/opit_1_IOL on IOL_151_213.
Placed fixed group with base inst u_tsmac_phy/U_pgs_tsmac_rgmii_gmii_convert_v1_0/U_pgs_tsmac_rgmii_to_gmii_v1_0/igddr1/gateigddr_IOL on IOL_151_157.
Placed fixed group with base inst u_tsmac_phy/U_pgs_tsmac_rgmii_gmii_convert_v1_0/U_pgs_tsmac_rgmii_to_gmii_v1_0/igddr2/gateigddr_IOL on IOL_151_142.
Placed fixed group with base inst u_tsmac_phy/U_pgs_tsmac_rgmii_gmii_convert_v1_0/U_pgs_tsmac_rgmii_to_gmii_v1_0/igddr3/gateigddr_IOL on IOL_151_170.
Placed fixed group with base inst u_tsmac_phy/U_pgs_tsmac_rgmii_gmii_convert_v1_0/U_pgs_tsmac_rgmii_to_gmii_v1_0/igddr4/gateigddr_IOL on IOL_151_169.
Placed fixed group with base inst u_tsmac_phy/U_pgs_tsmac_rgmii_gmii_convert_v1_0/U_pgs_tsmac_rgmii_to_gmii_v1_0/igddr5/gateigddr_IOL on IOL_151_158.
Placed fixed instance BKCL_auto_0 on BKCL_2_268.
Placed fixed instance BKCL_auto_1 on BKCL_2_144.
Placed fixed instance BKCL_auto_2 on BKCL_2_20.
Placed fixed instance BKCL_auto_3 on BKCL_154_268.
Placed fixed instance BKCL_auto_4 on BKCL_154_144.
Placed fixed instance BKCL_auto_5 on BKCL_154_20.
Placed instance u_DDR3/u_ipsl_hmic_h_phy_top/u_phy_io/dll_hmemc_dut/gopdll(gopDLL) on DLL_7_59, and placed u_DDR3/u_ipsl_hmic_h_phy_top/u_phy_io/dqs0_dut/opit_0(gopDQS_DDC) on DQSL_6_24.
Placed instance u_DDR3/u_ipsl_hmic_h_phy_top/u_phy_io/dll_hmemc_dut/gopdll(gopDLL) on DLL_7_59, and placed u_DDR3/u_ipsl_hmic_h_phy_top/u_phy_io/dqs1_dut/opit_0(gopDQS_DDC) on DQSL_6_52.
Placed instance u_DDR3/u_ipsl_hmic_h_phy_top/u_phy_io/dll_hmemc_dut/gopdll(gopDLL) on DLL_7_59, and placed u_DDR3/u_ipsl_hmic_h_phy_top/u_phy_io/dqs2_dut/opit_0(gopDQS_DDC) on DQSL_6_96.
Placed instance u_DDR3/u_ipsl_hmic_h_phy_top/u_phy_io/dll_hmemc_dut/gopdll(gopDLL) on DLL_7_59, and placed u_DDR3/u_ipsl_hmic_h_phy_top/u_phy_io/dqs3_dut/opit_0(gopDQS_DDC) on DQSL_6_148.
Placed instance u_DDR3/u_ipsl_hmic_h_phy_top/u_phy_io/dll_hmemc_dut/gopdll(gopDLL) on DLL_7_59, and placed u_DDR3/u_ipsl_hmic_h_phy_top/u_phy_io/dqs4_dut/opit_0(gopDQS_DDC) on DQSL_6_176.
Forbidden IOL_7_38.
Forbidden IOL_7_41.
Forbidden IOL_7_42.
Forbidden IOL_7_85.
Forbidden IOL_7_162.
Forbidden IOL_7_165.
Wirelength after Macro cell placement is 112705.
Macro cell placement takes 0.16 sec.
Run super clustering :
	Initial slack -6745.
	11 iterations finished.
	Final slack -1067.
Super clustering done.
Design Utilization : 48%.
Wirelength after post global placement is 108159.
Post global placement takes 18.31 sec.
Wirelength after legalization is 114524.
Legalization takes 3.83 sec.
Worst slack before Replication Place is 397.
Wirelength after replication placement is 114524.
Legalized cost 397.000000.
The detailed placement ends at 11th iteration.
Wirelength after detailed placement is 120522.
Timing-driven detailed placement takes 78.23 sec.
Placement done.
Total placement takes 138.13 sec.
Finished placement. (CPU time elapsed 0h:02m:24s)

Routing started.
Building routing graph takes 1.41 sec.
Worst slack is 851.
Processing design graph takes 1.25 sec.
Total memory for routing:
	54.161140 M.
Total nets for routing : 13097.
Rcf routing step 1 processed 0 nets, it takes 0.00 sec.
Rcf routing step 2 processed 0 nets, it takes 0.00 sec.
Rcf routing step 3 processed 0 nets, it takes 0.00 sec.
Unrouted nets 0 at the end of iteration 0.
Global Routing step 1 processed 106 nets, it takes 0.03 sec.
Unrouted nets 192 at the end of iteration 0.
Unrouted nets 129 at the end of iteration 1.
Unrouted nets 87 at the end of iteration 2.
Unrouted nets 61 at the end of iteration 3.
Unrouted nets 38 at the end of iteration 4.
Unrouted nets 27 at the end of iteration 5.
Unrouted nets 21 at the end of iteration 6.
Unrouted nets 16 at the end of iteration 7.
Unrouted nets 11 at the end of iteration 8.
Unrouted nets 10 at the end of iteration 9.
Unrouted nets 7 at the end of iteration 10.
Unrouted nets 8 at the end of iteration 11.
Unrouted nets 5 at the end of iteration 12.
Unrouted nets 5 at the end of iteration 13.
Unrouted nets 5 at the end of iteration 14.
Unrouted nets 5 at the end of iteration 15.
Unrouted nets 5 at the end of iteration 16.
Unrouted nets 3 at the end of iteration 17.
Unrouted nets 3 at the end of iteration 18.
Unrouted nets 3 at the end of iteration 19.
Unrouted nets 3 at the end of iteration 20.
Unrouted nets 2 at the end of iteration 21.
Unrouted nets 2 at the end of iteration 22.
Unrouted nets 2 at the end of iteration 23.
Unrouted nets 2 at the end of iteration 24.
Unrouted nets 2 at the end of iteration 25.
Unrouted nets 2 at the end of iteration 26.
Unrouted nets 2 at the end of iteration 27.
Unrouted nets 1 at the end of iteration 28.
Unrouted nets 1 at the end of iteration 29.
Unrouted nets 1 at the end of iteration 30.
Unrouted nets 1 at the end of iteration 31.
Unrouted nets 1 at the end of iteration 32.
Unrouted nets 1 at the end of iteration 33.
Unrouted nets 1 at the end of iteration 34.
Unrouted nets 1 at the end of iteration 35.
Unrouted nets 1 at the end of iteration 36.
Unrouted nets 1 at the end of iteration 37.
Unrouted nets 1 at the end of iteration 38.
Unrouted nets 2 at the end of iteration 39.
Unrouted nets 1 at the end of iteration 40.
Unrouted nets 1 at the end of iteration 41.
Unrouted nets 1 at the end of iteration 42.
Unrouted nets 0 at the end of iteration 43.
Global Routing step 2 processed 511 nets, it takes 1.50 sec.
Unrouted nets 220 at the end of iteration 0.
Unrouted nets 139 at the end of iteration 1.
Unrouted nets 128 at the end of iteration 2.
Unrouted nets 84 at the end of iteration 3.
Unrouted nets 74 at the end of iteration 4.
Unrouted nets 62 at the end of iteration 5.
Unrouted nets 44 at the end of iteration 6.
Unrouted nets 29 at the end of iteration 7.
Unrouted nets 15 at the end of iteration 8.
Unrouted nets 18 at the end of iteration 9.
Unrouted nets 27 at the end of iteration 10.
Unrouted nets 31 at the end of iteration 11.
Unrouted nets 24 at the end of iteration 12.
Unrouted nets 16 at the end of iteration 13.
Unrouted nets 9 at the end of iteration 14.
Unrouted nets 10 at the end of iteration 15.
Unrouted nets 23 at the end of iteration 16.
Unrouted nets 18 at the end of iteration 17.
Unrouted nets 15 at the end of iteration 18.
Unrouted nets 28 at the end of iteration 19.
Unrouted nets 33 at the end of iteration 20.
Unrouted nets 23 at the end of iteration 21.
Unrouted nets 17 at the end of iteration 22.
Unrouted nets 20 at the end of iteration 23.
Unrouted nets 17 at the end of iteration 24.
Unrouted nets 12 at the end of iteration 25.
Unrouted nets 9 at the end of iteration 26.
Unrouted nets 2 at the end of iteration 27.
Unrouted nets 0 at the end of iteration 28.
Global Routing step 3 processed 734 nets, it takes 6.11 sec.
Global routing takes 7.66 sec.
Total 15947 subnets.
    forward max bucket size 710 , backward 289.
        Unrouted nets 11630 at the end of iteration 0.
    route iteration 0, CPU time elapsed 4.937500 sec.
    forward max bucket size 881 , backward 633.
        Unrouted nets 10474 at the end of iteration 1.
    route iteration 1, CPU time elapsed 4.968750 sec.
    forward max bucket size 2006 , backward 734.
        Unrouted nets 9322 at the end of iteration 2.
    route iteration 2, CPU time elapsed 4.937500 sec.
    forward max bucket size 2870 , backward 672.
        Unrouted nets 8207 at the end of iteration 3.
    route iteration 3, CPU time elapsed 5.328125 sec.
    forward max bucket size 4466 , backward 734.
        Unrouted nets 7440 at the end of iteration 4.
    route iteration 4, CPU time elapsed 5.171875 sec.
    forward max bucket size 6448 , backward 945.
        Unrouted nets 6761 at the end of iteration 5.
    route iteration 5, CPU time elapsed 5.562500 sec.
    forward max bucket size 5500 , backward 808.
        Unrouted nets 6191 at the end of iteration 6.
    route iteration 6, CPU time elapsed 4.437500 sec.
    forward max bucket size 7098 , backward 793.
        Unrouted nets 5391 at the end of iteration 7.
    route iteration 7, CPU time elapsed 4.421875 sec.
    forward max bucket size 7857 , backward 778.
        Unrouted nets 4839 at the end of iteration 8.
    route iteration 8, CPU time elapsed 4.078125 sec.
    forward max bucket size 8907 , backward 788.
        Unrouted nets 4221 at the end of iteration 9.
    route iteration 9, CPU time elapsed 3.843750 sec.
    forward max bucket size 9543 , backward 727.
        Unrouted nets 3748 at the end of iteration 10.
    route iteration 10, CPU time elapsed 3.562500 sec.
    forward max bucket size 8976 , backward 670.
        Unrouted nets 3296 at the end of iteration 11.
    route iteration 11, CPU time elapsed 3.250000 sec.
    forward max bucket size 7388 , backward 705.
        Unrouted nets 2944 at the end of iteration 12.
    route iteration 12, CPU time elapsed 2.968750 sec.
    forward max bucket size 6545 , backward 882.
        Unrouted nets 2742 at the end of iteration 13.
    route iteration 13, CPU time elapsed 2.796875 sec.
    forward max bucket size 5666 , backward 736.
        Unrouted nets 2502 at the end of iteration 14.
    route iteration 14, CPU time elapsed 2.640625 sec.
    forward max bucket size 8507 , backward 699.
        Unrouted nets 2220 at the end of iteration 15.
    route iteration 15, CPU time elapsed 2.593750 sec.
    forward max bucket size 8996 , backward 554.
        Unrouted nets 1977 at the end of iteration 16.
    route iteration 16, CPU time elapsed 2.390625 sec.
    forward max bucket size 6082 , backward 590.
        Unrouted nets 1823 at the end of iteration 17.
    route iteration 17, CPU time elapsed 2.125000 sec.
    forward max bucket size 6755 , backward 556.
        Unrouted nets 1701 at the end of iteration 18.
    route iteration 18, CPU time elapsed 2.062500 sec.
    forward max bucket size 5523 , backward 718.
        Unrouted nets 1596 at the end of iteration 19.
    route iteration 19, CPU time elapsed 1.984375 sec.
    forward max bucket size 7394 , backward 761.
        Unrouted nets 1468 at the end of iteration 20.
    route iteration 20, CPU time elapsed 1.843750 sec.
    forward max bucket size 6044 , backward 714.
        Unrouted nets 1361 at the end of iteration 21.
    route iteration 21, CPU time elapsed 1.734375 sec.
    forward max bucket size 4871 , backward 583.
        Unrouted nets 1280 at the end of iteration 22.
    route iteration 22, CPU time elapsed 1.734375 sec.
    forward max bucket size 7297 , backward 699.
        Unrouted nets 1190 at the end of iteration 23.
    route iteration 23, CPU time elapsed 2.328125 sec.
    forward max bucket size 5929 , backward 398.
        Unrouted nets 1167 at the end of iteration 24.
    route iteration 24, CPU time elapsed 1.468750 sec.
    forward max bucket size 7835 , backward 442.
        Unrouted nets 1120 at the end of iteration 25.
    route iteration 25, CPU time elapsed 1.546875 sec.
    forward max bucket size 7176 , backward 606.
        Unrouted nets 1056 at the end of iteration 26.
    route iteration 26, CPU time elapsed 1.453125 sec.
    forward max bucket size 7502 , backward 562.
        Unrouted nets 996 at the end of iteration 27.
    route iteration 27, CPU time elapsed 1.390625 sec.
    forward max bucket size 8209 , backward 427.
        Unrouted nets 934 at the end of iteration 28.
    route iteration 28, CPU time elapsed 1.218750 sec.
    forward max bucket size 5158 , backward 506.
        Unrouted nets 888 at the end of iteration 29.
    route iteration 29, CPU time elapsed 1.234375 sec.
    forward max bucket size 5513 , backward 737.
        Unrouted nets 853 at the end of iteration 30.
    route iteration 30, CPU time elapsed 1.140625 sec.
    forward max bucket size 5366 , backward 636.
        Unrouted nets 790 at the end of iteration 31.
    route iteration 31, CPU time elapsed 1.140625 sec.
    forward max bucket size 4071 , backward 493.
        Unrouted nets 697 at the end of iteration 32.
    route iteration 32, CPU time elapsed 1.046875 sec.
    forward max bucket size 6478 , backward 764.
        Unrouted nets 707 at the end of iteration 33.
    route iteration 33, CPU time elapsed 1.000000 sec.
    forward max bucket size 4537 , backward 621.
        Unrouted nets 654 at the end of iteration 34.
    route iteration 34, CPU time elapsed 1.031250 sec.
    forward max bucket size 4756 , backward 742.
        Unrouted nets 605 at the end of iteration 35.
    route iteration 35, CPU time elapsed 0.921875 sec.
    forward max bucket size 4502 , backward 514.
        Unrouted nets 607 at the end of iteration 36.
    route iteration 36, CPU time elapsed 0.890625 sec.
    forward max bucket size 6628 , backward 472.
        Unrouted nets 608 at the end of iteration 37.
    route iteration 37, CPU time elapsed 0.937500 sec.
    forward max bucket size 5283 , backward 533.
        Unrouted nets 614 at the end of iteration 38.
    route iteration 38, CPU time elapsed 1.000000 sec.
    forward max bucket size 5019 , backward 791.
        Unrouted nets 620 at the end of iteration 39.
    route iteration 39, CPU time elapsed 1.000000 sec.
    forward max bucket size 6637 , backward 492.
        Unrouted nets 594 at the end of iteration 40.
    route iteration 40, CPU time elapsed 0.875000 sec.
    forward max bucket size 7083 , backward 625.
        Unrouted nets 580 at the end of iteration 41.
    route iteration 41, CPU time elapsed 0.937500 sec.
    forward max bucket size 9229 , backward 566.
        Unrouted nets 512 at the end of iteration 42.
    route iteration 42, CPU time elapsed 0.921875 sec.
    forward max bucket size 6736 , backward 645.
        Unrouted nets 499 at the end of iteration 43.
    route iteration 43, CPU time elapsed 0.921875 sec.
    forward max bucket size 6772 , backward 498.
        Unrouted nets 480 at the end of iteration 44.
    route iteration 44, CPU time elapsed 1.562500 sec.
    forward max bucket size 5625 , backward 439.
        Unrouted nets 501 at the end of iteration 45.
    route iteration 45, CPU time elapsed 0.812500 sec.
    forward max bucket size 8697 , backward 369.
        Unrouted nets 476 at the end of iteration 46.
    route iteration 46, CPU time elapsed 0.843750 sec.
    forward max bucket size 5950 , backward 1103.
        Unrouted nets 462 at the end of iteration 47.
    route iteration 47, CPU time elapsed 0.796875 sec.
    forward max bucket size 3135 , backward 520.
        Unrouted nets 416 at the end of iteration 48.
    route iteration 48, CPU time elapsed 0.718750 sec.
    forward max bucket size 5581 , backward 551.
        Unrouted nets 415 at the end of iteration 49.
    route iteration 49, CPU time elapsed 0.734375 sec.
    forward max bucket size 8747 , backward 418.
        Unrouted nets 380 at the end of iteration 50.
    route iteration 50, CPU time elapsed 0.734375 sec.
    forward max bucket size 5597 , backward 840.
        Unrouted nets 345 at the end of iteration 51.
    route iteration 51, CPU time elapsed 0.687500 sec.
    forward max bucket size 6592 , backward 658.
        Unrouted nets 345 at the end of iteration 52.
    route iteration 52, CPU time elapsed 0.625000 sec.
    forward max bucket size 5409 , backward 396.
        Unrouted nets 312 at the end of iteration 53.
    route iteration 53, CPU time elapsed 0.640625 sec.
    forward max bucket size 7811 , backward 330.
        Unrouted nets 283 at the end of iteration 54.
    route iteration 54, CPU time elapsed 0.718750 sec.
    forward max bucket size 7386 , backward 350.
        Unrouted nets 280 at the end of iteration 55.
    route iteration 55, CPU time elapsed 0.640625 sec.
    forward max bucket size 4179 , backward 604.
        Unrouted nets 290 at the end of iteration 56.
    route iteration 56, CPU time elapsed 0.593750 sec.
    forward max bucket size 7236 , backward 227.
        Unrouted nets 269 at the end of iteration 57.
    route iteration 57, CPU time elapsed 0.562500 sec.
    forward max bucket size 4401 , backward 683.
        Unrouted nets 296 at the end of iteration 58.
    route iteration 58, CPU time elapsed 0.593750 sec.
    forward max bucket size 5999 , backward 399.
        Unrouted nets 262 at the end of iteration 59.
    route iteration 59, CPU time elapsed 0.703125 sec.
    forward max bucket size 4713 , backward 322.
        Unrouted nets 276 at the end of iteration 60.
    route iteration 60, CPU time elapsed 0.578125 sec.
    forward max bucket size 3873 , backward 261.
        Unrouted nets 229 at the end of iteration 61.
    route iteration 61, CPU time elapsed 1.109375 sec.
    forward max bucket size 6173 , backward 318.
        Unrouted nets 209 at the end of iteration 62.
    route iteration 62, CPU time elapsed 0.484375 sec.
    forward max bucket size 3739 , backward 425.
        Unrouted nets 198 at the end of iteration 63.
    route iteration 63, CPU time elapsed 0.468750 sec.
    forward max bucket size 4769 , backward 353.
        Unrouted nets 210 at the end of iteration 64.
    route iteration 64, CPU time elapsed 0.500000 sec.
    forward max bucket size 3023 , backward 304.
        Unrouted nets 189 at the end of iteration 65.
    route iteration 65, CPU time elapsed 0.421875 sec.
    forward max bucket size 2603 , backward 428.
        Unrouted nets 160 at the end of iteration 66.
    route iteration 66, CPU time elapsed 0.500000 sec.
    forward max bucket size 4469 , backward 351.
        Unrouted nets 171 at the end of iteration 67.
    route iteration 67, CPU time elapsed 0.421875 sec.
    forward max bucket size 2131 , backward 365.
        Unrouted nets 158 at the end of iteration 68.
    route iteration 68, CPU time elapsed 0.421875 sec.
    forward max bucket size 2419 , backward 321.
        Unrouted nets 165 at the end of iteration 69.
    route iteration 69, CPU time elapsed 0.343750 sec.
    forward max bucket size 4906 , backward 412.
        Unrouted nets 162 at the end of iteration 70.
    route iteration 70, CPU time elapsed 0.406250 sec.
    forward max bucket size 5464 , backward 252.
        Unrouted nets 158 at the end of iteration 71.
    route iteration 71, CPU time elapsed 0.406250 sec.
    forward max bucket size 5951 , backward 273.
        Unrouted nets 175 at the end of iteration 72.
    route iteration 72, CPU time elapsed 0.421875 sec.
    forward max bucket size 3918 , backward 604.
        Unrouted nets 153 at the end of iteration 73.
    route iteration 73, CPU time elapsed 0.359375 sec.
    forward max bucket size 5446 , backward 674.
        Unrouted nets 123 at the end of iteration 74.
    route iteration 74, CPU time elapsed 0.312500 sec.
    forward max bucket size 6354 , backward 426.
        Unrouted nets 135 at the end of iteration 75.
    route iteration 75, CPU time elapsed 0.375000 sec.
    forward max bucket size 5290 , backward 309.
        Unrouted nets 155 at the end of iteration 76.
    route iteration 76, CPU time elapsed 0.406250 sec.
    forward max bucket size 5963 , backward 470.
        Unrouted nets 158 at the end of iteration 77.
    route iteration 77, CPU time elapsed 0.421875 sec.
    forward max bucket size 3631 , backward 316.
        Unrouted nets 147 at the end of iteration 78.
    route iteration 78, CPU time elapsed 0.343750 sec.
    forward max bucket size 6696 , backward 361.
        Unrouted nets 151 at the end of iteration 79.
    route iteration 79, CPU time elapsed 0.406250 sec.
    forward max bucket size 4355 , backward 341.
        Unrouted nets 133 at the end of iteration 80.
    route iteration 80, CPU time elapsed 0.343750 sec.
    forward max bucket size 1804 , backward 298.
        Unrouted nets 120 at the end of iteration 81.
    route iteration 81, CPU time elapsed 0.328125 sec.
    forward max bucket size 2786 , backward 256.
        Unrouted nets 127 at the end of iteration 82.
    route iteration 82, CPU time elapsed 0.296875 sec.
    forward max bucket size 4138 , backward 309.
        Unrouted nets 115 at the end of iteration 83.
    route iteration 83, CPU time elapsed 0.375000 sec.
    forward max bucket size 3336 , backward 339.
        Unrouted nets 94 at the end of iteration 84.
    route iteration 84, CPU time elapsed 0.343750 sec.
    forward max bucket size 6034 , backward 286.
        Unrouted nets 93 at the end of iteration 85.
    route iteration 85, CPU time elapsed 0.296875 sec.
    forward max bucket size 8532 , backward 229.
        Unrouted nets 94 at the end of iteration 86.
    route iteration 86, CPU time elapsed 0.281250 sec.
    forward max bucket size 4577 , backward 205.
        Unrouted nets 96 at the end of iteration 87.
    route iteration 87, CPU time elapsed 0.296875 sec.
    forward max bucket size 2997 , backward 79.
        Unrouted nets 76 at the end of iteration 88.
    route iteration 88, CPU time elapsed 0.265625 sec.
    forward max bucket size 2620 , backward 238.
        Unrouted nets 95 at the end of iteration 89.
    route iteration 89, CPU time elapsed 0.296875 sec.
    forward max bucket size 5218 , backward 200.
        Unrouted nets 84 at the end of iteration 90.
    route iteration 90, CPU time elapsed 0.296875 sec.
    forward max bucket size 5576 , backward 131.
        Unrouted nets 90 at the end of iteration 91.
    route iteration 91, CPU time elapsed 0.265625 sec.
    forward max bucket size 1358 , backward 232.
        Unrouted nets 85 at the end of iteration 92.
    route iteration 92, CPU time elapsed 0.296875 sec.
    forward max bucket size 1521 , backward 113.
        Unrouted nets 83 at the end of iteration 93.
    route iteration 93, CPU time elapsed 0.312500 sec.
    forward max bucket size 2525 , backward 316.
        Unrouted nets 75 at the end of iteration 94.
    route iteration 94, CPU time elapsed 0.296875 sec.
    forward max bucket size 5005 , backward 129.
        Unrouted nets 79 at the end of iteration 95.
    route iteration 95, CPU time elapsed 0.328125 sec.
    forward max bucket size 5604 , backward 236.
        Unrouted nets 62 at the end of iteration 96.
    route iteration 96, CPU time elapsed 0.343750 sec.
    forward max bucket size 3972 , backward 164.
        Unrouted nets 69 at the end of iteration 97.
    route iteration 97, CPU time elapsed 0.296875 sec.
    forward max bucket size 1244 , backward 259.
        Unrouted nets 66 at the end of iteration 98.
    route iteration 98, CPU time elapsed 0.265625 sec.
    forward max bucket size 461 , backward 259.
        Unrouted nets 65 at the end of iteration 99.
    route iteration 99, CPU time elapsed 0.265625 sec.
    forward max bucket size 426 , backward 140.
        Unrouted nets 60 at the end of iteration 100.
    route iteration 100, CPU time elapsed 0.265625 sec.
    forward max bucket size 396 , backward 151.
        Unrouted nets 62 at the end of iteration 101.
    route iteration 101, CPU time elapsed 0.234375 sec.
    forward max bucket size 316 , backward 271.
        Unrouted nets 66 at the end of iteration 102.
    route iteration 102, CPU time elapsed 0.234375 sec.
    forward max bucket size 846 , backward 369.
        Unrouted nets 60 at the end of iteration 103.
    route iteration 103, CPU time elapsed 0.234375 sec.
    forward max bucket size 805 , backward 269.
        Unrouted nets 67 at the end of iteration 104.
    route iteration 104, CPU time elapsed 0.250000 sec.
    forward max bucket size 1279 , backward 73.
        Unrouted nets 64 at the end of iteration 105.
    route iteration 105, CPU time elapsed 0.250000 sec.
    forward max bucket size 2184 , backward 212.
        Unrouted nets 86 at the end of iteration 106.
    route iteration 106, CPU time elapsed 0.265625 sec.
    forward max bucket size 388 , backward 229.
        Unrouted nets 68 at the end of iteration 107.
    route iteration 107, CPU time elapsed 0.250000 sec.
    forward max bucket size 510 , backward 256.
        Unrouted nets 68 at the end of iteration 108.
    route iteration 108, CPU time elapsed 0.250000 sec.
    forward max bucket size 4139 , backward 222.
        Unrouted nets 67 at the end of iteration 109.
    route iteration 109, CPU time elapsed 0.265625 sec.
    forward max bucket size 4319 , backward 232.
        Unrouted nets 67 at the end of iteration 110.
    route iteration 110, CPU time elapsed 0.250000 sec.
    forward max bucket size 719 , backward 435.
        Unrouted nets 78 at the end of iteration 111.
    route iteration 111, CPU time elapsed 0.265625 sec.
    forward max bucket size 2389 , backward 292.
        Unrouted nets 67 at the end of iteration 112.
    route iteration 112, CPU time elapsed 0.265625 sec.
    forward max bucket size 5984 , backward 347.
        Unrouted nets 79 at the end of iteration 113.
    route iteration 113, CPU time elapsed 0.265625 sec.
    forward max bucket size 3825 , backward 451.
        Unrouted nets 95 at the end of iteration 114.
    route iteration 114, CPU time elapsed 0.312500 sec.
    forward max bucket size 3480 , backward 382.
        Unrouted nets 82 at the end of iteration 115.
    route iteration 115, CPU time elapsed 0.328125 sec.
    forward max bucket size 6625 , backward 319.
        Unrouted nets 93 at the end of iteration 116.
    route iteration 116, CPU time elapsed 0.328125 sec.
    forward max bucket size 5487 , backward 240.
        Unrouted nets 97 at the end of iteration 117.
    route iteration 117, CPU time elapsed 0.296875 sec.
    forward max bucket size 6383 , backward 253.
        Unrouted nets 87 at the end of iteration 118.
    route iteration 118, CPU time elapsed 0.375000 sec.
    forward max bucket size 5280 , backward 220.
        Unrouted nets 94 at the end of iteration 119.
    route iteration 119, CPU time elapsed 0.328125 sec.
    forward max bucket size 4253 , backward 360.
        Unrouted nets 105 at the end of iteration 120.
    route iteration 120, CPU time elapsed 0.328125 sec.
    forward max bucket size 4962 , backward 299.
        Unrouted nets 104 at the end of iteration 121.
    route iteration 121, CPU time elapsed 0.296875 sec.
    forward max bucket size 3855 , backward 279.
        Unrouted nets 78 at the end of iteration 122.
    route iteration 122, CPU time elapsed 0.250000 sec.
    forward max bucket size 6918 , backward 185.
        Unrouted nets 77 at the end of iteration 123.
    route iteration 123, CPU time elapsed 0.281250 sec.
    forward max bucket size 4708 , backward 191.
        Unrouted nets 81 at the end of iteration 124.
    route iteration 124, CPU time elapsed 0.265625 sec.
    forward max bucket size 3372 , backward 239.
        Unrouted nets 75 at the end of iteration 125.
    route iteration 125, CPU time elapsed 0.265625 sec.
    forward max bucket size 4492 , backward 249.
        Unrouted nets 78 at the end of iteration 126.
    route iteration 126, CPU time elapsed 0.281250 sec.
    forward max bucket size 4848 , backward 421.
        Unrouted nets 71 at the end of iteration 127.
    route iteration 127, CPU time elapsed 0.296875 sec.
    forward max bucket size 3264 , backward 102.
        Unrouted nets 64 at the end of iteration 128.
    route iteration 128, CPU time elapsed 0.250000 sec.
    forward max bucket size 2743 , backward 417.
        Unrouted nets 72 at the end of iteration 129.
    route iteration 129, CPU time elapsed 0.281250 sec.
    forward max bucket size 449 , backward 390.
        Unrouted nets 55 at the end of iteration 130.
    route iteration 130, CPU time elapsed 0.234375 sec.
    forward max bucket size 301 , backward 174.
        Unrouted nets 56 at the end of iteration 131.
    route iteration 131, CPU time elapsed 0.234375 sec.
    forward max bucket size 282 , backward 344.
        Unrouted nets 54 at the end of iteration 132.
    route iteration 132, CPU time elapsed 0.234375 sec.
    forward max bucket size 975 , backward 435.
        Unrouted nets 47 at the end of iteration 133.
    route iteration 133, CPU time elapsed 0.218750 sec.
    forward max bucket size 681 , backward 659.
        Unrouted nets 51 at the end of iteration 134.
    route iteration 134, CPU time elapsed 0.234375 sec.
    forward max bucket size 227 , backward 197.
        Unrouted nets 40 at the end of iteration 135.
    route iteration 135, CPU time elapsed 0.218750 sec.
    forward max bucket size 145 , backward 193.
        Unrouted nets 34 at the end of iteration 136.
    route iteration 136, CPU time elapsed 0.187500 sec.
    forward max bucket size 1391 , backward 62.
        Unrouted nets 34 at the end of iteration 137.
    route iteration 137, CPU time elapsed 0.203125 sec.
    forward max bucket size 364 , backward 71.
        Unrouted nets 29 at the end of iteration 138.
    route iteration 138, CPU time elapsed 0.187500 sec.
    forward max bucket size 399 , backward 103.
        Unrouted nets 37 at the end of iteration 139.
    route iteration 139, CPU time elapsed 0.203125 sec.
    forward max bucket size 169 , backward 850.
        Unrouted nets 38 at the end of iteration 140.
    route iteration 140, CPU time elapsed 0.203125 sec.
    forward max bucket size 75 , backward 82.
        Unrouted nets 34 at the end of iteration 141.
    route iteration 141, CPU time elapsed 0.187500 sec.
    forward max bucket size 424 , backward 103.
        Unrouted nets 33 at the end of iteration 142.
    route iteration 142, CPU time elapsed 0.203125 sec.
    forward max bucket size 633 , backward 111.
        Unrouted nets 28 at the end of iteration 143.
    route iteration 143, CPU time elapsed 0.187500 sec.
    forward max bucket size 225 , backward 59.
        Unrouted nets 27 at the end of iteration 144.
    route iteration 144, CPU time elapsed 0.218750 sec.
    forward max bucket size 60 , backward 59.
        Unrouted nets 17 at the end of iteration 145.
    route iteration 145, CPU time elapsed 0.203125 sec.
    forward max bucket size 70 , backward 54.
        Unrouted nets 14 at the end of iteration 146.
    route iteration 146, CPU time elapsed 0.187500 sec.
    forward max bucket size 204 , backward 163.
        Unrouted nets 14 at the end of iteration 147.
    route iteration 147, CPU time elapsed 0.187500 sec.
    forward max bucket size 254 , backward 191.
        Unrouted nets 14 at the end of iteration 148.
    route iteration 148, CPU time elapsed 0.187500 sec.
    forward max bucket size 393 , backward 201.
        Unrouted nets 29 at the end of iteration 149.
    route iteration 149, CPU time elapsed 0.203125 sec.
    forward max bucket size 153 , backward 343.
        Unrouted nets 38 at the end of iteration 150.
    route iteration 150, CPU time elapsed 0.203125 sec.
    forward max bucket size 151 , backward 242.
        Unrouted nets 28 at the end of iteration 151.
    route iteration 151, CPU time elapsed 0.218750 sec.
    forward max bucket size 47 , backward 63.
        Unrouted nets 19 at the end of iteration 152.
    route iteration 152, CPU time elapsed 0.203125 sec.
    forward max bucket size 49 , backward 83.
        Unrouted nets 17 at the end of iteration 153.
    route iteration 153, CPU time elapsed 0.203125 sec.
    forward max bucket size 60 , backward 91.
        Unrouted nets 15 at the end of iteration 154.
    route iteration 154, CPU time elapsed 0.203125 sec.
    forward max bucket size 45 , backward 60.
        Unrouted nets 15 at the end of iteration 155.
    route iteration 155, CPU time elapsed 0.187500 sec.
    forward max bucket size 48 , backward 65.
        Unrouted nets 13 at the end of iteration 156.
    route iteration 156, CPU time elapsed 0.187500 sec.
    forward max bucket size 59 , backward 56.
        Unrouted nets 12 at the end of iteration 157.
    route iteration 157, CPU time elapsed 0.171875 sec.
    forward max bucket size 208 , backward 31.
        Unrouted nets 7 at the end of iteration 158.
    route iteration 158, CPU time elapsed 0.171875 sec.
    forward max bucket size 232 , backward 12.
        Unrouted nets 8 at the end of iteration 159.
    route iteration 159, CPU time elapsed 0.171875 sec.
    forward max bucket size 155 , backward 156.
        Unrouted nets 14 at the end of iteration 160.
    route iteration 160, CPU time elapsed 0.187500 sec.
    forward max bucket size 94 , backward 177.
        Unrouted nets 15 at the end of iteration 161.
    route iteration 161, CPU time elapsed 0.171875 sec.
    forward max bucket size 29 , backward 175.
        Unrouted nets 11 at the end of iteration 162.
    route iteration 162, CPU time elapsed 0.171875 sec.
    forward max bucket size 13 , backward 26.
        Unrouted nets 8 at the end of iteration 163.
    route iteration 163, CPU time elapsed 0.171875 sec.
    forward max bucket size 31 , backward 24.
        Unrouted nets 6 at the end of iteration 164.
    route iteration 164, CPU time elapsed 0.171875 sec.
    forward max bucket size 26 , backward 21.
        Unrouted nets 5 at the end of iteration 165.
    route iteration 165, CPU time elapsed 0.171875 sec.
    forward max bucket size 14 , backward 11.
        Unrouted nets 3 at the end of iteration 166.
    route iteration 166, CPU time elapsed 0.156250 sec.
    forward max bucket size 17 , backward 19.
        Unrouted nets 2 at the end of iteration 167.
    route iteration 167, CPU time elapsed 0.171875 sec.
    forward max bucket size 18 , backward 18.
        Unrouted nets 3 at the end of iteration 168.
    route iteration 168, CPU time elapsed 0.171875 sec.
    forward max bucket size 12 , backward 7.
        Unrouted nets 0 at the end of iteration 169.
    route iteration 169, CPU time elapsed 0.156250 sec.
C: Route-2036: The clock path from ex_clk_50m_ibuf/opit_1:OUT to u_DDR3/u_pll_50_400/u_pll_e1/goppll:CLKIN1 is routed by SRB.
Detailed routing takes 152.88 sec.
Fix violation Finished.
Hold Violation Fix in router takes 448.31 sec.

Dispose routing result:
    Collect routing result.
    Delete unused device instances.
    Annotate routing result.
    Change LUT configuration.
    Dispose misc instances.
I: Route-6001: Insert route through in CLMA_30_125.
I: Route-6001: Insert route through in CLMA_46_92.
I: Route-6001: Insert route through in CLMS_54_281.
I: Route-6001: Insert route through in CLMA_42_141.
I: Route-6001: Insert route through in CLMA_46_100.
I: Route-6001: Insert route through in CLMA_42_100.
I: Route-6001: Insert route through in CLMA_58_169.
I: Route-6001: Insert route through in CLMA_42_197.
I: Route-6001: Insert route through in CLMS_38_209.
I: Route-6001: Insert route through in CLMA_50_197.
I: Route-6001: Insert route through in CLMA_50_205.
I: Route-6001: Insert route through in CLMA_98_153.
I: Route-6001: Insert route through in CLMA_42_136.
I: Route-6001: Insert route through in CLMA_98_64.
I: Route-6001: Insert route through in CLMA_86_248.
I: Route-6001: Insert route through in CLMA_94_248.
I: Route-6001: Insert route through in CLMA_118_52.
I: Route-6001: Insert route through in CLMA_94_88.
I: Route-6001: Insert route through in CLMS_10_193.
I: Route-6001: Insert route through in CLMS_26_181.
I: Route-6001: Insert route through in CLMS_10_261.
I: Route-6001: Insert route through in CLMS_54_265.
I: Route-6001: Insert route through in CLMS_54_221.
I: Route-6001: Insert route through in CLMA_70_201.
I: Route-6001: Insert route through in CLMA_98_72.
I: Route-6001: Insert route through in CLMA_50_157.
I: Route-6001: Insert route through in CLMA_86_264.
I: Route-6001: Insert route through in CLMS_26_181.
I: Route-6001: Insert route through in CLMA_46_296.
I: Route-6001: Insert route through in CLMA_30_133.
I: Route-6001: Insert route through in CLMA_50_72.
I: Route-6001: Insert route through in CLMA_50_157.
I: Route-6001: Insert route through in CLMA_42_169.
I: Route-6001: Insert route through in CLMS_10_257.
I: Route-6001: Insert route through in CLMA_14_193.
I: Route-6001: Insert route through in CLMA_82_100.
I: Route-6001: Insert route through in CLMA_46_152.
I: Route-6001: Insert route through in CLMA_90_117.
I: Route-6001: Insert route through in CLMA_82_104.
I: Route-6001: Insert route through in CLMA_58_25.
I: Route-6001: Insert route through in CLMA_58_25.
I: Route-6001: Insert route through in CLMS_66_201.
I: Route-6001: Insert route through in CLMA_90_165.
I: Route-6001: Insert route through in CLMA_58_176.
I: Route-6001: Insert route through in CLMA_50_129.
I: Route-6001: Insert route through in CLMS_78_281.
I: Route-6001: Insert route through in CLMS_26_177.
I: Route-6001: Insert route through in CLMA_98_280.
I: Route-6001: Insert route through in CLMA_98_261.
I: Route-6001: Insert route through in CLMA_106_84.
I: Route-6001: Insert route through in CLMA_30_164.
I: Route-6001: Insert route through in CLMA_50_188.
I: Route-6001: Insert route through in CLMA_50_177.
I: Route-6001: Insert route through in CLMS_38_241.
I: Route-6001: Insert route through in CLMA_70_233.
I: Route-6001: Insert route through in CLMA_58_176.
I: Route-6001: Insert route through in CLMA_70_105.
I: Route-6001: Insert route through in CLMA_42_169.
I: Route-6001: Insert route through in CLMA_66_276.
I: Route-6001: Insert route through in CLMS_134_189.
I: Route-6001: Insert route through in CLMA_70_100.
I: Route-6001: Insert route through in CLMA_70_92.
I: Route-6001: Insert route through in CLMA_78_80.
I: Route-6001: Insert route through in CLMA_90_165.
I: Route-6001: Insert route through in CLMA_42_137.
I: Route-6001: Insert route through in CLMA_58_120.
I: Route-6001: Insert route through in CLMA_42_129.
I: Route-6001: Insert route through in CLMA_50_172.
I: Route-6001: Insert route through in CLMA_42_213.
I: Route-6001: Insert route through in CLMA_98_165.
I: Route-6001: Insert route through in CLMA_42_137.
I: Route-6001: Insert route through in CLMA_30_220.
I: Route-6001: Insert route through in CLMA_82_101.
I: Route-6001: Insert route through in CLMS_66_105.
I: Route-6001: Insert route through in CLMA_90_181.
I: Route-6001: Insert route through in CLMA_38_152.
I: Route-6001: Insert route through in CLMA_50_121.
I: Route-6001: Insert route through in CLMA_58_120.
I: Route-6001: Insert route through in CLMA_90_177.
I: Route-6001: Insert route through in CLMA_50_169.
I: Route-6001: Insert route through in CLMA_50_169.
I: Route-6001: Insert route through in CLMA_50_225.
I: Route-6001: Insert route through in CLMA_70_81.
I: Route-6001: Insert route through in CLMA_50_108.
I: Route-6001: Insert route through in CLMA_70_192.
I: Route-6001: Insert route through in CLMA_42_240.
I: Route-6001: Insert route through in CLMA_42_240.
I: Route-6001: Insert route through in CLMA_50_176.
I: Route-6001: Insert route through in CLMA_98_136.
I: Route-6001: Insert route through in CLMS_26_129.
I: Route-6001: Insert route through in CLMA_58_112.
I: Route-6001: Insert route through in CLMA_50_140.
I: Route-6001: Insert route through in CLMA_42_125.
I: Route-6001: Insert route through in CLMA_42_125.
I: Route-6001: Insert route through in CLMA_42_161.
I: Route-6001: Insert route through in CLMA_90_180.
I: Route-6001: Insert route through in USCM_74_113.
I: Route-6001: Insert route through in USCM_74_110.
I: Route-6001: Insert route through in USCM_74_111.
I: Route-6001: Insert route through in USCM_74_108.
I: Route-6001: Insert route through in USCM_74_132.
I: Route-6001: Insert route through in USCM_74_112.
I: Route-6001: Insert route through in USCM_74_133.
I: Route-6001: Insert route through in RCKB_151_63.
I: Route-6001: Insert route through in RCKB_151_60.
I: Route-6001: Insert route through in RCKB_151_61.
I: Route-6001: Insert route through in RCKB_151_62.
I: Route-6001: Insert route through in RCKB_7_184.
I: Route-6001: Insert route through in RCKB_151_186.
I: Route-6001: Insert route through in RCKB_151_184.
I: Route-6001: Insert route through in RCKB_151_185.
I: Route-6001: Insert route through in RCKB_7_62.
I: Route-6001: Insert route through in RCKB_7_63.
I: Route-6001: Insert route through in RCKB_151_187.
    Annotate routing result again.
Finish routing takes 3.95 sec.
The timing paths of the clock axi_clk0 have hold violation, the worst slack : -155.
Hold fix iterated 0 times
The hold violation of the clock axi_clk0 has been fixed unsuccessfully, the finally worst slack: -155(slow), -14(fast).
Hold violation fix failed. (takes 16.75 sec).
Used srb routing arc is 167743.
Cleanup routing takes 0.06 sec.
Routing done.
Total routing takes 633.94 sec.


Device Utilization Summary :
+----------------------------------------------------------------------------+
| Logic Utilization        | Used     | Available     | Utilization(%)     
+----------------------------------------------------------------------------+
| Use of ADC               | 0        | 1             | 0                   
| Use of APM               | 3        | 30            | 10                  
| Use of BKCL              | 6        | 6             | 100                 
| Use of CLMA              | 2449     | 3274          | 75                  
|   FF                     | 3928     | 19644         | 20                  
|   LUT                    | 6608     | 13096         | 50                  
|   LUT-FF pairs           | 2169     | 13096         | 17                  
| Use of CLMS              | 820      | 1110          | 74                  
|   FF                     | 907      | 6660          | 14                  
|   LUT                    | 2002     | 4440          | 45                  
|   LUT-FF pairs           | 558      | 4440          | 13                  
|   Distributed RAM        | 416      | 4440          | 9                   
| Use of CRYSTAL           | 0        | 6             | 0                   
| Use of DLL               | 2        | 6             | 33                  
| Use of DQSL              | 5        | 18            | 28                  
| Use of DRM               | 26.5     | 48            | 55                  
| Use of FLSIF             | 0        | 1             | 0                   
| Use of FUSECODE          | 0        | 1             | 0                   
| Use of HARD0N1           | 0        | 2745          | 0                   
| Use of HMEMC             | 1        | 2             | 50                  
| Use of IO                | 87       | 240           | 36                  
|   IOBD                   | 42       | 120           | 35                  
|   IOBR                   | 1        | 6             | 17                  
|   IOBS                   | 44       | 114           | 39                  
| Use of IOCKDIV           | 1        | 12            | 8                   
| Use of IOCKDLY           | 1        | 24            | 4                   
| Use of IOCKGATE          | 2        | 12            | 17                  
| Use of IOCKGMUX_TEST     | 0        | 12            | 0                   
| Use of IOL               | 87       | 240           | 36                  
| Use of IPAL              | 0        | 1             | 0                   
| Use of MFG_TEST          | 0        | 1             | 0                   
| Use of OSC               | 0        | 1             | 0                   
| Use of PLL               | 1        | 6             | 17                  
| Use of PREGMUX_TEST      | 0        | 6             | 0                   
| Use of RCKB              | 11       | 24            | 46                  
| Use of RCKBMUX_TEST      | 0        | 12            | 0                   
| Use of RESCAL            | 0        | 6             | 0                   
| Use of SCANCHAIN         | 0        | 4             | 0                   
| Use of START             | 1        | 1             | 100                 
| Use of UDID              | 0        | 1             | 0                   
| Use of USCM              | 11       | 20            | 55                  
| Use of USCMMUX_TEST      | 0        | 20            | 0                   
| Use of VCKBMUX_TEST      | 0        | 12            | 0                   
+----------------------------------------------------------------------------+

Finished routing. (CPU time elapsed 0h:13m:41s)
Design 'm1_soc_top' has been placed and routed successfully.
Saving design to DB.
Action pnr: Real time elapsed is 831.000 sec
Action pnr: CPU time elapsed is 827.016 sec
Current time: Mon Apr  5 15:36:05 2021
Action pnr: Peak memory pool usage is 1,140,137,984 bytes
Finished placement and routing. (CPU time elapsed 0h:13m:42s)
