#Build: Fabric Compiler 2020.3-SP3.1, Build 67625, Jan 05 04:16 2021
#Install: C:\pango\PDS_2020.3-SP3.1-ads\bin
#Application name: pds_shell.exe
#OS: Windows 7 6.1.7600
#Hostname: LAPTOP-33JRCVKD
Generated by Fabric Compiler (version 2020.3-SP3.1 build 67625) at Fri Mar 26 11:36:21 2021
Compiling verification operator library.
Compiling common defs.
Compiling prim grid devices.
Compiling gate devices.
Compiling gate operators.
Building architecture model.
Loading device packaging model 'MBG324'.
I: dp_step_length: 4 != def: 1
Starting placement and routing flow. (CPU time elapsed 0h:00m:00s)
Reading design from devmap DB.
Building architecture floorplan logic view.
Executing : apply_constraint -f C:/Users/yangl/Documents/IC_competition/arm/M1_PGL22G_RTOS/PDS_project/pnr/device_map/m1_soc_top.pcf
Executing : def_port i2c0_sck -LOC A15 -IOSTANDARD LVCMOS33 -VCCIO 3.3 -BUS_KEEPER PULLUP
C: ConstraintEditor-2006: [C:/Users/yangl/Documents/IC_competition/arm/M1_PGL22G_RTOS/PDS_project/pnr/device_map/m1_soc_top.pcf] Port i2c0_sck lack of drive, output port and inout port had better set drive value, the default value is 4.
C: ConstraintEditor-2007: [C:/Users/yangl/Documents/IC_competition/arm/M1_PGL22G_RTOS/PDS_project/pnr/device_map/m1_soc_top.pcf] Port i2c0_sck lack of slew, output port and inout port had better set slew value, the default value is SLOW.
Executing : def_port i2c0_sck -LOC A15 -IOSTANDARD LVCMOS33 -VCCIO 3.3 -BUS_KEEPER PULLUP successfully.
Executing : def_port i2c0_sda -LOC B15 -IOSTANDARD LVCMOS33 -VCCIO 3.3 -BUS_KEEPER PULLUP
C: ConstraintEditor-2006: [C:/Users/yangl/Documents/IC_competition/arm/M1_PGL22G_RTOS/PDS_project/pnr/device_map/m1_soc_top.pcf] Port i2c0_sda lack of drive, output port and inout port had better set drive value, the default value is 4.
C: ConstraintEditor-2007: [C:/Users/yangl/Documents/IC_competition/arm/M1_PGL22G_RTOS/PDS_project/pnr/device_map/m1_soc_top.pcf] Port i2c0_sda lack of slew, output port and inout port had better set slew value, the default value is SLOW.
Executing : def_port i2c0_sda -LOC B15 -IOSTANDARD LVCMOS33 -VCCIO 3.3 -BUS_KEEPER PULLUP successfully.
Executing : def_port {pad_dq_ch0[0]} -LOC T8 -IOSTANDARD SSTL15_I -VCCIO 1.5 -BUS_KEEPER UNUSED -VREF_MODE IN -VREF_MODE_VALUE 0.5 -DDR_TERM_MODE ON -DRIVE 7.5 -SLEW FAST
Executing : def_port {pad_dq_ch0[0]} -LOC T8 -IOSTANDARD SSTL15_I -VCCIO 1.5 -BUS_KEEPER UNUSED -VREF_MODE IN -VREF_MODE_VALUE 0.5 -DDR_TERM_MODE ON -DRIVE 7.5 -SLEW FAST successfully.
Executing : def_port {pad_dq_ch0[1]} -LOC T6 -IOSTANDARD SSTL15_I -VCCIO 1.5 -BUS_KEEPER UNUSED -VREF_MODE IN -VREF_MODE_VALUE 0.5 -DDR_TERM_MODE ON -DRIVE 7.5 -SLEW FAST
Executing : def_port {pad_dq_ch0[1]} -LOC T6 -IOSTANDARD SSTL15_I -VCCIO 1.5 -BUS_KEEPER UNUSED -VREF_MODE IN -VREF_MODE_VALUE 0.5 -DDR_TERM_MODE ON -DRIVE 7.5 -SLEW FAST successfully.
Executing : def_port {pad_dq_ch0[2]} -LOC R6 -IOSTANDARD SSTL15_I -VCCIO 1.5 -BUS_KEEPER UNUSED -VREF_MODE IN -VREF_MODE_VALUE 0.5 -DDR_TERM_MODE ON -DRIVE 7.5 -SLEW FAST
Executing : def_port {pad_dq_ch0[2]} -LOC R6 -IOSTANDARD SSTL15_I -VCCIO 1.5 -BUS_KEEPER UNUSED -VREF_MODE IN -VREF_MODE_VALUE 0.5 -DDR_TERM_MODE ON -DRIVE 7.5 -SLEW FAST successfully.
Executing : def_port {pad_dq_ch0[3]} -LOC R9 -IOSTANDARD SSTL15_I -VCCIO 1.5 -BUS_KEEPER UNUSED -VREF_MODE IN -VREF_MODE_VALUE 0.5 -DDR_TERM_MODE ON -DRIVE 7.5 -SLEW FAST
Executing : def_port {pad_dq_ch0[3]} -LOC R9 -IOSTANDARD SSTL15_I -VCCIO 1.5 -BUS_KEEPER UNUSED -VREF_MODE IN -VREF_MODE_VALUE 0.5 -DDR_TERM_MODE ON -DRIVE 7.5 -SLEW FAST successfully.
Executing : def_port {pad_dq_ch0[4]} -LOC T9 -IOSTANDARD SSTL15_I -VCCIO 1.5 -BUS_KEEPER UNUSED -VREF_MODE IN -VREF_MODE_VALUE 0.5 -DDR_TERM_MODE ON -DRIVE 7.5 -SLEW FAST
Executing : def_port {pad_dq_ch0[4]} -LOC T9 -IOSTANDARD SSTL15_I -VCCIO 1.5 -BUS_KEEPER UNUSED -VREF_MODE IN -VREF_MODE_VALUE 0.5 -DDR_TERM_MODE ON -DRIVE 7.5 -SLEW FAST successfully.
Executing : def_port {pad_dq_ch0[5]} -LOC N4 -IOSTANDARD SSTL15_I -VCCIO 1.5 -BUS_KEEPER UNUSED -VREF_MODE IN -VREF_MODE_VALUE 0.5 -DDR_TERM_MODE ON -DRIVE 7.5 -SLEW FAST
Executing : def_port {pad_dq_ch0[5]} -LOC N4 -IOSTANDARD SSTL15_I -VCCIO 1.5 -BUS_KEEPER UNUSED -VREF_MODE IN -VREF_MODE_VALUE 0.5 -DDR_TERM_MODE ON -DRIVE 7.5 -SLEW FAST successfully.
Executing : def_port {pad_dq_ch0[6]} -LOC N5 -IOSTANDARD SSTL15_I -VCCIO 1.5 -BUS_KEEPER UNUSED -VREF_MODE IN -VREF_MODE_VALUE 0.5 -DDR_TERM_MODE ON -DRIVE 7.5 -SLEW FAST
Executing : def_port {pad_dq_ch0[6]} -LOC N5 -IOSTANDARD SSTL15_I -VCCIO 1.5 -BUS_KEEPER UNUSED -VREF_MODE IN -VREF_MODE_VALUE 0.5 -DDR_TERM_MODE ON -DRIVE 7.5 -SLEW FAST successfully.
Executing : def_port {pad_dq_ch0[7]} -LOC P6 -IOSTANDARD SSTL15_I -VCCIO 1.5 -BUS_KEEPER UNUSED -VREF_MODE IN -VREF_MODE_VALUE 0.5 -DDR_TERM_MODE ON -DRIVE 7.5 -SLEW FAST
Executing : def_port {pad_dq_ch0[7]} -LOC P6 -IOSTANDARD SSTL15_I -VCCIO 1.5 -BUS_KEEPER UNUSED -VREF_MODE IN -VREF_MODE_VALUE 0.5 -DDR_TERM_MODE ON -DRIVE 7.5 -SLEW FAST successfully.
Executing : def_port {pad_dq_ch0[8]} -LOC T4 -IOSTANDARD SSTL15_I -VCCIO 1.5 -BUS_KEEPER UNUSED -VREF_MODE IN -VREF_MODE_VALUE 0.5 -DDR_TERM_MODE ON -DRIVE 7.5 -SLEW FAST
Executing : def_port {pad_dq_ch0[8]} -LOC T4 -IOSTANDARD SSTL15_I -VCCIO 1.5 -BUS_KEEPER UNUSED -VREF_MODE IN -VREF_MODE_VALUE 0.5 -DDR_TERM_MODE ON -DRIVE 7.5 -SLEW FAST successfully.
Executing : def_port {pad_dq_ch0[9]} -LOC V9 -IOSTANDARD SSTL15_I -VCCIO 1.5 -BUS_KEEPER UNUSED -VREF_MODE IN -VREF_MODE_VALUE 0.5 -DDR_TERM_MODE ON -DRIVE 7.5 -SLEW FAST
Executing : def_port {pad_dq_ch0[9]} -LOC V9 -IOSTANDARD SSTL15_I -VCCIO 1.5 -BUS_KEEPER UNUSED -VREF_MODE IN -VREF_MODE_VALUE 0.5 -DDR_TERM_MODE ON -DRIVE 7.5 -SLEW FAST successfully.
Executing : def_port {pad_dq_ch0[10]} -LOC U9 -IOSTANDARD SSTL15_I -VCCIO 1.5 -BUS_KEEPER UNUSED -VREF_MODE IN -VREF_MODE_VALUE 0.5 -DDR_TERM_MODE ON -DRIVE 7.5 -SLEW FAST
Executing : def_port {pad_dq_ch0[10]} -LOC U9 -IOSTANDARD SSTL15_I -VCCIO 1.5 -BUS_KEEPER UNUSED -VREF_MODE IN -VREF_MODE_VALUE 0.5 -DDR_TERM_MODE ON -DRIVE 7.5 -SLEW FAST successfully.
Executing : def_port {pad_dq_ch0[11]} -LOC V7 -IOSTANDARD SSTL15_I -VCCIO 1.5 -BUS_KEEPER UNUSED -VREF_MODE IN -VREF_MODE_VALUE 0.5 -DDR_TERM_MODE ON -DRIVE 7.5 -SLEW FAST
Executing : def_port {pad_dq_ch0[11]} -LOC V7 -IOSTANDARD SSTL15_I -VCCIO 1.5 -BUS_KEEPER UNUSED -VREF_MODE IN -VREF_MODE_VALUE 0.5 -DDR_TERM_MODE ON -DRIVE 7.5 -SLEW FAST successfully.
Executing : def_port {pad_dq_ch0[12]} -LOC U7 -IOSTANDARD SSTL15_I -VCCIO 1.5 -BUS_KEEPER UNUSED -VREF_MODE IN -VREF_MODE_VALUE 0.5 -DDR_TERM_MODE ON -DRIVE 7.5 -SLEW FAST
Executing : def_port {pad_dq_ch0[12]} -LOC U7 -IOSTANDARD SSTL15_I -VCCIO 1.5 -BUS_KEEPER UNUSED -VREF_MODE IN -VREF_MODE_VALUE 0.5 -DDR_TERM_MODE ON -DRIVE 7.5 -SLEW FAST successfully.
Executing : def_port {pad_dq_ch0[13]} -LOC V6 -IOSTANDARD SSTL15_I -VCCIO 1.5 -BUS_KEEPER UNUSED -VREF_MODE IN -VREF_MODE_VALUE 0.5 -DDR_TERM_MODE ON -DRIVE 7.5 -SLEW FAST
Executing : def_port {pad_dq_ch0[13]} -LOC V6 -IOSTANDARD SSTL15_I -VCCIO 1.5 -BUS_KEEPER UNUSED -VREF_MODE IN -VREF_MODE_VALUE 0.5 -DDR_TERM_MODE ON -DRIVE 7.5 -SLEW FAST successfully.
Executing : def_port {pad_dq_ch0[14]} -LOC U6 -IOSTANDARD SSTL15_I -VCCIO 1.5 -BUS_KEEPER UNUSED -VREF_MODE IN -VREF_MODE_VALUE 0.5 -DDR_TERM_MODE ON -DRIVE 7.5 -SLEW FAST
Executing : def_port {pad_dq_ch0[14]} -LOC U6 -IOSTANDARD SSTL15_I -VCCIO 1.5 -BUS_KEEPER UNUSED -VREF_MODE IN -VREF_MODE_VALUE 0.5 -DDR_TERM_MODE ON -DRIVE 7.5 -SLEW FAST successfully.
Executing : def_port {pad_dq_ch0[15]} -LOC V5 -IOSTANDARD SSTL15_I -VCCIO 1.5 -BUS_KEEPER UNUSED -VREF_MODE IN -VREF_MODE_VALUE 0.5 -DDR_TERM_MODE ON -DRIVE 7.5 -SLEW FAST
Executing : def_port {pad_dq_ch0[15]} -LOC V5 -IOSTANDARD SSTL15_I -VCCIO 1.5 -BUS_KEEPER UNUSED -VREF_MODE IN -VREF_MODE_VALUE 0.5 -DDR_TERM_MODE ON -DRIVE 7.5 -SLEW FAST successfully.
Executing : def_port {pad_dqs_ch0[0]} -LOC N6 -IOSTANDARD SSTL15D_I -VCCIO 1.5 -BUS_KEEPER UNUSED -DDR_TERM_MODE ON -DRIVE 7.5 -SLEW FAST
Executing : def_port {pad_dqs_ch0[0]} -LOC N6 -IOSTANDARD SSTL15D_I -VCCIO 1.5 -BUS_KEEPER UNUSED -DDR_TERM_MODE ON -DRIVE 7.5 -SLEW FAST successfully.
Executing : def_port {pad_dqs_ch0[1]} -LOC U8 -IOSTANDARD SSTL15D_I -VCCIO 1.5 -BUS_KEEPER UNUSED -DDR_TERM_MODE ON -DRIVE 7.5 -SLEW FAST
Executing : def_port {pad_dqs_ch0[1]} -LOC U8 -IOSTANDARD SSTL15D_I -VCCIO 1.5 -BUS_KEEPER UNUSED -DDR_TERM_MODE ON -DRIVE 7.5 -SLEW FAST successfully.
Executing : def_port {pad_dqsn_ch0[0]} -LOC N7 -IOSTANDARD SSTL15D_I -VCCIO 1.5 -BUS_KEEPER UNUSED -DDR_TERM_MODE ON -DRIVE 7.5 -SLEW FAST
Executing : def_port {pad_dqsn_ch0[0]} -LOC N7 -IOSTANDARD SSTL15D_I -VCCIO 1.5 -BUS_KEEPER UNUSED -DDR_TERM_MODE ON -DRIVE 7.5 -SLEW FAST successfully.
Executing : def_port {pad_dqsn_ch0[1]} -LOC V8 -IOSTANDARD SSTL15D_I -VCCIO 1.5 -BUS_KEEPER UNUSED -DDR_TERM_MODE ON -DRIVE 7.5 -SLEW FAST
Executing : def_port {pad_dqsn_ch0[1]} -LOC V8 -IOSTANDARD SSTL15D_I -VCCIO 1.5 -BUS_KEEPER UNUSED -DDR_TERM_MODE ON -DRIVE 7.5 -SLEW FAST successfully.
Executing : def_port {LED[0]} -LOC U10 -IOSTANDARD LVCMOS33 -VCCIO 3.3 -BUS_KEEPER NONE
C: ConstraintEditor-2006: [C:/Users/yangl/Documents/IC_competition/arm/M1_PGL22G_RTOS/PDS_project/pnr/device_map/m1_soc_top.pcf] Port LED[0] lack of drive, output port and inout port had better set drive value, the default value is 4.
C: ConstraintEditor-2007: [C:/Users/yangl/Documents/IC_competition/arm/M1_PGL22G_RTOS/PDS_project/pnr/device_map/m1_soc_top.pcf] Port LED[0] lack of slew, output port and inout port had better set slew value, the default value is SLOW.
Executing : def_port {LED[0]} -LOC U10 -IOSTANDARD LVCMOS33 -VCCIO 3.3 -BUS_KEEPER NONE successfully.
Executing : def_port {LED[1]} -LOC V10 -IOSTANDARD LVCMOS33 -VCCIO 3.3 -BUS_KEEPER NONE
C: ConstraintEditor-2006: [C:/Users/yangl/Documents/IC_competition/arm/M1_PGL22G_RTOS/PDS_project/pnr/device_map/m1_soc_top.pcf] Port LED[1] lack of drive, output port and inout port had better set drive value, the default value is 4.
C: ConstraintEditor-2007: [C:/Users/yangl/Documents/IC_competition/arm/M1_PGL22G_RTOS/PDS_project/pnr/device_map/m1_soc_top.pcf] Port LED[1] lack of slew, output port and inout port had better set slew value, the default value is SLOW.
Executing : def_port {LED[1]} -LOC V10 -IOSTANDARD LVCMOS33 -VCCIO 3.3 -BUS_KEEPER NONE successfully.
Executing : def_port {LED[2]} -LOC U11 -IOSTANDARD LVCMOS33 -VCCIO 3.3 -BUS_KEEPER NONE
C: ConstraintEditor-2006: [C:/Users/yangl/Documents/IC_competition/arm/M1_PGL22G_RTOS/PDS_project/pnr/device_map/m1_soc_top.pcf] Port LED[2] lack of drive, output port and inout port had better set drive value, the default value is 4.
C: ConstraintEditor-2007: [C:/Users/yangl/Documents/IC_competition/arm/M1_PGL22G_RTOS/PDS_project/pnr/device_map/m1_soc_top.pcf] Port LED[2] lack of slew, output port and inout port had better set slew value, the default value is SLOW.
Executing : def_port {LED[2]} -LOC U11 -IOSTANDARD LVCMOS33 -VCCIO 3.3 -BUS_KEEPER NONE successfully.
Executing : def_port {LED[3]} -LOC V11 -IOSTANDARD LVCMOS33 -VCCIO 3.3 -BUS_KEEPER NONE -OPEN_DRAIN OFF
C: ConstraintEditor-2006: [C:/Users/yangl/Documents/IC_competition/arm/M1_PGL22G_RTOS/PDS_project/pnr/device_map/m1_soc_top.pcf] Port LED[3] lack of drive, output port and inout port had better set drive value, the default value is 4.
C: ConstraintEditor-2007: [C:/Users/yangl/Documents/IC_competition/arm/M1_PGL22G_RTOS/PDS_project/pnr/device_map/m1_soc_top.pcf] Port LED[3] lack of slew, output port and inout port had better set slew value, the default value is SLOW.
Executing : def_port {LED[3]} -LOC V11 -IOSTANDARD LVCMOS33 -VCCIO 3.3 -BUS_KEEPER NONE -OPEN_DRAIN OFF successfully.
Executing : def_port TX -LOC C10 -IOSTANDARD LVCMOS33 -VCCIO 3.3 -BUS_KEEPER PULLUP
C: ConstraintEditor-2006: [C:/Users/yangl/Documents/IC_competition/arm/M1_PGL22G_RTOS/PDS_project/pnr/device_map/m1_soc_top.pcf] Port TX lack of drive, output port and inout port had better set drive value, the default value is 4.
C: ConstraintEditor-2007: [C:/Users/yangl/Documents/IC_competition/arm/M1_PGL22G_RTOS/PDS_project/pnr/device_map/m1_soc_top.pcf] Port TX lack of slew, output port and inout port had better set slew value, the default value is SLOW.
Executing : def_port TX -LOC C10 -IOSTANDARD LVCMOS33 -VCCIO 3.3 -BUS_KEEPER PULLUP successfully.
Executing : def_port l0_sgmii_clk_shft -LOC H17 -IOSTANDARD LVCMOS33 -VCCIO 3.3 -BUS_KEEPER PULLUP -DRIVE 4 -SLEW FAST -OPEN_DRAIN OFF
Executing : def_port l0_sgmii_clk_shft -LOC H17 -IOSTANDARD LVCMOS33 -VCCIO 3.3 -BUS_KEEPER PULLUP -DRIVE 4 -SLEW FAST -OPEN_DRAIN OFF successfully.
Executing : def_port {pad_addr_ch0[0]} -LOC M4 -IOSTANDARD SSTL15_I -VCCIO 1.5 -BUS_KEEPER UNUSED -DRIVE 7.5 -SLEW FAST
Executing : def_port {pad_addr_ch0[0]} -LOC M4 -IOSTANDARD SSTL15_I -VCCIO 1.5 -BUS_KEEPER UNUSED -DRIVE 7.5 -SLEW FAST successfully.
Executing : def_port {pad_addr_ch0[1]} -LOC M3 -IOSTANDARD SSTL15_I -VCCIO 1.5 -BUS_KEEPER UNUSED -DRIVE 7.5 -SLEW FAST
Executing : def_port {pad_addr_ch0[1]} -LOC M3 -IOSTANDARD SSTL15_I -VCCIO 1.5 -BUS_KEEPER UNUSED -DRIVE 7.5 -SLEW FAST successfully.
Executing : def_port {pad_addr_ch0[2]} -LOC P2 -IOSTANDARD SSTL15_I -VCCIO 1.5 -BUS_KEEPER UNUSED -DRIVE 7.5 -SLEW FAST
Executing : def_port {pad_addr_ch0[2]} -LOC P2 -IOSTANDARD SSTL15_I -VCCIO 1.5 -BUS_KEEPER UNUSED -DRIVE 7.5 -SLEW FAST successfully.
Executing : def_port {pad_addr_ch0[3]} -LOC P1 -IOSTANDARD SSTL15_I -VCCIO 1.5 -BUS_KEEPER UNUSED -DRIVE 7.5 -SLEW FAST
Executing : def_port {pad_addr_ch0[3]} -LOC P1 -IOSTANDARD SSTL15_I -VCCIO 1.5 -BUS_KEEPER UNUSED -DRIVE 7.5 -SLEW FAST successfully.
Executing : def_port {pad_addr_ch0[4]} -LOC L5 -IOSTANDARD SSTL15_I -VCCIO 1.5 -BUS_KEEPER UNUSED -DRIVE 7.5 -SLEW FAST
Executing : def_port {pad_addr_ch0[4]} -LOC L5 -IOSTANDARD SSTL15_I -VCCIO 1.5 -BUS_KEEPER UNUSED -DRIVE 7.5 -SLEW FAST successfully.
Executing : def_port {pad_addr_ch0[5]} -LOC M5 -IOSTANDARD SSTL15_I -VCCIO 1.5 -BUS_KEEPER UNUSED -DRIVE 7.5 -SLEW FAST
Executing : def_port {pad_addr_ch0[5]} -LOC M5 -IOSTANDARD SSTL15_I -VCCIO 1.5 -BUS_KEEPER UNUSED -DRIVE 7.5 -SLEW FAST successfully.
Executing : def_port {pad_addr_ch0[6]} -LOC N2 -IOSTANDARD SSTL15_I -VCCIO 1.5 -BUS_KEEPER UNUSED -DRIVE 7.5 -SLEW FAST
Executing : def_port {pad_addr_ch0[6]} -LOC N2 -IOSTANDARD SSTL15_I -VCCIO 1.5 -BUS_KEEPER UNUSED -DRIVE 7.5 -SLEW FAST successfully.
Executing : def_port {pad_addr_ch0[7]} -LOC N1 -IOSTANDARD SSTL15_I -VCCIO 1.5 -BUS_KEEPER UNUSED -DRIVE 7.5 -SLEW FAST
Executing : def_port {pad_addr_ch0[7]} -LOC N1 -IOSTANDARD SSTL15_I -VCCIO 1.5 -BUS_KEEPER UNUSED -DRIVE 7.5 -SLEW FAST successfully.
Executing : def_port {pad_addr_ch0[8]} -LOC K4 -IOSTANDARD SSTL15_I -VCCIO 1.5 -BUS_KEEPER UNUSED -DRIVE 7.5 -SLEW FAST
Executing : def_port {pad_addr_ch0[8]} -LOC K4 -IOSTANDARD SSTL15_I -VCCIO 1.5 -BUS_KEEPER UNUSED -DRIVE 7.5 -SLEW FAST successfully.
Executing : def_port {pad_addr_ch0[9]} -LOC M1 -IOSTANDARD SSTL15_I -VCCIO 1.5 -BUS_KEEPER UNUSED -DRIVE 7.5 -SLEW FAST
Executing : def_port {pad_addr_ch0[9]} -LOC M1 -IOSTANDARD SSTL15_I -VCCIO 1.5 -BUS_KEEPER UNUSED -DRIVE 7.5 -SLEW FAST successfully.
Executing : def_port {pad_addr_ch0[10]} -LOC M6 -IOSTANDARD SSTL15_I -VCCIO 1.5 -BUS_KEEPER UNUSED -DRIVE 7.5 -SLEW FAST
Executing : def_port {pad_addr_ch0[10]} -LOC M6 -IOSTANDARD SSTL15_I -VCCIO 1.5 -BUS_KEEPER UNUSED -DRIVE 7.5 -SLEW FAST successfully.
Executing : def_port {pad_addr_ch0[11]} -LOC L1 -IOSTANDARD SSTL15_I -VCCIO 1.5 -BUS_KEEPER UNUSED -DRIVE 7.5 -SLEW FAST
Executing : def_port {pad_addr_ch0[11]} -LOC L1 -IOSTANDARD SSTL15_I -VCCIO 1.5 -BUS_KEEPER UNUSED -DRIVE 7.5 -SLEW FAST successfully.
Executing : def_port {pad_addr_ch0[12]} -LOC K2 -IOSTANDARD SSTL15_I -VCCIO 1.5 -BUS_KEEPER UNUSED -DRIVE 7.5 -SLEW FAST
Executing : def_port {pad_addr_ch0[12]} -LOC K2 -IOSTANDARD SSTL15_I -VCCIO 1.5 -BUS_KEEPER UNUSED -DRIVE 7.5 -SLEW FAST successfully.
Executing : def_port {pad_addr_ch0[13]} -LOC K1 -IOSTANDARD SSTL15_I -VCCIO 1.5 -BUS_KEEPER UNUSED -DRIVE 7.5 -SLEW FAST
Executing : def_port {pad_addr_ch0[13]} -LOC K1 -IOSTANDARD SSTL15_I -VCCIO 1.5 -BUS_KEEPER UNUSED -DRIVE 7.5 -SLEW FAST successfully.
Executing : def_port {pad_addr_ch0[14]} -LOC J2 -IOSTANDARD SSTL15_I -VCCIO 1.5 -BUS_KEEPER UNUSED -DRIVE 7.5 -SLEW FAST
Executing : def_port {pad_addr_ch0[14]} -LOC J2 -IOSTANDARD SSTL15_I -VCCIO 1.5 -BUS_KEEPER UNUSED -DRIVE 7.5 -SLEW FAST successfully.
Executing : def_port {pad_addr_ch0[15]} -LOC J1 -IOSTANDARD SSTL15_I -VCCIO 1.5 -BUS_KEEPER UNUSED -DRIVE 7.5 -SLEW FAST
Executing : def_port {pad_addr_ch0[15]} -LOC J1 -IOSTANDARD SSTL15_I -VCCIO 1.5 -BUS_KEEPER UNUSED -DRIVE 7.5 -SLEW FAST successfully.
Executing : def_port {pad_ba_ch0[0]} -LOC U2 -IOSTANDARD SSTL15_I -VCCIO 1.5 -BUS_KEEPER UNUSED -DRIVE 7.5 -SLEW FAST
Executing : def_port {pad_ba_ch0[0]} -LOC U2 -IOSTANDARD SSTL15_I -VCCIO 1.5 -BUS_KEEPER UNUSED -DRIVE 7.5 -SLEW FAST successfully.
Executing : def_port {pad_ba_ch0[1]} -LOC U1 -IOSTANDARD SSTL15_I -VCCIO 1.5 -BUS_KEEPER UNUSED -DRIVE 7.5 -SLEW FAST
Executing : def_port {pad_ba_ch0[1]} -LOC U1 -IOSTANDARD SSTL15_I -VCCIO 1.5 -BUS_KEEPER UNUSED -DRIVE 7.5 -SLEW FAST successfully.
Executing : def_port {pad_ba_ch0[2]} -LOC T2 -IOSTANDARD SSTL15_I -VCCIO 1.5 -BUS_KEEPER UNUSED -DRIVE 7.5 -SLEW FAST
Executing : def_port {pad_ba_ch0[2]} -LOC T2 -IOSTANDARD SSTL15_I -VCCIO 1.5 -BUS_KEEPER UNUSED -DRIVE 7.5 -SLEW FAST successfully.
Executing : def_port pad_casn_ch0 -LOC T1 -IOSTANDARD SSTL15_I -VCCIO 1.5 -BUS_KEEPER UNUSED -DRIVE 7.5 -SLEW FAST
Executing : def_port pad_casn_ch0 -LOC T1 -IOSTANDARD SSTL15_I -VCCIO 1.5 -BUS_KEEPER UNUSED -DRIVE 7.5 -SLEW FAST successfully.
Executing : def_port pad_cke_ch0 -LOC L4 -IOSTANDARD SSTL15_I -VCCIO 1.5 -BUS_KEEPER UNUSED -DRIVE 7.5 -SLEW FAST
Executing : def_port pad_cke_ch0 -LOC L4 -IOSTANDARD SSTL15_I -VCCIO 1.5 -BUS_KEEPER UNUSED -DRIVE 7.5 -SLEW FAST successfully.
Executing : def_port pad_csn_ch0 -LOC R1 -IOSTANDARD SSTL15_I -VCCIO 1.5 -BUS_KEEPER UNUSED -DRIVE 7.5 -SLEW FAST
Executing : def_port pad_csn_ch0 -LOC R1 -IOSTANDARD SSTL15_I -VCCIO 1.5 -BUS_KEEPER UNUSED -DRIVE 7.5 -SLEW FAST successfully.
Executing : def_port pad_ddr_clk_w -LOC U3 -IOSTANDARD SSTL15D_I -VCCIO 1.5 -BUS_KEEPER UNUSED -DRIVE 7.5 -SLEW FAST
Executing : def_port pad_ddr_clk_w -LOC U3 -IOSTANDARD SSTL15D_I -VCCIO 1.5 -BUS_KEEPER UNUSED -DRIVE 7.5 -SLEW FAST successfully.
Executing : def_port pad_ddr_clkn_w -LOC V3 -IOSTANDARD SSTL15D_I -VCCIO 1.5 -BUS_KEEPER UNUSED -DRIVE 7.5 -SLEW FAST
Executing : def_port pad_ddr_clkn_w -LOC V3 -IOSTANDARD SSTL15D_I -VCCIO 1.5 -BUS_KEEPER UNUSED -DRIVE 7.5 -SLEW FAST successfully.
Executing : def_port {pad_dm_rdqs_ch0[0]} -LOC R8 -IOSTANDARD SSTL15_I -VCCIO 1.5 -BUS_KEEPER UNUSED -DRIVE 7.5 -SLEW FAST
Executing : def_port {pad_dm_rdqs_ch0[0]} -LOC R8 -IOSTANDARD SSTL15_I -VCCIO 1.5 -BUS_KEEPER UNUSED -DRIVE 7.5 -SLEW FAST successfully.
Executing : def_port {pad_dm_rdqs_ch0[1]} -LOC U5 -IOSTANDARD SSTL15_I -VCCIO 1.5 -BUS_KEEPER UNUSED -DRIVE 7.5 -SLEW FAST
Executing : def_port {pad_dm_rdqs_ch0[1]} -LOC U5 -IOSTANDARD SSTL15_I -VCCIO 1.5 -BUS_KEEPER UNUSED -DRIVE 7.5 -SLEW FAST successfully.
Executing : def_port pad_loop_out -LOC P8 -IOSTANDARD SSTL15_I -VCCIO 1.5 -BUS_KEEPER UNUSED -DRIVE 7.5 -SLEW FAST
Executing : def_port pad_loop_out -LOC P8 -IOSTANDARD SSTL15_I -VCCIO 1.5 -BUS_KEEPER UNUSED -DRIVE 7.5 -SLEW FAST successfully.
Executing : def_port pad_loop_out_h -LOC U4 -IOSTANDARD SSTL15_I -VCCIO 1.5 -BUS_KEEPER UNUSED -DRIVE 7.5 -SLEW FAST
Executing : def_port pad_loop_out_h -LOC U4 -IOSTANDARD SSTL15_I -VCCIO 1.5 -BUS_KEEPER UNUSED -DRIVE 7.5 -SLEW FAST successfully.
Executing : def_port pad_odt_ch0 -LOC V2 -IOSTANDARD SSTL15_I -VCCIO 1.5 -BUS_KEEPER UNUSED -DRIVE 7.5 -SLEW FAST
Executing : def_port pad_odt_ch0 -LOC V2 -IOSTANDARD SSTL15_I -VCCIO 1.5 -BUS_KEEPER UNUSED -DRIVE 7.5 -SLEW FAST successfully.
Executing : def_port pad_rasn_ch0 -LOC R2 -IOSTANDARD SSTL15_I -VCCIO 1.5 -BUS_KEEPER UNUSED -DRIVE 7.5 -SLEW FAST
Executing : def_port pad_rasn_ch0 -LOC R2 -IOSTANDARD SSTL15_I -VCCIO 1.5 -BUS_KEEPER UNUSED -DRIVE 7.5 -SLEW FAST successfully.
Executing : def_port pad_rstn_ch0 -LOC M2 -IOSTANDARD SSTL15_I -VCCIO 1.5 -BUS_KEEPER UNUSED -DRIVE 7.5 -SLEW FAST
Executing : def_port pad_rstn_ch0 -LOC M2 -IOSTANDARD SSTL15_I -VCCIO 1.5 -BUS_KEEPER UNUSED -DRIVE 7.5 -SLEW FAST successfully.
Executing : def_port pad_wen_ch0 -LOC V1 -IOSTANDARD SSTL15_I -VCCIO 1.5 -BUS_KEEPER UNUSED -DRIVE 7.5 -SLEW FAST
Executing : def_port pad_wen_ch0 -LOC V1 -IOSTANDARD SSTL15_I -VCCIO 1.5 -BUS_KEEPER UNUSED -DRIVE 7.5 -SLEW FAST successfully.
Executing : def_port phy_rst_n -LOC J17 -IOSTANDARD LVCMOS33 -VCCIO 3.3 -BUS_KEEPER PULLUP -DRIVE 8 -SLEW FAST -OPEN_DRAIN OFF
Executing : def_port phy_rst_n -LOC J17 -IOSTANDARD LVCMOS33 -VCCIO 3.3 -BUS_KEEPER PULLUP -DRIVE 8 -SLEW FAST -OPEN_DRAIN OFF successfully.
Executing : def_port phy_tx_en -LOC G18 -IOSTANDARD LVCMOS33 -VCCIO 3.3 -BUS_KEEPER PULLUP -DRIVE 8 -SLEW FAST -OPEN_DRAIN OFF
Executing : def_port phy_tx_en -LOC G18 -IOSTANDARD LVCMOS33 -VCCIO 3.3 -BUS_KEEPER PULLUP -DRIVE 8 -SLEW FAST -OPEN_DRAIN OFF successfully.
Executing : def_port phy_txd0 -LOC G17 -IOSTANDARD LVCMOS33 -VCCIO 3.3 -BUS_KEEPER PULLUP -DRIVE 8 -SLEW FAST -OPEN_DRAIN OFF
Executing : def_port phy_txd0 -LOC G17 -IOSTANDARD LVCMOS33 -VCCIO 3.3 -BUS_KEEPER PULLUP -DRIVE 8 -SLEW FAST -OPEN_DRAIN OFF successfully.
Executing : def_port phy_txd1 -LOC F18 -IOSTANDARD LVCMOS33 -VCCIO 3.3 -BUS_KEEPER PULLUP -DRIVE 8 -SLEW FAST -OPEN_DRAIN OFF
Executing : def_port phy_txd1 -LOC F18 -IOSTANDARD LVCMOS33 -VCCIO 3.3 -BUS_KEEPER PULLUP -DRIVE 8 -SLEW FAST -OPEN_DRAIN OFF successfully.
Executing : def_port phy_txd2 -LOC F17 -IOSTANDARD LVCMOS33 -VCCIO 3.3 -BUS_KEEPER PULLUP -DRIVE 8 -SLEW FAST -OPEN_DRAIN OFF
Executing : def_port phy_txd2 -LOC F17 -IOSTANDARD LVCMOS33 -VCCIO 3.3 -BUS_KEEPER PULLUP -DRIVE 8 -SLEW FAST -OPEN_DRAIN OFF successfully.
Executing : def_port phy_txd3 -LOC G16 -IOSTANDARD LVCMOS33 -VCCIO 3.3 -BUS_KEEPER PULLUP -DRIVE 8 -SLEW FAST -OPEN_DRAIN OFF
Executing : def_port phy_txd3 -LOC G16 -IOSTANDARD LVCMOS33 -VCCIO 3.3 -BUS_KEEPER PULLUP -DRIVE 8 -SLEW FAST -OPEN_DRAIN OFF successfully.
Executing : def_port spi0_clk -LOC C9 -IOSTANDARD LVCMOS33 -VCCIO 3.3 -BUS_KEEPER NONE -DRIVE 4
C: ConstraintEditor-2007: [C:/Users/yangl/Documents/IC_competition/arm/M1_PGL22G_RTOS/PDS_project/pnr/device_map/m1_soc_top.pcf] Port spi0_clk lack of slew, output port and inout port had better set slew value, the default value is SLOW.
Executing : def_port spi0_clk -LOC C9 -IOSTANDARD LVCMOS33 -VCCIO 3.3 -BUS_KEEPER NONE -DRIVE 4 successfully.
Executing : def_port spi0_cs -LOC B8 -IOSTANDARD LVCMOS33 -VCCIO 3.3 -BUS_KEEPER PULLUP -DRIVE 4
C: ConstraintEditor-2007: [C:/Users/yangl/Documents/IC_competition/arm/M1_PGL22G_RTOS/PDS_project/pnr/device_map/m1_soc_top.pcf] Port spi0_cs lack of slew, output port and inout port had better set slew value, the default value is SLOW.
Executing : def_port spi0_cs -LOC B8 -IOSTANDARD LVCMOS33 -VCCIO 3.3 -BUS_KEEPER PULLUP -DRIVE 4 successfully.
Executing : def_port spi0_mosi -LOC B4 -IOSTANDARD LVCMOS33 -VCCIO 3.3 -BUS_KEEPER PULLUP -DRIVE 4
C: ConstraintEditor-2007: [C:/Users/yangl/Documents/IC_competition/arm/M1_PGL22G_RTOS/PDS_project/pnr/device_map/m1_soc_top.pcf] Port spi0_mosi lack of slew, output port and inout port had better set slew value, the default value is SLOW.
Executing : def_port spi0_mosi -LOC B4 -IOSTANDARD LVCMOS33 -VCCIO 3.3 -BUS_KEEPER PULLUP -DRIVE 4 successfully.
Executing : def_port spi1_clk -LOC V13 -IOSTANDARD LVCMOS33 -VCCIO 3.3 -BUS_KEEPER NONE -DRIVE 4
C: ConstraintEditor-2007: [C:/Users/yangl/Documents/IC_competition/arm/M1_PGL22G_RTOS/PDS_project/pnr/device_map/m1_soc_top.pcf] Port spi1_clk lack of slew, output port and inout port had better set slew value, the default value is SLOW.
Executing : def_port spi1_clk -LOC V13 -IOSTANDARD LVCMOS33 -VCCIO 3.3 -BUS_KEEPER NONE -DRIVE 4 successfully.
Executing : def_port spi1_cs -LOC V14 -IOSTANDARD LVCMOS33 -VCCIO 3.3 -BUS_KEEPER PULLUP -DRIVE 4
C: ConstraintEditor-2007: [C:/Users/yangl/Documents/IC_competition/arm/M1_PGL22G_RTOS/PDS_project/pnr/device_map/m1_soc_top.pcf] Port spi1_cs lack of slew, output port and inout port had better set slew value, the default value is SLOW.
Executing : def_port spi1_cs -LOC V14 -IOSTANDARD LVCMOS33 -VCCIO 3.3 -BUS_KEEPER PULLUP -DRIVE 4 successfully.
Executing : def_port spi1_mosi -LOC U14 -IOSTANDARD LVCMOS33 -VCCIO 3.3 -BUS_KEEPER PULLUP -DRIVE 4
C: ConstraintEditor-2007: [C:/Users/yangl/Documents/IC_competition/arm/M1_PGL22G_RTOS/PDS_project/pnr/device_map/m1_soc_top.pcf] Port spi1_mosi lack of slew, output port and inout port had better set slew value, the default value is SLOW.
Executing : def_port spi1_mosi -LOC U14 -IOSTANDARD LVCMOS33 -VCCIO 3.3 -BUS_KEEPER PULLUP -DRIVE 4 successfully.
Executing : def_port RX -LOC A12 -IOSTANDARD LVCMOS33 -VCCIO 3.3 -BUS_KEEPER PULLUP
C: ConstraintEditor-2002: [C:/Users/yangl/Documents/IC_competition/arm/M1_PGL22G_RTOS/PDS_project/pnr/device_map/m1_soc_top.pcf(line number: 75)] | Port RX has been placed at location A12, whose type is share pin.
Executing : def_port RX -LOC A12 -IOSTANDARD LVCMOS33 -VCCIO 3.3 -BUS_KEEPER PULLUP successfully.
Executing : def_port ex_clk_50m -LOC B5 -IOSTANDARD LVCMOS33 -VCCIO 3.3 -HYS_DRIVE_MODE NOHYS -BUS_KEEPER PULLUP
Executing : def_port ex_clk_50m -LOC B5 -IOSTANDARD LVCMOS33 -VCCIO 3.3 -HYS_DRIVE_MODE NOHYS -BUS_KEEPER PULLUP successfully.
Executing : def_port gpio_in0 -LOC P17 -IOSTANDARD LVCMOS33 -VCCIO 3.3 -BUS_KEEPER NONE
Executing : def_port gpio_in0 -LOC P17 -IOSTANDARD LVCMOS33 -VCCIO 3.3 -BUS_KEEPER NONE successfully.
Executing : def_port gpio_in1 -LOC L12 -IOSTANDARD LVCMOS33 -VCCIO 3.3 -BUS_KEEPER NONE
Executing : def_port gpio_in1 -LOC L12 -IOSTANDARD LVCMOS33 -VCCIO 3.3 -BUS_KEEPER NONE successfully.
Executing : def_port pad_loop_in -LOC P7 -IOSTANDARD SSTL15_I -VCCIO 1.5 -BUS_KEEPER UNUSED -VREF_MODE IN -VREF_MODE_VALUE 0.5 -DDR_TERM_MODE ON
Executing : def_port pad_loop_in -LOC P7 -IOSTANDARD SSTL15_I -VCCIO 1.5 -BUS_KEEPER UNUSED -VREF_MODE IN -VREF_MODE_VALUE 0.5 -DDR_TERM_MODE ON successfully.
Executing : def_port pad_loop_in_h -LOC V4 -IOSTANDARD SSTL15_I -VCCIO 1.5 -BUS_KEEPER UNUSED -VREF_MODE IN -VREF_MODE_VALUE 0.5 -DDR_TERM_MODE ON
Executing : def_port pad_loop_in_h -LOC V4 -IOSTANDARD SSTL15_I -VCCIO 1.5 -BUS_KEEPER UNUSED -VREF_MODE IN -VREF_MODE_VALUE 0.5 -DDR_TERM_MODE ON successfully.
Executing : def_port phy_rx_dv -LOC L16 -IOSTANDARD LVCMOS33 -VCCIO 3.3 -HYS_DRIVE_MODE NOHYS -BUS_KEEPER PULLUP
Executing : def_port phy_rx_dv -LOC L16 -IOSTANDARD LVCMOS33 -VCCIO 3.3 -HYS_DRIVE_MODE NOHYS -BUS_KEEPER PULLUP successfully.
Executing : def_port phy_rxd0 -LOC M16 -IOSTANDARD LVCMOS33 -VCCIO 3.3 -HYS_DRIVE_MODE NOHYS -BUS_KEEPER PULLUP
Executing : def_port phy_rxd0 -LOC M16 -IOSTANDARD LVCMOS33 -VCCIO 3.3 -HYS_DRIVE_MODE NOHYS -BUS_KEEPER PULLUP successfully.
Executing : def_port phy_rxd1 -LOC M18 -IOSTANDARD LVCMOS33 -VCCIO 3.3 -HYS_DRIVE_MODE NOHYS -BUS_KEEPER PULLUP
Executing : def_port phy_rxd1 -LOC M18 -IOSTANDARD LVCMOS33 -VCCIO 3.3 -HYS_DRIVE_MODE NOHYS -BUS_KEEPER PULLUP successfully.
Executing : def_port phy_rxd2 -LOC K18 -IOSTANDARD LVCMOS33 -VCCIO 3.3 -HYS_DRIVE_MODE NOHYS -BUS_KEEPER PULLUP
Executing : def_port phy_rxd2 -LOC K18 -IOSTANDARD LVCMOS33 -VCCIO 3.3 -HYS_DRIVE_MODE NOHYS -BUS_KEEPER PULLUP successfully.
Executing : def_port phy_rxd3 -LOC K17 -IOSTANDARD LVCMOS33 -VCCIO 3.3 -HYS_DRIVE_MODE NOHYS -BUS_KEEPER PULLUP
Executing : def_port phy_rxd3 -LOC K17 -IOSTANDARD LVCMOS33 -VCCIO 3.3 -HYS_DRIVE_MODE NOHYS -BUS_KEEPER PULLUP successfully.
Executing : def_port rst_key -LOC V12 -IOSTANDARD LVCMOS33 -VCCIO 3.3 -HYS_DRIVE_MODE NOHYS -BUS_KEEPER PULLUP
Executing : def_port rst_key -LOC V12 -IOSTANDARD LVCMOS33 -VCCIO 3.3 -HYS_DRIVE_MODE NOHYS -BUS_KEEPER PULLUP successfully.
Executing : def_port rx_clki -LOC H18 -IOSTANDARD LVCMOS33 -VCCIO 3.3 -HYS_DRIVE_MODE NOHYS -BUS_KEEPER PULLUP
Executing : def_port rx_clki -LOC H18 -IOSTANDARD LVCMOS33 -VCCIO 3.3 -HYS_DRIVE_MODE NOHYS -BUS_KEEPER PULLUP successfully.
Executing : def_port spi0_miso -LOC A4 -IOSTANDARD LVCMOS33 -VCCIO 3.3 -BUS_KEEPER PULLUP
C: ConstraintEditor-2002: [C:/Users/yangl/Documents/IC_competition/arm/M1_PGL22G_RTOS/PDS_project/pnr/device_map/m1_soc_top.pcf(line number: 88)] | Port spi0_miso has been placed at location A4, whose type is share pin.
Executing : def_port spi0_miso -LOC A4 -IOSTANDARD LVCMOS33 -VCCIO 3.3 -BUS_KEEPER PULLUP successfully.
Executing : def_port spi1_miso -LOC U13 -IOSTANDARD LVCMOS33 -VCCIO 3.3 -BUS_KEEPER PULLUP
Executing : def_port spi1_miso -LOC U13 -IOSTANDARD LVCMOS33 -VCCIO 3.3 -BUS_KEEPER PULLUP successfully.
Executing : def_inst_site u_DDR3/u_pll_50_400/u_pll_e1/goppll PLL_82_71
Executing : def_inst_site u_DDR3/u_pll_50_400/u_pll_e1/goppll PLL_82_71 successfully.
Executing : apply_constraint -f C:/Users/yangl/Documents/IC_competition/arm/M1_PGL22G_RTOS/PDS_project/pnr/device_map/m1_soc_top.pcf successfully.

Placement started.
Mapping instance u_DDR3/u_ipsl_hmic_h_phy_top/u_phy_io/u_gtp_ddrphy/gateop_DDRC to HMEMC_16_1.
Mapping instance u_DDR3/u_ipsl_hmic_h_phy_top/u_phy_io/dqs2_dut/opit_0 to DQSL_6_96.
Mapping instance u_DDR3/u_ipsl_hmic_h_phy_top/u_phy_io/dqs0_dut/opit_0 to DQSL_6_24.
Mapping instance u_DDR3/u_ipsl_hmic_h_phy_top/u_phy_io/dll_hmemc_dut/gopdll to DLL_7_59.
Mapping instance u_DDR3/u_ipsl_hmic_h_phy_top/u_phy_io/dqs1_dut/opit_0 to DQSL_6_52.
Mapping instance u_DDR3/u_ipsl_hmic_h_phy_top/u_phy_io/dqs3_dut/opit_0 to DQSL_6_148.
Mapping instance u_DDR3/u_ipsl_hmic_h_phy_top/u_phy_io/dqs4_dut/opit_0 to DQSL_6_176.
Mapping instance u_DDR3/u_ipsl_hmic_h_phy_top/u_phy_io/ioclkdiv_dut/gopclkdiv to IOCKDIV_6_64.
Mapping instance u_GTP_IOCLKDELAY/opit_0 to IOCKDLY_150_185.
Mapping instance u_DDR3/u_ipsl_hmic_h_phy_top/u_phy_io/ioclkbuf01_dut/gopclkgate to IOCKGATE_6_56.
Mapping instance u_DDR3/u_ipsl_hmic_h_phy_top/u_phy_io/ioclkbuf02_dut/gopclkgate to IOCKGATE_6_181.
Mapping instance clkbufg_3/gopclkbufg to USCM_74_104.
Mapping instance u_GTP_CLKBUFG/gopclkbufg to USCM_74_105.
Mapping instance clkbufg_2/gopclkbufg to USCM_74_106.
Mapping instance clkbufg_1/gopclkbufg to USCM_74_107.
Mapping instance clkbufg_0/gopclkbufg to USCM_74_108.
Pre global placement takes 15.91 sec.
Run super clustering :
	Initial slack -6123.
	8 iterations finished.
	Final slack -1033.
Super clustering done.
Design Utilization : 44%.
Global placement takes 14.53 sec.
Wirelength after global placement is 95063.
Placed fixed group with base inst LED_obuf[0]/opit_1 on IOL_151_114.
Placed fixed group with base inst LED_obuf[1]/opit_1 on IOL_151_113.
Placed fixed group with base inst LED_obuf[2]/opit_1 on IOL_151_102.
Placed fixed group with base inst LED_obuf[3]/opit_1 on IOL_151_101.
Placed fixed group with base inst RX_ibuf/opit_1 on IOL_151_333.
Placed fixed group with base inst TX_obuf/opit_1 on IOL_151_361.
Placed fixed instance clkbufg_0/gopclkbufg on USCM_74_108.
Placed fixed instance clkbufg_1/gopclkbufg on USCM_74_107.
Placed fixed instance clkbufg_2/gopclkbufg on USCM_74_106.
Placed fixed instance clkbufg_3/gopclkbufg on USCM_74_104.
Placed fixed group with base inst ex_clk_50m_ibuf/opit_1 on IOL_7_298.
Placed fixed group with base inst gpio_in0_ibuf/opit_1 on IOL_151_46.
Placed fixed group with base inst gpio_in1_ibuf/opit_1 on IOL_151_161.
Placed fixed group with base inst i2c0_sck_tri/opit_1 on IOL_151_325.
Placed fixed group with base inst i2c0_sda_tri/opit_1 on IOL_151_326.
Placed fixed group with base inst phy_rst_n_obuf/opit_1 on IOL_151_173.
Placed fixed group with base inst rst_key_ibuf/opit_1 on IOL_151_105.
Placed fixed group with base inst rx_clki_ibuf/opit_1 on IOL_151_198.
Placed fixed group with base inst spi0_clk_obuf/opit_1 on IOL_7_353.
Placed fixed group with base inst spi0_cs_obuf/opit_1 on IOL_7_350.
Placed fixed group with base inst spi0_miso_ibuf/opit_1 on IOL_7_289.
Placed fixed group with base inst spi0_mosi_obuf/opit_1 on IOL_7_290.
Placed fixed group with base inst spi1_clk_obuf/opit_1 on IOL_151_109.
Placed fixed group with base inst spi1_cs_obuf/opit_1 on IOL_151_37.
Placed fixed group with base inst spi1_miso_ibuf/opit_1 on IOL_151_110.
Placed fixed group with base inst spi1_mosi_obuf/opit_1 on IOL_151_38.
Placed fixed instance u_DDR3/u_ipsl_hmic_h_phy_top/u_phy_io/dll_hmemc_dut/gopdll on DLL_7_59.
Placed fixed instance u_DDR3/u_ipsl_hmic_h_phy_top/u_phy_io/dqs0_dut/opit_0 on DQSL_6_24.
Placed fixed instance u_DDR3/u_ipsl_hmic_h_phy_top/u_phy_io/dqs1_dut/opit_0 on DQSL_6_52.
Placed fixed instance u_DDR3/u_ipsl_hmic_h_phy_top/u_phy_io/dqs2_dut/opit_0 on DQSL_6_96.
Placed fixed instance u_DDR3/u_ipsl_hmic_h_phy_top/u_phy_io/dqs3_dut/opit_0 on DQSL_6_148.
Placed fixed instance u_DDR3/u_ipsl_hmic_h_phy_top/u_phy_io/dqs4_dut/opit_0 on DQSL_6_176.
Placed fixed group with base inst u_DDR3/u_ipsl_hmic_h_phy_top/u_phy_io/genblk2.iob_08_09_dut/opit_2_O on IOL_7_22.
Placed fixed group with base inst u_DDR3/u_ipsl_hmic_h_phy_top/u_phy_io/genblk3.iob_30_31_dut/opit_2_O on IOL_7_102.
Placed fixed group with base inst u_DDR3/u_ipsl_hmic_h_phy_top/u_phy_io/iob_00_dut/opit_0_iol on IOL_7_5.
Placed fixed group with base inst u_DDR3/u_ipsl_hmic_h_phy_top/u_phy_io/iob_01_dut/opit_1 on IOL_7_6.
Placed fixed group with base inst u_DDR3/u_ipsl_hmic_h_phy_top/u_phy_io/iob_02_dut/opit_1_IOL on IOL_7_9.
Placed fixed group with base inst u_DDR3/u_ipsl_hmic_h_phy_top/u_phy_io/iob_16_17_dut/opit_3_IOL on IOL_7_46.
Placed fixed group with base inst u_DDR3/u_ipsl_hmic_h_phy_top/u_phy_io/iob_18_dut/opit_1_IOL on IOL_7_49.
Placed fixed group with base inst u_DDR3/u_ipsl_hmic_h_phy_top/u_phy_io/iob_19_dut/opit_1_IOL on IOL_7_50.
Placed fixed group with base inst u_DDR3/u_ipsl_hmic_h_phy_top/u_phy_io/iob_20_dut/opit_1_IOL on IOL_7_73.
Placed fixed group with base inst u_DDR3/u_ipsl_hmic_h_phy_top/u_phy_io/iob_21_dut/opit_1_IOL on IOL_7_74.
Placed fixed group with base inst u_DDR3/u_ipsl_hmic_h_phy_top/u_phy_io/iob_22_dut/opit_1_IOL on IOL_7_77.
Placed fixed group with base inst u_DDR3/u_ipsl_hmic_h_phy_top/u_phy_io/iob_23_dut/opit_1_IOL on IOL_7_78.
Placed fixed group with base inst u_DDR3/u_ipsl_hmic_h_phy_top/u_phy_io/iob_24_dut/opit_1_IOL on IOL_7_81.
Placed fixed group with base inst u_DDR3/u_ipsl_hmic_h_phy_top/u_phy_io/iob_25_dut/opit_1_IOL on IOL_7_82.
Placed fixed group with base inst u_DDR3/u_ipsl_hmic_h_phy_top/u_phy_io/iob_37_dut/opit_1_IOL on IOL_7_114.
Placed fixed group with base inst u_DDR3/u_ipsl_hmic_h_phy_top/u_phy_io/iob_38_dut/opit_0_iol on IOL_7_117.
Placed fixed group with base inst u_DDR3/u_ipsl_hmic_h_phy_top/u_phy_io/iob_39_dut/opit_1 on IOL_7_118.
Placed fixed group with base inst u_DDR3/u_ipsl_hmic_h_phy_top/u_phy_io/iob_40_dut/opit_1_IOL on IOL_7_129.
Placed fixed group with base inst u_DDR3/u_ipsl_hmic_h_phy_top/u_phy_io/iob_41_dut/opit_1_IOL on IOL_7_130.
Placed fixed group with base inst u_DDR3/u_ipsl_hmic_h_phy_top/u_phy_io/iob_42_dut/opit_1_IOL on IOL_7_133.
Placed fixed group with base inst u_DDR3/u_ipsl_hmic_h_phy_top/u_phy_io/iob_43_dut/opit_1_IOL on IOL_7_134.
Placed fixed group with base inst u_DDR3/u_ipsl_hmic_h_phy_top/u_phy_io/iob_44_dut/opit_1_IOL on IOL_7_137.
Placed fixed group with base inst u_DDR3/u_ipsl_hmic_h_phy_top/u_phy_io/iob_45_dut/opit_1_IOL on IOL_7_138.
Placed fixed group with base inst u_DDR3/u_ipsl_hmic_h_phy_top/u_phy_io/iob_46_dut/opit_1_IOL on IOL_7_141.
Placed fixed group with base inst u_DDR3/u_ipsl_hmic_h_phy_top/u_phy_io/iob_47_dut/opit_1_IOL on IOL_7_142.
Placed fixed group with base inst u_DDR3/u_ipsl_hmic_h_phy_top/u_phy_io/iob_48_dut/opit_1_IOL on IOL_7_145.
Placed fixed group with base inst u_DDR3/u_ipsl_hmic_h_phy_top/u_phy_io/iob_49_dut/opit_1_IOL on IOL_7_146.
Placed fixed group with base inst u_DDR3/u_ipsl_hmic_h_phy_top/u_phy_io/iob_50_dut/opit_1 on IOL_7_157.
Placed fixed group with base inst u_DDR3/u_ipsl_hmic_h_phy_top/u_phy_io/iob_51_dut/opit_1_IOL on IOL_7_158.
Placed fixed group with base inst u_DDR3/u_ipsl_hmic_h_phy_top/u_phy_io/iob_52_dut/opit_1_IOL on IOL_7_161.
Placed fixed group with base inst u_DDR3/u_ipsl_hmic_h_phy_top/u_phy_io/iob_55_dut/opit_1_IOL on IOL_7_166.
Placed fixed group with base inst u_DDR3/u_ipsl_hmic_h_phy_top/u_phy_io/iob_56_dut/opit_1_IOL on IOL_7_169.
Placed fixed group with base inst u_DDR3/u_ipsl_hmic_h_phy_top/u_phy_io/iob_57_dut/opit_1_IOL on IOL_7_170.
Placed fixed group with base inst u_DDR3/u_ipsl_hmic_h_phy_top/u_phy_io/iob_58_dut/opit_1_IOL on IOL_7_173.
Placed fixed group with base inst u_DDR3/u_ipsl_hmic_h_phy_top/u_phy_io/iob_59_dut/opit_1_IOL on IOL_7_174.
Placed fixed instance u_DDR3/u_ipsl_hmic_h_phy_top/u_phy_io/ioclkbuf01_dut/gopclkgate on IOCKGATE_6_56.
Placed fixed instance u_DDR3/u_ipsl_hmic_h_phy_top/u_phy_io/ioclkbuf02_dut/gopclkgate on IOCKGATE_6_181.
Placed fixed instance u_DDR3/u_ipsl_hmic_h_phy_top/u_phy_io/ioclkdiv_dut/gopclkdiv on IOCKDIV_6_64.
Placed fixed group with base inst u_DDR3/u_ipsl_hmic_h_phy_top/u_phy_io/iol_iddr3_dut/gateop_inv_IO on IOL_7_10.
Placed fixed group with base inst u_DDR3/u_ipsl_hmic_h_phy_top/u_phy_io/iol_iddr4_dut/gateop_inv_IO on IOL_7_13.
Placed fixed group with base inst u_DDR3/u_ipsl_hmic_h_phy_top/u_phy_io/iol_iddr5_dut/gateop_inv_IO on IOL_7_14.
Placed fixed group with base inst u_DDR3/u_ipsl_hmic_h_phy_top/u_phy_io/iol_iddr6_dut/gateop_inv_IO on IOL_7_17.
Placed fixed group with base inst u_DDR3/u_ipsl_hmic_h_phy_top/u_phy_io/iol_iddr7_dut/gateop_inv_IO on IOL_7_18.
Placed fixed group with base inst u_DDR3/u_ipsl_hmic_h_phy_top/u_phy_io/iol_iddr10_dut/gateop_inv_IO on IOL_7_33.
Placed fixed group with base inst u_DDR3/u_ipsl_hmic_h_phy_top/u_phy_io/iol_iddr11_dut/gateop_inv_IO on IOL_7_34.
Placed fixed group with base inst u_DDR3/u_ipsl_hmic_h_phy_top/u_phy_io/iol_iddr12_dut/gateop_inv_IO on IOL_7_37.
Placed fixed group with base inst u_DDR3/u_ipsl_hmic_h_phy_top/u_phy_io/iol_iddr27_dut/gateop_inv_IO on IOL_7_86.
Placed fixed group with base inst u_DDR3/u_ipsl_hmic_h_phy_top/u_phy_io/iol_iddr28_dut/gateop_inv_IO on IOL_7_89.
Placed fixed group with base inst u_DDR3/u_ipsl_hmic_h_phy_top/u_phy_io/iol_iddr29_dut/gateop_inv_IO on IOL_7_90.
Placed fixed group with base inst u_DDR3/u_ipsl_hmic_h_phy_top/u_phy_io/iol_iddr32_dut/gateop_inv_IO on IOL_7_105.
Placed fixed group with base inst u_DDR3/u_ipsl_hmic_h_phy_top/u_phy_io/iol_iddr33_dut/gateop_inv_IO on IOL_7_106.
Placed fixed group with base inst u_DDR3/u_ipsl_hmic_h_phy_top/u_phy_io/iol_iddr34_dut/gateop_inv_IO on IOL_7_109.
Placed fixed group with base inst u_DDR3/u_ipsl_hmic_h_phy_top/u_phy_io/iol_iddr35_dut/gateop_inv_IO on IOL_7_110.
Placed fixed group with base inst u_DDR3/u_ipsl_hmic_h_phy_top/u_phy_io/iol_iddr36_dut/gateop_inv_IO on IOL_7_113.
Placed fixed instance u_DDR3/u_ipsl_hmic_h_phy_top/u_phy_io/u_gtp_ddrphy/gateop_DDRC on HMEMC_16_1.
Placed fixed instance u_DDR3/u_pll_50_400/u_pll_e1/goppll on PLL_82_71.
Placed fixed instance u_GTP_CLKBUFG/gopclkbufg on USCM_74_105.
Placed fixed instance u_GTP_IOCLKDELAY/opit_0 on IOCKDLY_150_185.
Placed fixed group with base inst u_GTP_OUTBUFT/opit_1_IOL on IOL_151_197.
Placed fixed group with base inst u_tsmac_phy/U_pgs_tsmac_rgmii_gmii_convert_v1_0/U_pgs_tsmac_gmii_to_rgmii_v1_0/gtp_outbuft1/opit_1_IOL on IOL_151_214.
Placed fixed group with base inst u_tsmac_phy/U_pgs_tsmac_rgmii_gmii_convert_v1_0/U_pgs_tsmac_gmii_to_rgmii_v1_0/gtp_outbuft2/opit_1_IOL on IOL_151_229.
Placed fixed group with base inst u_tsmac_phy/U_pgs_tsmac_rgmii_gmii_convert_v1_0/U_pgs_tsmac_gmii_to_rgmii_v1_0/gtp_outbuft3/opit_1_IOL on IOL_151_237.
Placed fixed group with base inst u_tsmac_phy/U_pgs_tsmac_rgmii_gmii_convert_v1_0/U_pgs_tsmac_gmii_to_rgmii_v1_0/gtp_outbuft4/opit_1_IOL on IOL_151_238.
Placed fixed group with base inst u_tsmac_phy/U_pgs_tsmac_rgmii_gmii_convert_v1_0/U_pgs_tsmac_gmii_to_rgmii_v1_0/gtp_outbuft5/opit_1_IOL on IOL_151_213.
Placed fixed group with base inst u_tsmac_phy/U_pgs_tsmac_rgmii_gmii_convert_v1_0/U_pgs_tsmac_rgmii_to_gmii_v1_0/igddr1/gateigddr_IOL on IOL_151_157.
Placed fixed group with base inst u_tsmac_phy/U_pgs_tsmac_rgmii_gmii_convert_v1_0/U_pgs_tsmac_rgmii_to_gmii_v1_0/igddr2/gateigddr_IOL on IOL_151_142.
Placed fixed group with base inst u_tsmac_phy/U_pgs_tsmac_rgmii_gmii_convert_v1_0/U_pgs_tsmac_rgmii_to_gmii_v1_0/igddr3/gateigddr_IOL on IOL_151_170.
Placed fixed group with base inst u_tsmac_phy/U_pgs_tsmac_rgmii_gmii_convert_v1_0/U_pgs_tsmac_rgmii_to_gmii_v1_0/igddr4/gateigddr_IOL on IOL_151_169.
Placed fixed group with base inst u_tsmac_phy/U_pgs_tsmac_rgmii_gmii_convert_v1_0/U_pgs_tsmac_rgmii_to_gmii_v1_0/igddr5/gateigddr_IOL on IOL_151_158.
Placed fixed instance BKCL_auto_0 on BKCL_2_268.
Placed fixed instance BKCL_auto_1 on BKCL_2_144.
Placed fixed instance BKCL_auto_2 on BKCL_2_20.
Placed fixed instance BKCL_auto_3 on BKCL_154_268.
Placed fixed instance BKCL_auto_4 on BKCL_154_144.
Placed fixed instance BKCL_auto_5 on BKCL_154_20.
Placed instance u_DDR3/u_ipsl_hmic_h_phy_top/u_phy_io/dll_hmemc_dut/gopdll(gopDLL) on DLL_7_59, and placed u_DDR3/u_ipsl_hmic_h_phy_top/u_phy_io/dqs0_dut/opit_0(gopDQS_DDC) on DQSL_6_24.
Placed instance u_DDR3/u_ipsl_hmic_h_phy_top/u_phy_io/dll_hmemc_dut/gopdll(gopDLL) on DLL_7_59, and placed u_DDR3/u_ipsl_hmic_h_phy_top/u_phy_io/dqs1_dut/opit_0(gopDQS_DDC) on DQSL_6_52.
Placed instance u_DDR3/u_ipsl_hmic_h_phy_top/u_phy_io/dll_hmemc_dut/gopdll(gopDLL) on DLL_7_59, and placed u_DDR3/u_ipsl_hmic_h_phy_top/u_phy_io/dqs2_dut/opit_0(gopDQS_DDC) on DQSL_6_96.
Placed instance u_DDR3/u_ipsl_hmic_h_phy_top/u_phy_io/dll_hmemc_dut/gopdll(gopDLL) on DLL_7_59, and placed u_DDR3/u_ipsl_hmic_h_phy_top/u_phy_io/dqs3_dut/opit_0(gopDQS_DDC) on DQSL_6_148.
Placed instance u_DDR3/u_ipsl_hmic_h_phy_top/u_phy_io/dll_hmemc_dut/gopdll(gopDLL) on DLL_7_59, and placed u_DDR3/u_ipsl_hmic_h_phy_top/u_phy_io/dqs4_dut/opit_0(gopDQS_DDC) on DQSL_6_176.
Forbidden IOL_7_38.
Forbidden IOL_7_41.
Forbidden IOL_7_42.
Forbidden IOL_7_85.
Forbidden IOL_7_162.
Forbidden IOL_7_165.
Wirelength after Macro cell placement is 102755.
Macro cell placement takes 0.17 sec.
Run super clustering :
	Initial slack -6123.
	8 iterations finished.
	Final slack -1033.
Super clustering done.
Design Utilization : 44%.
Wirelength after post global placement is 99289.
Post global placement takes 15.42 sec.
Wirelength after legalization is 103915.
Legalization takes 2.28 sec.
Worst slack before Replication Place is 370.
Wirelength after replication placement is 103915.
Legalized cost 370.000000.
The detailed placement ends at 16th iteration.
Wirelength after detailed placement is 115240.
Timing-driven detailed placement takes 112.73 sec.
Placement done.
Total placement takes 162.27 sec.
Finished placement. (CPU time elapsed 0h:02m:48s)

Routing started.
Building routing graph takes 1.38 sec.
Worst slack is 2790.
Processing design graph takes 1.23 sec.
Total memory for routing:
	53.579327 M.
Total nets for routing : 12380.
Rcf routing step 1 processed 0 nets, it takes 0.00 sec.
Rcf routing step 2 processed 0 nets, it takes 0.00 sec.
Rcf routing step 3 processed 0 nets, it takes 0.00 sec.
Unrouted nets 0 at the end of iteration 0.
Global Routing step 1 processed 139 nets, it takes 0.03 sec.
Unrouted nets 155 at the end of iteration 0.
Unrouted nets 119 at the end of iteration 1.
Unrouted nets 96 at the end of iteration 2.
Unrouted nets 84 at the end of iteration 3.
Unrouted nets 59 at the end of iteration 4.
Unrouted nets 41 at the end of iteration 5.
Unrouted nets 35 at the end of iteration 6.
Unrouted nets 34 at the end of iteration 7.
Unrouted nets 29 at the end of iteration 8.
Unrouted nets 24 at the end of iteration 9.
Unrouted nets 25 at the end of iteration 10.
Unrouted nets 18 at the end of iteration 11.
Unrouted nets 15 at the end of iteration 12.
Unrouted nets 14 at the end of iteration 13.
Unrouted nets 11 at the end of iteration 14.
Unrouted nets 9 at the end of iteration 15.
Unrouted nets 8 at the end of iteration 16.
Unrouted nets 5 at the end of iteration 17.
Unrouted nets 2 at the end of iteration 18.
Unrouted nets 2 at the end of iteration 19.
Unrouted nets 2 at the end of iteration 20.
Unrouted nets 2 at the end of iteration 21.
Unrouted nets 1 at the end of iteration 22.
Unrouted nets 2 at the end of iteration 23.
Unrouted nets 3 at the end of iteration 24.
Unrouted nets 2 at the end of iteration 25.
Unrouted nets 2 at the end of iteration 26.
Unrouted nets 2 at the end of iteration 27.
Unrouted nets 2 at the end of iteration 28.
Unrouted nets 2 at the end of iteration 29.
Unrouted nets 1 at the end of iteration 30.
Unrouted nets 3 at the end of iteration 31.
Unrouted nets 2 at the end of iteration 32.
Unrouted nets 1 at the end of iteration 33.
Unrouted nets 1 at the end of iteration 34.
Unrouted nets 1 at the end of iteration 35.
Unrouted nets 1 at the end of iteration 36.
Unrouted nets 1 at the end of iteration 37.
Unrouted nets 1 at the end of iteration 38.
Unrouted nets 1 at the end of iteration 39.
Unrouted nets 3 at the end of iteration 40.
Unrouted nets 2 at the end of iteration 41.
Unrouted nets 1 at the end of iteration 42.
Unrouted nets 1 at the end of iteration 43.
Unrouted nets 1 at the end of iteration 44.
Unrouted nets 0 at the end of iteration 45.
Global Routing step 2 processed 483 nets, it takes 1.03 sec.
Unrouted nets 265 at the end of iteration 0.
Unrouted nets 181 at the end of iteration 1.
Unrouted nets 119 at the end of iteration 2.
Unrouted nets 92 at the end of iteration 3.
Unrouted nets 68 at the end of iteration 4.
Unrouted nets 39 at the end of iteration 5.
Unrouted nets 30 at the end of iteration 6.
Unrouted nets 25 at the end of iteration 7.
Unrouted nets 18 at the end of iteration 8.
Unrouted nets 19 at the end of iteration 9.
Unrouted nets 18 at the end of iteration 10.
Unrouted nets 16 at the end of iteration 11.
Unrouted nets 15 at the end of iteration 12.
Unrouted nets 10 at the end of iteration 13.
Unrouted nets 3 at the end of iteration 14.
Unrouted nets 6 at the end of iteration 15.
Unrouted nets 1 at the end of iteration 16.
Unrouted nets 1 at the end of iteration 17.
Unrouted nets 1 at the end of iteration 18.
Unrouted nets 1 at the end of iteration 19.
Unrouted nets 1 at the end of iteration 20.
Unrouted nets 1 at the end of iteration 21.
Unrouted nets 1 at the end of iteration 22.
Unrouted nets 1 at the end of iteration 23.
Unrouted nets 1 at the end of iteration 24.
Unrouted nets 1 at the end of iteration 25.
Unrouted nets 1 at the end of iteration 26.
Unrouted nets 4 at the end of iteration 27.
Unrouted nets 1 at the end of iteration 28.
Unrouted nets 1 at the end of iteration 29.
Unrouted nets 1 at the end of iteration 30.
Unrouted nets 1 at the end of iteration 31.
Unrouted nets 1 at the end of iteration 32.
Unrouted nets 1 at the end of iteration 33.
Unrouted nets 1 at the end of iteration 34.
Unrouted nets 1 at the end of iteration 35.
Unrouted nets 1 at the end of iteration 36.
Unrouted nets 1 at the end of iteration 37.
Unrouted nets 1 at the end of iteration 38.
Unrouted nets 1 at the end of iteration 39.
Unrouted nets 1 at the end of iteration 40.
Unrouted nets 1 at the end of iteration 41.
Unrouted nets 3 at the end of iteration 42.
Unrouted nets 2 at the end of iteration 43.
Unrouted nets 2 at the end of iteration 44.
Unrouted nets 4 at the end of iteration 45.
Unrouted nets 4 at the end of iteration 46.
Unrouted nets 2 at the end of iteration 47.
Unrouted nets 5 at the end of iteration 48.
Unrouted nets 0 at the end of iteration 49.
Global Routing step 3 processed 822 nets, it takes 6.52 sec.
Global routing takes 7.58 sec.
Total 14856 subnets.
    forward max bucket size 813 , backward 448.
        Unrouted nets 10557 at the end of iteration 0.
    route iteration 0, CPU time elapsed 4.453125 sec.
    forward max bucket size 1460 , backward 474.
        Unrouted nets 9585 at the end of iteration 1.
    route iteration 1, CPU time elapsed 4.640625 sec.
    forward max bucket size 3317 , backward 1139.
        Unrouted nets 8474 at the end of iteration 2.
    route iteration 2, CPU time elapsed 4.593750 sec.
    forward max bucket size 4147 , backward 767.
        Unrouted nets 7623 at the end of iteration 3.
    route iteration 3, CPU time elapsed 4.250000 sec.
    forward max bucket size 3763 , backward 940.
        Unrouted nets 6937 at the end of iteration 4.
    route iteration 4, CPU time elapsed 4.609375 sec.
    forward max bucket size 4369 , backward 1132.
        Unrouted nets 6389 at the end of iteration 5.
    route iteration 5, CPU time elapsed 4.750000 sec.
    forward max bucket size 5649 , backward 800.
        Unrouted nets 5696 at the end of iteration 6.
    route iteration 6, CPU time elapsed 3.875000 sec.
    forward max bucket size 8376 , backward 925.
        Unrouted nets 4944 at the end of iteration 7.
    route iteration 7, CPU time elapsed 3.750000 sec.
    forward max bucket size 5122 , backward 1080.
        Unrouted nets 4403 at the end of iteration 8.
    route iteration 8, CPU time elapsed 3.984375 sec.
    forward max bucket size 6021 , backward 675.
        Unrouted nets 3938 at the end of iteration 9.
    route iteration 9, CPU time elapsed 3.484375 sec.
    forward max bucket size 7368 , backward 710.
        Unrouted nets 3503 at the end of iteration 10.
    route iteration 10, CPU time elapsed 3.078125 sec.
    forward max bucket size 6445 , backward 675.
        Unrouted nets 3163 at the end of iteration 11.
    route iteration 11, CPU time elapsed 2.968750 sec.
    forward max bucket size 6845 , backward 666.
        Unrouted nets 2890 at the end of iteration 12.
    route iteration 12, CPU time elapsed 2.843750 sec.
    forward max bucket size 6844 , backward 661.
        Unrouted nets 2529 at the end of iteration 13.
    route iteration 13, CPU time elapsed 2.640625 sec.
    forward max bucket size 8408 , backward 691.
        Unrouted nets 2345 at the end of iteration 14.
    route iteration 14, CPU time elapsed 2.578125 sec.
    forward max bucket size 7212 , backward 698.
        Unrouted nets 2118 at the end of iteration 15.
    route iteration 15, CPU time elapsed 2.265625 sec.
    forward max bucket size 9918 , backward 614.
        Unrouted nets 1927 at the end of iteration 16.
    route iteration 16, CPU time elapsed 2.109375 sec.
    forward max bucket size 10957 , backward 653.
        Unrouted nets 1843 at the end of iteration 17.
    route iteration 17, CPU time elapsed 2.218750 sec.
    forward max bucket size 6375 , backward 806.
        Unrouted nets 1739 at the end of iteration 18.
    route iteration 18, CPU time elapsed 2.140625 sec.
    forward max bucket size 9174 , backward 701.
        Unrouted nets 1581 at the end of iteration 19.
    route iteration 19, CPU time elapsed 2.062500 sec.
    forward max bucket size 7006 , backward 689.
        Unrouted nets 1491 at the end of iteration 20.
    route iteration 20, CPU time elapsed 1.953125 sec.
    forward max bucket size 7566 , backward 651.
        Unrouted nets 1420 at the end of iteration 21.
    route iteration 21, CPU time elapsed 2.015625 sec.
    forward max bucket size 8258 , backward 1241.
        Unrouted nets 1311 at the end of iteration 22.
    route iteration 22, CPU time elapsed 1.828125 sec.
    forward max bucket size 12122 , backward 784.
        Unrouted nets 1262 at the end of iteration 23.
    route iteration 23, CPU time elapsed 1.828125 sec.
    forward max bucket size 8311 , backward 660.
        Unrouted nets 1247 at the end of iteration 24.
    route iteration 24, CPU time elapsed 1.906250 sec.
    forward max bucket size 6577 , backward 773.
        Unrouted nets 1181 at the end of iteration 25.
    route iteration 25, CPU time elapsed 1.765625 sec.
    forward max bucket size 7233 , backward 842.
        Unrouted nets 1083 at the end of iteration 26.
    route iteration 26, CPU time elapsed 1.734375 sec.
    forward max bucket size 8842 , backward 512.
        Unrouted nets 1055 at the end of iteration 27.
    route iteration 27, CPU time elapsed 1.578125 sec.
    forward max bucket size 7447 , backward 762.
        Unrouted nets 982 at the end of iteration 28.
    route iteration 28, CPU time elapsed 1.625000 sec.
    forward max bucket size 7133 , backward 698.
        Unrouted nets 930 at the end of iteration 29.
    route iteration 29, CPU time elapsed 1.390625 sec.
    forward max bucket size 11112 , backward 545.
        Unrouted nets 933 at the end of iteration 30.
    route iteration 30, CPU time elapsed 1.359375 sec.
    forward max bucket size 7659 , backward 525.
        Unrouted nets 856 at the end of iteration 31.
    route iteration 31, CPU time elapsed 1.453125 sec.
    forward max bucket size 7170 , backward 588.
        Unrouted nets 746 at the end of iteration 32.
    route iteration 32, CPU time elapsed 1.203125 sec.
    forward max bucket size 9840 , backward 472.
        Unrouted nets 687 at the end of iteration 33.
    route iteration 33, CPU time elapsed 1.156250 sec.
    forward max bucket size 8977 , backward 534.
        Unrouted nets 683 at the end of iteration 34.
    route iteration 34, CPU time elapsed 1.187500 sec.
    forward max bucket size 7902 , backward 545.
        Unrouted nets 631 at the end of iteration 35.
    route iteration 35, CPU time elapsed 1.203125 sec.
    forward max bucket size 10303 , backward 610.
        Unrouted nets 619 at the end of iteration 36.
    route iteration 36, CPU time elapsed 1.171875 sec.
    forward max bucket size 9192 , backward 420.
        Unrouted nets 577 at the end of iteration 37.
    route iteration 37, CPU time elapsed 1.000000 sec.
    forward max bucket size 6808 , backward 477.
        Unrouted nets 545 at the end of iteration 38.
    route iteration 38, CPU time elapsed 0.984375 sec.
    forward max bucket size 5309 , backward 597.
        Unrouted nets 506 at the end of iteration 39.
    route iteration 39, CPU time elapsed 0.984375 sec.
    forward max bucket size 6299 , backward 651.
        Unrouted nets 515 at the end of iteration 40.
    route iteration 40, CPU time elapsed 1.015625 sec.
    forward max bucket size 5936 , backward 457.
        Unrouted nets 471 at the end of iteration 41.
    route iteration 41, CPU time elapsed 0.890625 sec.
    forward max bucket size 9956 , backward 672.
        Unrouted nets 453 at the end of iteration 42.
    route iteration 42, CPU time elapsed 0.796875 sec.
    forward max bucket size 7560 , backward 931.
        Unrouted nets 440 at the end of iteration 43.
    route iteration 43, CPU time elapsed 0.843750 sec.
    forward max bucket size 5968 , backward 896.
        Unrouted nets 424 at the end of iteration 44.
    route iteration 44, CPU time elapsed 0.796875 sec.
    forward max bucket size 6428 , backward 1006.
        Unrouted nets 409 at the end of iteration 45.
    route iteration 45, CPU time elapsed 0.812500 sec.
    forward max bucket size 7377 , backward 309.
        Unrouted nets 394 at the end of iteration 46.
    route iteration 46, CPU time elapsed 1.515625 sec.
    forward max bucket size 6307 , backward 537.
        Unrouted nets 384 at the end of iteration 47.
    route iteration 47, CPU time elapsed 0.734375 sec.
    forward max bucket size 6140 , backward 349.
        Unrouted nets 348 at the end of iteration 48.
    route iteration 48, CPU time elapsed 0.687500 sec.
    forward max bucket size 5552 , backward 454.
        Unrouted nets 367 at the end of iteration 49.
    route iteration 49, CPU time elapsed 0.640625 sec.
    forward max bucket size 11359 , backward 484.
        Unrouted nets 343 at the end of iteration 50.
    route iteration 50, CPU time elapsed 0.609375 sec.
    forward max bucket size 5839 , backward 649.
        Unrouted nets 343 at the end of iteration 51.
    route iteration 51, CPU time elapsed 0.640625 sec.
    forward max bucket size 7300 , backward 429.
        Unrouted nets 319 at the end of iteration 52.
    route iteration 52, CPU time elapsed 0.609375 sec.
    forward max bucket size 8841 , backward 506.
        Unrouted nets 272 at the end of iteration 53.
    route iteration 53, CPU time elapsed 0.718750 sec.
    forward max bucket size 8105 , backward 526.
        Unrouted nets 266 at the end of iteration 54.
    route iteration 54, CPU time elapsed 0.609375 sec.
    forward max bucket size 10204 , backward 478.
        Unrouted nets 267 at the end of iteration 55.
    route iteration 55, CPU time elapsed 0.734375 sec.
    forward max bucket size 6689 , backward 662.
        Unrouted nets 266 at the end of iteration 56.
    route iteration 56, CPU time elapsed 0.640625 sec.
    forward max bucket size 7315 , backward 720.
        Unrouted nets 259 at the end of iteration 57.
    route iteration 57, CPU time elapsed 0.609375 sec.
    forward max bucket size 3902 , backward 720.
        Unrouted nets 241 at the end of iteration 58.
    route iteration 58, CPU time elapsed 0.562500 sec.
    forward max bucket size 5242 , backward 606.
        Unrouted nets 233 at the end of iteration 59.
    route iteration 59, CPU time elapsed 0.546875 sec.
    forward max bucket size 5533 , backward 557.
        Unrouted nets 211 at the end of iteration 60.
    route iteration 60, CPU time elapsed 0.593750 sec.
    forward max bucket size 9510 , backward 517.
        Unrouted nets 215 at the end of iteration 61.
    route iteration 61, CPU time elapsed 0.500000 sec.
    forward max bucket size 6514 , backward 490.
        Unrouted nets 193 at the end of iteration 62.
    route iteration 62, CPU time elapsed 0.453125 sec.
    forward max bucket size 7345 , backward 469.
        Unrouted nets 193 at the end of iteration 63.
    route iteration 63, CPU time elapsed 0.468750 sec.
    forward max bucket size 7882 , backward 387.
        Unrouted nets 201 at the end of iteration 64.
    route iteration 64, CPU time elapsed 0.546875 sec.
    forward max bucket size 6935 , backward 437.
        Unrouted nets 212 at the end of iteration 65.
    route iteration 65, CPU time elapsed 0.421875 sec.
    forward max bucket size 7020 , backward 308.
        Unrouted nets 179 at the end of iteration 66.
    route iteration 66, CPU time elapsed 0.406250 sec.
    forward max bucket size 7664 , backward 1027.
        Unrouted nets 173 at the end of iteration 67.
    route iteration 67, CPU time elapsed 0.421875 sec.
    forward max bucket size 7642 , backward 920.
        Unrouted nets 173 at the end of iteration 68.
    route iteration 68, CPU time elapsed 0.468750 sec.
    forward max bucket size 9105 , backward 1199.
        Unrouted nets 149 at the end of iteration 69.
    route iteration 69, CPU time elapsed 0.437500 sec.
    forward max bucket size 10059 , backward 975.
        Unrouted nets 131 at the end of iteration 70.
    route iteration 70, CPU time elapsed 0.375000 sec.
    forward max bucket size 10420 , backward 234.
        Unrouted nets 131 at the end of iteration 71.
    route iteration 71, CPU time elapsed 0.343750 sec.
    forward max bucket size 5805 , backward 958.
        Unrouted nets 141 at the end of iteration 72.
    route iteration 72, CPU time elapsed 0.359375 sec.
    forward max bucket size 6246 , backward 690.
        Unrouted nets 142 at the end of iteration 73.
    route iteration 73, CPU time elapsed 0.375000 sec.
    forward max bucket size 8079 , backward 366.
        Unrouted nets 152 at the end of iteration 74.
    route iteration 74, CPU time elapsed 0.468750 sec.
    forward max bucket size 10011 , backward 368.
        Unrouted nets 166 at the end of iteration 75.
    route iteration 75, CPU time elapsed 0.375000 sec.
    forward max bucket size 4133 , backward 672.
        Unrouted nets 147 at the end of iteration 76.
    route iteration 76, CPU time elapsed 1.031250 sec.
    forward max bucket size 2002 , backward 1127.
        Unrouted nets 144 at the end of iteration 77.
    route iteration 77, CPU time elapsed 0.296875 sec.
    forward max bucket size 2869 , backward 320.
        Unrouted nets 154 at the end of iteration 78.
    route iteration 78, CPU time elapsed 0.312500 sec.
    forward max bucket size 4447 , backward 308.
        Unrouted nets 123 at the end of iteration 79.
    route iteration 79, CPU time elapsed 0.312500 sec.
    forward max bucket size 1218 , backward 379.
        Unrouted nets 121 at the end of iteration 80.
    route iteration 80, CPU time elapsed 0.343750 sec.
    forward max bucket size 3645 , backward 154.
        Unrouted nets 120 at the end of iteration 81.
    route iteration 81, CPU time elapsed 0.281250 sec.
    forward max bucket size 2103 , backward 354.
        Unrouted nets 96 at the end of iteration 82.
    route iteration 82, CPU time elapsed 0.281250 sec.
    forward max bucket size 407 , backward 246.
        Unrouted nets 101 at the end of iteration 83.
    route iteration 83, CPU time elapsed 0.312500 sec.
    forward max bucket size 4987 , backward 200.
        Unrouted nets 97 at the end of iteration 84.
    route iteration 84, CPU time elapsed 0.265625 sec.
    forward max bucket size 5911 , backward 396.
        Unrouted nets 86 at the end of iteration 85.
    route iteration 85, CPU time elapsed 0.296875 sec.
    forward max bucket size 6142 , backward 223.
        Unrouted nets 77 at the end of iteration 86.
    route iteration 86, CPU time elapsed 0.296875 sec.
    forward max bucket size 507 , backward 180.
        Unrouted nets 72 at the end of iteration 87.
    route iteration 87, CPU time elapsed 0.265625 sec.
    forward max bucket size 2359 , backward 473.
        Unrouted nets 81 at the end of iteration 88.
    route iteration 88, CPU time elapsed 0.312500 sec.
    forward max bucket size 3601 , backward 455.
        Unrouted nets 91 at the end of iteration 89.
    route iteration 89, CPU time elapsed 0.265625 sec.
    forward max bucket size 5803 , backward 720.
        Unrouted nets 85 at the end of iteration 90.
    route iteration 90, CPU time elapsed 0.328125 sec.
    forward max bucket size 3549 , backward 804.
        Unrouted nets 91 at the end of iteration 91.
    route iteration 91, CPU time elapsed 0.296875 sec.
    forward max bucket size 7539 , backward 340.
        Unrouted nets 80 at the end of iteration 92.
    route iteration 92, CPU time elapsed 0.343750 sec.
    forward max bucket size 4368 , backward 354.
        Unrouted nets 75 at the end of iteration 93.
    route iteration 93, CPU time elapsed 0.312500 sec.
    forward max bucket size 1509 , backward 427.
        Unrouted nets 65 at the end of iteration 94.
    route iteration 94, CPU time elapsed 0.218750 sec.
    forward max bucket size 2555 , backward 441.
        Unrouted nets 65 at the end of iteration 95.
    route iteration 95, CPU time elapsed 0.265625 sec.
    forward max bucket size 5883 , backward 513.
        Unrouted nets 78 at the end of iteration 96.
    route iteration 96, CPU time elapsed 0.281250 sec.
    forward max bucket size 7116 , backward 568.
        Unrouted nets 75 at the end of iteration 97.
    route iteration 97, CPU time elapsed 0.343750 sec.
    forward max bucket size 5983 , backward 571.
        Unrouted nets 99 at the end of iteration 98.
    route iteration 98, CPU time elapsed 0.406250 sec.
    forward max bucket size 5915 , backward 512.
        Unrouted nets 107 at the end of iteration 99.
    route iteration 99, CPU time elapsed 0.343750 sec.
    forward max bucket size 6547 , backward 497.
        Unrouted nets 97 at the end of iteration 100.
    route iteration 100, CPU time elapsed 0.421875 sec.
    forward max bucket size 9217 , backward 277.
        Unrouted nets 109 at the end of iteration 101.
    route iteration 101, CPU time elapsed 0.437500 sec.
    forward max bucket size 3310 , backward 346.
        Unrouted nets 81 at the end of iteration 102.
    route iteration 102, CPU time elapsed 0.328125 sec.
    forward max bucket size 6902 , backward 439.
        Unrouted nets 91 at the end of iteration 103.
    route iteration 103, CPU time elapsed 0.328125 sec.
    forward max bucket size 6212 , backward 420.
        Unrouted nets 88 at the end of iteration 104.
    route iteration 104, CPU time elapsed 0.328125 sec.
    forward max bucket size 2039 , backward 764.
        Unrouted nets 76 at the end of iteration 105.
    route iteration 105, CPU time elapsed 0.265625 sec.
    forward max bucket size 2877 , backward 458.
        Unrouted nets 57 at the end of iteration 106.
    route iteration 106, CPU time elapsed 0.218750 sec.
    forward max bucket size 4308 , backward 204.
        Unrouted nets 54 at the end of iteration 107.
    route iteration 107, CPU time elapsed 0.218750 sec.
    forward max bucket size 7180 , backward 66.
        Unrouted nets 35 at the end of iteration 108.
    route iteration 108, CPU time elapsed 0.234375 sec.
    forward max bucket size 1229 , backward 414.
        Unrouted nets 40 at the end of iteration 109.
    route iteration 109, CPU time elapsed 0.203125 sec.
    forward max bucket size 5576 , backward 562.
        Unrouted nets 55 at the end of iteration 110.
    route iteration 110, CPU time elapsed 0.265625 sec.
    forward max bucket size 3552 , backward 408.
        Unrouted nets 69 at the end of iteration 111.
    route iteration 111, CPU time elapsed 0.250000 sec.
    forward max bucket size 8966 , backward 588.
        Unrouted nets 75 at the end of iteration 112.
    route iteration 112, CPU time elapsed 0.328125 sec.
    forward max bucket size 3245 , backward 528.
        Unrouted nets 60 at the end of iteration 113.
    route iteration 113, CPU time elapsed 0.250000 sec.
    forward max bucket size 4011 , backward 204.
        Unrouted nets 57 at the end of iteration 114.
    route iteration 114, CPU time elapsed 0.218750 sec.
    forward max bucket size 4048 , backward 297.
        Unrouted nets 63 at the end of iteration 115.
    route iteration 115, CPU time elapsed 0.250000 sec.
    forward max bucket size 10285 , backward 585.
        Unrouted nets 60 at the end of iteration 116.
    route iteration 116, CPU time elapsed 0.296875 sec.
    forward max bucket size 2351 , backward 589.
        Unrouted nets 46 at the end of iteration 117.
    route iteration 117, CPU time elapsed 0.218750 sec.
    forward max bucket size 1315 , backward 442.
        Unrouted nets 37 at the end of iteration 118.
    route iteration 118, CPU time elapsed 0.234375 sec.
    forward max bucket size 1111 , backward 446.
        Unrouted nets 36 at the end of iteration 119.
    route iteration 119, CPU time elapsed 0.250000 sec.
    forward max bucket size 459 , backward 441.
        Unrouted nets 37 at the end of iteration 120.
    route iteration 120, CPU time elapsed 0.218750 sec.
    forward max bucket size 222 , backward 437.
        Unrouted nets 34 at the end of iteration 121.
    route iteration 121, CPU time elapsed 0.218750 sec.
    forward max bucket size 265 , backward 124.
        Unrouted nets 22 at the end of iteration 122.
    route iteration 122, CPU time elapsed 0.171875 sec.
    forward max bucket size 153 , backward 44.
        Unrouted nets 17 at the end of iteration 123.
    route iteration 123, CPU time elapsed 0.171875 sec.
    forward max bucket size 81 , backward 59.
        Unrouted nets 14 at the end of iteration 124.
    route iteration 124, CPU time elapsed 0.187500 sec.
    forward max bucket size 158 , backward 430.
        Unrouted nets 17 at the end of iteration 125.
    route iteration 125, CPU time elapsed 0.171875 sec.
    forward max bucket size 361 , backward 62.
        Unrouted nets 20 at the end of iteration 126.
    route iteration 126, CPU time elapsed 0.187500 sec.
    forward max bucket size 6938 , backward 158.
        Unrouted nets 28 at the end of iteration 127.
    route iteration 127, CPU time elapsed 0.218750 sec.
    forward max bucket size 6968 , backward 64.
        Unrouted nets 28 at the end of iteration 128.
    route iteration 128, CPU time elapsed 0.218750 sec.
    forward max bucket size 6933 , backward 365.
        Unrouted nets 28 at the end of iteration 129.
    route iteration 129, CPU time elapsed 0.234375 sec.
    forward max bucket size 789 , backward 148.
        Unrouted nets 25 at the end of iteration 130.
    route iteration 130, CPU time elapsed 0.187500 sec.
    forward max bucket size 6555 , backward 49.
        Unrouted nets 12 at the end of iteration 131.
    route iteration 131, CPU time elapsed 0.187500 sec.
    forward max bucket size 6764 , backward 111.
        Unrouted nets 20 at the end of iteration 132.
    route iteration 132, CPU time elapsed 0.250000 sec.
    forward max bucket size 2427 , backward 111.
        Unrouted nets 24 at the end of iteration 133.
    route iteration 133, CPU time elapsed 0.187500 sec.
    forward max bucket size 2714 , backward 138.
        Unrouted nets 23 at the end of iteration 134.
    route iteration 134, CPU time elapsed 0.187500 sec.
    forward max bucket size 3416 , backward 128.
        Unrouted nets 11 at the end of iteration 135.
    route iteration 135, CPU time elapsed 0.171875 sec.
    forward max bucket size 2933 , backward 128.
        Unrouted nets 11 at the end of iteration 136.
    route iteration 136, CPU time elapsed 0.171875 sec.
    forward max bucket size 763 , backward 79.
        Unrouted nets 8 at the end of iteration 137.
    route iteration 137, CPU time elapsed 0.156250 sec.
    forward max bucket size 315 , backward 78.
        Unrouted nets 8 at the end of iteration 138.
    route iteration 138, CPU time elapsed 0.156250 sec.
    forward max bucket size 50 , backward 42.
        Unrouted nets 6 at the end of iteration 139.
    route iteration 139, CPU time elapsed 0.156250 sec.
    forward max bucket size 1112 , backward 15.
        Unrouted nets 6 at the end of iteration 140.
    route iteration 140, CPU time elapsed 0.156250 sec.
    forward max bucket size 197 , backward 38.
        Unrouted nets 10 at the end of iteration 141.
    route iteration 141, CPU time elapsed 0.156250 sec.
    forward max bucket size 342 , backward 31.
        Unrouted nets 11 at the end of iteration 142.
    route iteration 142, CPU time elapsed 0.156250 sec.
    forward max bucket size 297 , backward 129.
        Unrouted nets 11 at the end of iteration 143.
    route iteration 143, CPU time elapsed 0.171875 sec.
    forward max bucket size 292 , backward 168.
        Unrouted nets 11 at the end of iteration 144.
    route iteration 144, CPU time elapsed 0.156250 sec.
    forward max bucket size 261 , backward 31.
        Unrouted nets 12 at the end of iteration 145.
    route iteration 145, CPU time elapsed 0.171875 sec.
    forward max bucket size 52 , backward 53.
        Unrouted nets 8 at the end of iteration 146.
    route iteration 146, CPU time elapsed 0.171875 sec.
    forward max bucket size 41 , backward 68.
        Unrouted nets 10 at the end of iteration 147.
    route iteration 147, CPU time elapsed 0.171875 sec.
    forward max bucket size 24 , backward 57.
        Unrouted nets 9 at the end of iteration 148.
    route iteration 148, CPU time elapsed 0.156250 sec.
    forward max bucket size 15 , backward 61.
        Unrouted nets 7 at the end of iteration 149.
    route iteration 149, CPU time elapsed 0.156250 sec.
    forward max bucket size 207 , backward 61.
        Unrouted nets 10 at the end of iteration 150.
    route iteration 150, CPU time elapsed 0.156250 sec.
    forward max bucket size 23 , backward 69.
        Unrouted nets 4 at the end of iteration 151.
    route iteration 151, CPU time elapsed 0.171875 sec.
    forward max bucket size 10 , backward 33.
        Unrouted nets 4 at the end of iteration 152.
    route iteration 152, CPU time elapsed 0.156250 sec.
    forward max bucket size 10 , backward 15.
        Unrouted nets 4 at the end of iteration 153.
    route iteration 153, CPU time elapsed 0.156250 sec.
    forward max bucket size 10 , backward 11.
        Unrouted nets 2 at the end of iteration 154.
    route iteration 154, CPU time elapsed 0.156250 sec.
    forward max bucket size 7 , backward 15.
        Unrouted nets 2 at the end of iteration 155.
    route iteration 155, CPU time elapsed 0.156250 sec.
    forward max bucket size 47 , backward 59.
        Unrouted nets 0 at the end of iteration 156.
    route iteration 156, CPU time elapsed 0.156250 sec.
C: Route-2036: The clock path from ex_clk/opit_0_inv:Q to u_DDR3/u_pll_50_400/u_pll_e1/goppll:CLKIN1 is routed by SRB.
Detailed routing takes 143.66 sec.
Fix violation Finished.
Hold Violation Fix in router takes 37.70 sec.

Dispose routing result:
    Collect routing result.
    Delete unused device instances.
    Annotate routing result.
    Change LUT configuration.
    Dispose misc instances.
I: Route-6001: Insert route through in CLMS_66_177.
I: Route-6001: Insert route through in CLMA_50_157.
I: Route-6001: Insert route through in CLMA_42_197.
I: Route-6001: Insert route through in CLMS_38_173.
I: Route-6001: Insert route through in CLMA_38_96.
I: Route-6001: Insert route through in CLMA_22_193.
I: Route-6001: Insert route through in CLMA_86_328.
I: Route-6001: Insert route through in CLMA_86_296.
I: Route-6001: Insert route through in CLMA_58_281.
I: Route-6001: Insert route through in CLMA_130_200.
I: Route-6001: Insert route through in CLMA_82_257.
I: Route-6001: Insert route through in CLMA_106_329.
I: Route-6001: Insert route through in CLMA_42_192.
I: Route-6001: Insert route through in CLMA_30_256.
I: Route-6001: Insert route through in USCM_74_112.
I: Route-6001: Insert route through in USCM_74_111.
I: Route-6001: Insert route through in USCM_74_110.
I: Route-6001: Insert route through in RCKB_7_60.
I: Route-6001: Insert route through in RCKB_7_186.
I: Route-6001: Insert route through in RCKB_7_63.
    Annotate routing result again.
Finish routing takes 3.83 sec.
No timing paths have hold violation.
Hold fix iterated 0 times
Hold violation fix takes 7.30 sec.
Used srb routing arc is 133810.
Cleanup routing takes 0.09 sec.
Routing done.
Total routing takes 204.27 sec.


Device Utilization Summary :
+----------------------------------------------------------------------------+
| Logic Utilization        | Used     | Available     | Utilization(%)     
+----------------------------------------------------------------------------+
| Use of ADC               | 0        | 1             | 0                   
| Use of APM               | 3        | 30            | 10                  
| Use of BKCL              | 6        | 6             | 100                 
| Use of CLMA              | 2240     | 3274          | 68                  
|   FF                     | 3475     | 19644         | 18                  
|   LUT                    | 5760     | 13096         | 44                  
|   LUT-FF pairs           | 1975     | 13096         | 15                  
| Use of CLMS              | 749      | 1110          | 67                  
|   FF                     | 1125     | 6660          | 17                  
|   LUT                    | 1931     | 4440          | 43                  
|   LUT-FF pairs           | 648      | 4440          | 15                  
|   Distributed RAM        | 96       | 4440          | 2                   
| Use of CRYSTAL           | 0        | 6             | 0                   
| Use of DLL               | 2        | 6             | 33                  
| Use of DQSL              | 5        | 18            | 28                  
| Use of DRM               | 21       | 48            | 44                  
| Use of FLSIF             | 0        | 1             | 0                   
| Use of FUSECODE          | 0        | 1             | 0                   
| Use of HARD0N1           | 0        | 2745          | 0                   
| Use of HMEMC             | 1        | 2             | 50                  
| Use of IO                | 87       | 240           | 36                  
|   IOBD                   | 42       | 120           | 35                  
|   IOBR                   | 1        | 6             | 17                  
|   IOBS                   | 44       | 114           | 39                  
| Use of IOCKDIV           | 1        | 12            | 8                   
| Use of IOCKDLY           | 1        | 24            | 4                   
| Use of IOCKGATE          | 2        | 12            | 17                  
| Use of IOCKGMUX_TEST     | 0        | 12            | 0                   
| Use of IOL               | 87       | 240           | 36                  
| Use of IPAL              | 0        | 1             | 0                   
| Use of MFG_TEST          | 0        | 1             | 0                   
| Use of OSC               | 0        | 1             | 0                   
| Use of PLL               | 1        | 6             | 17                  
| Use of PREGMUX_TEST      | 0        | 6             | 0                   
| Use of RCKB              | 3        | 24            | 13                  
| Use of RCKBMUX_TEST      | 0        | 12            | 0                   
| Use of RESCAL            | 0        | 6             | 0                   
| Use of SCANCHAIN         | 0        | 4             | 0                   
| Use of START             | 1        | 1             | 100                 
| Use of UDID              | 0        | 1             | 0                   
| Use of USCM              | 8        | 20            | 40                  
| Use of USCMMUX_TEST      | 0        | 20            | 0                   
| Use of VCKBMUX_TEST      | 0        | 12            | 0                   
+----------------------------------------------------------------------------+

Finished routing. (CPU time elapsed 0h:06m:48s)
Design 'm1_soc_top' has been placed and routed successfully.
Saving design to DB.
Action pnr: Real time elapsed is 415.000 sec
Action pnr: CPU time elapsed is 412.938 sec
Current time: Fri Mar 26 11:43:15 2021
Action pnr: Peak memory pool usage is 1,099,685,888 bytes
Finished placement and routing. (CPU time elapsed 0h:06m:48s)
