#Build: Fabric Compiler 2020.3-SP3.1, Build 67625, Jan 05 04:16 2021
#Install: C:\pango\PDS_2020.3-SP3.1-ads\bin
#Application name: pds_shell.exe
#OS: Windows 7 6.1.7600
#Hostname: LAPTOP-33JRCVKD
Generated by Fabric Compiler (version 2020.3-SP3.1 build 67625) at Mon Mar 29 23:33:18 2021
Compiling verification operator library.
Compiling common defs.
Compiling prim grid devices.
Compiling gate devices.
Compiling gate operators.
Building architecture model.
Loading device packaging model 'MBG324'.
I: dp_step_length: 4 != def: 1
Starting placement and routing flow. (CPU time elapsed 0h:00m:00s)
Reading design from devmap DB.
Building architecture floorplan logic view.
Executing : apply_constraint -f C:/Users/yangl/Documents/IC_competition/arm/M1_PGL22G_RTOS/PDS_project/pnr/device_map/m1_soc_top.pcf
Executing : def_port i2c0_sck -LOC A15 -IOSTANDARD LVCMOS33 -VCCIO 3.3 -BUS_KEEPER PULLUP
C: ConstraintEditor-2006: [C:/Users/yangl/Documents/IC_competition/arm/M1_PGL22G_RTOS/PDS_project/pnr/device_map/m1_soc_top.pcf] Port i2c0_sck lack of drive, output port and inout port had better set drive value, the default value is 4.
C: ConstraintEditor-2007: [C:/Users/yangl/Documents/IC_competition/arm/M1_PGL22G_RTOS/PDS_project/pnr/device_map/m1_soc_top.pcf] Port i2c0_sck lack of slew, output port and inout port had better set slew value, the default value is SLOW.
Executing : def_port i2c0_sck -LOC A15 -IOSTANDARD LVCMOS33 -VCCIO 3.3 -BUS_KEEPER PULLUP successfully.
Executing : def_port i2c0_sda -LOC B15 -IOSTANDARD LVCMOS33 -VCCIO 3.3 -BUS_KEEPER PULLUP
C: ConstraintEditor-2006: [C:/Users/yangl/Documents/IC_competition/arm/M1_PGL22G_RTOS/PDS_project/pnr/device_map/m1_soc_top.pcf] Port i2c0_sda lack of drive, output port and inout port had better set drive value, the default value is 4.
C: ConstraintEditor-2007: [C:/Users/yangl/Documents/IC_competition/arm/M1_PGL22G_RTOS/PDS_project/pnr/device_map/m1_soc_top.pcf] Port i2c0_sda lack of slew, output port and inout port had better set slew value, the default value is SLOW.
Executing : def_port i2c0_sda -LOC B15 -IOSTANDARD LVCMOS33 -VCCIO 3.3 -BUS_KEEPER PULLUP successfully.
Executing : def_port {pad_dq_ch0[0]} -LOC T8 -IOSTANDARD SSTL15_I -VCCIO 1.5 -BUS_KEEPER UNUSED -VREF_MODE IN -VREF_MODE_VALUE 0.5 -DDR_TERM_MODE ON -DRIVE 7.5 -SLEW FAST
Executing : def_port {pad_dq_ch0[0]} -LOC T8 -IOSTANDARD SSTL15_I -VCCIO 1.5 -BUS_KEEPER UNUSED -VREF_MODE IN -VREF_MODE_VALUE 0.5 -DDR_TERM_MODE ON -DRIVE 7.5 -SLEW FAST successfully.
Executing : def_port {pad_dq_ch0[1]} -LOC T6 -IOSTANDARD SSTL15_I -VCCIO 1.5 -BUS_KEEPER UNUSED -VREF_MODE IN -VREF_MODE_VALUE 0.5 -DDR_TERM_MODE ON -DRIVE 7.5 -SLEW FAST
Executing : def_port {pad_dq_ch0[1]} -LOC T6 -IOSTANDARD SSTL15_I -VCCIO 1.5 -BUS_KEEPER UNUSED -VREF_MODE IN -VREF_MODE_VALUE 0.5 -DDR_TERM_MODE ON -DRIVE 7.5 -SLEW FAST successfully.
Executing : def_port {pad_dq_ch0[2]} -LOC R6 -IOSTANDARD SSTL15_I -VCCIO 1.5 -BUS_KEEPER UNUSED -VREF_MODE IN -VREF_MODE_VALUE 0.5 -DDR_TERM_MODE ON -DRIVE 7.5 -SLEW FAST
Executing : def_port {pad_dq_ch0[2]} -LOC R6 -IOSTANDARD SSTL15_I -VCCIO 1.5 -BUS_KEEPER UNUSED -VREF_MODE IN -VREF_MODE_VALUE 0.5 -DDR_TERM_MODE ON -DRIVE 7.5 -SLEW FAST successfully.
Executing : def_port {pad_dq_ch0[3]} -LOC R9 -IOSTANDARD SSTL15_I -VCCIO 1.5 -BUS_KEEPER UNUSED -VREF_MODE IN -VREF_MODE_VALUE 0.5 -DDR_TERM_MODE ON -DRIVE 7.5 -SLEW FAST
Executing : def_port {pad_dq_ch0[3]} -LOC R9 -IOSTANDARD SSTL15_I -VCCIO 1.5 -BUS_KEEPER UNUSED -VREF_MODE IN -VREF_MODE_VALUE 0.5 -DDR_TERM_MODE ON -DRIVE 7.5 -SLEW FAST successfully.
Executing : def_port {pad_dq_ch0[4]} -LOC T9 -IOSTANDARD SSTL15_I -VCCIO 1.5 -BUS_KEEPER UNUSED -VREF_MODE IN -VREF_MODE_VALUE 0.5 -DDR_TERM_MODE ON -DRIVE 7.5 -SLEW FAST
Executing : def_port {pad_dq_ch0[4]} -LOC T9 -IOSTANDARD SSTL15_I -VCCIO 1.5 -BUS_KEEPER UNUSED -VREF_MODE IN -VREF_MODE_VALUE 0.5 -DDR_TERM_MODE ON -DRIVE 7.5 -SLEW FAST successfully.
Executing : def_port {pad_dq_ch0[5]} -LOC N4 -IOSTANDARD SSTL15_I -VCCIO 1.5 -BUS_KEEPER UNUSED -VREF_MODE IN -VREF_MODE_VALUE 0.5 -DDR_TERM_MODE ON -DRIVE 7.5 -SLEW FAST
Executing : def_port {pad_dq_ch0[5]} -LOC N4 -IOSTANDARD SSTL15_I -VCCIO 1.5 -BUS_KEEPER UNUSED -VREF_MODE IN -VREF_MODE_VALUE 0.5 -DDR_TERM_MODE ON -DRIVE 7.5 -SLEW FAST successfully.
Executing : def_port {pad_dq_ch0[6]} -LOC N5 -IOSTANDARD SSTL15_I -VCCIO 1.5 -BUS_KEEPER UNUSED -VREF_MODE IN -VREF_MODE_VALUE 0.5 -DDR_TERM_MODE ON -DRIVE 7.5 -SLEW FAST
Executing : def_port {pad_dq_ch0[6]} -LOC N5 -IOSTANDARD SSTL15_I -VCCIO 1.5 -BUS_KEEPER UNUSED -VREF_MODE IN -VREF_MODE_VALUE 0.5 -DDR_TERM_MODE ON -DRIVE 7.5 -SLEW FAST successfully.
Executing : def_port {pad_dq_ch0[7]} -LOC P6 -IOSTANDARD SSTL15_I -VCCIO 1.5 -BUS_KEEPER UNUSED -VREF_MODE IN -VREF_MODE_VALUE 0.5 -DDR_TERM_MODE ON -DRIVE 7.5 -SLEW FAST
Executing : def_port {pad_dq_ch0[7]} -LOC P6 -IOSTANDARD SSTL15_I -VCCIO 1.5 -BUS_KEEPER UNUSED -VREF_MODE IN -VREF_MODE_VALUE 0.5 -DDR_TERM_MODE ON -DRIVE 7.5 -SLEW FAST successfully.
Executing : def_port {pad_dq_ch0[8]} -LOC T4 -IOSTANDARD SSTL15_I -VCCIO 1.5 -BUS_KEEPER UNUSED -VREF_MODE IN -VREF_MODE_VALUE 0.5 -DDR_TERM_MODE ON -DRIVE 7.5 -SLEW FAST
Executing : def_port {pad_dq_ch0[8]} -LOC T4 -IOSTANDARD SSTL15_I -VCCIO 1.5 -BUS_KEEPER UNUSED -VREF_MODE IN -VREF_MODE_VALUE 0.5 -DDR_TERM_MODE ON -DRIVE 7.5 -SLEW FAST successfully.
Executing : def_port {pad_dq_ch0[9]} -LOC V9 -IOSTANDARD SSTL15_I -VCCIO 1.5 -BUS_KEEPER UNUSED -VREF_MODE IN -VREF_MODE_VALUE 0.5 -DDR_TERM_MODE ON -DRIVE 7.5 -SLEW FAST
Executing : def_port {pad_dq_ch0[9]} -LOC V9 -IOSTANDARD SSTL15_I -VCCIO 1.5 -BUS_KEEPER UNUSED -VREF_MODE IN -VREF_MODE_VALUE 0.5 -DDR_TERM_MODE ON -DRIVE 7.5 -SLEW FAST successfully.
Executing : def_port {pad_dq_ch0[10]} -LOC U9 -IOSTANDARD SSTL15_I -VCCIO 1.5 -BUS_KEEPER UNUSED -VREF_MODE IN -VREF_MODE_VALUE 0.5 -DDR_TERM_MODE ON -DRIVE 7.5 -SLEW FAST
Executing : def_port {pad_dq_ch0[10]} -LOC U9 -IOSTANDARD SSTL15_I -VCCIO 1.5 -BUS_KEEPER UNUSED -VREF_MODE IN -VREF_MODE_VALUE 0.5 -DDR_TERM_MODE ON -DRIVE 7.5 -SLEW FAST successfully.
Executing : def_port {pad_dq_ch0[11]} -LOC V7 -IOSTANDARD SSTL15_I -VCCIO 1.5 -BUS_KEEPER UNUSED -VREF_MODE IN -VREF_MODE_VALUE 0.5 -DDR_TERM_MODE ON -DRIVE 7.5 -SLEW FAST
Executing : def_port {pad_dq_ch0[11]} -LOC V7 -IOSTANDARD SSTL15_I -VCCIO 1.5 -BUS_KEEPER UNUSED -VREF_MODE IN -VREF_MODE_VALUE 0.5 -DDR_TERM_MODE ON -DRIVE 7.5 -SLEW FAST successfully.
Executing : def_port {pad_dq_ch0[12]} -LOC U7 -IOSTANDARD SSTL15_I -VCCIO 1.5 -BUS_KEEPER UNUSED -VREF_MODE IN -VREF_MODE_VALUE 0.5 -DDR_TERM_MODE ON -DRIVE 7.5 -SLEW FAST
Executing : def_port {pad_dq_ch0[12]} -LOC U7 -IOSTANDARD SSTL15_I -VCCIO 1.5 -BUS_KEEPER UNUSED -VREF_MODE IN -VREF_MODE_VALUE 0.5 -DDR_TERM_MODE ON -DRIVE 7.5 -SLEW FAST successfully.
Executing : def_port {pad_dq_ch0[13]} -LOC V6 -IOSTANDARD SSTL15_I -VCCIO 1.5 -BUS_KEEPER UNUSED -VREF_MODE IN -VREF_MODE_VALUE 0.5 -DDR_TERM_MODE ON -DRIVE 7.5 -SLEW FAST
Executing : def_port {pad_dq_ch0[13]} -LOC V6 -IOSTANDARD SSTL15_I -VCCIO 1.5 -BUS_KEEPER UNUSED -VREF_MODE IN -VREF_MODE_VALUE 0.5 -DDR_TERM_MODE ON -DRIVE 7.5 -SLEW FAST successfully.
Executing : def_port {pad_dq_ch0[14]} -LOC U6 -IOSTANDARD SSTL15_I -VCCIO 1.5 -BUS_KEEPER UNUSED -VREF_MODE IN -VREF_MODE_VALUE 0.5 -DDR_TERM_MODE ON -DRIVE 7.5 -SLEW FAST
Executing : def_port {pad_dq_ch0[14]} -LOC U6 -IOSTANDARD SSTL15_I -VCCIO 1.5 -BUS_KEEPER UNUSED -VREF_MODE IN -VREF_MODE_VALUE 0.5 -DDR_TERM_MODE ON -DRIVE 7.5 -SLEW FAST successfully.
Executing : def_port {pad_dq_ch0[15]} -LOC V5 -IOSTANDARD SSTL15_I -VCCIO 1.5 -BUS_KEEPER UNUSED -VREF_MODE IN -VREF_MODE_VALUE 0.5 -DDR_TERM_MODE ON -DRIVE 7.5 -SLEW FAST
Executing : def_port {pad_dq_ch0[15]} -LOC V5 -IOSTANDARD SSTL15_I -VCCIO 1.5 -BUS_KEEPER UNUSED -VREF_MODE IN -VREF_MODE_VALUE 0.5 -DDR_TERM_MODE ON -DRIVE 7.5 -SLEW FAST successfully.
Executing : def_port {pad_dqs_ch0[0]} -LOC N6 -IOSTANDARD SSTL15D_I -VCCIO 1.5 -BUS_KEEPER UNUSED -DDR_TERM_MODE ON -DRIVE 7.5 -SLEW FAST
Executing : def_port {pad_dqs_ch0[0]} -LOC N6 -IOSTANDARD SSTL15D_I -VCCIO 1.5 -BUS_KEEPER UNUSED -DDR_TERM_MODE ON -DRIVE 7.5 -SLEW FAST successfully.
Executing : def_port {pad_dqs_ch0[1]} -LOC U8 -IOSTANDARD SSTL15D_I -VCCIO 1.5 -BUS_KEEPER UNUSED -DDR_TERM_MODE ON -DRIVE 7.5 -SLEW FAST
Executing : def_port {pad_dqs_ch0[1]} -LOC U8 -IOSTANDARD SSTL15D_I -VCCIO 1.5 -BUS_KEEPER UNUSED -DDR_TERM_MODE ON -DRIVE 7.5 -SLEW FAST successfully.
Executing : def_port {pad_dqsn_ch0[0]} -LOC N7 -IOSTANDARD SSTL15D_I -VCCIO 1.5 -BUS_KEEPER UNUSED -DDR_TERM_MODE ON -DRIVE 7.5 -SLEW FAST
Executing : def_port {pad_dqsn_ch0[0]} -LOC N7 -IOSTANDARD SSTL15D_I -VCCIO 1.5 -BUS_KEEPER UNUSED -DDR_TERM_MODE ON -DRIVE 7.5 -SLEW FAST successfully.
Executing : def_port {pad_dqsn_ch0[1]} -LOC V8 -IOSTANDARD SSTL15D_I -VCCIO 1.5 -BUS_KEEPER UNUSED -DDR_TERM_MODE ON -DRIVE 7.5 -SLEW FAST
Executing : def_port {pad_dqsn_ch0[1]} -LOC V8 -IOSTANDARD SSTL15D_I -VCCIO 1.5 -BUS_KEEPER UNUSED -DDR_TERM_MODE ON -DRIVE 7.5 -SLEW FAST successfully.
Executing : def_port {LED[0]} -LOC U10 -IOSTANDARD LVCMOS33 -VCCIO 3.3 -BUS_KEEPER NONE
C: ConstraintEditor-2006: [C:/Users/yangl/Documents/IC_competition/arm/M1_PGL22G_RTOS/PDS_project/pnr/device_map/m1_soc_top.pcf] Port LED[0] lack of drive, output port and inout port had better set drive value, the default value is 4.
C: ConstraintEditor-2007: [C:/Users/yangl/Documents/IC_competition/arm/M1_PGL22G_RTOS/PDS_project/pnr/device_map/m1_soc_top.pcf] Port LED[0] lack of slew, output port and inout port had better set slew value, the default value is SLOW.
Executing : def_port {LED[0]} -LOC U10 -IOSTANDARD LVCMOS33 -VCCIO 3.3 -BUS_KEEPER NONE successfully.
Executing : def_port {LED[1]} -LOC V10 -IOSTANDARD LVCMOS33 -VCCIO 3.3 -BUS_KEEPER NONE
C: ConstraintEditor-2006: [C:/Users/yangl/Documents/IC_competition/arm/M1_PGL22G_RTOS/PDS_project/pnr/device_map/m1_soc_top.pcf] Port LED[1] lack of drive, output port and inout port had better set drive value, the default value is 4.
C: ConstraintEditor-2007: [C:/Users/yangl/Documents/IC_competition/arm/M1_PGL22G_RTOS/PDS_project/pnr/device_map/m1_soc_top.pcf] Port LED[1] lack of slew, output port and inout port had better set slew value, the default value is SLOW.
Executing : def_port {LED[1]} -LOC V10 -IOSTANDARD LVCMOS33 -VCCIO 3.3 -BUS_KEEPER NONE successfully.
Executing : def_port {LED[2]} -LOC U11 -IOSTANDARD LVCMOS33 -VCCIO 3.3 -BUS_KEEPER NONE
C: ConstraintEditor-2006: [C:/Users/yangl/Documents/IC_competition/arm/M1_PGL22G_RTOS/PDS_project/pnr/device_map/m1_soc_top.pcf] Port LED[2] lack of drive, output port and inout port had better set drive value, the default value is 4.
C: ConstraintEditor-2007: [C:/Users/yangl/Documents/IC_competition/arm/M1_PGL22G_RTOS/PDS_project/pnr/device_map/m1_soc_top.pcf] Port LED[2] lack of slew, output port and inout port had better set slew value, the default value is SLOW.
Executing : def_port {LED[2]} -LOC U11 -IOSTANDARD LVCMOS33 -VCCIO 3.3 -BUS_KEEPER NONE successfully.
Executing : def_port {LED[3]} -LOC V11 -IOSTANDARD LVCMOS33 -VCCIO 3.3 -BUS_KEEPER NONE -OPEN_DRAIN OFF
C: ConstraintEditor-2006: [C:/Users/yangl/Documents/IC_competition/arm/M1_PGL22G_RTOS/PDS_project/pnr/device_map/m1_soc_top.pcf] Port LED[3] lack of drive, output port and inout port had better set drive value, the default value is 4.
C: ConstraintEditor-2007: [C:/Users/yangl/Documents/IC_competition/arm/M1_PGL22G_RTOS/PDS_project/pnr/device_map/m1_soc_top.pcf] Port LED[3] lack of slew, output port and inout port had better set slew value, the default value is SLOW.
Executing : def_port {LED[3]} -LOC V11 -IOSTANDARD LVCMOS33 -VCCIO 3.3 -BUS_KEEPER NONE -OPEN_DRAIN OFF successfully.
Executing : def_port SD_DCLK -LOC V13 -IOSTANDARD LVCMOS33 -VCCIO 3.3 -BUS_KEEPER NONE -DRIVE 4
C: ConstraintEditor-2007: [C:/Users/yangl/Documents/IC_competition/arm/M1_PGL22G_RTOS/PDS_project/pnr/device_map/m1_soc_top.pcf] Port SD_DCLK lack of slew, output port and inout port had better set slew value, the default value is SLOW.
Executing : def_port SD_DCLK -LOC V13 -IOSTANDARD LVCMOS33 -VCCIO 3.3 -BUS_KEEPER NONE -DRIVE 4 successfully.
Executing : def_port SD_MOSI -LOC U14 -IOSTANDARD LVCMOS33 -VCCIO 3.3 -BUS_KEEPER PULLUP -DRIVE 4
C: ConstraintEditor-2007: [C:/Users/yangl/Documents/IC_competition/arm/M1_PGL22G_RTOS/PDS_project/pnr/device_map/m1_soc_top.pcf] Port SD_MOSI lack of slew, output port and inout port had better set slew value, the default value is SLOW.
Executing : def_port SD_MOSI -LOC U14 -IOSTANDARD LVCMOS33 -VCCIO 3.3 -BUS_KEEPER PULLUP -DRIVE 4 successfully.
Executing : def_port SD_nCS -LOC V14 -IOSTANDARD LVCMOS33 -VCCIO 3.3 -BUS_KEEPER PULLUP -DRIVE 4
C: ConstraintEditor-2007: [C:/Users/yangl/Documents/IC_competition/arm/M1_PGL22G_RTOS/PDS_project/pnr/device_map/m1_soc_top.pcf] Port SD_nCS lack of slew, output port and inout port had better set slew value, the default value is SLOW.
Executing : def_port SD_nCS -LOC V14 -IOSTANDARD LVCMOS33 -VCCIO 3.3 -BUS_KEEPER PULLUP -DRIVE 4 successfully.
Executing : def_port TX -LOC C10 -IOSTANDARD LVCMOS33 -VCCIO 3.3 -BUS_KEEPER PULLUP
C: ConstraintEditor-2006: [C:/Users/yangl/Documents/IC_competition/arm/M1_PGL22G_RTOS/PDS_project/pnr/device_map/m1_soc_top.pcf] Port TX lack of drive, output port and inout port had better set drive value, the default value is 4.
C: ConstraintEditor-2007: [C:/Users/yangl/Documents/IC_competition/arm/M1_PGL22G_RTOS/PDS_project/pnr/device_map/m1_soc_top.pcf] Port TX lack of slew, output port and inout port had better set slew value, the default value is SLOW.
Executing : def_port TX -LOC C10 -IOSTANDARD LVCMOS33 -VCCIO 3.3 -BUS_KEEPER PULLUP successfully.
Executing : def_port l0_sgmii_clk_shft -LOC H17 -IOSTANDARD LVCMOS33 -VCCIO 3.3 -BUS_KEEPER PULLUP -DRIVE 4 -SLEW FAST -OPEN_DRAIN OFF
Executing : def_port l0_sgmii_clk_shft -LOC H17 -IOSTANDARD LVCMOS33 -VCCIO 3.3 -BUS_KEEPER PULLUP -DRIVE 4 -SLEW FAST -OPEN_DRAIN OFF successfully.
Executing : def_port {pad_addr_ch0[0]} -LOC M4 -IOSTANDARD SSTL15_I -VCCIO 1.5 -BUS_KEEPER UNUSED -DRIVE 7.5 -SLEW FAST
Executing : def_port {pad_addr_ch0[0]} -LOC M4 -IOSTANDARD SSTL15_I -VCCIO 1.5 -BUS_KEEPER UNUSED -DRIVE 7.5 -SLEW FAST successfully.
Executing : def_port {pad_addr_ch0[1]} -LOC M3 -IOSTANDARD SSTL15_I -VCCIO 1.5 -BUS_KEEPER UNUSED -DRIVE 7.5 -SLEW FAST
Executing : def_port {pad_addr_ch0[1]} -LOC M3 -IOSTANDARD SSTL15_I -VCCIO 1.5 -BUS_KEEPER UNUSED -DRIVE 7.5 -SLEW FAST successfully.
Executing : def_port {pad_addr_ch0[2]} -LOC P2 -IOSTANDARD SSTL15_I -VCCIO 1.5 -BUS_KEEPER UNUSED -DRIVE 7.5 -SLEW FAST
Executing : def_port {pad_addr_ch0[2]} -LOC P2 -IOSTANDARD SSTL15_I -VCCIO 1.5 -BUS_KEEPER UNUSED -DRIVE 7.5 -SLEW FAST successfully.
Executing : def_port {pad_addr_ch0[3]} -LOC P1 -IOSTANDARD SSTL15_I -VCCIO 1.5 -BUS_KEEPER UNUSED -DRIVE 7.5 -SLEW FAST
Executing : def_port {pad_addr_ch0[3]} -LOC P1 -IOSTANDARD SSTL15_I -VCCIO 1.5 -BUS_KEEPER UNUSED -DRIVE 7.5 -SLEW FAST successfully.
Executing : def_port {pad_addr_ch0[4]} -LOC L5 -IOSTANDARD SSTL15_I -VCCIO 1.5 -BUS_KEEPER UNUSED -DRIVE 7.5 -SLEW FAST
Executing : def_port {pad_addr_ch0[4]} -LOC L5 -IOSTANDARD SSTL15_I -VCCIO 1.5 -BUS_KEEPER UNUSED -DRIVE 7.5 -SLEW FAST successfully.
Executing : def_port {pad_addr_ch0[5]} -LOC M5 -IOSTANDARD SSTL15_I -VCCIO 1.5 -BUS_KEEPER UNUSED -DRIVE 7.5 -SLEW FAST
Executing : def_port {pad_addr_ch0[5]} -LOC M5 -IOSTANDARD SSTL15_I -VCCIO 1.5 -BUS_KEEPER UNUSED -DRIVE 7.5 -SLEW FAST successfully.
Executing : def_port {pad_addr_ch0[6]} -LOC N2 -IOSTANDARD SSTL15_I -VCCIO 1.5 -BUS_KEEPER UNUSED -DRIVE 7.5 -SLEW FAST
Executing : def_port {pad_addr_ch0[6]} -LOC N2 -IOSTANDARD SSTL15_I -VCCIO 1.5 -BUS_KEEPER UNUSED -DRIVE 7.5 -SLEW FAST successfully.
Executing : def_port {pad_addr_ch0[7]} -LOC N1 -IOSTANDARD SSTL15_I -VCCIO 1.5 -BUS_KEEPER UNUSED -DRIVE 7.5 -SLEW FAST
Executing : def_port {pad_addr_ch0[7]} -LOC N1 -IOSTANDARD SSTL15_I -VCCIO 1.5 -BUS_KEEPER UNUSED -DRIVE 7.5 -SLEW FAST successfully.
Executing : def_port {pad_addr_ch0[8]} -LOC K4 -IOSTANDARD SSTL15_I -VCCIO 1.5 -BUS_KEEPER UNUSED -DRIVE 7.5 -SLEW FAST
Executing : def_port {pad_addr_ch0[8]} -LOC K4 -IOSTANDARD SSTL15_I -VCCIO 1.5 -BUS_KEEPER UNUSED -DRIVE 7.5 -SLEW FAST successfully.
Executing : def_port {pad_addr_ch0[9]} -LOC M1 -IOSTANDARD SSTL15_I -VCCIO 1.5 -BUS_KEEPER UNUSED -DRIVE 7.5 -SLEW FAST
Executing : def_port {pad_addr_ch0[9]} -LOC M1 -IOSTANDARD SSTL15_I -VCCIO 1.5 -BUS_KEEPER UNUSED -DRIVE 7.5 -SLEW FAST successfully.
Executing : def_port {pad_addr_ch0[10]} -LOC M6 -IOSTANDARD SSTL15_I -VCCIO 1.5 -BUS_KEEPER UNUSED -DRIVE 7.5 -SLEW FAST
Executing : def_port {pad_addr_ch0[10]} -LOC M6 -IOSTANDARD SSTL15_I -VCCIO 1.5 -BUS_KEEPER UNUSED -DRIVE 7.5 -SLEW FAST successfully.
Executing : def_port {pad_addr_ch0[11]} -LOC L1 -IOSTANDARD SSTL15_I -VCCIO 1.5 -BUS_KEEPER UNUSED -DRIVE 7.5 -SLEW FAST
Executing : def_port {pad_addr_ch0[11]} -LOC L1 -IOSTANDARD SSTL15_I -VCCIO 1.5 -BUS_KEEPER UNUSED -DRIVE 7.5 -SLEW FAST successfully.
Executing : def_port {pad_addr_ch0[12]} -LOC K2 -IOSTANDARD SSTL15_I -VCCIO 1.5 -BUS_KEEPER UNUSED -DRIVE 7.5 -SLEW FAST
Executing : def_port {pad_addr_ch0[12]} -LOC K2 -IOSTANDARD SSTL15_I -VCCIO 1.5 -BUS_KEEPER UNUSED -DRIVE 7.5 -SLEW FAST successfully.
Executing : def_port {pad_addr_ch0[13]} -LOC K1 -IOSTANDARD SSTL15_I -VCCIO 1.5 -BUS_KEEPER UNUSED -DRIVE 7.5 -SLEW FAST
Executing : def_port {pad_addr_ch0[13]} -LOC K1 -IOSTANDARD SSTL15_I -VCCIO 1.5 -BUS_KEEPER UNUSED -DRIVE 7.5 -SLEW FAST successfully.
Executing : def_port {pad_addr_ch0[14]} -LOC J2 -IOSTANDARD SSTL15_I -VCCIO 1.5 -BUS_KEEPER UNUSED -DRIVE 7.5 -SLEW FAST
Executing : def_port {pad_addr_ch0[14]} -LOC J2 -IOSTANDARD SSTL15_I -VCCIO 1.5 -BUS_KEEPER UNUSED -DRIVE 7.5 -SLEW FAST successfully.
Executing : def_port {pad_addr_ch0[15]} -LOC J1 -IOSTANDARD SSTL15_I -VCCIO 1.5 -BUS_KEEPER UNUSED -DRIVE 7.5 -SLEW FAST
Executing : def_port {pad_addr_ch0[15]} -LOC J1 -IOSTANDARD SSTL15_I -VCCIO 1.5 -BUS_KEEPER UNUSED -DRIVE 7.5 -SLEW FAST successfully.
Executing : def_port {pad_ba_ch0[0]} -LOC U2 -IOSTANDARD SSTL15_I -VCCIO 1.5 -BUS_KEEPER UNUSED -DRIVE 7.5 -SLEW FAST
Executing : def_port {pad_ba_ch0[0]} -LOC U2 -IOSTANDARD SSTL15_I -VCCIO 1.5 -BUS_KEEPER UNUSED -DRIVE 7.5 -SLEW FAST successfully.
Executing : def_port {pad_ba_ch0[1]} -LOC U1 -IOSTANDARD SSTL15_I -VCCIO 1.5 -BUS_KEEPER UNUSED -DRIVE 7.5 -SLEW FAST
Executing : def_port {pad_ba_ch0[1]} -LOC U1 -IOSTANDARD SSTL15_I -VCCIO 1.5 -BUS_KEEPER UNUSED -DRIVE 7.5 -SLEW FAST successfully.
Executing : def_port {pad_ba_ch0[2]} -LOC T2 -IOSTANDARD SSTL15_I -VCCIO 1.5 -BUS_KEEPER UNUSED -DRIVE 7.5 -SLEW FAST
Executing : def_port {pad_ba_ch0[2]} -LOC T2 -IOSTANDARD SSTL15_I -VCCIO 1.5 -BUS_KEEPER UNUSED -DRIVE 7.5 -SLEW FAST successfully.
Executing : def_port pad_casn_ch0 -LOC T1 -IOSTANDARD SSTL15_I -VCCIO 1.5 -BUS_KEEPER UNUSED -DRIVE 7.5 -SLEW FAST
Executing : def_port pad_casn_ch0 -LOC T1 -IOSTANDARD SSTL15_I -VCCIO 1.5 -BUS_KEEPER UNUSED -DRIVE 7.5 -SLEW FAST successfully.
Executing : def_port pad_cke_ch0 -LOC L4 -IOSTANDARD SSTL15_I -VCCIO 1.5 -BUS_KEEPER UNUSED -DRIVE 7.5 -SLEW FAST
Executing : def_port pad_cke_ch0 -LOC L4 -IOSTANDARD SSTL15_I -VCCIO 1.5 -BUS_KEEPER UNUSED -DRIVE 7.5 -SLEW FAST successfully.
Executing : def_port pad_csn_ch0 -LOC R1 -IOSTANDARD SSTL15_I -VCCIO 1.5 -BUS_KEEPER UNUSED -DRIVE 7.5 -SLEW FAST
Executing : def_port pad_csn_ch0 -LOC R1 -IOSTANDARD SSTL15_I -VCCIO 1.5 -BUS_KEEPER UNUSED -DRIVE 7.5 -SLEW FAST successfully.
Executing : def_port pad_ddr_clk_w -LOC U3 -IOSTANDARD SSTL15D_I -VCCIO 1.5 -BUS_KEEPER UNUSED -DRIVE 7.5 -SLEW FAST
Executing : def_port pad_ddr_clk_w -LOC U3 -IOSTANDARD SSTL15D_I -VCCIO 1.5 -BUS_KEEPER UNUSED -DRIVE 7.5 -SLEW FAST successfully.
Executing : def_port pad_ddr_clkn_w -LOC V3 -IOSTANDARD SSTL15D_I -VCCIO 1.5 -BUS_KEEPER UNUSED -DRIVE 7.5 -SLEW FAST
Executing : def_port pad_ddr_clkn_w -LOC V3 -IOSTANDARD SSTL15D_I -VCCIO 1.5 -BUS_KEEPER UNUSED -DRIVE 7.5 -SLEW FAST successfully.
Executing : def_port {pad_dm_rdqs_ch0[0]} -LOC R8 -IOSTANDARD SSTL15_I -VCCIO 1.5 -BUS_KEEPER UNUSED -DRIVE 7.5 -SLEW FAST
Executing : def_port {pad_dm_rdqs_ch0[0]} -LOC R8 -IOSTANDARD SSTL15_I -VCCIO 1.5 -BUS_KEEPER UNUSED -DRIVE 7.5 -SLEW FAST successfully.
Executing : def_port {pad_dm_rdqs_ch0[1]} -LOC U5 -IOSTANDARD SSTL15_I -VCCIO 1.5 -BUS_KEEPER UNUSED -DRIVE 7.5 -SLEW FAST
Executing : def_port {pad_dm_rdqs_ch0[1]} -LOC U5 -IOSTANDARD SSTL15_I -VCCIO 1.5 -BUS_KEEPER UNUSED -DRIVE 7.5 -SLEW FAST successfully.
Executing : def_port pad_loop_out -LOC P8 -IOSTANDARD SSTL15_I -VCCIO 1.5 -BUS_KEEPER UNUSED -DRIVE 7.5 -SLEW FAST
Executing : def_port pad_loop_out -LOC P8 -IOSTANDARD SSTL15_I -VCCIO 1.5 -BUS_KEEPER UNUSED -DRIVE 7.5 -SLEW FAST successfully.
Executing : def_port pad_loop_out_h -LOC U4 -IOSTANDARD SSTL15_I -VCCIO 1.5 -BUS_KEEPER UNUSED -DRIVE 7.5 -SLEW FAST
Executing : def_port pad_loop_out_h -LOC U4 -IOSTANDARD SSTL15_I -VCCIO 1.5 -BUS_KEEPER UNUSED -DRIVE 7.5 -SLEW FAST successfully.
Executing : def_port pad_odt_ch0 -LOC V2 -IOSTANDARD SSTL15_I -VCCIO 1.5 -BUS_KEEPER UNUSED -DRIVE 7.5 -SLEW FAST
Executing : def_port pad_odt_ch0 -LOC V2 -IOSTANDARD SSTL15_I -VCCIO 1.5 -BUS_KEEPER UNUSED -DRIVE 7.5 -SLEW FAST successfully.
Executing : def_port pad_rasn_ch0 -LOC R2 -IOSTANDARD SSTL15_I -VCCIO 1.5 -BUS_KEEPER UNUSED -DRIVE 7.5 -SLEW FAST
Executing : def_port pad_rasn_ch0 -LOC R2 -IOSTANDARD SSTL15_I -VCCIO 1.5 -BUS_KEEPER UNUSED -DRIVE 7.5 -SLEW FAST successfully.
Executing : def_port pad_rstn_ch0 -LOC M2 -IOSTANDARD SSTL15_I -VCCIO 1.5 -BUS_KEEPER UNUSED -DRIVE 7.5 -SLEW FAST
Executing : def_port pad_rstn_ch0 -LOC M2 -IOSTANDARD SSTL15_I -VCCIO 1.5 -BUS_KEEPER UNUSED -DRIVE 7.5 -SLEW FAST successfully.
Executing : def_port pad_wen_ch0 -LOC V1 -IOSTANDARD SSTL15_I -VCCIO 1.5 -BUS_KEEPER UNUSED -DRIVE 7.5 -SLEW FAST
Executing : def_port pad_wen_ch0 -LOC V1 -IOSTANDARD SSTL15_I -VCCIO 1.5 -BUS_KEEPER UNUSED -DRIVE 7.5 -SLEW FAST successfully.
Executing : def_port phy_rst_n -LOC J17 -IOSTANDARD LVCMOS33 -VCCIO 3.3 -BUS_KEEPER PULLUP -DRIVE 8 -SLEW FAST -OPEN_DRAIN OFF
Executing : def_port phy_rst_n -LOC J17 -IOSTANDARD LVCMOS33 -VCCIO 3.3 -BUS_KEEPER PULLUP -DRIVE 8 -SLEW FAST -OPEN_DRAIN OFF successfully.
Executing : def_port phy_tx_en -LOC G18 -IOSTANDARD LVCMOS33 -VCCIO 3.3 -BUS_KEEPER PULLUP -DRIVE 8 -SLEW FAST -OPEN_DRAIN OFF
Executing : def_port phy_tx_en -LOC G18 -IOSTANDARD LVCMOS33 -VCCIO 3.3 -BUS_KEEPER PULLUP -DRIVE 8 -SLEW FAST -OPEN_DRAIN OFF successfully.
Executing : def_port phy_txd0 -LOC G17 -IOSTANDARD LVCMOS33 -VCCIO 3.3 -BUS_KEEPER PULLUP -DRIVE 8 -SLEW FAST -OPEN_DRAIN OFF
Executing : def_port phy_txd0 -LOC G17 -IOSTANDARD LVCMOS33 -VCCIO 3.3 -BUS_KEEPER PULLUP -DRIVE 8 -SLEW FAST -OPEN_DRAIN OFF successfully.
Executing : def_port phy_txd1 -LOC F18 -IOSTANDARD LVCMOS33 -VCCIO 3.3 -BUS_KEEPER PULLUP -DRIVE 8 -SLEW FAST -OPEN_DRAIN OFF
Executing : def_port phy_txd1 -LOC F18 -IOSTANDARD LVCMOS33 -VCCIO 3.3 -BUS_KEEPER PULLUP -DRIVE 8 -SLEW FAST -OPEN_DRAIN OFF successfully.
Executing : def_port phy_txd2 -LOC F17 -IOSTANDARD LVCMOS33 -VCCIO 3.3 -BUS_KEEPER PULLUP -DRIVE 8 -SLEW FAST -OPEN_DRAIN OFF
Executing : def_port phy_txd2 -LOC F17 -IOSTANDARD LVCMOS33 -VCCIO 3.3 -BUS_KEEPER PULLUP -DRIVE 8 -SLEW FAST -OPEN_DRAIN OFF successfully.
Executing : def_port phy_txd3 -LOC G16 -IOSTANDARD LVCMOS33 -VCCIO 3.3 -BUS_KEEPER PULLUP -DRIVE 8 -SLEW FAST -OPEN_DRAIN OFF
Executing : def_port phy_txd3 -LOC G16 -IOSTANDARD LVCMOS33 -VCCIO 3.3 -BUS_KEEPER PULLUP -DRIVE 8 -SLEW FAST -OPEN_DRAIN OFF successfully.
Executing : def_port spi0_clk -LOC C9 -IOSTANDARD LVCMOS33 -VCCIO 3.3 -BUS_KEEPER NONE -DRIVE 4
C: ConstraintEditor-2007: [C:/Users/yangl/Documents/IC_competition/arm/M1_PGL22G_RTOS/PDS_project/pnr/device_map/m1_soc_top.pcf] Port spi0_clk lack of slew, output port and inout port had better set slew value, the default value is SLOW.
Executing : def_port spi0_clk -LOC C9 -IOSTANDARD LVCMOS33 -VCCIO 3.3 -BUS_KEEPER NONE -DRIVE 4 successfully.
Executing : def_port spi0_cs -LOC B8 -IOSTANDARD LVCMOS33 -VCCIO 3.3 -BUS_KEEPER PULLUP -DRIVE 4
C: ConstraintEditor-2007: [C:/Users/yangl/Documents/IC_competition/arm/M1_PGL22G_RTOS/PDS_project/pnr/device_map/m1_soc_top.pcf] Port spi0_cs lack of slew, output port and inout port had better set slew value, the default value is SLOW.
Executing : def_port spi0_cs -LOC B8 -IOSTANDARD LVCMOS33 -VCCIO 3.3 -BUS_KEEPER PULLUP -DRIVE 4 successfully.
Executing : def_port spi0_mosi -LOC B4 -IOSTANDARD LVCMOS33 -VCCIO 3.3 -BUS_KEEPER PULLUP -DRIVE 4
C: ConstraintEditor-2007: [C:/Users/yangl/Documents/IC_competition/arm/M1_PGL22G_RTOS/PDS_project/pnr/device_map/m1_soc_top.pcf] Port spi0_mosi lack of slew, output port and inout port had better set slew value, the default value is SLOW.
Executing : def_port spi0_mosi -LOC B4 -IOSTANDARD LVCMOS33 -VCCIO 3.3 -BUS_KEEPER PULLUP -DRIVE 4 successfully.
Executing : def_port RX -LOC A12 -IOSTANDARD LVCMOS33 -VCCIO 3.3 -BUS_KEEPER PULLUP
C: ConstraintEditor-2002: [C:/Users/yangl/Documents/IC_competition/arm/M1_PGL22G_RTOS/PDS_project/pnr/device_map/m1_soc_top.pcf(line number: 75)] | Port RX has been placed at location A12, whose type is share pin.
Executing : def_port RX -LOC A12 -IOSTANDARD LVCMOS33 -VCCIO 3.3 -BUS_KEEPER PULLUP successfully.
Executing : def_port SD_MISO -LOC U13 -IOSTANDARD LVCMOS33 -VCCIO 3.3 -BUS_KEEPER PULLUP
C: ConstraintEditor-2001: [C:/Users/yangl/Documents/IC_competition/arm/M1_PGL22G_RTOS/PDS_project/pnr/device_map/m1_soc_top.pcf(line number: 76)] Object 'SD_MISO' is dangling, which has no connection. it will be ignored.
Executing : def_port SD_MISO -LOC U13 -IOSTANDARD LVCMOS33 -VCCIO 3.3 -BUS_KEEPER PULLUP successfully.
Executing : def_port ex_clk_50m -LOC B5 -IOSTANDARD LVCMOS33 -VCCIO 3.3 -HYS_DRIVE_MODE NOHYS -BUS_KEEPER PULLUP
Executing : def_port ex_clk_50m -LOC B5 -IOSTANDARD LVCMOS33 -VCCIO 3.3 -HYS_DRIVE_MODE NOHYS -BUS_KEEPER PULLUP successfully.
Executing : def_port gpio_in0 -LOC P17 -IOSTANDARD LVCMOS33 -VCCIO 3.3 -BUS_KEEPER NONE
Executing : def_port gpio_in0 -LOC P17 -IOSTANDARD LVCMOS33 -VCCIO 3.3 -BUS_KEEPER NONE successfully.
Executing : def_port gpio_in1 -LOC L12 -IOSTANDARD LVCMOS33 -VCCIO 3.3 -BUS_KEEPER NONE
Executing : def_port gpio_in1 -LOC L12 -IOSTANDARD LVCMOS33 -VCCIO 3.3 -BUS_KEEPER NONE successfully.
Executing : def_port pad_loop_in -LOC P7 -IOSTANDARD SSTL15_I -VCCIO 1.5 -BUS_KEEPER UNUSED -VREF_MODE IN -VREF_MODE_VALUE 0.5 -DDR_TERM_MODE ON
Executing : def_port pad_loop_in -LOC P7 -IOSTANDARD SSTL15_I -VCCIO 1.5 -BUS_KEEPER UNUSED -VREF_MODE IN -VREF_MODE_VALUE 0.5 -DDR_TERM_MODE ON successfully.
Executing : def_port pad_loop_in_h -LOC V4 -IOSTANDARD SSTL15_I -VCCIO 1.5 -BUS_KEEPER UNUSED -VREF_MODE IN -VREF_MODE_VALUE 0.5 -DDR_TERM_MODE ON
Executing : def_port pad_loop_in_h -LOC V4 -IOSTANDARD SSTL15_I -VCCIO 1.5 -BUS_KEEPER UNUSED -VREF_MODE IN -VREF_MODE_VALUE 0.5 -DDR_TERM_MODE ON successfully.
Executing : def_port phy_rx_dv -LOC L16 -IOSTANDARD LVCMOS33 -VCCIO 3.3 -HYS_DRIVE_MODE NOHYS -BUS_KEEPER PULLUP
Executing : def_port phy_rx_dv -LOC L16 -IOSTANDARD LVCMOS33 -VCCIO 3.3 -HYS_DRIVE_MODE NOHYS -BUS_KEEPER PULLUP successfully.
Executing : def_port phy_rxd0 -LOC M16 -IOSTANDARD LVCMOS33 -VCCIO 3.3 -HYS_DRIVE_MODE NOHYS -BUS_KEEPER PULLUP
Executing : def_port phy_rxd0 -LOC M16 -IOSTANDARD LVCMOS33 -VCCIO 3.3 -HYS_DRIVE_MODE NOHYS -BUS_KEEPER PULLUP successfully.
Executing : def_port phy_rxd1 -LOC M18 -IOSTANDARD LVCMOS33 -VCCIO 3.3 -HYS_DRIVE_MODE NOHYS -BUS_KEEPER PULLUP
Executing : def_port phy_rxd1 -LOC M18 -IOSTANDARD LVCMOS33 -VCCIO 3.3 -HYS_DRIVE_MODE NOHYS -BUS_KEEPER PULLUP successfully.
Executing : def_port phy_rxd2 -LOC K18 -IOSTANDARD LVCMOS33 -VCCIO 3.3 -HYS_DRIVE_MODE NOHYS -BUS_KEEPER PULLUP
Executing : def_port phy_rxd2 -LOC K18 -IOSTANDARD LVCMOS33 -VCCIO 3.3 -HYS_DRIVE_MODE NOHYS -BUS_KEEPER PULLUP successfully.
Executing : def_port phy_rxd3 -LOC K17 -IOSTANDARD LVCMOS33 -VCCIO 3.3 -HYS_DRIVE_MODE NOHYS -BUS_KEEPER PULLUP
Executing : def_port phy_rxd3 -LOC K17 -IOSTANDARD LVCMOS33 -VCCIO 3.3 -HYS_DRIVE_MODE NOHYS -BUS_KEEPER PULLUP successfully.
Executing : def_port rst_key -LOC V12 -IOSTANDARD LVCMOS33 -VCCIO 3.3 -HYS_DRIVE_MODE NOHYS -BUS_KEEPER PULLUP
Executing : def_port rst_key -LOC V12 -IOSTANDARD LVCMOS33 -VCCIO 3.3 -HYS_DRIVE_MODE NOHYS -BUS_KEEPER PULLUP successfully.
Executing : def_port rx_clki -LOC H18 -IOSTANDARD LVCMOS33 -VCCIO 3.3 -HYS_DRIVE_MODE NOHYS -BUS_KEEPER PULLUP
Executing : def_port rx_clki -LOC H18 -IOSTANDARD LVCMOS33 -VCCIO 3.3 -HYS_DRIVE_MODE NOHYS -BUS_KEEPER PULLUP successfully.
Executing : def_port spi0_miso -LOC A4 -IOSTANDARD LVCMOS33 -VCCIO 3.3 -BUS_KEEPER PULLUP
C: ConstraintEditor-2002: [C:/Users/yangl/Documents/IC_competition/arm/M1_PGL22G_RTOS/PDS_project/pnr/device_map/m1_soc_top.pcf(line number: 89)] | Port spi0_miso has been placed at location A4, whose type is share pin.
Executing : def_port spi0_miso -LOC A4 -IOSTANDARD LVCMOS33 -VCCIO 3.3 -BUS_KEEPER PULLUP successfully.
Executing : def_inst_site u_DDR3/u_pll_50_400/u_pll_e1/goppll PLL_82_71
Executing : def_inst_site u_DDR3/u_pll_50_400/u_pll_e1/goppll PLL_82_71 successfully.
Executing : apply_constraint -f C:/Users/yangl/Documents/IC_competition/arm/M1_PGL22G_RTOS/PDS_project/pnr/device_map/m1_soc_top.pcf successfully.

Placement started.
Mapping instance u_DDR3/u_ipsl_hmic_h_phy_top/u_phy_io/u_gtp_ddrphy/gateop_DDRC to HMEMC_16_1.
Mapping instance u_DDR3/u_ipsl_hmic_h_phy_top/u_phy_io/dqs2_dut/opit_0 to DQSL_6_96.
Mapping instance u_DDR3/u_ipsl_hmic_h_phy_top/u_phy_io/dqs0_dut/opit_0 to DQSL_6_24.
Mapping instance u_DDR3/u_ipsl_hmic_h_phy_top/u_phy_io/dll_hmemc_dut/gopdll to DLL_7_59.
Mapping instance u_DDR3/u_ipsl_hmic_h_phy_top/u_phy_io/dqs1_dut/opit_0 to DQSL_6_52.
Mapping instance u_DDR3/u_ipsl_hmic_h_phy_top/u_phy_io/dqs3_dut/opit_0 to DQSL_6_148.
Mapping instance u_DDR3/u_ipsl_hmic_h_phy_top/u_phy_io/dqs4_dut/opit_0 to DQSL_6_176.
Mapping instance u_DDR3/u_ipsl_hmic_h_phy_top/u_phy_io/ioclkdiv_dut/gopclkdiv to IOCKDIV_6_64.
Mapping instance u_GTP_IOCLKDELAY/opit_0 to IOCKDLY_150_185.
Mapping instance u_DDR3/u_ipsl_hmic_h_phy_top/u_phy_io/ioclkbuf01_dut/gopclkgate to IOCKGATE_6_56.
Mapping instance u_DDR3/u_ipsl_hmic_h_phy_top/u_phy_io/ioclkbuf02_dut/gopclkgate to IOCKGATE_6_181.
Mapping instance clkbufg_2/gopclkbufg to USCM_74_104.
Mapping instance u_GTP_CLKBUFG/gopclkbufg to USCM_74_105.
Mapping instance clkbufg_1/gopclkbufg to USCM_74_106.
Mapping instance clkbufg_0/gopclkbufg to USCM_74_107.
Pre global placement takes 16.75 sec.
Run super clustering :
	Initial slack -5557.
	7 iterations finished.
	Final slack -1021.
Super clustering done.
Design Utilization : 44%.
Global placement takes 14.58 sec.
Wirelength after global placement is 100115.
Placed fixed group with base inst LED_obuf[0]/opit_1 on IOL_151_114.
Placed fixed group with base inst LED_obuf[1]/opit_1 on IOL_151_113.
Placed fixed group with base inst LED_obuf[2]/opit_1 on IOL_151_102.
Placed fixed group with base inst LED_obuf[3]/opit_1 on IOL_151_101.
Placed fixed group with base inst RX_ibuf/opit_1 on IOL_151_333.
Placed fixed group with base inst TX_obuf/opit_1 on IOL_151_361.
Placed fixed instance clkbufg_0/gopclkbufg on USCM_74_107.
Placed fixed instance clkbufg_1/gopclkbufg on USCM_74_106.
Placed fixed instance clkbufg_2/gopclkbufg on USCM_74_104.
Placed fixed group with base inst ex_clk_50m_ibuf/opit_1 on IOL_7_298.
Placed fixed group with base inst gpio_in0_ibuf/opit_1 on IOL_151_46.
Placed fixed group with base inst gpio_in1_ibuf/opit_1 on IOL_151_161.
Placed fixed group with base inst i2c0_sck_tri/opit_1 on IOL_151_325.
Placed fixed group with base inst i2c0_sda_tri/opit_1 on IOL_151_326.
Placed fixed group with base inst phy_rst_n_obuf/opit_1 on IOL_151_173.
Placed fixed group with base inst rst_key_ibuf/opit_1 on IOL_151_105.
Placed fixed group with base inst rx_clki_ibuf/opit_1 on IOL_151_198.
Placed fixed group with base inst spi0_clk_obuf/opit_1 on IOL_7_353.
Placed fixed group with base inst spi0_cs_obuf/opit_1 on IOL_7_350.
Placed fixed group with base inst spi0_miso_ibuf/opit_1 on IOL_7_289.
Placed fixed group with base inst spi0_mosi_obuf/opit_1 on IOL_7_290.
Placed fixed instance u_DDR3/u_ipsl_hmic_h_phy_top/u_phy_io/dll_hmemc_dut/gopdll on DLL_7_59.
Placed fixed instance u_DDR3/u_ipsl_hmic_h_phy_top/u_phy_io/dqs0_dut/opit_0 on DQSL_6_24.
Placed fixed instance u_DDR3/u_ipsl_hmic_h_phy_top/u_phy_io/dqs1_dut/opit_0 on DQSL_6_52.
Placed fixed instance u_DDR3/u_ipsl_hmic_h_phy_top/u_phy_io/dqs2_dut/opit_0 on DQSL_6_96.
Placed fixed instance u_DDR3/u_ipsl_hmic_h_phy_top/u_phy_io/dqs3_dut/opit_0 on DQSL_6_148.
Placed fixed instance u_DDR3/u_ipsl_hmic_h_phy_top/u_phy_io/dqs4_dut/opit_0 on DQSL_6_176.
Placed fixed group with base inst u_DDR3/u_ipsl_hmic_h_phy_top/u_phy_io/genblk2.iob_08_09_dut/opit_2_O on IOL_7_22.
Placed fixed group with base inst u_DDR3/u_ipsl_hmic_h_phy_top/u_phy_io/genblk3.iob_30_31_dut/opit_2_O on IOL_7_102.
Placed fixed group with base inst u_DDR3/u_ipsl_hmic_h_phy_top/u_phy_io/iob_00_dut/opit_0_iol on IOL_7_5.
Placed fixed group with base inst u_DDR3/u_ipsl_hmic_h_phy_top/u_phy_io/iob_01_dut/opit_1 on IOL_7_6.
Placed fixed group with base inst u_DDR3/u_ipsl_hmic_h_phy_top/u_phy_io/iob_02_dut/opit_1_IOL on IOL_7_9.
Placed fixed group with base inst u_DDR3/u_ipsl_hmic_h_phy_top/u_phy_io/iob_16_17_dut/opit_3_IOL on IOL_7_46.
Placed fixed group with base inst u_DDR3/u_ipsl_hmic_h_phy_top/u_phy_io/iob_18_dut/opit_1_IOL on IOL_7_49.
Placed fixed group with base inst u_DDR3/u_ipsl_hmic_h_phy_top/u_phy_io/iob_19_dut/opit_1_IOL on IOL_7_50.
Placed fixed group with base inst u_DDR3/u_ipsl_hmic_h_phy_top/u_phy_io/iob_20_dut/opit_1_IOL on IOL_7_73.
Placed fixed group with base inst u_DDR3/u_ipsl_hmic_h_phy_top/u_phy_io/iob_21_dut/opit_1_IOL on IOL_7_74.
Placed fixed group with base inst u_DDR3/u_ipsl_hmic_h_phy_top/u_phy_io/iob_22_dut/opit_1_IOL on IOL_7_77.
Placed fixed group with base inst u_DDR3/u_ipsl_hmic_h_phy_top/u_phy_io/iob_23_dut/opit_1_IOL on IOL_7_78.
Placed fixed group with base inst u_DDR3/u_ipsl_hmic_h_phy_top/u_phy_io/iob_24_dut/opit_1_IOL on IOL_7_81.
Placed fixed group with base inst u_DDR3/u_ipsl_hmic_h_phy_top/u_phy_io/iob_25_dut/opit_1_IOL on IOL_7_82.
Placed fixed group with base inst u_DDR3/u_ipsl_hmic_h_phy_top/u_phy_io/iob_37_dut/opit_1_IOL on IOL_7_114.
Placed fixed group with base inst u_DDR3/u_ipsl_hmic_h_phy_top/u_phy_io/iob_38_dut/opit_0_iol on IOL_7_117.
Placed fixed group with base inst u_DDR3/u_ipsl_hmic_h_phy_top/u_phy_io/iob_39_dut/opit_1 on IOL_7_118.
Placed fixed group with base inst u_DDR3/u_ipsl_hmic_h_phy_top/u_phy_io/iob_40_dut/opit_1_IOL on IOL_7_129.
Placed fixed group with base inst u_DDR3/u_ipsl_hmic_h_phy_top/u_phy_io/iob_41_dut/opit_1_IOL on IOL_7_130.
Placed fixed group with base inst u_DDR3/u_ipsl_hmic_h_phy_top/u_phy_io/iob_42_dut/opit_1_IOL on IOL_7_133.
Placed fixed group with base inst u_DDR3/u_ipsl_hmic_h_phy_top/u_phy_io/iob_43_dut/opit_1_IOL on IOL_7_134.
Placed fixed group with base inst u_DDR3/u_ipsl_hmic_h_phy_top/u_phy_io/iob_44_dut/opit_1_IOL on IOL_7_137.
Placed fixed group with base inst u_DDR3/u_ipsl_hmic_h_phy_top/u_phy_io/iob_45_dut/opit_1_IOL on IOL_7_138.
Placed fixed group with base inst u_DDR3/u_ipsl_hmic_h_phy_top/u_phy_io/iob_46_dut/opit_1_IOL on IOL_7_141.
Placed fixed group with base inst u_DDR3/u_ipsl_hmic_h_phy_top/u_phy_io/iob_47_dut/opit_1_IOL on IOL_7_142.
Placed fixed group with base inst u_DDR3/u_ipsl_hmic_h_phy_top/u_phy_io/iob_48_dut/opit_1_IOL on IOL_7_145.
Placed fixed group with base inst u_DDR3/u_ipsl_hmic_h_phy_top/u_phy_io/iob_49_dut/opit_1_IOL on IOL_7_146.
Placed fixed group with base inst u_DDR3/u_ipsl_hmic_h_phy_top/u_phy_io/iob_50_dut/opit_1 on IOL_7_157.
Placed fixed group with base inst u_DDR3/u_ipsl_hmic_h_phy_top/u_phy_io/iob_51_dut/opit_1_IOL on IOL_7_158.
Placed fixed group with base inst u_DDR3/u_ipsl_hmic_h_phy_top/u_phy_io/iob_52_dut/opit_1_IOL on IOL_7_161.
Placed fixed group with base inst u_DDR3/u_ipsl_hmic_h_phy_top/u_phy_io/iob_55_dut/opit_1_IOL on IOL_7_166.
Placed fixed group with base inst u_DDR3/u_ipsl_hmic_h_phy_top/u_phy_io/iob_56_dut/opit_1_IOL on IOL_7_169.
Placed fixed group with base inst u_DDR3/u_ipsl_hmic_h_phy_top/u_phy_io/iob_57_dut/opit_1_IOL on IOL_7_170.
Placed fixed group with base inst u_DDR3/u_ipsl_hmic_h_phy_top/u_phy_io/iob_58_dut/opit_1_IOL on IOL_7_173.
Placed fixed group with base inst u_DDR3/u_ipsl_hmic_h_phy_top/u_phy_io/iob_59_dut/opit_1_IOL on IOL_7_174.
Placed fixed instance u_DDR3/u_ipsl_hmic_h_phy_top/u_phy_io/ioclkbuf01_dut/gopclkgate on IOCKGATE_6_56.
Placed fixed instance u_DDR3/u_ipsl_hmic_h_phy_top/u_phy_io/ioclkbuf02_dut/gopclkgate on IOCKGATE_6_181.
Placed fixed instance u_DDR3/u_ipsl_hmic_h_phy_top/u_phy_io/ioclkdiv_dut/gopclkdiv on IOCKDIV_6_64.
Placed fixed group with base inst u_DDR3/u_ipsl_hmic_h_phy_top/u_phy_io/iol_iddr3_dut/gateop_inv_IO on IOL_7_10.
Placed fixed group with base inst u_DDR3/u_ipsl_hmic_h_phy_top/u_phy_io/iol_iddr4_dut/gateop_inv_IO on IOL_7_13.
Placed fixed group with base inst u_DDR3/u_ipsl_hmic_h_phy_top/u_phy_io/iol_iddr5_dut/gateop_inv_IO on IOL_7_14.
Placed fixed group with base inst u_DDR3/u_ipsl_hmic_h_phy_top/u_phy_io/iol_iddr6_dut/gateop_inv_IO on IOL_7_17.
Placed fixed group with base inst u_DDR3/u_ipsl_hmic_h_phy_top/u_phy_io/iol_iddr7_dut/gateop_inv_IO on IOL_7_18.
Placed fixed group with base inst u_DDR3/u_ipsl_hmic_h_phy_top/u_phy_io/iol_iddr10_dut/gateop_inv_IO on IOL_7_33.
Placed fixed group with base inst u_DDR3/u_ipsl_hmic_h_phy_top/u_phy_io/iol_iddr11_dut/gateop_inv_IO on IOL_7_34.
Placed fixed group with base inst u_DDR3/u_ipsl_hmic_h_phy_top/u_phy_io/iol_iddr12_dut/gateop_inv_IO on IOL_7_37.
Placed fixed group with base inst u_DDR3/u_ipsl_hmic_h_phy_top/u_phy_io/iol_iddr27_dut/gateop_inv_IO on IOL_7_86.
Placed fixed group with base inst u_DDR3/u_ipsl_hmic_h_phy_top/u_phy_io/iol_iddr28_dut/gateop_inv_IO on IOL_7_89.
Placed fixed group with base inst u_DDR3/u_ipsl_hmic_h_phy_top/u_phy_io/iol_iddr29_dut/gateop_inv_IO on IOL_7_90.
Placed fixed group with base inst u_DDR3/u_ipsl_hmic_h_phy_top/u_phy_io/iol_iddr32_dut/gateop_inv_IO on IOL_7_105.
Placed fixed group with base inst u_DDR3/u_ipsl_hmic_h_phy_top/u_phy_io/iol_iddr33_dut/gateop_inv_IO on IOL_7_106.
Placed fixed group with base inst u_DDR3/u_ipsl_hmic_h_phy_top/u_phy_io/iol_iddr34_dut/gateop_inv_IO on IOL_7_109.
Placed fixed group with base inst u_DDR3/u_ipsl_hmic_h_phy_top/u_phy_io/iol_iddr35_dut/gateop_inv_IO on IOL_7_110.
Placed fixed group with base inst u_DDR3/u_ipsl_hmic_h_phy_top/u_phy_io/iol_iddr36_dut/gateop_inv_IO on IOL_7_113.
Placed fixed instance u_DDR3/u_ipsl_hmic_h_phy_top/u_phy_io/u_gtp_ddrphy/gateop_DDRC on HMEMC_16_1.
Placed fixed instance u_DDR3/u_pll_50_400/u_pll_e1/goppll on PLL_82_71.
Placed fixed instance u_GTP_CLKBUFG/gopclkbufg on USCM_74_105.
Placed fixed instance u_GTP_IOCLKDELAY/opit_0 on IOCKDLY_150_185.
Placed fixed group with base inst u_GTP_OUTBUFT/opit_1_IOL on IOL_151_197.
Placed fixed group with base inst u_SD_CARD.SD_DCLK/opit_1 on IOL_151_109.
Placed fixed group with base inst u_SD_CARD.SD_MOSI/opit_1 on IOL_151_38.
Placed fixed group with base inst u_SD_CARD.SD_nCS/opit_1 on IOL_151_37.
Placed fixed group with base inst u_tsmac_phy/U_pgs_tsmac_rgmii_gmii_convert_v1_0/U_pgs_tsmac_gmii_to_rgmii_v1_0/gtp_outbuft1/opit_1_IOL on IOL_151_214.
Placed fixed group with base inst u_tsmac_phy/U_pgs_tsmac_rgmii_gmii_convert_v1_0/U_pgs_tsmac_gmii_to_rgmii_v1_0/gtp_outbuft2/opit_1_IOL on IOL_151_229.
Placed fixed group with base inst u_tsmac_phy/U_pgs_tsmac_rgmii_gmii_convert_v1_0/U_pgs_tsmac_gmii_to_rgmii_v1_0/gtp_outbuft3/opit_1_IOL on IOL_151_237.
Placed fixed group with base inst u_tsmac_phy/U_pgs_tsmac_rgmii_gmii_convert_v1_0/U_pgs_tsmac_gmii_to_rgmii_v1_0/gtp_outbuft4/opit_1_IOL on IOL_151_238.
Placed fixed group with base inst u_tsmac_phy/U_pgs_tsmac_rgmii_gmii_convert_v1_0/U_pgs_tsmac_gmii_to_rgmii_v1_0/gtp_outbuft5/opit_1_IOL on IOL_151_213.
Placed fixed group with base inst u_tsmac_phy/U_pgs_tsmac_rgmii_gmii_convert_v1_0/U_pgs_tsmac_rgmii_to_gmii_v1_0/igddr1/gateigddr_IOL on IOL_151_157.
Placed fixed group with base inst u_tsmac_phy/U_pgs_tsmac_rgmii_gmii_convert_v1_0/U_pgs_tsmac_rgmii_to_gmii_v1_0/igddr2/gateigddr_IOL on IOL_151_142.
Placed fixed group with base inst u_tsmac_phy/U_pgs_tsmac_rgmii_gmii_convert_v1_0/U_pgs_tsmac_rgmii_to_gmii_v1_0/igddr3/gateigddr_IOL on IOL_151_170.
Placed fixed group with base inst u_tsmac_phy/U_pgs_tsmac_rgmii_gmii_convert_v1_0/U_pgs_tsmac_rgmii_to_gmii_v1_0/igddr4/gateigddr_IOL on IOL_151_169.
Placed fixed group with base inst u_tsmac_phy/U_pgs_tsmac_rgmii_gmii_convert_v1_0/U_pgs_tsmac_rgmii_to_gmii_v1_0/igddr5/gateigddr_IOL on IOL_151_158.
Placed fixed instance BKCL_auto_0 on BKCL_2_268.
Placed fixed instance BKCL_auto_1 on BKCL_2_144.
Placed fixed instance BKCL_auto_2 on BKCL_2_20.
Placed fixed instance BKCL_auto_3 on BKCL_154_268.
Placed fixed instance BKCL_auto_4 on BKCL_154_144.
Placed fixed instance BKCL_auto_5 on BKCL_154_20.
Placed instance u_DDR3/u_ipsl_hmic_h_phy_top/u_phy_io/dll_hmemc_dut/gopdll(gopDLL) on DLL_7_59, and placed u_DDR3/u_ipsl_hmic_h_phy_top/u_phy_io/dqs0_dut/opit_0(gopDQS_DDC) on DQSL_6_24.
Placed instance u_DDR3/u_ipsl_hmic_h_phy_top/u_phy_io/dll_hmemc_dut/gopdll(gopDLL) on DLL_7_59, and placed u_DDR3/u_ipsl_hmic_h_phy_top/u_phy_io/dqs1_dut/opit_0(gopDQS_DDC) on DQSL_6_52.
Placed instance u_DDR3/u_ipsl_hmic_h_phy_top/u_phy_io/dll_hmemc_dut/gopdll(gopDLL) on DLL_7_59, and placed u_DDR3/u_ipsl_hmic_h_phy_top/u_phy_io/dqs2_dut/opit_0(gopDQS_DDC) on DQSL_6_96.
Placed instance u_DDR3/u_ipsl_hmic_h_phy_top/u_phy_io/dll_hmemc_dut/gopdll(gopDLL) on DLL_7_59, and placed u_DDR3/u_ipsl_hmic_h_phy_top/u_phy_io/dqs3_dut/opit_0(gopDQS_DDC) on DQSL_6_148.
Placed instance u_DDR3/u_ipsl_hmic_h_phy_top/u_phy_io/dll_hmemc_dut/gopdll(gopDLL) on DLL_7_59, and placed u_DDR3/u_ipsl_hmic_h_phy_top/u_phy_io/dqs4_dut/opit_0(gopDQS_DDC) on DQSL_6_176.
Forbidden IOL_7_38.
Forbidden IOL_7_41.
Forbidden IOL_7_42.
Forbidden IOL_7_85.
Forbidden IOL_7_162.
Forbidden IOL_7_165.
Wirelength after Macro cell placement is 106231.
Macro cell placement takes 0.19 sec.
Run super clustering :
	Initial slack -5557.
	7 iterations finished.
	Final slack -1021.
Super clustering done.
Design Utilization : 44%.
Wirelength after post global placement is 98266.
Post global placement takes 16.09 sec.
Wirelength after legalization is 102876.
Legalization takes 2.34 sec.
Worst slack before Replication Place is -63.
Wirelength after replication placement is 102876.
Legalized cost -63.000000.
The detailed placement ends at 14th iteration.
Wirelength after detailed placement is 116746.
Timing-driven detailed placement takes 95.31 sec.
Placement done.
Total placement takes 146.47 sec.
Finished placement. (CPU time elapsed 0h:02m:32s)

Routing started.
Building routing graph takes 1.39 sec.
Worst slack is 1104.
Processing design graph takes 1.28 sec.
Total memory for routing:
	53.590099 M.
Total nets for routing : 12380.
Rcf routing step 1 processed 0 nets, it takes 0.00 sec.
Rcf routing step 2 processed 0 nets, it takes 0.00 sec.
Rcf routing step 3 processed 0 nets, it takes 0.00 sec.
Unrouted nets 0 at the end of iteration 0.
Global Routing step 1 processed 149 nets, it takes 0.05 sec.
Unrouted nets 165 at the end of iteration 0.
Unrouted nets 131 at the end of iteration 1.
Unrouted nets 97 at the end of iteration 2.
Unrouted nets 67 at the end of iteration 3.
Unrouted nets 52 at the end of iteration 4.
Unrouted nets 44 at the end of iteration 5.
Unrouted nets 27 at the end of iteration 6.
Unrouted nets 13 at the end of iteration 7.
Unrouted nets 9 at the end of iteration 8.
Unrouted nets 5 at the end of iteration 9.
Unrouted nets 4 at the end of iteration 10.
Unrouted nets 3 at the end of iteration 11.
Unrouted nets 3 at the end of iteration 12.
Unrouted nets 1 at the end of iteration 13.
Unrouted nets 1 at the end of iteration 14.
Unrouted nets 1 at the end of iteration 15.
Unrouted nets 1 at the end of iteration 16.
Unrouted nets 1 at the end of iteration 17.
Unrouted nets 1 at the end of iteration 18.
Unrouted nets 1 at the end of iteration 19.
Unrouted nets 1 at the end of iteration 20.
Unrouted nets 1 at the end of iteration 21.
Unrouted nets 2 at the end of iteration 22.
Unrouted nets 1 at the end of iteration 23.
Unrouted nets 0 at the end of iteration 24.
Global Routing step 2 processed 441 nets, it takes 0.64 sec.
Unrouted nets 285 at the end of iteration 0.
Unrouted nets 179 at the end of iteration 1.
Unrouted nets 144 at the end of iteration 2.
Unrouted nets 103 at the end of iteration 3.
Unrouted nets 81 at the end of iteration 4.
Unrouted nets 57 at the end of iteration 5.
Unrouted nets 36 at the end of iteration 6.
Unrouted nets 26 at the end of iteration 7.
Unrouted nets 14 at the end of iteration 8.
Unrouted nets 5 at the end of iteration 9.
Unrouted nets 6 at the end of iteration 10.
Unrouted nets 4 at the end of iteration 11.
Unrouted nets 4 at the end of iteration 12.
Unrouted nets 2 at the end of iteration 13.
Unrouted nets 0 at the end of iteration 14.
Global Routing step 3 processed 784 nets, it takes 4.81 sec.
Global routing takes 5.50 sec.
Total 14826 subnets.
    forward max bucket size 744 , backward 467.
        Unrouted nets 10663 at the end of iteration 0.
    route iteration 0, CPU time elapsed 4.531250 sec.
    forward max bucket size 1549 , backward 489.
        Unrouted nets 9561 at the end of iteration 1.
    route iteration 1, CPU time elapsed 4.687500 sec.
    forward max bucket size 3435 , backward 1178.
        Unrouted nets 8562 at the end of iteration 2.
    route iteration 2, CPU time elapsed 5.406250 sec.
    forward max bucket size 4816 , backward 684.
        Unrouted nets 7554 at the end of iteration 3.
    route iteration 3, CPU time elapsed 5.625000 sec.
    forward max bucket size 6863 , backward 706.
        Unrouted nets 6830 at the end of iteration 4.
    route iteration 4, CPU time elapsed 6.609375 sec.
    forward max bucket size 7137 , backward 765.
        Unrouted nets 6320 at the end of iteration 5.
    route iteration 5, CPU time elapsed 7.625000 sec.
    forward max bucket size 6661 , backward 746.
        Unrouted nets 5647 at the end of iteration 6.
    route iteration 6, CPU time elapsed 6.218750 sec.
    forward max bucket size 7900 , backward 780.
        Unrouted nets 4997 at the end of iteration 7.
    route iteration 7, CPU time elapsed 5.953125 sec.
    forward max bucket size 7734 , backward 840.
        Unrouted nets 4359 at the end of iteration 8.
    route iteration 8, CPU time elapsed 5.281250 sec.
    forward max bucket size 8629 , backward 828.
        Unrouted nets 3931 at the end of iteration 9.
    route iteration 9, CPU time elapsed 4.765625 sec.
    forward max bucket size 10121 , backward 1655.
        Unrouted nets 3403 at the end of iteration 10.
    route iteration 10, CPU time elapsed 5.218750 sec.
    forward max bucket size 11524 , backward 1231.
        Unrouted nets 3128 at the end of iteration 11.
    route iteration 11, CPU time elapsed 4.296875 sec.
    forward max bucket size 12835 , backward 1015.
        Unrouted nets 2864 at the end of iteration 12.
    route iteration 12, CPU time elapsed 4.218750 sec.
    forward max bucket size 10844 , backward 853.
        Unrouted nets 2615 at the end of iteration 13.
    route iteration 13, CPU time elapsed 3.984375 sec.
    forward max bucket size 11749 , backward 756.
        Unrouted nets 2438 at the end of iteration 14.
    route iteration 14, CPU time elapsed 3.921875 sec.
    forward max bucket size 10331 , backward 939.
        Unrouted nets 2235 at the end of iteration 15.
    route iteration 15, CPU time elapsed 3.734375 sec.
    forward max bucket size 9710 , backward 851.
        Unrouted nets 2070 at the end of iteration 16.
    route iteration 16, CPU time elapsed 3.375000 sec.
    forward max bucket size 10582 , backward 987.
        Unrouted nets 1900 at the end of iteration 17.
    route iteration 17, CPU time elapsed 3.234375 sec.
    forward max bucket size 10593 , backward 770.
        Unrouted nets 1734 at the end of iteration 18.
    route iteration 18, CPU time elapsed 3.187500 sec.
    forward max bucket size 9047 , backward 743.
        Unrouted nets 1684 at the end of iteration 19.
    route iteration 19, CPU time elapsed 3.281250 sec.
    forward max bucket size 9759 , backward 921.
        Unrouted nets 1524 at the end of iteration 20.
    route iteration 20, CPU time elapsed 2.812500 sec.
    forward max bucket size 9141 , backward 623.
        Unrouted nets 1431 at the end of iteration 21.
    route iteration 21, CPU time elapsed 2.546875 sec.
    forward max bucket size 10031 , backward 913.
        Unrouted nets 1420 at the end of iteration 22.
    route iteration 22, CPU time elapsed 2.515625 sec.
    forward max bucket size 9463 , backward 803.
        Unrouted nets 1297 at the end of iteration 23.
    route iteration 23, CPU time elapsed 2.390625 sec.
    forward max bucket size 8932 , backward 901.
        Unrouted nets 1229 at the end of iteration 24.
    route iteration 24, CPU time elapsed 2.187500 sec.
    forward max bucket size 10771 , backward 671.
        Unrouted nets 1214 at the end of iteration 25.
    route iteration 25, CPU time elapsed 2.328125 sec.
    forward max bucket size 9462 , backward 839.
        Unrouted nets 1099 at the end of iteration 26.
    route iteration 26, CPU time elapsed 2.156250 sec.
    forward max bucket size 9881 , backward 787.
        Unrouted nets 1033 at the end of iteration 27.
    route iteration 27, CPU time elapsed 2.000000 sec.
    forward max bucket size 13660 , backward 752.
        Unrouted nets 961 at the end of iteration 28.
    route iteration 28, CPU time elapsed 2.187500 sec.
    forward max bucket size 9757 , backward 518.
        Unrouted nets 972 at the end of iteration 29.
    route iteration 29, CPU time elapsed 1.796875 sec.
    forward max bucket size 10204 , backward 575.
        Unrouted nets 912 at the end of iteration 30.
    route iteration 30, CPU time elapsed 1.640625 sec.
    forward max bucket size 6989 , backward 772.
        Unrouted nets 892 at the end of iteration 31.
    route iteration 31, CPU time elapsed 1.546875 sec.
    forward max bucket size 8504 , backward 472.
        Unrouted nets 812 at the end of iteration 32.
    route iteration 32, CPU time elapsed 1.703125 sec.
    forward max bucket size 13026 , backward 500.
        Unrouted nets 810 at the end of iteration 33.
    route iteration 33, CPU time elapsed 1.703125 sec.
    forward max bucket size 9769 , backward 418.
        Unrouted nets 823 at the end of iteration 34.
    route iteration 34, CPU time elapsed 1.703125 sec.
    forward max bucket size 10615 , backward 412.
        Unrouted nets 758 at the end of iteration 35.
    route iteration 35, CPU time elapsed 1.453125 sec.
    forward max bucket size 7211 , backward 458.
        Unrouted nets 704 at the end of iteration 36.
    route iteration 36, CPU time elapsed 1.421875 sec.
    forward max bucket size 8313 , backward 466.
        Unrouted nets 683 at the end of iteration 37.
    route iteration 37, CPU time elapsed 1.984375 sec.
    forward max bucket size 14280 , backward 419.
        Unrouted nets 662 at the end of iteration 38.
    route iteration 38, CPU time elapsed 1.281250 sec.
    forward max bucket size 6131 , backward 1083.
        Unrouted nets 604 at the end of iteration 39.
    route iteration 39, CPU time elapsed 1.218750 sec.
    forward max bucket size 7673 , backward 643.
        Unrouted nets 632 at the end of iteration 40.
    route iteration 40, CPU time elapsed 1.328125 sec.
    forward max bucket size 10832 , backward 1215.
        Unrouted nets 583 at the end of iteration 41.
    route iteration 41, CPU time elapsed 1.359375 sec.
    forward max bucket size 6574 , backward 648.
        Unrouted nets 547 at the end of iteration 42.
    route iteration 42, CPU time elapsed 1.140625 sec.
    forward max bucket size 5017 , backward 596.
        Unrouted nets 536 at the end of iteration 43.
    route iteration 43, CPU time elapsed 1.000000 sec.
    forward max bucket size 6087 , backward 669.
        Unrouted nets 541 at the end of iteration 44.
    route iteration 44, CPU time elapsed 0.953125 sec.
    forward max bucket size 7190 , backward 548.
        Unrouted nets 565 at the end of iteration 45.
    route iteration 45, CPU time elapsed 1.109375 sec.
    forward max bucket size 8587 , backward 458.
        Unrouted nets 560 at the end of iteration 46.
    route iteration 46, CPU time elapsed 1.140625 sec.
    forward max bucket size 9151 , backward 874.
        Unrouted nets 526 at the end of iteration 47.
    route iteration 47, CPU time elapsed 1.125000 sec.
    forward max bucket size 9638 , backward 407.
        Unrouted nets 505 at the end of iteration 48.
    route iteration 48, CPU time elapsed 1.218750 sec.
    forward max bucket size 8508 , backward 577.
        Unrouted nets 495 at the end of iteration 49.
    route iteration 49, CPU time elapsed 1.265625 sec.
    forward max bucket size 7698 , backward 499.
        Unrouted nets 469 at the end of iteration 50.
    route iteration 50, CPU time elapsed 1.203125 sec.
    forward max bucket size 6652 , backward 1150.
        Unrouted nets 442 at the end of iteration 51.
    route iteration 51, CPU time elapsed 1.000000 sec.
    forward max bucket size 4965 , backward 930.
        Unrouted nets 406 at the end of iteration 52.
    route iteration 52, CPU time elapsed 0.875000 sec.
    forward max bucket size 7940 , backward 877.
        Unrouted nets 368 at the end of iteration 53.
    route iteration 53, CPU time elapsed 0.890625 sec.
    forward max bucket size 8386 , backward 635.
        Unrouted nets 385 at the end of iteration 54.
    route iteration 54, CPU time elapsed 1.031250 sec.
    forward max bucket size 7809 , backward 425.
        Unrouted nets 331 at the end of iteration 55.
    route iteration 55, CPU time elapsed 1.515625 sec.
    forward max bucket size 6665 , backward 746.
        Unrouted nets 361 at the end of iteration 56.
    route iteration 56, CPU time elapsed 0.781250 sec.
    forward max bucket size 8035 , backward 670.
        Unrouted nets 378 at the end of iteration 57.
    route iteration 57, CPU time elapsed 0.890625 sec.
    forward max bucket size 8291 , backward 708.
        Unrouted nets 387 at the end of iteration 58.
    route iteration 58, CPU time elapsed 0.859375 sec.
    forward max bucket size 12008 , backward 456.
        Unrouted nets 358 at the end of iteration 59.
    route iteration 59, CPU time elapsed 1.093750 sec.
    forward max bucket size 9622 , backward 472.
        Unrouted nets 333 at the end of iteration 60.
    route iteration 60, CPU time elapsed 1.000000 sec.
    forward max bucket size 6993 , backward 546.
        Unrouted nets 339 at the end of iteration 61.
    route iteration 61, CPU time elapsed 0.859375 sec.
    forward max bucket size 7871 , backward 821.
        Unrouted nets 329 at the end of iteration 62.
    route iteration 62, CPU time elapsed 1.562500 sec.
    forward max bucket size 10312 , backward 620.
        Unrouted nets 353 at the end of iteration 63.
    route iteration 63, CPU time elapsed 0.937500 sec.
    forward max bucket size 6008 , backward 450.
        Unrouted nets 317 at the end of iteration 64.
    route iteration 64, CPU time elapsed 0.812500 sec.
    forward max bucket size 8216 , backward 843.
        Unrouted nets 316 at the end of iteration 65.
    route iteration 65, CPU time elapsed 0.796875 sec.
    forward max bucket size 5072 , backward 310.
        Unrouted nets 322 at the end of iteration 66.
    route iteration 66, CPU time elapsed 0.750000 sec.
    forward max bucket size 4916 , backward 476.
        Unrouted nets 289 at the end of iteration 67.
    route iteration 67, CPU time elapsed 0.671875 sec.
    forward max bucket size 3991 , backward 440.
        Unrouted nets 264 at the end of iteration 68.
    route iteration 68, CPU time elapsed 0.609375 sec.
    forward max bucket size 6520 , backward 442.
        Unrouted nets 246 at the end of iteration 69.
    route iteration 69, CPU time elapsed 0.515625 sec.
    forward max bucket size 5434 , backward 614.
        Unrouted nets 237 at the end of iteration 70.
    route iteration 70, CPU time elapsed 0.531250 sec.
    forward max bucket size 5314 , backward 465.
        Unrouted nets 242 at the end of iteration 71.
    route iteration 71, CPU time elapsed 0.500000 sec.
    forward max bucket size 11354 , backward 409.
        Unrouted nets 214 at the end of iteration 72.
    route iteration 72, CPU time elapsed 0.531250 sec.
    forward max bucket size 6487 , backward 421.
        Unrouted nets 207 at the end of iteration 73.
    route iteration 73, CPU time elapsed 0.437500 sec.
    forward max bucket size 8016 , backward 265.
        Unrouted nets 188 at the end of iteration 74.
    route iteration 74, CPU time elapsed 0.578125 sec.
    forward max bucket size 5611 , backward 618.
        Unrouted nets 189 at the end of iteration 75.
    route iteration 75, CPU time elapsed 0.562500 sec.
    forward max bucket size 9261 , backward 590.
        Unrouted nets 198 at the end of iteration 76.
    route iteration 76, CPU time elapsed 0.546875 sec.
    forward max bucket size 10954 , backward 584.
        Unrouted nets 189 at the end of iteration 77.
    route iteration 77, CPU time elapsed 0.531250 sec.
    forward max bucket size 7782 , backward 339.
        Unrouted nets 156 at the end of iteration 78.
    route iteration 78, CPU time elapsed 0.437500 sec.
    forward max bucket size 4742 , backward 619.
        Unrouted nets 156 at the end of iteration 79.
    route iteration 79, CPU time elapsed 0.421875 sec.
    forward max bucket size 2318 , backward 391.
        Unrouted nets 137 at the end of iteration 80.
    route iteration 80, CPU time elapsed 0.406250 sec.
    forward max bucket size 2472 , backward 330.
        Unrouted nets 103 at the end of iteration 81.
    route iteration 81, CPU time elapsed 0.359375 sec.
    forward max bucket size 7311 , backward 171.
        Unrouted nets 107 at the end of iteration 82.
    route iteration 82, CPU time elapsed 0.375000 sec.
    forward max bucket size 7707 , backward 361.
        Unrouted nets 119 at the end of iteration 83.
    route iteration 83, CPU time elapsed 0.343750 sec.
    forward max bucket size 5407 , backward 180.
        Unrouted nets 122 at the end of iteration 84.
    route iteration 84, CPU time elapsed 0.406250 sec.
    forward max bucket size 4218 , backward 353.
        Unrouted nets 129 at the end of iteration 85.
    route iteration 85, CPU time elapsed 0.343750 sec.
    forward max bucket size 9012 , backward 421.
        Unrouted nets 113 at the end of iteration 86.
    route iteration 86, CPU time elapsed 0.375000 sec.
    forward max bucket size 6115 , backward 209.
        Unrouted nets 100 at the end of iteration 87.
    route iteration 87, CPU time elapsed 0.343750 sec.
    forward max bucket size 6264 , backward 215.
        Unrouted nets 120 at the end of iteration 88.
    route iteration 88, CPU time elapsed 0.375000 sec.
    forward max bucket size 4766 , backward 409.
        Unrouted nets 112 at the end of iteration 89.
    route iteration 89, CPU time elapsed 0.328125 sec.
    forward max bucket size 6698 , backward 596.
        Unrouted nets 99 at the end of iteration 90.
    route iteration 90, CPU time elapsed 0.343750 sec.
    forward max bucket size 4473 , backward 221.
        Unrouted nets 113 at the end of iteration 91.
    route iteration 91, CPU time elapsed 0.296875 sec.
    forward max bucket size 8078 , backward 232.
        Unrouted nets 112 at the end of iteration 92.
    route iteration 92, CPU time elapsed 0.359375 sec.
    forward max bucket size 3045 , backward 256.
        Unrouted nets 127 at the end of iteration 93.
    route iteration 93, CPU time elapsed 0.421875 sec.
    forward max bucket size 9351 , backward 134.
        Unrouted nets 127 at the end of iteration 94.
    route iteration 94, CPU time elapsed 0.453125 sec.
    forward max bucket size 4448 , backward 114.
        Unrouted nets 118 at the end of iteration 95.
    route iteration 95, CPU time elapsed 0.375000 sec.
    forward max bucket size 5601 , backward 362.
        Unrouted nets 107 at the end of iteration 96.
    route iteration 96, CPU time elapsed 0.359375 sec.
    forward max bucket size 4627 , backward 174.
        Unrouted nets 85 at the end of iteration 97.
    route iteration 97, CPU time elapsed 0.328125 sec.
    forward max bucket size 3188 , backward 168.
        Unrouted nets 70 at the end of iteration 98.
    route iteration 98, CPU time elapsed 0.296875 sec.
    forward max bucket size 3259 , backward 144.
        Unrouted nets 67 at the end of iteration 99.
    route iteration 99, CPU time elapsed 0.265625 sec.
    forward max bucket size 10139 , backward 149.
        Unrouted nets 62 at the end of iteration 100.
    route iteration 100, CPU time elapsed 0.375000 sec.
    forward max bucket size 11793 , backward 374.
        Unrouted nets 63 at the end of iteration 101.
    route iteration 101, CPU time elapsed 0.390625 sec.
    forward max bucket size 13175 , backward 137.
        Unrouted nets 68 at the end of iteration 102.
    route iteration 102, CPU time elapsed 0.390625 sec.
    forward max bucket size 8561 , backward 123.
        Unrouted nets 64 at the end of iteration 103.
    route iteration 103, CPU time elapsed 0.265625 sec.
    forward max bucket size 10461 , backward 364.
        Unrouted nets 70 at the end of iteration 104.
    route iteration 104, CPU time elapsed 0.359375 sec.
    forward max bucket size 11721 , backward 316.
        Unrouted nets 74 at the end of iteration 105.
    route iteration 105, CPU time elapsed 0.406250 sec.
    forward max bucket size 4558 , backward 311.
        Unrouted nets 70 at the end of iteration 106.
    route iteration 106, CPU time elapsed 0.281250 sec.
    forward max bucket size 14128 , backward 265.
        Unrouted nets 76 at the end of iteration 107.
    route iteration 107, CPU time elapsed 0.390625 sec.
    forward max bucket size 14424 , backward 274.
        Unrouted nets 75 at the end of iteration 108.
    route iteration 108, CPU time elapsed 0.437500 sec.
    forward max bucket size 15415 , backward 316.
        Unrouted nets 68 at the end of iteration 109.
    route iteration 109, CPU time elapsed 0.375000 sec.
    forward max bucket size 15814 , backward 480.
        Unrouted nets 71 at the end of iteration 110.
    route iteration 110, CPU time elapsed 0.375000 sec.
    forward max bucket size 9866 , backward 355.
        Unrouted nets 82 at the end of iteration 111.
    route iteration 111, CPU time elapsed 0.359375 sec.
    forward max bucket size 7692 , backward 366.
        Unrouted nets 78 at the end of iteration 112.
    route iteration 112, CPU time elapsed 0.296875 sec.
    forward max bucket size 8179 , backward 292.
        Unrouted nets 67 at the end of iteration 113.
    route iteration 113, CPU time elapsed 0.406250 sec.
    forward max bucket size 5797 , backward 311.
        Unrouted nets 68 at the end of iteration 114.
    route iteration 114, CPU time elapsed 0.296875 sec.
    forward max bucket size 3164 , backward 347.
        Unrouted nets 59 at the end of iteration 115.
    route iteration 115, CPU time elapsed 0.250000 sec.
    forward max bucket size 1607 , backward 335.
        Unrouted nets 70 at the end of iteration 116.
    route iteration 116, CPU time elapsed 0.281250 sec.
    forward max bucket size 3012 , backward 86.
        Unrouted nets 56 at the end of iteration 117.
    route iteration 117, CPU time elapsed 0.265625 sec.
    forward max bucket size 3653 , backward 163.
        Unrouted nets 70 at the end of iteration 118.
    route iteration 118, CPU time elapsed 0.281250 sec.
    forward max bucket size 4138 , backward 121.
        Unrouted nets 71 at the end of iteration 119.
    route iteration 119, CPU time elapsed 0.281250 sec.
    forward max bucket size 3242 , backward 124.
        Unrouted nets 81 at the end of iteration 120.
    route iteration 120, CPU time elapsed 0.281250 sec.
    forward max bucket size 4282 , backward 170.
        Unrouted nets 76 at the end of iteration 121.
    route iteration 121, CPU time elapsed 0.343750 sec.
    forward max bucket size 4334 , backward 681.
        Unrouted nets 89 at the end of iteration 122.
    route iteration 122, CPU time elapsed 0.328125 sec.
    forward max bucket size 6457 , backward 187.
        Unrouted nets 83 at the end of iteration 123.
    route iteration 123, CPU time elapsed 0.312500 sec.
    forward max bucket size 8973 , backward 202.
        Unrouted nets 79 at the end of iteration 124.
    route iteration 124, CPU time elapsed 0.312500 sec.
    forward max bucket size 14028 , backward 303.
        Unrouted nets 71 at the end of iteration 125.
    route iteration 125, CPU time elapsed 0.328125 sec.
    forward max bucket size 2900 , backward 100.
        Unrouted nets 80 at the end of iteration 126.
    route iteration 126, CPU time elapsed 0.250000 sec.
    forward max bucket size 2958 , backward 579.
        Unrouted nets 74 at the end of iteration 127.
    route iteration 127, CPU time elapsed 0.312500 sec.
    forward max bucket size 8096 , backward 241.
        Unrouted nets 80 at the end of iteration 128.
    route iteration 128, CPU time elapsed 0.343750 sec.
    forward max bucket size 3876 , backward 179.
        Unrouted nets 86 at the end of iteration 129.
    route iteration 129, CPU time elapsed 0.328125 sec.
    forward max bucket size 2779 , backward 185.
        Unrouted nets 83 at the end of iteration 130.
    route iteration 130, CPU time elapsed 0.296875 sec.
    forward max bucket size 2828 , backward 387.
        Unrouted nets 91 at the end of iteration 131.
    route iteration 131, CPU time elapsed 0.312500 sec.
    forward max bucket size 4432 , backward 429.
        Unrouted nets 100 at the end of iteration 132.
    route iteration 132, CPU time elapsed 0.328125 sec.
    forward max bucket size 2225 , backward 238.
        Unrouted nets 98 at the end of iteration 133.
    route iteration 133, CPU time elapsed 0.312500 sec.
    forward max bucket size 10350 , backward 109.
        Unrouted nets 95 at the end of iteration 134.
    route iteration 134, CPU time elapsed 0.375000 sec.
    forward max bucket size 13034 , backward 614.
        Unrouted nets 93 at the end of iteration 135.
    route iteration 135, CPU time elapsed 0.500000 sec.
    forward max bucket size 9066 , backward 263.
        Unrouted nets 86 at the end of iteration 136.
    route iteration 136, CPU time elapsed 0.437500 sec.
    forward max bucket size 7597 , backward 100.
        Unrouted nets 72 at the end of iteration 137.
    route iteration 137, CPU time elapsed 0.281250 sec.
    forward max bucket size 9973 , backward 243.
        Unrouted nets 72 at the end of iteration 138.
    route iteration 138, CPU time elapsed 0.406250 sec.
    forward max bucket size 3494 , backward 203.
        Unrouted nets 79 at the end of iteration 139.
    route iteration 139, CPU time elapsed 0.359375 sec.
    forward max bucket size 5383 , backward 270.
        Unrouted nets 76 at the end of iteration 140.
    route iteration 140, CPU time elapsed 0.296875 sec.
    forward max bucket size 5361 , backward 295.
        Unrouted nets 80 at the end of iteration 141.
    route iteration 141, CPU time elapsed 0.328125 sec.
    forward max bucket size 11295 , backward 754.
        Unrouted nets 67 at the end of iteration 142.
    route iteration 142, CPU time elapsed 0.406250 sec.
    forward max bucket size 1958 , backward 166.
        Unrouted nets 88 at the end of iteration 143.
    route iteration 143, CPU time elapsed 0.312500 sec.
    forward max bucket size 3460 , backward 371.
        Unrouted nets 88 at the end of iteration 144.
    route iteration 144, CPU time elapsed 0.328125 sec.
    forward max bucket size 4654 , backward 411.
        Unrouted nets 94 at the end of iteration 145.
    route iteration 145, CPU time elapsed 0.296875 sec.
    forward max bucket size 6220 , backward 530.
        Unrouted nets 70 at the end of iteration 146.
    route iteration 146, CPU time elapsed 0.296875 sec.
    forward max bucket size 2394 , backward 984.
        Unrouted nets 84 at the end of iteration 147.
    route iteration 147, CPU time elapsed 0.296875 sec.
    forward max bucket size 3228 , backward 1191.
        Unrouted nets 94 at the end of iteration 148.
    route iteration 148, CPU time elapsed 0.296875 sec.
    forward max bucket size 2281 , backward 813.
        Unrouted nets 67 at the end of iteration 149.
    route iteration 149, CPU time elapsed 0.296875 sec.
    forward max bucket size 5512 , backward 1981.
        Unrouted nets 74 at the end of iteration 150.
    route iteration 150, CPU time elapsed 0.312500 sec.
    forward max bucket size 6818 , backward 2109.
        Unrouted nets 66 at the end of iteration 151.
    route iteration 151, CPU time elapsed 0.359375 sec.
    forward max bucket size 4617 , backward 275.
        Unrouted nets 67 at the end of iteration 152.
    route iteration 152, CPU time elapsed 0.296875 sec.
    forward max bucket size 4355 , backward 2172.
        Unrouted nets 65 at the end of iteration 153.
    route iteration 153, CPU time elapsed 0.312500 sec.
    forward max bucket size 904 , backward 177.
        Unrouted nets 50 at the end of iteration 154.
    route iteration 154, CPU time elapsed 0.250000 sec.
    forward max bucket size 1675 , backward 372.
        Unrouted nets 58 at the end of iteration 155.
    route iteration 155, CPU time elapsed 0.250000 sec.
    forward max bucket size 1052 , backward 265.
        Unrouted nets 47 at the end of iteration 156.
    route iteration 156, CPU time elapsed 0.234375 sec.
    forward max bucket size 1350 , backward 413.
        Unrouted nets 46 at the end of iteration 157.
    route iteration 157, CPU time elapsed 0.234375 sec.
    forward max bucket size 2212 , backward 337.
        Unrouted nets 43 at the end of iteration 158.
    route iteration 158, CPU time elapsed 0.218750 sec.
    forward max bucket size 738 , backward 189.
        Unrouted nets 43 at the end of iteration 159.
    route iteration 159, CPU time elapsed 0.203125 sec.
    forward max bucket size 1567 , backward 239.
        Unrouted nets 29 at the end of iteration 160.
    route iteration 160, CPU time elapsed 0.203125 sec.
    forward max bucket size 1764 , backward 59.
        Unrouted nets 34 at the end of iteration 161.
    route iteration 161, CPU time elapsed 0.203125 sec.
    forward max bucket size 622 , backward 1044.
        Unrouted nets 29 at the end of iteration 162.
    route iteration 162, CPU time elapsed 0.203125 sec.
    forward max bucket size 1115 , backward 1468.
        Unrouted nets 26 at the end of iteration 163.
    route iteration 163, CPU time elapsed 0.218750 sec.
    forward max bucket size 917 , backward 1558.
        Unrouted nets 33 at the end of iteration 164.
    route iteration 164, CPU time elapsed 0.234375 sec.
    forward max bucket size 235 , backward 311.
        Unrouted nets 27 at the end of iteration 165.
    route iteration 165, CPU time elapsed 0.203125 sec.
    forward max bucket size 1816 , backward 83.
        Unrouted nets 25 at the end of iteration 166.
    route iteration 166, CPU time elapsed 0.187500 sec.
    forward max bucket size 1455 , backward 189.
        Unrouted nets 25 at the end of iteration 167.
    route iteration 167, CPU time elapsed 0.218750 sec.
    forward max bucket size 1543 , backward 420.
        Unrouted nets 24 at the end of iteration 168.
    route iteration 168, CPU time elapsed 0.203125 sec.
    forward max bucket size 5048 , backward 231.
        Unrouted nets 37 at the end of iteration 169.
    route iteration 169, CPU time elapsed 0.250000 sec.
    forward max bucket size 5869 , backward 87.
        Unrouted nets 28 at the end of iteration 170.
    route iteration 170, CPU time elapsed 0.250000 sec.
    forward max bucket size 3642 , backward 50.
        Unrouted nets 24 at the end of iteration 171.
    route iteration 171, CPU time elapsed 0.203125 sec.
    forward max bucket size 4070 , backward 79.
        Unrouted nets 32 at the end of iteration 172.
    route iteration 172, CPU time elapsed 0.218750 sec.
    forward max bucket size 721 , backward 226.
        Unrouted nets 24 at the end of iteration 173.
    route iteration 173, CPU time elapsed 0.234375 sec.
    forward max bucket size 4647 , backward 484.
        Unrouted nets 14 at the end of iteration 174.
    route iteration 174, CPU time elapsed 0.218750 sec.
    forward max bucket size 4367 , backward 337.
        Unrouted nets 13 at the end of iteration 175.
    route iteration 175, CPU time elapsed 0.203125 sec.
    forward max bucket size 940 , backward 55.
        Unrouted nets 8 at the end of iteration 176.
    route iteration 176, CPU time elapsed 0.171875 sec.
    forward max bucket size 291 , backward 34.
        Unrouted nets 9 at the end of iteration 177.
    route iteration 177, CPU time elapsed 0.171875 sec.
    forward max bucket size 30 , backward 27.
        Unrouted nets 6 at the end of iteration 178.
    route iteration 178, CPU time elapsed 0.171875 sec.
    forward max bucket size 703 , backward 56.
        Unrouted nets 7 at the end of iteration 179.
    route iteration 179, CPU time elapsed 0.187500 sec.
    forward max bucket size 1089 , backward 75.
        Unrouted nets 6 at the end of iteration 180.
    route iteration 180, CPU time elapsed 0.187500 sec.
    forward max bucket size 1653 , backward 27.
        Unrouted nets 4 at the end of iteration 181.
    route iteration 181, CPU time elapsed 0.187500 sec.
    forward max bucket size 292 , backward 28.
        Unrouted nets 4 at the end of iteration 182.
    route iteration 182, CPU time elapsed 0.171875 sec.
    forward max bucket size 535 , backward 29.
        Unrouted nets 4 at the end of iteration 183.
    route iteration 183, CPU time elapsed 0.171875 sec.
    forward max bucket size 47 , backward 29.
        Unrouted nets 5 at the end of iteration 184.
    route iteration 184, CPU time elapsed 0.171875 sec.
    forward max bucket size 34 , backward 14.
        Unrouted nets 2 at the end of iteration 185.
    route iteration 185, CPU time elapsed 0.171875 sec.
    forward max bucket size 41 , backward 29.
        Unrouted nets 2 at the end of iteration 186.
    route iteration 186, CPU time elapsed 0.171875 sec.
    forward max bucket size 2360 , backward 30.
        Unrouted nets 2 at the end of iteration 187.
    route iteration 187, CPU time elapsed 0.171875 sec.
    forward max bucket size 319 , backward 30.
        Unrouted nets 2 at the end of iteration 188.
    route iteration 188, CPU time elapsed 0.171875 sec.
    forward max bucket size 45 , backward 41.
        Unrouted nets 2 at the end of iteration 189.
    route iteration 189, CPU time elapsed 0.171875 sec.
    forward max bucket size 16 , backward 14.
        Unrouted nets 2 at the end of iteration 190.
    route iteration 190, CPU time elapsed 0.171875 sec.
    forward max bucket size 16 , backward 41.
        Unrouted nets 2 at the end of iteration 191.
    route iteration 191, CPU time elapsed 0.156250 sec.
    forward max bucket size 16 , backward 74.
        Unrouted nets 0 at the end of iteration 192.
    route iteration 192, CPU time elapsed 0.171875 sec.
C: Route-2036: The clock path from ex_clk_50m_ibuf/opit_1:OUT to u_DDR3/u_pll_50_400/u_pll_e1/goppll:CLKIN1 is routed by SRB.
Detailed routing takes 208.42 sec.
Fix violation Finished.
Hold Violation Fix in router takes 434.53 sec.

Dispose routing result:
    Collect routing result.
    Delete unused device instances.
    Annotate routing result.
    Change LUT configuration.
    Dispose misc instances.
I: Route-6001: Insert route through in CLMA_106_28.
I: Route-6001: Insert route through in CLMS_26_9.
I: Route-6001: Insert route through in CLMS_126_305.
I: Route-6001: Insert route through in CLMS_86_149.
I: Route-6001: Insert route through in CLMA_50_73.
I: Route-6001: Insert route through in CLMS_66_157.
I: Route-6001: Insert route through in CLMA_78_176.
I: Route-6001: Insert route through in CLMA_70_152.
I: Route-6001: Insert route through in CLMS_54_129.
I: Route-6001: Insert route through in CLMS_10_213.
I: Route-6001: Insert route through in CLMA_78_252.
I: Route-6001: Insert route through in CLMA_42_28.
I: Route-6001: Insert route through in CLMA_14_217.
I: Route-6001: Insert route through in CLMA_14_196.
I: Route-6001: Insert route through in CLMS_114_329.
I: Route-6001: Insert route through in CLMA_98_220.
I: Route-6001: Insert route through in CLMS_114_341.
I: Route-6001: Insert route through in CLMS_86_77.
I: Route-6001: Insert route through in CLMA_42_112.
I: Route-6001: Insert route through in CLMS_38_201.
I: Route-6001: Insert route through in CLMA_18_300.
I: Route-6001: Insert route through in CLMA_50_97.
I: Route-6001: Insert route through in CLMA_50_72.
I: Route-6001: Insert route through in CLMS_38_289.
I: Route-6001: Insert route through in CLMA_70_217.
I: Route-6001: Insert route through in CLMA_90_201.
I: Route-6001: Insert route through in CLMA_90_168.
I: Route-6001: Insert route through in CLMA_90_168.
I: Route-6001: Insert route through in CLMA_98_160.
I: Route-6001: Insert route through in CLMS_78_161.
I: Route-6001: Insert route through in CLMA_46_164.
I: Route-6001: Insert route through in CLMS_54_129.
I: Route-6001: Insert route through in CLMA_90_113.
I: Route-6001: Insert route through in CLMA_22_212.
I: Route-6001: Insert route through in CLMS_54_157.
I: Route-6001: Insert route through in CLMA_50_117.
I: Route-6001: Insert route through in CLMS_54_137.
I: Route-6001: Insert route through in CLMS_54_137.
I: Route-6001: Insert route through in CLMS_86_157.
I: Route-6001: Insert route through in CLMS_126_201.
I: Route-6001: Insert route through in CLMA_86_56.
I: Route-6001: Insert route through in CLMS_66_145.
I: Route-6001: Insert route through in CLMA_102_64.
I: Route-6001: Insert route through in CLMA_22_212.
I: Route-6001: Insert route through in CLMA_102_268.
I: Route-6001: Insert route through in CLMA_98_136.
I: Route-6001: Insert route through in CLMA_42_52.
I: Route-6001: Insert route through in CLMA_50_117.
I: Route-6001: Insert route through in CLMS_46_165.
I: Route-6001: Insert route through in CLMS_46_165.
I: Route-6001: Insert route through in CLMS_46_169.
I: Route-6001: Insert route through in CLMA_50_237.
I: Route-6001: Insert route through in CLMA_42_116.
I: Route-6001: Insert route through in CLMA_106_129.
I: Route-6001: Insert route through in CLMA_58_112.
I: Route-6001: Insert route through in CLMA_70_204.
I: Route-6001: Insert route through in CLMA_102_180.
I: Route-6001: Insert route through in CLMA_46_168.
I: Route-6001: Insert route through in CLMA_46_168.
I: Route-6001: Insert route through in CLMA_90_149.
I: Route-6001: Insert route through in CLMA_86_200.
I: Route-6001: Insert route through in CLMA_70_204.
I: Route-6001: Insert route through in CLMA_134_296.
I: Route-6001: Insert route through in CLMS_66_157.
I: Route-6001: Insert route through in CLMS_46_161.
I: Route-6001: Insert route through in CLMA_66_204.
I: Route-6001: Insert route through in CLMA_50_120.
I: Route-6001: Insert route through in CLMS_66_165.
I: Route-6001: Insert route through in CLMA_70_220.
I: Route-6001: Insert route through in CLMA_70_220.
I: Route-6001: Insert route through in CLMS_26_197.
I: Route-6001: Insert route through in CLMA_102_180.
I: Route-6001: Insert route through in CLMA_102_228.
I: Route-6001: Insert route through in USCM_74_133.
I: Route-6001: Insert route through in USCM_74_113.
I: Route-6001: Insert route through in USCM_74_109.
I: Route-6001: Insert route through in USCM_74_108.
I: Route-6001: Insert route through in USCM_74_111.
I: Route-6001: Insert route through in RCKB_151_186.
I: Route-6001: Insert route through in RCKB_151_184.
I: Route-6001: Insert route through in RCKB_7_184.
I: Route-6001: Insert route through in RCKB_7_60.
I: Route-6001: Insert route through in RCKB_7_186.
I: Route-6001: Insert route through in RCKB_7_62.
    Annotate routing result again.
Finish routing takes 3.97 sec.
No timing paths have hold violation.
Hold fix iterated 0 times
Hold violation fix takes 8.31 sec.
Used srb routing arc is 148416.
Cleanup routing takes 0.08 sec.
Routing done.
Total routing takes 665.03 sec.


Device Utilization Summary :
+----------------------------------------------------------------------------+
| Logic Utilization        | Used     | Available     | Utilization(%)     
+----------------------------------------------------------------------------+
| Use of ADC               | 0        | 1             | 0                   
| Use of APM               | 3        | 30            | 10                  
| Use of BKCL              | 6        | 6             | 100                 
| Use of CLMA              | 2235     | 3274          | 68                  
|   FF                     | 3482     | 19644         | 18                  
|   LUT                    | 5949     | 13096         | 45                  
|   LUT-FF pairs           | 2020     | 13096         | 15                  
| Use of CLMS              | 746      | 1110          | 67                  
|   FF                     | 1109     | 6660          | 17                  
|   LUT                    | 1888     | 4440          | 43                  
|   LUT-FF pairs           | 592      | 4440          | 13                  
|   Distributed RAM        | 96       | 4440          | 2                   
| Use of CRYSTAL           | 0        | 6             | 0                   
| Use of DLL               | 2        | 6             | 33                  
| Use of DQSL              | 5        | 18            | 28                  
| Use of DRM               | 21       | 48            | 44                  
| Use of FLSIF             | 0        | 1             | 0                   
| Use of FUSECODE          | 0        | 1             | 0                   
| Use of HARD0N1           | 0        | 2745          | 0                   
| Use of HMEMC             | 1        | 2             | 50                  
| Use of IO                | 86       | 240           | 36                  
|   IOBD                   | 41       | 120           | 34                  
|   IOBR                   | 1        | 6             | 17                  
|   IOBS                   | 44       | 114           | 39                  
| Use of IOCKDIV           | 1        | 12            | 8                   
| Use of IOCKDLY           | 1        | 24            | 4                   
| Use of IOCKGATE          | 2        | 12            | 17                  
| Use of IOCKGMUX_TEST     | 0        | 12            | 0                   
| Use of IOL               | 86       | 240           | 36                  
| Use of IPAL              | 0        | 1             | 0                   
| Use of MFG_TEST          | 0        | 1             | 0                   
| Use of OSC               | 0        | 1             | 0                   
| Use of PLL               | 1        | 6             | 17                  
| Use of PREGMUX_TEST      | 0        | 6             | 0                   
| Use of RCKB              | 6        | 24            | 25                  
| Use of RCKBMUX_TEST      | 0        | 12            | 0                   
| Use of RESCAL            | 0        | 6             | 0                   
| Use of SCANCHAIN         | 0        | 4             | 0                   
| Use of START             | 1        | 1             | 100                 
| Use of UDID              | 0        | 1             | 0                   
| Use of USCM              | 9        | 20            | 45                  
| Use of USCMMUX_TEST      | 0        | 20            | 0                   
| Use of VCKBMUX_TEST      | 0        | 12            | 0                   
+----------------------------------------------------------------------------+

Finished routing. (CPU time elapsed 0h:14m:16s)
Design 'm1_soc_top' has been placed and routed successfully.
Saving design to DB.
Action pnr: Real time elapsed is 865.000 sec
Action pnr: CPU time elapsed is 860.859 sec
Current time: Mon Mar 29 23:47:41 2021
Action pnr: Peak memory pool usage is 1,096,663,040 bytes
Finished placement and routing. (CPU time elapsed 0h:14m:16s)
