#Build: Fabric Compiler 2020.3-SP3.1, Build 67625, Jan 05 04:16 2021
#Install: C:\pango\PDS_2020.3-SP3.1-ads\bin
#Application name: pds_shell.exe
#OS: Windows 7 6.1.7600
#Hostname: LAPTOP-33JRCVKD
Generated by Fabric Compiler (version 2020.3-SP3.1 build 67625) at Mon Mar 29 22:54:16 2021
Compiling verification operator library.
Compiling common defs.
Compiling prim grid devices.
Compiling gate devices.
Compiling gate operators.
Building architecture model.
Loading device packaging model 'MBG324'.
I: dp_step_length: 4 != def: 1
Starting placement and routing flow. (CPU time elapsed 0h:00m:00s)
Reading design from devmap DB.
Building architecture floorplan logic view.
Executing : apply_constraint -f C:/Users/yangl/Documents/IC_competition/arm/M1_PGL22G_RTOS/PDS_project/pnr/device_map/m1_soc_top.pcf
Executing : def_port i2c0_sck -LOC A15 -IOSTANDARD LVCMOS33 -VCCIO 3.3 -BUS_KEEPER PULLUP
C: ConstraintEditor-2006: [C:/Users/yangl/Documents/IC_competition/arm/M1_PGL22G_RTOS/PDS_project/pnr/device_map/m1_soc_top.pcf] Port i2c0_sck lack of drive, output port and inout port had better set drive value, the default value is 4.
C: ConstraintEditor-2007: [C:/Users/yangl/Documents/IC_competition/arm/M1_PGL22G_RTOS/PDS_project/pnr/device_map/m1_soc_top.pcf] Port i2c0_sck lack of slew, output port and inout port had better set slew value, the default value is SLOW.
Executing : def_port i2c0_sck -LOC A15 -IOSTANDARD LVCMOS33 -VCCIO 3.3 -BUS_KEEPER PULLUP successfully.
Executing : def_port i2c0_sda -LOC B15 -IOSTANDARD LVCMOS33 -VCCIO 3.3 -BUS_KEEPER PULLUP
C: ConstraintEditor-2006: [C:/Users/yangl/Documents/IC_competition/arm/M1_PGL22G_RTOS/PDS_project/pnr/device_map/m1_soc_top.pcf] Port i2c0_sda lack of drive, output port and inout port had better set drive value, the default value is 4.
C: ConstraintEditor-2007: [C:/Users/yangl/Documents/IC_competition/arm/M1_PGL22G_RTOS/PDS_project/pnr/device_map/m1_soc_top.pcf] Port i2c0_sda lack of slew, output port and inout port had better set slew value, the default value is SLOW.
Executing : def_port i2c0_sda -LOC B15 -IOSTANDARD LVCMOS33 -VCCIO 3.3 -BUS_KEEPER PULLUP successfully.
Executing : def_port {pad_dq_ch0[0]} -LOC T8 -IOSTANDARD SSTL15_I -VCCIO 1.5 -BUS_KEEPER UNUSED -VREF_MODE IN -VREF_MODE_VALUE 0.5 -DDR_TERM_MODE ON -DRIVE 7.5 -SLEW FAST
Executing : def_port {pad_dq_ch0[0]} -LOC T8 -IOSTANDARD SSTL15_I -VCCIO 1.5 -BUS_KEEPER UNUSED -VREF_MODE IN -VREF_MODE_VALUE 0.5 -DDR_TERM_MODE ON -DRIVE 7.5 -SLEW FAST successfully.
Executing : def_port {pad_dq_ch0[1]} -LOC T6 -IOSTANDARD SSTL15_I -VCCIO 1.5 -BUS_KEEPER UNUSED -VREF_MODE IN -VREF_MODE_VALUE 0.5 -DDR_TERM_MODE ON -DRIVE 7.5 -SLEW FAST
Executing : def_port {pad_dq_ch0[1]} -LOC T6 -IOSTANDARD SSTL15_I -VCCIO 1.5 -BUS_KEEPER UNUSED -VREF_MODE IN -VREF_MODE_VALUE 0.5 -DDR_TERM_MODE ON -DRIVE 7.5 -SLEW FAST successfully.
Executing : def_port {pad_dq_ch0[2]} -LOC R6 -IOSTANDARD SSTL15_I -VCCIO 1.5 -BUS_KEEPER UNUSED -VREF_MODE IN -VREF_MODE_VALUE 0.5 -DDR_TERM_MODE ON -DRIVE 7.5 -SLEW FAST
Executing : def_port {pad_dq_ch0[2]} -LOC R6 -IOSTANDARD SSTL15_I -VCCIO 1.5 -BUS_KEEPER UNUSED -VREF_MODE IN -VREF_MODE_VALUE 0.5 -DDR_TERM_MODE ON -DRIVE 7.5 -SLEW FAST successfully.
Executing : def_port {pad_dq_ch0[3]} -LOC R9 -IOSTANDARD SSTL15_I -VCCIO 1.5 -BUS_KEEPER UNUSED -VREF_MODE IN -VREF_MODE_VALUE 0.5 -DDR_TERM_MODE ON -DRIVE 7.5 -SLEW FAST
Executing : def_port {pad_dq_ch0[3]} -LOC R9 -IOSTANDARD SSTL15_I -VCCIO 1.5 -BUS_KEEPER UNUSED -VREF_MODE IN -VREF_MODE_VALUE 0.5 -DDR_TERM_MODE ON -DRIVE 7.5 -SLEW FAST successfully.
Executing : def_port {pad_dq_ch0[4]} -LOC T9 -IOSTANDARD SSTL15_I -VCCIO 1.5 -BUS_KEEPER UNUSED -VREF_MODE IN -VREF_MODE_VALUE 0.5 -DDR_TERM_MODE ON -DRIVE 7.5 -SLEW FAST
Executing : def_port {pad_dq_ch0[4]} -LOC T9 -IOSTANDARD SSTL15_I -VCCIO 1.5 -BUS_KEEPER UNUSED -VREF_MODE IN -VREF_MODE_VALUE 0.5 -DDR_TERM_MODE ON -DRIVE 7.5 -SLEW FAST successfully.
Executing : def_port {pad_dq_ch0[5]} -LOC N4 -IOSTANDARD SSTL15_I -VCCIO 1.5 -BUS_KEEPER UNUSED -VREF_MODE IN -VREF_MODE_VALUE 0.5 -DDR_TERM_MODE ON -DRIVE 7.5 -SLEW FAST
Executing : def_port {pad_dq_ch0[5]} -LOC N4 -IOSTANDARD SSTL15_I -VCCIO 1.5 -BUS_KEEPER UNUSED -VREF_MODE IN -VREF_MODE_VALUE 0.5 -DDR_TERM_MODE ON -DRIVE 7.5 -SLEW FAST successfully.
Executing : def_port {pad_dq_ch0[6]} -LOC N5 -IOSTANDARD SSTL15_I -VCCIO 1.5 -BUS_KEEPER UNUSED -VREF_MODE IN -VREF_MODE_VALUE 0.5 -DDR_TERM_MODE ON -DRIVE 7.5 -SLEW FAST
Executing : def_port {pad_dq_ch0[6]} -LOC N5 -IOSTANDARD SSTL15_I -VCCIO 1.5 -BUS_KEEPER UNUSED -VREF_MODE IN -VREF_MODE_VALUE 0.5 -DDR_TERM_MODE ON -DRIVE 7.5 -SLEW FAST successfully.
Executing : def_port {pad_dq_ch0[7]} -LOC P6 -IOSTANDARD SSTL15_I -VCCIO 1.5 -BUS_KEEPER UNUSED -VREF_MODE IN -VREF_MODE_VALUE 0.5 -DDR_TERM_MODE ON -DRIVE 7.5 -SLEW FAST
Executing : def_port {pad_dq_ch0[7]} -LOC P6 -IOSTANDARD SSTL15_I -VCCIO 1.5 -BUS_KEEPER UNUSED -VREF_MODE IN -VREF_MODE_VALUE 0.5 -DDR_TERM_MODE ON -DRIVE 7.5 -SLEW FAST successfully.
Executing : def_port {pad_dq_ch0[8]} -LOC T4 -IOSTANDARD SSTL15_I -VCCIO 1.5 -BUS_KEEPER UNUSED -VREF_MODE IN -VREF_MODE_VALUE 0.5 -DDR_TERM_MODE ON -DRIVE 7.5 -SLEW FAST
Executing : def_port {pad_dq_ch0[8]} -LOC T4 -IOSTANDARD SSTL15_I -VCCIO 1.5 -BUS_KEEPER UNUSED -VREF_MODE IN -VREF_MODE_VALUE 0.5 -DDR_TERM_MODE ON -DRIVE 7.5 -SLEW FAST successfully.
Executing : def_port {pad_dq_ch0[9]} -LOC V9 -IOSTANDARD SSTL15_I -VCCIO 1.5 -BUS_KEEPER UNUSED -VREF_MODE IN -VREF_MODE_VALUE 0.5 -DDR_TERM_MODE ON -DRIVE 7.5 -SLEW FAST
Executing : def_port {pad_dq_ch0[9]} -LOC V9 -IOSTANDARD SSTL15_I -VCCIO 1.5 -BUS_KEEPER UNUSED -VREF_MODE IN -VREF_MODE_VALUE 0.5 -DDR_TERM_MODE ON -DRIVE 7.5 -SLEW FAST successfully.
Executing : def_port {pad_dq_ch0[10]} -LOC U9 -IOSTANDARD SSTL15_I -VCCIO 1.5 -BUS_KEEPER UNUSED -VREF_MODE IN -VREF_MODE_VALUE 0.5 -DDR_TERM_MODE ON -DRIVE 7.5 -SLEW FAST
Executing : def_port {pad_dq_ch0[10]} -LOC U9 -IOSTANDARD SSTL15_I -VCCIO 1.5 -BUS_KEEPER UNUSED -VREF_MODE IN -VREF_MODE_VALUE 0.5 -DDR_TERM_MODE ON -DRIVE 7.5 -SLEW FAST successfully.
Executing : def_port {pad_dq_ch0[11]} -LOC V7 -IOSTANDARD SSTL15_I -VCCIO 1.5 -BUS_KEEPER UNUSED -VREF_MODE IN -VREF_MODE_VALUE 0.5 -DDR_TERM_MODE ON -DRIVE 7.5 -SLEW FAST
Executing : def_port {pad_dq_ch0[11]} -LOC V7 -IOSTANDARD SSTL15_I -VCCIO 1.5 -BUS_KEEPER UNUSED -VREF_MODE IN -VREF_MODE_VALUE 0.5 -DDR_TERM_MODE ON -DRIVE 7.5 -SLEW FAST successfully.
Executing : def_port {pad_dq_ch0[12]} -LOC U7 -IOSTANDARD SSTL15_I -VCCIO 1.5 -BUS_KEEPER UNUSED -VREF_MODE IN -VREF_MODE_VALUE 0.5 -DDR_TERM_MODE ON -DRIVE 7.5 -SLEW FAST
Executing : def_port {pad_dq_ch0[12]} -LOC U7 -IOSTANDARD SSTL15_I -VCCIO 1.5 -BUS_KEEPER UNUSED -VREF_MODE IN -VREF_MODE_VALUE 0.5 -DDR_TERM_MODE ON -DRIVE 7.5 -SLEW FAST successfully.
Executing : def_port {pad_dq_ch0[13]} -LOC V6 -IOSTANDARD SSTL15_I -VCCIO 1.5 -BUS_KEEPER UNUSED -VREF_MODE IN -VREF_MODE_VALUE 0.5 -DDR_TERM_MODE ON -DRIVE 7.5 -SLEW FAST
Executing : def_port {pad_dq_ch0[13]} -LOC V6 -IOSTANDARD SSTL15_I -VCCIO 1.5 -BUS_KEEPER UNUSED -VREF_MODE IN -VREF_MODE_VALUE 0.5 -DDR_TERM_MODE ON -DRIVE 7.5 -SLEW FAST successfully.
Executing : def_port {pad_dq_ch0[14]} -LOC U6 -IOSTANDARD SSTL15_I -VCCIO 1.5 -BUS_KEEPER UNUSED -VREF_MODE IN -VREF_MODE_VALUE 0.5 -DDR_TERM_MODE ON -DRIVE 7.5 -SLEW FAST
Executing : def_port {pad_dq_ch0[14]} -LOC U6 -IOSTANDARD SSTL15_I -VCCIO 1.5 -BUS_KEEPER UNUSED -VREF_MODE IN -VREF_MODE_VALUE 0.5 -DDR_TERM_MODE ON -DRIVE 7.5 -SLEW FAST successfully.
Executing : def_port {pad_dq_ch0[15]} -LOC V5 -IOSTANDARD SSTL15_I -VCCIO 1.5 -BUS_KEEPER UNUSED -VREF_MODE IN -VREF_MODE_VALUE 0.5 -DDR_TERM_MODE ON -DRIVE 7.5 -SLEW FAST
Executing : def_port {pad_dq_ch0[15]} -LOC V5 -IOSTANDARD SSTL15_I -VCCIO 1.5 -BUS_KEEPER UNUSED -VREF_MODE IN -VREF_MODE_VALUE 0.5 -DDR_TERM_MODE ON -DRIVE 7.5 -SLEW FAST successfully.
Executing : def_port {pad_dqs_ch0[0]} -LOC N6 -IOSTANDARD SSTL15D_I -VCCIO 1.5 -BUS_KEEPER UNUSED -DDR_TERM_MODE ON -DRIVE 7.5 -SLEW FAST
Executing : def_port {pad_dqs_ch0[0]} -LOC N6 -IOSTANDARD SSTL15D_I -VCCIO 1.5 -BUS_KEEPER UNUSED -DDR_TERM_MODE ON -DRIVE 7.5 -SLEW FAST successfully.
Executing : def_port {pad_dqs_ch0[1]} -LOC U8 -IOSTANDARD SSTL15D_I -VCCIO 1.5 -BUS_KEEPER UNUSED -DDR_TERM_MODE ON -DRIVE 7.5 -SLEW FAST
Executing : def_port {pad_dqs_ch0[1]} -LOC U8 -IOSTANDARD SSTL15D_I -VCCIO 1.5 -BUS_KEEPER UNUSED -DDR_TERM_MODE ON -DRIVE 7.5 -SLEW FAST successfully.
Executing : def_port {pad_dqsn_ch0[0]} -LOC N7 -IOSTANDARD SSTL15D_I -VCCIO 1.5 -BUS_KEEPER UNUSED -DDR_TERM_MODE ON -DRIVE 7.5 -SLEW FAST
Executing : def_port {pad_dqsn_ch0[0]} -LOC N7 -IOSTANDARD SSTL15D_I -VCCIO 1.5 -BUS_KEEPER UNUSED -DDR_TERM_MODE ON -DRIVE 7.5 -SLEW FAST successfully.
Executing : def_port {pad_dqsn_ch0[1]} -LOC V8 -IOSTANDARD SSTL15D_I -VCCIO 1.5 -BUS_KEEPER UNUSED -DDR_TERM_MODE ON -DRIVE 7.5 -SLEW FAST
Executing : def_port {pad_dqsn_ch0[1]} -LOC V8 -IOSTANDARD SSTL15D_I -VCCIO 1.5 -BUS_KEEPER UNUSED -DDR_TERM_MODE ON -DRIVE 7.5 -SLEW FAST successfully.
Executing : def_port {LED[0]} -LOC U10 -IOSTANDARD LVCMOS33 -VCCIO 3.3 -BUS_KEEPER NONE
C: ConstraintEditor-2006: [C:/Users/yangl/Documents/IC_competition/arm/M1_PGL22G_RTOS/PDS_project/pnr/device_map/m1_soc_top.pcf] Port LED[0] lack of drive, output port and inout port had better set drive value, the default value is 4.
C: ConstraintEditor-2007: [C:/Users/yangl/Documents/IC_competition/arm/M1_PGL22G_RTOS/PDS_project/pnr/device_map/m1_soc_top.pcf] Port LED[0] lack of slew, output port and inout port had better set slew value, the default value is SLOW.
Executing : def_port {LED[0]} -LOC U10 -IOSTANDARD LVCMOS33 -VCCIO 3.3 -BUS_KEEPER NONE successfully.
Executing : def_port {LED[1]} -LOC V10 -IOSTANDARD LVCMOS33 -VCCIO 3.3 -BUS_KEEPER NONE
C: ConstraintEditor-2006: [C:/Users/yangl/Documents/IC_competition/arm/M1_PGL22G_RTOS/PDS_project/pnr/device_map/m1_soc_top.pcf] Port LED[1] lack of drive, output port and inout port had better set drive value, the default value is 4.
C: ConstraintEditor-2007: [C:/Users/yangl/Documents/IC_competition/arm/M1_PGL22G_RTOS/PDS_project/pnr/device_map/m1_soc_top.pcf] Port LED[1] lack of slew, output port and inout port had better set slew value, the default value is SLOW.
Executing : def_port {LED[1]} -LOC V10 -IOSTANDARD LVCMOS33 -VCCIO 3.3 -BUS_KEEPER NONE successfully.
Executing : def_port {LED[2]} -LOC U11 -IOSTANDARD LVCMOS33 -VCCIO 3.3 -BUS_KEEPER NONE
C: ConstraintEditor-2006: [C:/Users/yangl/Documents/IC_competition/arm/M1_PGL22G_RTOS/PDS_project/pnr/device_map/m1_soc_top.pcf] Port LED[2] lack of drive, output port and inout port had better set drive value, the default value is 4.
C: ConstraintEditor-2007: [C:/Users/yangl/Documents/IC_competition/arm/M1_PGL22G_RTOS/PDS_project/pnr/device_map/m1_soc_top.pcf] Port LED[2] lack of slew, output port and inout port had better set slew value, the default value is SLOW.
Executing : def_port {LED[2]} -LOC U11 -IOSTANDARD LVCMOS33 -VCCIO 3.3 -BUS_KEEPER NONE successfully.
Executing : def_port {LED[3]} -LOC V11 -IOSTANDARD LVCMOS33 -VCCIO 3.3 -BUS_KEEPER NONE -OPEN_DRAIN OFF
C: ConstraintEditor-2006: [C:/Users/yangl/Documents/IC_competition/arm/M1_PGL22G_RTOS/PDS_project/pnr/device_map/m1_soc_top.pcf] Port LED[3] lack of drive, output port and inout port had better set drive value, the default value is 4.
C: ConstraintEditor-2007: [C:/Users/yangl/Documents/IC_competition/arm/M1_PGL22G_RTOS/PDS_project/pnr/device_map/m1_soc_top.pcf] Port LED[3] lack of slew, output port and inout port had better set slew value, the default value is SLOW.
Executing : def_port {LED[3]} -LOC V11 -IOSTANDARD LVCMOS33 -VCCIO 3.3 -BUS_KEEPER NONE -OPEN_DRAIN OFF successfully.
Executing : def_port SD_DCLK -LOC V13 -IOSTANDARD LVCMOS33 -VCCIO 3.3 -BUS_KEEPER NONE -DRIVE 4
C: ConstraintEditor-2007: [C:/Users/yangl/Documents/IC_competition/arm/M1_PGL22G_RTOS/PDS_project/pnr/device_map/m1_soc_top.pcf] Port SD_DCLK lack of slew, output port and inout port had better set slew value, the default value is SLOW.
Executing : def_port SD_DCLK -LOC V13 -IOSTANDARD LVCMOS33 -VCCIO 3.3 -BUS_KEEPER NONE -DRIVE 4 successfully.
Executing : def_port SD_MOSI -LOC U14 -IOSTANDARD LVCMOS33 -VCCIO 3.3 -BUS_KEEPER PULLUP -DRIVE 4
C: ConstraintEditor-2007: [C:/Users/yangl/Documents/IC_competition/arm/M1_PGL22G_RTOS/PDS_project/pnr/device_map/m1_soc_top.pcf] Port SD_MOSI lack of slew, output port and inout port had better set slew value, the default value is SLOW.
Executing : def_port SD_MOSI -LOC U14 -IOSTANDARD LVCMOS33 -VCCIO 3.3 -BUS_KEEPER PULLUP -DRIVE 4 successfully.
Executing : def_port SD_nCS -LOC V14 -IOSTANDARD LVCMOS33 -VCCIO 3.3 -BUS_KEEPER PULLUP -DRIVE 4
C: ConstraintEditor-2007: [C:/Users/yangl/Documents/IC_competition/arm/M1_PGL22G_RTOS/PDS_project/pnr/device_map/m1_soc_top.pcf] Port SD_nCS lack of slew, output port and inout port had better set slew value, the default value is SLOW.
Executing : def_port SD_nCS -LOC V14 -IOSTANDARD LVCMOS33 -VCCIO 3.3 -BUS_KEEPER PULLUP -DRIVE 4 successfully.
Executing : def_port TX -LOC C10 -IOSTANDARD LVCMOS33 -VCCIO 3.3 -BUS_KEEPER PULLUP
C: ConstraintEditor-2006: [C:/Users/yangl/Documents/IC_competition/arm/M1_PGL22G_RTOS/PDS_project/pnr/device_map/m1_soc_top.pcf] Port TX lack of drive, output port and inout port had better set drive value, the default value is 4.
C: ConstraintEditor-2007: [C:/Users/yangl/Documents/IC_competition/arm/M1_PGL22G_RTOS/PDS_project/pnr/device_map/m1_soc_top.pcf] Port TX lack of slew, output port and inout port had better set slew value, the default value is SLOW.
Executing : def_port TX -LOC C10 -IOSTANDARD LVCMOS33 -VCCIO 3.3 -BUS_KEEPER PULLUP successfully.
Executing : def_port l0_sgmii_clk_shft -LOC H17 -IOSTANDARD LVCMOS33 -VCCIO 3.3 -BUS_KEEPER PULLUP -DRIVE 4 -SLEW FAST -OPEN_DRAIN OFF
Executing : def_port l0_sgmii_clk_shft -LOC H17 -IOSTANDARD LVCMOS33 -VCCIO 3.3 -BUS_KEEPER PULLUP -DRIVE 4 -SLEW FAST -OPEN_DRAIN OFF successfully.
Executing : def_port {pad_addr_ch0[0]} -LOC M4 -IOSTANDARD SSTL15_I -VCCIO 1.5 -BUS_KEEPER UNUSED -DRIVE 7.5 -SLEW FAST
Executing : def_port {pad_addr_ch0[0]} -LOC M4 -IOSTANDARD SSTL15_I -VCCIO 1.5 -BUS_KEEPER UNUSED -DRIVE 7.5 -SLEW FAST successfully.
Executing : def_port {pad_addr_ch0[1]} -LOC M3 -IOSTANDARD SSTL15_I -VCCIO 1.5 -BUS_KEEPER UNUSED -DRIVE 7.5 -SLEW FAST
Executing : def_port {pad_addr_ch0[1]} -LOC M3 -IOSTANDARD SSTL15_I -VCCIO 1.5 -BUS_KEEPER UNUSED -DRIVE 7.5 -SLEW FAST successfully.
Executing : def_port {pad_addr_ch0[2]} -LOC P2 -IOSTANDARD SSTL15_I -VCCIO 1.5 -BUS_KEEPER UNUSED -DRIVE 7.5 -SLEW FAST
Executing : def_port {pad_addr_ch0[2]} -LOC P2 -IOSTANDARD SSTL15_I -VCCIO 1.5 -BUS_KEEPER UNUSED -DRIVE 7.5 -SLEW FAST successfully.
Executing : def_port {pad_addr_ch0[3]} -LOC P1 -IOSTANDARD SSTL15_I -VCCIO 1.5 -BUS_KEEPER UNUSED -DRIVE 7.5 -SLEW FAST
Executing : def_port {pad_addr_ch0[3]} -LOC P1 -IOSTANDARD SSTL15_I -VCCIO 1.5 -BUS_KEEPER UNUSED -DRIVE 7.5 -SLEW FAST successfully.
Executing : def_port {pad_addr_ch0[4]} -LOC L5 -IOSTANDARD SSTL15_I -VCCIO 1.5 -BUS_KEEPER UNUSED -DRIVE 7.5 -SLEW FAST
Executing : def_port {pad_addr_ch0[4]} -LOC L5 -IOSTANDARD SSTL15_I -VCCIO 1.5 -BUS_KEEPER UNUSED -DRIVE 7.5 -SLEW FAST successfully.
Executing : def_port {pad_addr_ch0[5]} -LOC M5 -IOSTANDARD SSTL15_I -VCCIO 1.5 -BUS_KEEPER UNUSED -DRIVE 7.5 -SLEW FAST
Executing : def_port {pad_addr_ch0[5]} -LOC M5 -IOSTANDARD SSTL15_I -VCCIO 1.5 -BUS_KEEPER UNUSED -DRIVE 7.5 -SLEW FAST successfully.
Executing : def_port {pad_addr_ch0[6]} -LOC N2 -IOSTANDARD SSTL15_I -VCCIO 1.5 -BUS_KEEPER UNUSED -DRIVE 7.5 -SLEW FAST
Executing : def_port {pad_addr_ch0[6]} -LOC N2 -IOSTANDARD SSTL15_I -VCCIO 1.5 -BUS_KEEPER UNUSED -DRIVE 7.5 -SLEW FAST successfully.
Executing : def_port {pad_addr_ch0[7]} -LOC N1 -IOSTANDARD SSTL15_I -VCCIO 1.5 -BUS_KEEPER UNUSED -DRIVE 7.5 -SLEW FAST
Executing : def_port {pad_addr_ch0[7]} -LOC N1 -IOSTANDARD SSTL15_I -VCCIO 1.5 -BUS_KEEPER UNUSED -DRIVE 7.5 -SLEW FAST successfully.
Executing : def_port {pad_addr_ch0[8]} -LOC K4 -IOSTANDARD SSTL15_I -VCCIO 1.5 -BUS_KEEPER UNUSED -DRIVE 7.5 -SLEW FAST
Executing : def_port {pad_addr_ch0[8]} -LOC K4 -IOSTANDARD SSTL15_I -VCCIO 1.5 -BUS_KEEPER UNUSED -DRIVE 7.5 -SLEW FAST successfully.
Executing : def_port {pad_addr_ch0[9]} -LOC M1 -IOSTANDARD SSTL15_I -VCCIO 1.5 -BUS_KEEPER UNUSED -DRIVE 7.5 -SLEW FAST
Executing : def_port {pad_addr_ch0[9]} -LOC M1 -IOSTANDARD SSTL15_I -VCCIO 1.5 -BUS_KEEPER UNUSED -DRIVE 7.5 -SLEW FAST successfully.
Executing : def_port {pad_addr_ch0[10]} -LOC M6 -IOSTANDARD SSTL15_I -VCCIO 1.5 -BUS_KEEPER UNUSED -DRIVE 7.5 -SLEW FAST
Executing : def_port {pad_addr_ch0[10]} -LOC M6 -IOSTANDARD SSTL15_I -VCCIO 1.5 -BUS_KEEPER UNUSED -DRIVE 7.5 -SLEW FAST successfully.
Executing : def_port {pad_addr_ch0[11]} -LOC L1 -IOSTANDARD SSTL15_I -VCCIO 1.5 -BUS_KEEPER UNUSED -DRIVE 7.5 -SLEW FAST
Executing : def_port {pad_addr_ch0[11]} -LOC L1 -IOSTANDARD SSTL15_I -VCCIO 1.5 -BUS_KEEPER UNUSED -DRIVE 7.5 -SLEW FAST successfully.
Executing : def_port {pad_addr_ch0[12]} -LOC K2 -IOSTANDARD SSTL15_I -VCCIO 1.5 -BUS_KEEPER UNUSED -DRIVE 7.5 -SLEW FAST
Executing : def_port {pad_addr_ch0[12]} -LOC K2 -IOSTANDARD SSTL15_I -VCCIO 1.5 -BUS_KEEPER UNUSED -DRIVE 7.5 -SLEW FAST successfully.
Executing : def_port {pad_addr_ch0[13]} -LOC K1 -IOSTANDARD SSTL15_I -VCCIO 1.5 -BUS_KEEPER UNUSED -DRIVE 7.5 -SLEW FAST
Executing : def_port {pad_addr_ch0[13]} -LOC K1 -IOSTANDARD SSTL15_I -VCCIO 1.5 -BUS_KEEPER UNUSED -DRIVE 7.5 -SLEW FAST successfully.
Executing : def_port {pad_addr_ch0[14]} -LOC J2 -IOSTANDARD SSTL15_I -VCCIO 1.5 -BUS_KEEPER UNUSED -DRIVE 7.5 -SLEW FAST
Executing : def_port {pad_addr_ch0[14]} -LOC J2 -IOSTANDARD SSTL15_I -VCCIO 1.5 -BUS_KEEPER UNUSED -DRIVE 7.5 -SLEW FAST successfully.
Executing : def_port {pad_addr_ch0[15]} -LOC J1 -IOSTANDARD SSTL15_I -VCCIO 1.5 -BUS_KEEPER UNUSED -DRIVE 7.5 -SLEW FAST
Executing : def_port {pad_addr_ch0[15]} -LOC J1 -IOSTANDARD SSTL15_I -VCCIO 1.5 -BUS_KEEPER UNUSED -DRIVE 7.5 -SLEW FAST successfully.
Executing : def_port {pad_ba_ch0[0]} -LOC U2 -IOSTANDARD SSTL15_I -VCCIO 1.5 -BUS_KEEPER UNUSED -DRIVE 7.5 -SLEW FAST
Executing : def_port {pad_ba_ch0[0]} -LOC U2 -IOSTANDARD SSTL15_I -VCCIO 1.5 -BUS_KEEPER UNUSED -DRIVE 7.5 -SLEW FAST successfully.
Executing : def_port {pad_ba_ch0[1]} -LOC U1 -IOSTANDARD SSTL15_I -VCCIO 1.5 -BUS_KEEPER UNUSED -DRIVE 7.5 -SLEW FAST
Executing : def_port {pad_ba_ch0[1]} -LOC U1 -IOSTANDARD SSTL15_I -VCCIO 1.5 -BUS_KEEPER UNUSED -DRIVE 7.5 -SLEW FAST successfully.
Executing : def_port {pad_ba_ch0[2]} -LOC T2 -IOSTANDARD SSTL15_I -VCCIO 1.5 -BUS_KEEPER UNUSED -DRIVE 7.5 -SLEW FAST
Executing : def_port {pad_ba_ch0[2]} -LOC T2 -IOSTANDARD SSTL15_I -VCCIO 1.5 -BUS_KEEPER UNUSED -DRIVE 7.5 -SLEW FAST successfully.
Executing : def_port pad_casn_ch0 -LOC T1 -IOSTANDARD SSTL15_I -VCCIO 1.5 -BUS_KEEPER UNUSED -DRIVE 7.5 -SLEW FAST
Executing : def_port pad_casn_ch0 -LOC T1 -IOSTANDARD SSTL15_I -VCCIO 1.5 -BUS_KEEPER UNUSED -DRIVE 7.5 -SLEW FAST successfully.
Executing : def_port pad_cke_ch0 -LOC L4 -IOSTANDARD SSTL15_I -VCCIO 1.5 -BUS_KEEPER UNUSED -DRIVE 7.5 -SLEW FAST
Executing : def_port pad_cke_ch0 -LOC L4 -IOSTANDARD SSTL15_I -VCCIO 1.5 -BUS_KEEPER UNUSED -DRIVE 7.5 -SLEW FAST successfully.
Executing : def_port pad_csn_ch0 -LOC R1 -IOSTANDARD SSTL15_I -VCCIO 1.5 -BUS_KEEPER UNUSED -DRIVE 7.5 -SLEW FAST
Executing : def_port pad_csn_ch0 -LOC R1 -IOSTANDARD SSTL15_I -VCCIO 1.5 -BUS_KEEPER UNUSED -DRIVE 7.5 -SLEW FAST successfully.
Executing : def_port pad_ddr_clk_w -LOC U3 -IOSTANDARD SSTL15D_I -VCCIO 1.5 -BUS_KEEPER UNUSED -DRIVE 7.5 -SLEW FAST
Executing : def_port pad_ddr_clk_w -LOC U3 -IOSTANDARD SSTL15D_I -VCCIO 1.5 -BUS_KEEPER UNUSED -DRIVE 7.5 -SLEW FAST successfully.
Executing : def_port pad_ddr_clkn_w -LOC V3 -IOSTANDARD SSTL15D_I -VCCIO 1.5 -BUS_KEEPER UNUSED -DRIVE 7.5 -SLEW FAST
Executing : def_port pad_ddr_clkn_w -LOC V3 -IOSTANDARD SSTL15D_I -VCCIO 1.5 -BUS_KEEPER UNUSED -DRIVE 7.5 -SLEW FAST successfully.
Executing : def_port {pad_dm_rdqs_ch0[0]} -LOC R8 -IOSTANDARD SSTL15_I -VCCIO 1.5 -BUS_KEEPER UNUSED -DRIVE 7.5 -SLEW FAST
Executing : def_port {pad_dm_rdqs_ch0[0]} -LOC R8 -IOSTANDARD SSTL15_I -VCCIO 1.5 -BUS_KEEPER UNUSED -DRIVE 7.5 -SLEW FAST successfully.
Executing : def_port {pad_dm_rdqs_ch0[1]} -LOC U5 -IOSTANDARD SSTL15_I -VCCIO 1.5 -BUS_KEEPER UNUSED -DRIVE 7.5 -SLEW FAST
Executing : def_port {pad_dm_rdqs_ch0[1]} -LOC U5 -IOSTANDARD SSTL15_I -VCCIO 1.5 -BUS_KEEPER UNUSED -DRIVE 7.5 -SLEW FAST successfully.
Executing : def_port pad_loop_out -LOC P8 -IOSTANDARD SSTL15_I -VCCIO 1.5 -BUS_KEEPER UNUSED -DRIVE 7.5 -SLEW FAST
Executing : def_port pad_loop_out -LOC P8 -IOSTANDARD SSTL15_I -VCCIO 1.5 -BUS_KEEPER UNUSED -DRIVE 7.5 -SLEW FAST successfully.
Executing : def_port pad_loop_out_h -LOC U4 -IOSTANDARD SSTL15_I -VCCIO 1.5 -BUS_KEEPER UNUSED -DRIVE 7.5 -SLEW FAST
Executing : def_port pad_loop_out_h -LOC U4 -IOSTANDARD SSTL15_I -VCCIO 1.5 -BUS_KEEPER UNUSED -DRIVE 7.5 -SLEW FAST successfully.
Executing : def_port pad_odt_ch0 -LOC V2 -IOSTANDARD SSTL15_I -VCCIO 1.5 -BUS_KEEPER UNUSED -DRIVE 7.5 -SLEW FAST
Executing : def_port pad_odt_ch0 -LOC V2 -IOSTANDARD SSTL15_I -VCCIO 1.5 -BUS_KEEPER UNUSED -DRIVE 7.5 -SLEW FAST successfully.
Executing : def_port pad_rasn_ch0 -LOC R2 -IOSTANDARD SSTL15_I -VCCIO 1.5 -BUS_KEEPER UNUSED -DRIVE 7.5 -SLEW FAST
Executing : def_port pad_rasn_ch0 -LOC R2 -IOSTANDARD SSTL15_I -VCCIO 1.5 -BUS_KEEPER UNUSED -DRIVE 7.5 -SLEW FAST successfully.
Executing : def_port pad_rstn_ch0 -LOC M2 -IOSTANDARD SSTL15_I -VCCIO 1.5 -BUS_KEEPER UNUSED -DRIVE 7.5 -SLEW FAST
Executing : def_port pad_rstn_ch0 -LOC M2 -IOSTANDARD SSTL15_I -VCCIO 1.5 -BUS_KEEPER UNUSED -DRIVE 7.5 -SLEW FAST successfully.
Executing : def_port pad_wen_ch0 -LOC V1 -IOSTANDARD SSTL15_I -VCCIO 1.5 -BUS_KEEPER UNUSED -DRIVE 7.5 -SLEW FAST
Executing : def_port pad_wen_ch0 -LOC V1 -IOSTANDARD SSTL15_I -VCCIO 1.5 -BUS_KEEPER UNUSED -DRIVE 7.5 -SLEW FAST successfully.
Executing : def_port phy_rst_n -LOC J17 -IOSTANDARD LVCMOS33 -VCCIO 3.3 -BUS_KEEPER PULLUP -DRIVE 8 -SLEW FAST -OPEN_DRAIN OFF
Executing : def_port phy_rst_n -LOC J17 -IOSTANDARD LVCMOS33 -VCCIO 3.3 -BUS_KEEPER PULLUP -DRIVE 8 -SLEW FAST -OPEN_DRAIN OFF successfully.
Executing : def_port phy_tx_en -LOC G18 -IOSTANDARD LVCMOS33 -VCCIO 3.3 -BUS_KEEPER PULLUP -DRIVE 8 -SLEW FAST -OPEN_DRAIN OFF
Executing : def_port phy_tx_en -LOC G18 -IOSTANDARD LVCMOS33 -VCCIO 3.3 -BUS_KEEPER PULLUP -DRIVE 8 -SLEW FAST -OPEN_DRAIN OFF successfully.
Executing : def_port phy_txd0 -LOC G17 -IOSTANDARD LVCMOS33 -VCCIO 3.3 -BUS_KEEPER PULLUP -DRIVE 8 -SLEW FAST -OPEN_DRAIN OFF
Executing : def_port phy_txd0 -LOC G17 -IOSTANDARD LVCMOS33 -VCCIO 3.3 -BUS_KEEPER PULLUP -DRIVE 8 -SLEW FAST -OPEN_DRAIN OFF successfully.
Executing : def_port phy_txd1 -LOC F18 -IOSTANDARD LVCMOS33 -VCCIO 3.3 -BUS_KEEPER PULLUP -DRIVE 8 -SLEW FAST -OPEN_DRAIN OFF
Executing : def_port phy_txd1 -LOC F18 -IOSTANDARD LVCMOS33 -VCCIO 3.3 -BUS_KEEPER PULLUP -DRIVE 8 -SLEW FAST -OPEN_DRAIN OFF successfully.
Executing : def_port phy_txd2 -LOC F17 -IOSTANDARD LVCMOS33 -VCCIO 3.3 -BUS_KEEPER PULLUP -DRIVE 8 -SLEW FAST -OPEN_DRAIN OFF
Executing : def_port phy_txd2 -LOC F17 -IOSTANDARD LVCMOS33 -VCCIO 3.3 -BUS_KEEPER PULLUP -DRIVE 8 -SLEW FAST -OPEN_DRAIN OFF successfully.
Executing : def_port phy_txd3 -LOC G16 -IOSTANDARD LVCMOS33 -VCCIO 3.3 -BUS_KEEPER PULLUP -DRIVE 8 -SLEW FAST -OPEN_DRAIN OFF
Executing : def_port phy_txd3 -LOC G16 -IOSTANDARD LVCMOS33 -VCCIO 3.3 -BUS_KEEPER PULLUP -DRIVE 8 -SLEW FAST -OPEN_DRAIN OFF successfully.
Executing : def_port spi0_clk -LOC C9 -IOSTANDARD LVCMOS33 -VCCIO 3.3 -BUS_KEEPER NONE -DRIVE 4
C: ConstraintEditor-2007: [C:/Users/yangl/Documents/IC_competition/arm/M1_PGL22G_RTOS/PDS_project/pnr/device_map/m1_soc_top.pcf] Port spi0_clk lack of slew, output port and inout port had better set slew value, the default value is SLOW.
Executing : def_port spi0_clk -LOC C9 -IOSTANDARD LVCMOS33 -VCCIO 3.3 -BUS_KEEPER NONE -DRIVE 4 successfully.
Executing : def_port spi0_cs -LOC B8 -IOSTANDARD LVCMOS33 -VCCIO 3.3 -BUS_KEEPER PULLUP -DRIVE 4
C: ConstraintEditor-2007: [C:/Users/yangl/Documents/IC_competition/arm/M1_PGL22G_RTOS/PDS_project/pnr/device_map/m1_soc_top.pcf] Port spi0_cs lack of slew, output port and inout port had better set slew value, the default value is SLOW.
Executing : def_port spi0_cs -LOC B8 -IOSTANDARD LVCMOS33 -VCCIO 3.3 -BUS_KEEPER PULLUP -DRIVE 4 successfully.
Executing : def_port spi0_mosi -LOC B4 -IOSTANDARD LVCMOS33 -VCCIO 3.3 -BUS_KEEPER PULLUP -DRIVE 4
C: ConstraintEditor-2007: [C:/Users/yangl/Documents/IC_competition/arm/M1_PGL22G_RTOS/PDS_project/pnr/device_map/m1_soc_top.pcf] Port spi0_mosi lack of slew, output port and inout port had better set slew value, the default value is SLOW.
Executing : def_port spi0_mosi -LOC B4 -IOSTANDARD LVCMOS33 -VCCIO 3.3 -BUS_KEEPER PULLUP -DRIVE 4 successfully.
Executing : def_port RX -LOC A12 -IOSTANDARD LVCMOS33 -VCCIO 3.3 -BUS_KEEPER PULLUP
C: ConstraintEditor-2002: [C:/Users/yangl/Documents/IC_competition/arm/M1_PGL22G_RTOS/PDS_project/pnr/device_map/m1_soc_top.pcf(line number: 75)] | Port RX has been placed at location A12, whose type is share pin.
Executing : def_port RX -LOC A12 -IOSTANDARD LVCMOS33 -VCCIO 3.3 -BUS_KEEPER PULLUP successfully.
Executing : def_port SD_MISO -LOC U13 -IOSTANDARD LVCMOS33 -VCCIO 3.3 -BUS_KEEPER PULLUP
C: ConstraintEditor-2001: [C:/Users/yangl/Documents/IC_competition/arm/M1_PGL22G_RTOS/PDS_project/pnr/device_map/m1_soc_top.pcf(line number: 76)] Object 'SD_MISO' is dangling, which has no connection. it will be ignored.
Executing : def_port SD_MISO -LOC U13 -IOSTANDARD LVCMOS33 -VCCIO 3.3 -BUS_KEEPER PULLUP successfully.
Executing : def_port ex_clk_50m -LOC B5 -IOSTANDARD LVCMOS33 -VCCIO 3.3 -HYS_DRIVE_MODE NOHYS -BUS_KEEPER PULLUP
Executing : def_port ex_clk_50m -LOC B5 -IOSTANDARD LVCMOS33 -VCCIO 3.3 -HYS_DRIVE_MODE NOHYS -BUS_KEEPER PULLUP successfully.
Executing : def_port gpio_in0 -LOC P17 -IOSTANDARD LVCMOS33 -VCCIO 3.3 -BUS_KEEPER NONE
Executing : def_port gpio_in0 -LOC P17 -IOSTANDARD LVCMOS33 -VCCIO 3.3 -BUS_KEEPER NONE successfully.
Executing : def_port gpio_in1 -LOC L12 -IOSTANDARD LVCMOS33 -VCCIO 3.3 -BUS_KEEPER NONE
Executing : def_port gpio_in1 -LOC L12 -IOSTANDARD LVCMOS33 -VCCIO 3.3 -BUS_KEEPER NONE successfully.
Executing : def_port pad_loop_in -LOC P7 -IOSTANDARD SSTL15_I -VCCIO 1.5 -BUS_KEEPER UNUSED -VREF_MODE IN -VREF_MODE_VALUE 0.5 -DDR_TERM_MODE ON
Executing : def_port pad_loop_in -LOC P7 -IOSTANDARD SSTL15_I -VCCIO 1.5 -BUS_KEEPER UNUSED -VREF_MODE IN -VREF_MODE_VALUE 0.5 -DDR_TERM_MODE ON successfully.
Executing : def_port pad_loop_in_h -LOC V4 -IOSTANDARD SSTL15_I -VCCIO 1.5 -BUS_KEEPER UNUSED -VREF_MODE IN -VREF_MODE_VALUE 0.5 -DDR_TERM_MODE ON
Executing : def_port pad_loop_in_h -LOC V4 -IOSTANDARD SSTL15_I -VCCIO 1.5 -BUS_KEEPER UNUSED -VREF_MODE IN -VREF_MODE_VALUE 0.5 -DDR_TERM_MODE ON successfully.
Executing : def_port phy_rx_dv -LOC L16 -IOSTANDARD LVCMOS33 -VCCIO 3.3 -HYS_DRIVE_MODE NOHYS -BUS_KEEPER PULLUP
Executing : def_port phy_rx_dv -LOC L16 -IOSTANDARD LVCMOS33 -VCCIO 3.3 -HYS_DRIVE_MODE NOHYS -BUS_KEEPER PULLUP successfully.
Executing : def_port phy_rxd0 -LOC M16 -IOSTANDARD LVCMOS33 -VCCIO 3.3 -HYS_DRIVE_MODE NOHYS -BUS_KEEPER PULLUP
Executing : def_port phy_rxd0 -LOC M16 -IOSTANDARD LVCMOS33 -VCCIO 3.3 -HYS_DRIVE_MODE NOHYS -BUS_KEEPER PULLUP successfully.
Executing : def_port phy_rxd1 -LOC M18 -IOSTANDARD LVCMOS33 -VCCIO 3.3 -HYS_DRIVE_MODE NOHYS -BUS_KEEPER PULLUP
Executing : def_port phy_rxd1 -LOC M18 -IOSTANDARD LVCMOS33 -VCCIO 3.3 -HYS_DRIVE_MODE NOHYS -BUS_KEEPER PULLUP successfully.
Executing : def_port phy_rxd2 -LOC K18 -IOSTANDARD LVCMOS33 -VCCIO 3.3 -HYS_DRIVE_MODE NOHYS -BUS_KEEPER PULLUP
Executing : def_port phy_rxd2 -LOC K18 -IOSTANDARD LVCMOS33 -VCCIO 3.3 -HYS_DRIVE_MODE NOHYS -BUS_KEEPER PULLUP successfully.
Executing : def_port phy_rxd3 -LOC K17 -IOSTANDARD LVCMOS33 -VCCIO 3.3 -HYS_DRIVE_MODE NOHYS -BUS_KEEPER PULLUP
Executing : def_port phy_rxd3 -LOC K17 -IOSTANDARD LVCMOS33 -VCCIO 3.3 -HYS_DRIVE_MODE NOHYS -BUS_KEEPER PULLUP successfully.
Executing : def_port rst_key -LOC V12 -IOSTANDARD LVCMOS33 -VCCIO 3.3 -HYS_DRIVE_MODE NOHYS -BUS_KEEPER PULLUP
Executing : def_port rst_key -LOC V12 -IOSTANDARD LVCMOS33 -VCCIO 3.3 -HYS_DRIVE_MODE NOHYS -BUS_KEEPER PULLUP successfully.
Executing : def_port rx_clki -LOC H18 -IOSTANDARD LVCMOS33 -VCCIO 3.3 -HYS_DRIVE_MODE NOHYS -BUS_KEEPER PULLUP
Executing : def_port rx_clki -LOC H18 -IOSTANDARD LVCMOS33 -VCCIO 3.3 -HYS_DRIVE_MODE NOHYS -BUS_KEEPER PULLUP successfully.
Executing : def_port spi0_miso -LOC A4 -IOSTANDARD LVCMOS33 -VCCIO 3.3 -BUS_KEEPER PULLUP
C: ConstraintEditor-2002: [C:/Users/yangl/Documents/IC_competition/arm/M1_PGL22G_RTOS/PDS_project/pnr/device_map/m1_soc_top.pcf(line number: 89)] | Port spi0_miso has been placed at location A4, whose type is share pin.
Executing : def_port spi0_miso -LOC A4 -IOSTANDARD LVCMOS33 -VCCIO 3.3 -BUS_KEEPER PULLUP successfully.
Executing : def_inst_site u_DDR3/u_pll_50_400/u_pll_e1/goppll PLL_82_71
Executing : def_inst_site u_DDR3/u_pll_50_400/u_pll_e1/goppll PLL_82_71 successfully.
Executing : apply_constraint -f C:/Users/yangl/Documents/IC_competition/arm/M1_PGL22G_RTOS/PDS_project/pnr/device_map/m1_soc_top.pcf successfully.

Placement started.
Mapping instance u_DDR3/u_ipsl_hmic_h_phy_top/u_phy_io/u_gtp_ddrphy/gateop_DDRC to HMEMC_16_1.
Mapping instance u_DDR3/u_ipsl_hmic_h_phy_top/u_phy_io/dqs2_dut/opit_0 to DQSL_6_96.
Mapping instance u_DDR3/u_ipsl_hmic_h_phy_top/u_phy_io/dqs0_dut/opit_0 to DQSL_6_24.
Mapping instance u_DDR3/u_ipsl_hmic_h_phy_top/u_phy_io/dll_hmemc_dut/gopdll to DLL_7_59.
Mapping instance u_DDR3/u_ipsl_hmic_h_phy_top/u_phy_io/dqs1_dut/opit_0 to DQSL_6_52.
Mapping instance u_DDR3/u_ipsl_hmic_h_phy_top/u_phy_io/dqs3_dut/opit_0 to DQSL_6_148.
Mapping instance u_DDR3/u_ipsl_hmic_h_phy_top/u_phy_io/dqs4_dut/opit_0 to DQSL_6_176.
Mapping instance u_DDR3/u_ipsl_hmic_h_phy_top/u_phy_io/ioclkdiv_dut/gopclkdiv to IOCKDIV_6_64.
Mapping instance u_GTP_IOCLKDELAY/opit_0 to IOCKDLY_150_185.
Mapping instance u_DDR3/u_ipsl_hmic_h_phy_top/u_phy_io/ioclkbuf01_dut/gopclkgate to IOCKGATE_6_56.
Mapping instance u_DDR3/u_ipsl_hmic_h_phy_top/u_phy_io/ioclkbuf02_dut/gopclkgate to IOCKGATE_6_181.
Mapping instance clkbufg_2/gopclkbufg to USCM_74_104.
Mapping instance u_GTP_CLKBUFG/gopclkbufg to USCM_74_105.
Mapping instance clkbufg_1/gopclkbufg to USCM_74_106.
Mapping instance clkbufg_0/gopclkbufg to USCM_74_107.
Pre global placement takes 18.53 sec.
Run super clustering :
	Initial slack -5916.
	9 iterations finished.
	Final slack -1021.
Super clustering done.
Design Utilization : 44%.
Global placement takes 16.31 sec.
Wirelength after global placement is 94721.
Placed fixed group with base inst LED_obuf[0]/opit_1 on IOL_151_114.
Placed fixed group with base inst LED_obuf[1]/opit_1 on IOL_151_113.
Placed fixed group with base inst LED_obuf[2]/opit_1 on IOL_151_102.
Placed fixed group with base inst LED_obuf[3]/opit_1 on IOL_151_101.
Placed fixed group with base inst RX_ibuf/opit_1 on IOL_151_333.
Placed fixed group with base inst TX_obuf/opit_1 on IOL_151_361.
Placed fixed instance clkbufg_0/gopclkbufg on USCM_74_107.
Placed fixed instance clkbufg_1/gopclkbufg on USCM_74_106.
Placed fixed instance clkbufg_2/gopclkbufg on USCM_74_104.
Placed fixed group with base inst ex_clk_50m_ibuf/opit_1 on IOL_7_298.
Placed fixed group with base inst gpio_in0_ibuf/opit_1 on IOL_151_46.
Placed fixed group with base inst gpio_in1_ibuf/opit_1 on IOL_151_161.
Placed fixed group with base inst i2c0_sck_tri/opit_1 on IOL_151_325.
Placed fixed group with base inst i2c0_sda_tri/opit_1 on IOL_151_326.
Placed fixed group with base inst phy_rst_n_obuf/opit_1 on IOL_151_173.
Placed fixed group with base inst rst_key_ibuf/opit_1 on IOL_151_105.
Placed fixed group with base inst rx_clki_ibuf/opit_1 on IOL_151_198.
Placed fixed group with base inst spi0_clk_obuf/opit_1 on IOL_7_353.
Placed fixed group with base inst spi0_cs_obuf/opit_1 on IOL_7_350.
Placed fixed group with base inst spi0_miso_ibuf/opit_1 on IOL_7_289.
Placed fixed group with base inst spi0_mosi_obuf/opit_1 on IOL_7_290.
Placed fixed instance u_DDR3/u_ipsl_hmic_h_phy_top/u_phy_io/dll_hmemc_dut/gopdll on DLL_7_59.
Placed fixed instance u_DDR3/u_ipsl_hmic_h_phy_top/u_phy_io/dqs0_dut/opit_0 on DQSL_6_24.
Placed fixed instance u_DDR3/u_ipsl_hmic_h_phy_top/u_phy_io/dqs1_dut/opit_0 on DQSL_6_52.
Placed fixed instance u_DDR3/u_ipsl_hmic_h_phy_top/u_phy_io/dqs2_dut/opit_0 on DQSL_6_96.
Placed fixed instance u_DDR3/u_ipsl_hmic_h_phy_top/u_phy_io/dqs3_dut/opit_0 on DQSL_6_148.
Placed fixed instance u_DDR3/u_ipsl_hmic_h_phy_top/u_phy_io/dqs4_dut/opit_0 on DQSL_6_176.
Placed fixed group with base inst u_DDR3/u_ipsl_hmic_h_phy_top/u_phy_io/genblk2.iob_08_09_dut/opit_2_O on IOL_7_22.
Placed fixed group with base inst u_DDR3/u_ipsl_hmic_h_phy_top/u_phy_io/genblk3.iob_30_31_dut/opit_2_O on IOL_7_102.
Placed fixed group with base inst u_DDR3/u_ipsl_hmic_h_phy_top/u_phy_io/iob_00_dut/opit_0_iol on IOL_7_5.
Placed fixed group with base inst u_DDR3/u_ipsl_hmic_h_phy_top/u_phy_io/iob_01_dut/opit_1 on IOL_7_6.
Placed fixed group with base inst u_DDR3/u_ipsl_hmic_h_phy_top/u_phy_io/iob_02_dut/opit_1_IOL on IOL_7_9.
Placed fixed group with base inst u_DDR3/u_ipsl_hmic_h_phy_top/u_phy_io/iob_16_17_dut/opit_3_IOL on IOL_7_46.
Placed fixed group with base inst u_DDR3/u_ipsl_hmic_h_phy_top/u_phy_io/iob_18_dut/opit_1_IOL on IOL_7_49.
Placed fixed group with base inst u_DDR3/u_ipsl_hmic_h_phy_top/u_phy_io/iob_19_dut/opit_1_IOL on IOL_7_50.
Placed fixed group with base inst u_DDR3/u_ipsl_hmic_h_phy_top/u_phy_io/iob_20_dut/opit_1_IOL on IOL_7_73.
Placed fixed group with base inst u_DDR3/u_ipsl_hmic_h_phy_top/u_phy_io/iob_21_dut/opit_1_IOL on IOL_7_74.
Placed fixed group with base inst u_DDR3/u_ipsl_hmic_h_phy_top/u_phy_io/iob_22_dut/opit_1_IOL on IOL_7_77.
Placed fixed group with base inst u_DDR3/u_ipsl_hmic_h_phy_top/u_phy_io/iob_23_dut/opit_1_IOL on IOL_7_78.
Placed fixed group with base inst u_DDR3/u_ipsl_hmic_h_phy_top/u_phy_io/iob_24_dut/opit_1_IOL on IOL_7_81.
Placed fixed group with base inst u_DDR3/u_ipsl_hmic_h_phy_top/u_phy_io/iob_25_dut/opit_1_IOL on IOL_7_82.
Placed fixed group with base inst u_DDR3/u_ipsl_hmic_h_phy_top/u_phy_io/iob_37_dut/opit_1_IOL on IOL_7_114.
Placed fixed group with base inst u_DDR3/u_ipsl_hmic_h_phy_top/u_phy_io/iob_38_dut/opit_0_iol on IOL_7_117.
Placed fixed group with base inst u_DDR3/u_ipsl_hmic_h_phy_top/u_phy_io/iob_39_dut/opit_1 on IOL_7_118.
Placed fixed group with base inst u_DDR3/u_ipsl_hmic_h_phy_top/u_phy_io/iob_40_dut/opit_1_IOL on IOL_7_129.
Placed fixed group with base inst u_DDR3/u_ipsl_hmic_h_phy_top/u_phy_io/iob_41_dut/opit_1_IOL on IOL_7_130.
Placed fixed group with base inst u_DDR3/u_ipsl_hmic_h_phy_top/u_phy_io/iob_42_dut/opit_1_IOL on IOL_7_133.
Placed fixed group with base inst u_DDR3/u_ipsl_hmic_h_phy_top/u_phy_io/iob_43_dut/opit_1_IOL on IOL_7_134.
Placed fixed group with base inst u_DDR3/u_ipsl_hmic_h_phy_top/u_phy_io/iob_44_dut/opit_1_IOL on IOL_7_137.
Placed fixed group with base inst u_DDR3/u_ipsl_hmic_h_phy_top/u_phy_io/iob_45_dut/opit_1_IOL on IOL_7_138.
Placed fixed group with base inst u_DDR3/u_ipsl_hmic_h_phy_top/u_phy_io/iob_46_dut/opit_1_IOL on IOL_7_141.
Placed fixed group with base inst u_DDR3/u_ipsl_hmic_h_phy_top/u_phy_io/iob_47_dut/opit_1_IOL on IOL_7_142.
Placed fixed group with base inst u_DDR3/u_ipsl_hmic_h_phy_top/u_phy_io/iob_48_dut/opit_1_IOL on IOL_7_145.
Placed fixed group with base inst u_DDR3/u_ipsl_hmic_h_phy_top/u_phy_io/iob_49_dut/opit_1_IOL on IOL_7_146.
Placed fixed group with base inst u_DDR3/u_ipsl_hmic_h_phy_top/u_phy_io/iob_50_dut/opit_1 on IOL_7_157.
Placed fixed group with base inst u_DDR3/u_ipsl_hmic_h_phy_top/u_phy_io/iob_51_dut/opit_1_IOL on IOL_7_158.
Placed fixed group with base inst u_DDR3/u_ipsl_hmic_h_phy_top/u_phy_io/iob_52_dut/opit_1_IOL on IOL_7_161.
Placed fixed group with base inst u_DDR3/u_ipsl_hmic_h_phy_top/u_phy_io/iob_55_dut/opit_1_IOL on IOL_7_166.
Placed fixed group with base inst u_DDR3/u_ipsl_hmic_h_phy_top/u_phy_io/iob_56_dut/opit_1_IOL on IOL_7_169.
Placed fixed group with base inst u_DDR3/u_ipsl_hmic_h_phy_top/u_phy_io/iob_57_dut/opit_1_IOL on IOL_7_170.
Placed fixed group with base inst u_DDR3/u_ipsl_hmic_h_phy_top/u_phy_io/iob_58_dut/opit_1_IOL on IOL_7_173.
Placed fixed group with base inst u_DDR3/u_ipsl_hmic_h_phy_top/u_phy_io/iob_59_dut/opit_1_IOL on IOL_7_174.
Placed fixed instance u_DDR3/u_ipsl_hmic_h_phy_top/u_phy_io/ioclkbuf01_dut/gopclkgate on IOCKGATE_6_56.
Placed fixed instance u_DDR3/u_ipsl_hmic_h_phy_top/u_phy_io/ioclkbuf02_dut/gopclkgate on IOCKGATE_6_181.
Placed fixed instance u_DDR3/u_ipsl_hmic_h_phy_top/u_phy_io/ioclkdiv_dut/gopclkdiv on IOCKDIV_6_64.
Placed fixed group with base inst u_DDR3/u_ipsl_hmic_h_phy_top/u_phy_io/iol_iddr3_dut/gateop_inv_IO on IOL_7_10.
Placed fixed group with base inst u_DDR3/u_ipsl_hmic_h_phy_top/u_phy_io/iol_iddr4_dut/gateop_inv_IO on IOL_7_13.
Placed fixed group with base inst u_DDR3/u_ipsl_hmic_h_phy_top/u_phy_io/iol_iddr5_dut/gateop_inv_IO on IOL_7_14.
Placed fixed group with base inst u_DDR3/u_ipsl_hmic_h_phy_top/u_phy_io/iol_iddr6_dut/gateop_inv_IO on IOL_7_17.
Placed fixed group with base inst u_DDR3/u_ipsl_hmic_h_phy_top/u_phy_io/iol_iddr7_dut/gateop_inv_IO on IOL_7_18.
Placed fixed group with base inst u_DDR3/u_ipsl_hmic_h_phy_top/u_phy_io/iol_iddr10_dut/gateop_inv_IO on IOL_7_33.
Placed fixed group with base inst u_DDR3/u_ipsl_hmic_h_phy_top/u_phy_io/iol_iddr11_dut/gateop_inv_IO on IOL_7_34.
Placed fixed group with base inst u_DDR3/u_ipsl_hmic_h_phy_top/u_phy_io/iol_iddr12_dut/gateop_inv_IO on IOL_7_37.
Placed fixed group with base inst u_DDR3/u_ipsl_hmic_h_phy_top/u_phy_io/iol_iddr27_dut/gateop_inv_IO on IOL_7_86.
Placed fixed group with base inst u_DDR3/u_ipsl_hmic_h_phy_top/u_phy_io/iol_iddr28_dut/gateop_inv_IO on IOL_7_89.
Placed fixed group with base inst u_DDR3/u_ipsl_hmic_h_phy_top/u_phy_io/iol_iddr29_dut/gateop_inv_IO on IOL_7_90.
Placed fixed group with base inst u_DDR3/u_ipsl_hmic_h_phy_top/u_phy_io/iol_iddr32_dut/gateop_inv_IO on IOL_7_105.
Placed fixed group with base inst u_DDR3/u_ipsl_hmic_h_phy_top/u_phy_io/iol_iddr33_dut/gateop_inv_IO on IOL_7_106.
Placed fixed group with base inst u_DDR3/u_ipsl_hmic_h_phy_top/u_phy_io/iol_iddr34_dut/gateop_inv_IO on IOL_7_109.
Placed fixed group with base inst u_DDR3/u_ipsl_hmic_h_phy_top/u_phy_io/iol_iddr35_dut/gateop_inv_IO on IOL_7_110.
Placed fixed group with base inst u_DDR3/u_ipsl_hmic_h_phy_top/u_phy_io/iol_iddr36_dut/gateop_inv_IO on IOL_7_113.
Placed fixed instance u_DDR3/u_ipsl_hmic_h_phy_top/u_phy_io/u_gtp_ddrphy/gateop_DDRC on HMEMC_16_1.
Placed fixed instance u_DDR3/u_pll_50_400/u_pll_e1/goppll on PLL_82_71.
Placed fixed instance u_GTP_CLKBUFG/gopclkbufg on USCM_74_105.
Placed fixed instance u_GTP_IOCLKDELAY/opit_0 on IOCKDLY_150_185.
Placed fixed group with base inst u_GTP_OUTBUFT/opit_1_IOL on IOL_151_197.
Placed fixed group with base inst u_SD_CARD.SD_DCLK/opit_1 on IOL_151_109.
Placed fixed group with base inst u_SD_CARD.SD_MOSI/opit_1 on IOL_151_38.
Placed fixed group with base inst u_SD_CARD.SD_nCS/opit_1 on IOL_151_37.
Placed fixed group with base inst u_tsmac_phy/U_pgs_tsmac_rgmii_gmii_convert_v1_0/U_pgs_tsmac_gmii_to_rgmii_v1_0/gtp_outbuft1/opit_1_IOL on IOL_151_214.
Placed fixed group with base inst u_tsmac_phy/U_pgs_tsmac_rgmii_gmii_convert_v1_0/U_pgs_tsmac_gmii_to_rgmii_v1_0/gtp_outbuft2/opit_1_IOL on IOL_151_229.
Placed fixed group with base inst u_tsmac_phy/U_pgs_tsmac_rgmii_gmii_convert_v1_0/U_pgs_tsmac_gmii_to_rgmii_v1_0/gtp_outbuft3/opit_1_IOL on IOL_151_237.
Placed fixed group with base inst u_tsmac_phy/U_pgs_tsmac_rgmii_gmii_convert_v1_0/U_pgs_tsmac_gmii_to_rgmii_v1_0/gtp_outbuft4/opit_1_IOL on IOL_151_238.
Placed fixed group with base inst u_tsmac_phy/U_pgs_tsmac_rgmii_gmii_convert_v1_0/U_pgs_tsmac_gmii_to_rgmii_v1_0/gtp_outbuft5/opit_1_IOL on IOL_151_213.
Placed fixed group with base inst u_tsmac_phy/U_pgs_tsmac_rgmii_gmii_convert_v1_0/U_pgs_tsmac_rgmii_to_gmii_v1_0/igddr1/gateigddr_IOL on IOL_151_157.
Placed fixed group with base inst u_tsmac_phy/U_pgs_tsmac_rgmii_gmii_convert_v1_0/U_pgs_tsmac_rgmii_to_gmii_v1_0/igddr2/gateigddr_IOL on IOL_151_142.
Placed fixed group with base inst u_tsmac_phy/U_pgs_tsmac_rgmii_gmii_convert_v1_0/U_pgs_tsmac_rgmii_to_gmii_v1_0/igddr3/gateigddr_IOL on IOL_151_170.
Placed fixed group with base inst u_tsmac_phy/U_pgs_tsmac_rgmii_gmii_convert_v1_0/U_pgs_tsmac_rgmii_to_gmii_v1_0/igddr4/gateigddr_IOL on IOL_151_169.
Placed fixed group with base inst u_tsmac_phy/U_pgs_tsmac_rgmii_gmii_convert_v1_0/U_pgs_tsmac_rgmii_to_gmii_v1_0/igddr5/gateigddr_IOL on IOL_151_158.
Placed fixed instance BKCL_auto_0 on BKCL_2_268.
Placed fixed instance BKCL_auto_1 on BKCL_2_144.
Placed fixed instance BKCL_auto_2 on BKCL_2_20.
Placed fixed instance BKCL_auto_3 on BKCL_154_268.
Placed fixed instance BKCL_auto_4 on BKCL_154_144.
Placed fixed instance BKCL_auto_5 on BKCL_154_20.
Placed instance u_DDR3/u_ipsl_hmic_h_phy_top/u_phy_io/dll_hmemc_dut/gopdll(gopDLL) on DLL_7_59, and placed u_DDR3/u_ipsl_hmic_h_phy_top/u_phy_io/dqs0_dut/opit_0(gopDQS_DDC) on DQSL_6_24.
Placed instance u_DDR3/u_ipsl_hmic_h_phy_top/u_phy_io/dll_hmemc_dut/gopdll(gopDLL) on DLL_7_59, and placed u_DDR3/u_ipsl_hmic_h_phy_top/u_phy_io/dqs1_dut/opit_0(gopDQS_DDC) on DQSL_6_52.
Placed instance u_DDR3/u_ipsl_hmic_h_phy_top/u_phy_io/dll_hmemc_dut/gopdll(gopDLL) on DLL_7_59, and placed u_DDR3/u_ipsl_hmic_h_phy_top/u_phy_io/dqs2_dut/opit_0(gopDQS_DDC) on DQSL_6_96.
Placed instance u_DDR3/u_ipsl_hmic_h_phy_top/u_phy_io/dll_hmemc_dut/gopdll(gopDLL) on DLL_7_59, and placed u_DDR3/u_ipsl_hmic_h_phy_top/u_phy_io/dqs3_dut/opit_0(gopDQS_DDC) on DQSL_6_148.
Placed instance u_DDR3/u_ipsl_hmic_h_phy_top/u_phy_io/dll_hmemc_dut/gopdll(gopDLL) on DLL_7_59, and placed u_DDR3/u_ipsl_hmic_h_phy_top/u_phy_io/dqs4_dut/opit_0(gopDQS_DDC) on DQSL_6_176.
Forbidden IOL_7_38.
Forbidden IOL_7_41.
Forbidden IOL_7_42.
Forbidden IOL_7_85.
Forbidden IOL_7_162.
Forbidden IOL_7_165.
Wirelength after Macro cell placement is 99136.
Macro cell placement takes 0.19 sec.
Run super clustering :
	Initial slack -5916.
	9 iterations finished.
	Final slack -1021.
Super clustering done.
Design Utilization : 44%.
Wirelength after post global placement is 99438.
Post global placement takes 18.78 sec.
Wirelength after legalization is 104014.
Legalization takes 2.81 sec.
Worst slack before Replication Place is 225.
Wirelength after replication placement is 104014.
Legalized cost 225.000000.
The detailed placement ends at 11th iteration.
Wirelength after detailed placement is 110924.
Timing-driven detailed placement takes 92.19 sec.
Placement done.
Total placement takes 150.00 sec.
Finished placement. (CPU time elapsed 0h:02m:36s)

Routing started.
Building routing graph takes 1.45 sec.
Worst slack is 1050.
Processing design graph takes 1.27 sec.
Total memory for routing:
	53.608887 M.
Total nets for routing : 12371.
Rcf routing step 1 processed 0 nets, it takes 0.00 sec.
Rcf routing step 2 processed 0 nets, it takes 0.00 sec.
Rcf routing step 3 processed 0 nets, it takes 0.00 sec.
Unrouted nets 0 at the end of iteration 0.
Global Routing step 1 processed 151 nets, it takes 0.05 sec.
Unrouted nets 153 at the end of iteration 0.
Unrouted nets 128 at the end of iteration 1.
Unrouted nets 98 at the end of iteration 2.
Unrouted nets 62 at the end of iteration 3.
Unrouted nets 56 at the end of iteration 4.
Unrouted nets 42 at the end of iteration 5.
Unrouted nets 32 at the end of iteration 6.
Unrouted nets 24 at the end of iteration 7.
Unrouted nets 20 at the end of iteration 8.
Unrouted nets 14 at the end of iteration 9.
Unrouted nets 12 at the end of iteration 10.
Unrouted nets 8 at the end of iteration 11.
Unrouted nets 7 at the end of iteration 12.
Unrouted nets 5 at the end of iteration 13.
Unrouted nets 4 at the end of iteration 14.
Unrouted nets 6 at the end of iteration 15.
Unrouted nets 4 at the end of iteration 16.
Unrouted nets 2 at the end of iteration 17.
Unrouted nets 2 at the end of iteration 18.
Unrouted nets 2 at the end of iteration 19.
Unrouted nets 2 at the end of iteration 20.
Unrouted nets 1 at the end of iteration 21.
Unrouted nets 1 at the end of iteration 22.
Unrouted nets 1 at the end of iteration 23.
Unrouted nets 1 at the end of iteration 24.
Unrouted nets 1 at the end of iteration 25.
Unrouted nets 1 at the end of iteration 26.
Unrouted nets 1 at the end of iteration 27.
Unrouted nets 1 at the end of iteration 28.
Unrouted nets 0 at the end of iteration 29.
Global Routing step 2 processed 465 nets, it takes 1.27 sec.
Unrouted nets 229 at the end of iteration 0.
Unrouted nets 152 at the end of iteration 1.
Unrouted nets 124 at the end of iteration 2.
Unrouted nets 118 at the end of iteration 3.
Unrouted nets 84 at the end of iteration 4.
Unrouted nets 70 at the end of iteration 5.
Unrouted nets 58 at the end of iteration 6.
Unrouted nets 57 at the end of iteration 7.
Unrouted nets 44 at the end of iteration 8.
Unrouted nets 28 at the end of iteration 9.
Unrouted nets 21 at the end of iteration 10.
Unrouted nets 12 at the end of iteration 11.
Unrouted nets 13 at the end of iteration 12.
Unrouted nets 10 at the end of iteration 13.
Unrouted nets 12 at the end of iteration 14.
Unrouted nets 16 at the end of iteration 15.
Unrouted nets 7 at the end of iteration 16.
Unrouted nets 3 at the end of iteration 17.
Unrouted nets 1 at the end of iteration 18.
Unrouted nets 0 at the end of iteration 19.
Global Routing step 3 processed 735 nets, it takes 4.70 sec.
Global routing takes 6.03 sec.
Total 14694 subnets.
    forward max bucket size 1107 , backward 484.
        Unrouted nets 10428 at the end of iteration 0.
    route iteration 0, CPU time elapsed 4.468750 sec.
    forward max bucket size 1284 , backward 517.
        Unrouted nets 9372 at the end of iteration 1.
    route iteration 1, CPU time elapsed 4.578125 sec.
    forward max bucket size 2818 , backward 795.
        Unrouted nets 8281 at the end of iteration 2.
    route iteration 2, CPU time elapsed 4.906250 sec.
    forward max bucket size 3774 , backward 798.
        Unrouted nets 7297 at the end of iteration 3.
    route iteration 3, CPU time elapsed 4.703125 sec.
    forward max bucket size 5251 , backward 866.
        Unrouted nets 6547 at the end of iteration 4.
    route iteration 4, CPU time elapsed 5.109375 sec.
    forward max bucket size 5296 , backward 979.
        Unrouted nets 5950 at the end of iteration 5.
    route iteration 5, CPU time elapsed 5.406250 sec.
    forward max bucket size 5103 , backward 676.
        Unrouted nets 5235 at the end of iteration 6.
    route iteration 6, CPU time elapsed 4.343750 sec.
    forward max bucket size 5388 , backward 717.
        Unrouted nets 4677 at the end of iteration 7.
    route iteration 7, CPU time elapsed 4.187500 sec.
    forward max bucket size 6284 , backward 690.
        Unrouted nets 4085 at the end of iteration 8.
    route iteration 8, CPU time elapsed 4.468750 sec.
    forward max bucket size 6643 , backward 965.
        Unrouted nets 3514 at the end of iteration 9.
    route iteration 9, CPU time elapsed 3.765625 sec.
    forward max bucket size 6738 , backward 766.
        Unrouted nets 3155 at the end of iteration 10.
    route iteration 10, CPU time elapsed 3.375000 sec.
    forward max bucket size 6209 , backward 633.
        Unrouted nets 2749 at the end of iteration 11.
    route iteration 11, CPU time elapsed 3.156250 sec.
    forward max bucket size 6881 , backward 671.
        Unrouted nets 2487 at the end of iteration 12.
    route iteration 12, CPU time elapsed 2.984375 sec.
    forward max bucket size 5774 , backward 584.
        Unrouted nets 2299 at the end of iteration 13.
    route iteration 13, CPU time elapsed 2.718750 sec.
    forward max bucket size 8521 , backward 606.
        Unrouted nets 2086 at the end of iteration 14.
    route iteration 14, CPU time elapsed 2.531250 sec.
    forward max bucket size 6268 , backward 1184.
        Unrouted nets 1890 at the end of iteration 15.
    route iteration 15, CPU time elapsed 2.453125 sec.
    forward max bucket size 6533 , backward 522.
        Unrouted nets 1780 at the end of iteration 16.
    route iteration 16, CPU time elapsed 2.265625 sec.
    forward max bucket size 7010 , backward 809.
        Unrouted nets 1718 at the end of iteration 17.
    route iteration 17, CPU time elapsed 2.265625 sec.
    forward max bucket size 7164 , backward 811.
        Unrouted nets 1624 at the end of iteration 18.
    route iteration 18, CPU time elapsed 2.171875 sec.
    forward max bucket size 5782 , backward 803.
        Unrouted nets 1481 at the end of iteration 19.
    route iteration 19, CPU time elapsed 2.046875 sec.
    forward max bucket size 6285 , backward 819.
        Unrouted nets 1426 at the end of iteration 20.
    route iteration 20, CPU time elapsed 2.000000 sec.
    forward max bucket size 6617 , backward 603.
        Unrouted nets 1326 at the end of iteration 21.
    route iteration 21, CPU time elapsed 1.890625 sec.
    forward max bucket size 8848 , backward 739.
        Unrouted nets 1275 at the end of iteration 22.
    route iteration 22, CPU time elapsed 1.781250 sec.
    forward max bucket size 6490 , backward 516.
        Unrouted nets 1211 at the end of iteration 23.
    route iteration 23, CPU time elapsed 1.656250 sec.
    forward max bucket size 6604 , backward 964.
        Unrouted nets 1121 at the end of iteration 24.
    route iteration 24, CPU time elapsed 1.609375 sec.
    forward max bucket size 8442 , backward 1005.
        Unrouted nets 1094 at the end of iteration 25.
    route iteration 25, CPU time elapsed 1.578125 sec.
    forward max bucket size 4128 , backward 1175.
        Unrouted nets 1039 at the end of iteration 26.
    route iteration 26, CPU time elapsed 1.500000 sec.
    forward max bucket size 5746 , backward 618.
        Unrouted nets 906 at the end of iteration 27.
    route iteration 27, CPU time elapsed 1.453125 sec.
    forward max bucket size 5705 , backward 699.
        Unrouted nets 884 at the end of iteration 28.
    route iteration 28, CPU time elapsed 1.328125 sec.
    forward max bucket size 5214 , backward 579.
        Unrouted nets 872 at the end of iteration 29.
    route iteration 29, CPU time elapsed 1.265625 sec.
    forward max bucket size 5598 , backward 676.
        Unrouted nets 794 at the end of iteration 30.
    route iteration 30, CPU time elapsed 1.125000 sec.
    forward max bucket size 5164 , backward 690.
        Unrouted nets 768 at the end of iteration 31.
    route iteration 31, CPU time elapsed 1.156250 sec.
    forward max bucket size 6681 , backward 488.
        Unrouted nets 774 at the end of iteration 32.
    route iteration 32, CPU time elapsed 1.265625 sec.
    forward max bucket size 4560 , backward 458.
        Unrouted nets 769 at the end of iteration 33.
    route iteration 33, CPU time elapsed 1.109375 sec.
    forward max bucket size 8584 , backward 559.
        Unrouted nets 732 at the end of iteration 34.
    route iteration 34, CPU time elapsed 1.171875 sec.
    forward max bucket size 5987 , backward 417.
        Unrouted nets 660 at the end of iteration 35.
    route iteration 35, CPU time elapsed 1.156250 sec.
    forward max bucket size 4355 , backward 466.
        Unrouted nets 623 at the end of iteration 36.
    route iteration 36, CPU time elapsed 0.968750 sec.
    forward max bucket size 5370 , backward 415.
        Unrouted nets 594 at the end of iteration 37.
    route iteration 37, CPU time elapsed 0.937500 sec.
    forward max bucket size 3902 , backward 496.
        Unrouted nets 505 at the end of iteration 38.
    route iteration 38, CPU time elapsed 0.859375 sec.
    forward max bucket size 6091 , backward 420.
        Unrouted nets 477 at the end of iteration 39.
    route iteration 39, CPU time elapsed 0.843750 sec.
    forward max bucket size 4572 , backward 429.
        Unrouted nets 466 at the end of iteration 40.
    route iteration 40, CPU time elapsed 0.765625 sec.
    forward max bucket size 3625 , backward 425.
        Unrouted nets 476 at the end of iteration 41.
    route iteration 41, CPU time elapsed 0.718750 sec.
    forward max bucket size 4459 , backward 458.
        Unrouted nets 474 at the end of iteration 42.
    route iteration 42, CPU time elapsed 0.781250 sec.
    forward max bucket size 3715 , backward 475.
        Unrouted nets 416 at the end of iteration 43.
    route iteration 43, CPU time elapsed 0.750000 sec.
    forward max bucket size 5152 , backward 528.
        Unrouted nets 421 at the end of iteration 44.
    route iteration 44, CPU time elapsed 0.718750 sec.
    forward max bucket size 5801 , backward 437.
        Unrouted nets 411 at the end of iteration 45.
    route iteration 45, CPU time elapsed 0.640625 sec.
    forward max bucket size 6129 , backward 938.
        Unrouted nets 382 at the end of iteration 46.
    route iteration 46, CPU time elapsed 0.671875 sec.
    forward max bucket size 6673 , backward 520.
        Unrouted nets 367 at the end of iteration 47.
    route iteration 47, CPU time elapsed 0.671875 sec.
    forward max bucket size 6069 , backward 677.
        Unrouted nets 363 at the end of iteration 48.
    route iteration 48, CPU time elapsed 0.625000 sec.
    forward max bucket size 3765 , backward 425.
        Unrouted nets 323 at the end of iteration 49.
    route iteration 49, CPU time elapsed 0.593750 sec.
    forward max bucket size 4351 , backward 354.
        Unrouted nets 323 at the end of iteration 50.
    route iteration 50, CPU time elapsed 0.546875 sec.
    forward max bucket size 4075 , backward 708.
        Unrouted nets 269 at the end of iteration 51.
    route iteration 51, CPU time elapsed 0.468750 sec.
    forward max bucket size 3213 , backward 509.
        Unrouted nets 257 at the end of iteration 52.
    route iteration 52, CPU time elapsed 0.406250 sec.
    forward max bucket size 2948 , backward 696.
        Unrouted nets 232 at the end of iteration 53.
    route iteration 53, CPU time elapsed 0.421875 sec.
    forward max bucket size 6355 , backward 307.
        Unrouted nets 180 at the end of iteration 54.
    route iteration 54, CPU time elapsed 0.468750 sec.
    forward max bucket size 2877 , backward 238.
        Unrouted nets 168 at the end of iteration 55.
    route iteration 55, CPU time elapsed 0.406250 sec.
    forward max bucket size 4393 , backward 238.
        Unrouted nets 161 at the end of iteration 56.
    route iteration 56, CPU time elapsed 0.375000 sec.
    forward max bucket size 5434 , backward 244.
        Unrouted nets 181 at the end of iteration 57.
    route iteration 57, CPU time elapsed 0.421875 sec.
    forward max bucket size 2871 , backward 342.
        Unrouted nets 179 at the end of iteration 58.
    route iteration 58, CPU time elapsed 0.421875 sec.
    forward max bucket size 1571 , backward 330.
        Unrouted nets 151 at the end of iteration 59.
    route iteration 59, CPU time elapsed 0.343750 sec.
    forward max bucket size 2952 , backward 229.
        Unrouted nets 139 at the end of iteration 60.
    route iteration 60, CPU time elapsed 0.328125 sec.
    forward max bucket size 3210 , backward 302.
        Unrouted nets 146 at the end of iteration 61.
    route iteration 61, CPU time elapsed 0.328125 sec.
    forward max bucket size 379 , backward 165.
        Unrouted nets 146 at the end of iteration 62.
    route iteration 62, CPU time elapsed 0.296875 sec.
    forward max bucket size 560 , backward 484.
        Unrouted nets 159 at the end of iteration 63.
    route iteration 63, CPU time elapsed 0.343750 sec.
    forward max bucket size 1827 , backward 298.
        Unrouted nets 152 at the end of iteration 64.
    route iteration 64, CPU time elapsed 0.359375 sec.
    forward max bucket size 1192 , backward 180.
        Unrouted nets 135 at the end of iteration 65.
    route iteration 65, CPU time elapsed 0.343750 sec.
    forward max bucket size 457 , backward 477.
        Unrouted nets 145 at the end of iteration 66.
    route iteration 66, CPU time elapsed 0.375000 sec.
    forward max bucket size 2442 , backward 209.
        Unrouted nets 131 at the end of iteration 67.
    route iteration 67, CPU time elapsed 0.312500 sec.
    forward max bucket size 3025 , backward 484.
        Unrouted nets 148 at the end of iteration 68.
    route iteration 68, CPU time elapsed 0.421875 sec.
    forward max bucket size 2478 , backward 334.
        Unrouted nets 150 at the end of iteration 69.
    route iteration 69, CPU time elapsed 0.359375 sec.
    forward max bucket size 3950 , backward 374.
        Unrouted nets 157 at the end of iteration 70.
    route iteration 70, CPU time elapsed 0.375000 sec.
    forward max bucket size 5567 , backward 259.
        Unrouted nets 152 at the end of iteration 71.
    route iteration 71, CPU time elapsed 0.390625 sec.
    forward max bucket size 4927 , backward 401.
        Unrouted nets 159 at the end of iteration 72.
    route iteration 72, CPU time elapsed 0.437500 sec.
    forward max bucket size 3860 , backward 401.
        Unrouted nets 161 at the end of iteration 73.
    route iteration 73, CPU time elapsed 0.390625 sec.
    forward max bucket size 3145 , backward 458.
        Unrouted nets 126 at the end of iteration 74.
    route iteration 74, CPU time elapsed 0.343750 sec.
    forward max bucket size 1616 , backward 278.
        Unrouted nets 136 at the end of iteration 75.
    route iteration 75, CPU time elapsed 0.359375 sec.
    forward max bucket size 3586 , backward 287.
        Unrouted nets 121 at the end of iteration 76.
    route iteration 76, CPU time elapsed 0.343750 sec.
    forward max bucket size 5174 , backward 479.
        Unrouted nets 126 at the end of iteration 77.
    route iteration 77, CPU time elapsed 0.375000 sec.
    forward max bucket size 5121 , backward 453.
        Unrouted nets 126 at the end of iteration 78.
    route iteration 78, CPU time elapsed 0.390625 sec.
    forward max bucket size 3035 , backward 178.
        Unrouted nets 117 at the end of iteration 79.
    route iteration 79, CPU time elapsed 0.296875 sec.
    forward max bucket size 4839 , backward 195.
        Unrouted nets 127 at the end of iteration 80.
    route iteration 80, CPU time elapsed 0.343750 sec.
    forward max bucket size 4076 , backward 319.
        Unrouted nets 122 at the end of iteration 81.
    route iteration 81, CPU time elapsed 0.312500 sec.
    forward max bucket size 3747 , backward 503.
        Unrouted nets 129 at the end of iteration 82.
    route iteration 82, CPU time elapsed 0.375000 sec.
    forward max bucket size 4784 , backward 181.
        Unrouted nets 121 at the end of iteration 83.
    route iteration 83, CPU time elapsed 0.375000 sec.
    forward max bucket size 4873 , backward 198.
        Unrouted nets 151 at the end of iteration 84.
    route iteration 84, CPU time elapsed 0.390625 sec.
    forward max bucket size 3676 , backward 219.
        Unrouted nets 155 at the end of iteration 85.
    route iteration 85, CPU time elapsed 0.406250 sec.
    forward max bucket size 7391 , backward 470.
        Unrouted nets 141 at the end of iteration 86.
    route iteration 86, CPU time elapsed 0.421875 sec.
    forward max bucket size 8173 , backward 296.
        Unrouted nets 140 at the end of iteration 87.
    route iteration 87, CPU time elapsed 0.406250 sec.
    forward max bucket size 8099 , backward 335.
        Unrouted nets 144 at the end of iteration 88.
    route iteration 88, CPU time elapsed 0.375000 sec.
    forward max bucket size 3991 , backward 185.
        Unrouted nets 125 at the end of iteration 89.
    route iteration 89, CPU time elapsed 0.359375 sec.
    forward max bucket size 8297 , backward 244.
        Unrouted nets 121 at the end of iteration 90.
    route iteration 90, CPU time elapsed 0.390625 sec.
    forward max bucket size 1443 , backward 239.
        Unrouted nets 120 at the end of iteration 91.
    route iteration 91, CPU time elapsed 0.343750 sec.
    forward max bucket size 1150 , backward 191.
        Unrouted nets 112 at the end of iteration 92.
    route iteration 92, CPU time elapsed 0.359375 sec.
    forward max bucket size 746 , backward 385.
        Unrouted nets 108 at the end of iteration 93.
    route iteration 93, CPU time elapsed 0.343750 sec.
    forward max bucket size 1170 , backward 198.
        Unrouted nets 102 at the end of iteration 94.
    route iteration 94, CPU time elapsed 0.281250 sec.
    forward max bucket size 5851 , backward 428.
        Unrouted nets 102 at the end of iteration 95.
    route iteration 95, CPU time elapsed 0.312500 sec.
    forward max bucket size 3530 , backward 109.
        Unrouted nets 90 at the end of iteration 96.
    route iteration 96, CPU time elapsed 0.281250 sec.
    forward max bucket size 3124 , backward 147.
        Unrouted nets 98 at the end of iteration 97.
    route iteration 97, CPU time elapsed 0.281250 sec.
    forward max bucket size 4411 , backward 326.
        Unrouted nets 92 at the end of iteration 98.
    route iteration 98, CPU time elapsed 0.296875 sec.
    forward max bucket size 1803 , backward 320.
        Unrouted nets 86 at the end of iteration 99.
    route iteration 99, CPU time elapsed 0.265625 sec.
    forward max bucket size 2592 , backward 775.
        Unrouted nets 73 at the end of iteration 100.
    route iteration 100, CPU time elapsed 0.296875 sec.
    forward max bucket size 3696 , backward 109.
        Unrouted nets 71 at the end of iteration 101.
    route iteration 101, CPU time elapsed 0.312500 sec.
    forward max bucket size 5876 , backward 203.
        Unrouted nets 69 at the end of iteration 102.
    route iteration 102, CPU time elapsed 0.343750 sec.
    forward max bucket size 2885 , backward 442.
        Unrouted nets 72 at the end of iteration 103.
    route iteration 103, CPU time elapsed 0.265625 sec.
    forward max bucket size 8220 , backward 114.
        Unrouted nets 57 at the end of iteration 104.
    route iteration 104, CPU time elapsed 0.265625 sec.
    forward max bucket size 6080 , backward 296.
        Unrouted nets 51 at the end of iteration 105.
    route iteration 105, CPU time elapsed 0.250000 sec.
    forward max bucket size 5468 , backward 148.
        Unrouted nets 59 at the end of iteration 106.
    route iteration 106, CPU time elapsed 0.218750 sec.
    forward max bucket size 4517 , backward 747.
        Unrouted nets 58 at the end of iteration 107.
    route iteration 107, CPU time elapsed 0.296875 sec.
    forward max bucket size 4295 , backward 1134.
        Unrouted nets 52 at the end of iteration 108.
    route iteration 108, CPU time elapsed 0.281250 sec.
    forward max bucket size 3971 , backward 1098.
        Unrouted nets 57 at the end of iteration 109.
    route iteration 109, CPU time elapsed 0.281250 sec.
    forward max bucket size 3247 , backward 283.
        Unrouted nets 34 at the end of iteration 110.
    route iteration 110, CPU time elapsed 0.250000 sec.
    forward max bucket size 4609 , backward 1110.
        Unrouted nets 37 at the end of iteration 111.
    route iteration 111, CPU time elapsed 0.234375 sec.
    forward max bucket size 4781 , backward 1143.
        Unrouted nets 31 at the end of iteration 112.
    route iteration 112, CPU time elapsed 0.218750 sec.
    forward max bucket size 1875 , backward 163.
        Unrouted nets 35 at the end of iteration 113.
    route iteration 113, CPU time elapsed 0.203125 sec.
    forward max bucket size 5070 , backward 92.
        Unrouted nets 30 at the end of iteration 114.
    route iteration 114, CPU time elapsed 0.203125 sec.
    forward max bucket size 96 , backward 134.
        Unrouted nets 48 at the end of iteration 115.
    route iteration 115, CPU time elapsed 0.218750 sec.
    forward max bucket size 5048 , backward 1184.
        Unrouted nets 46 at the end of iteration 116.
    route iteration 116, CPU time elapsed 0.250000 sec.
    forward max bucket size 5321 , backward 310.
        Unrouted nets 49 at the end of iteration 117.
    route iteration 117, CPU time elapsed 0.265625 sec.
    forward max bucket size 5346 , backward 143.
        Unrouted nets 53 at the end of iteration 118.
    route iteration 118, CPU time elapsed 0.234375 sec.
    forward max bucket size 3873 , backward 149.
        Unrouted nets 51 at the end of iteration 119.
    route iteration 119, CPU time elapsed 0.265625 sec.
    forward max bucket size 1511 , backward 238.
        Unrouted nets 54 at the end of iteration 120.
    route iteration 120, CPU time elapsed 0.250000 sec.
    forward max bucket size 6567 , backward 317.
        Unrouted nets 44 at the end of iteration 121.
    route iteration 121, CPU time elapsed 0.265625 sec.
    forward max bucket size 5916 , backward 243.
        Unrouted nets 38 at the end of iteration 122.
    route iteration 122, CPU time elapsed 0.234375 sec.
    forward max bucket size 4668 , backward 175.
        Unrouted nets 56 at the end of iteration 123.
    route iteration 123, CPU time elapsed 0.250000 sec.
    forward max bucket size 2460 , backward 202.
        Unrouted nets 52 at the end of iteration 124.
    route iteration 124, CPU time elapsed 0.250000 sec.
    forward max bucket size 858 , backward 444.
        Unrouted nets 54 at the end of iteration 125.
    route iteration 125, CPU time elapsed 0.250000 sec.
    forward max bucket size 2040 , backward 130.
        Unrouted nets 56 at the end of iteration 126.
    route iteration 126, CPU time elapsed 0.250000 sec.
    forward max bucket size 558 , backward 110.
        Unrouted nets 49 at the end of iteration 127.
    route iteration 127, CPU time elapsed 0.234375 sec.
    forward max bucket size 668 , backward 250.
        Unrouted nets 36 at the end of iteration 128.
    route iteration 128, CPU time elapsed 0.218750 sec.
    forward max bucket size 1413 , backward 158.
        Unrouted nets 34 at the end of iteration 129.
    route iteration 129, CPU time elapsed 0.203125 sec.
    forward max bucket size 4594 , backward 80.
        Unrouted nets 31 at the end of iteration 130.
    route iteration 130, CPU time elapsed 0.218750 sec.
    forward max bucket size 308 , backward 57.
        Unrouted nets 35 at the end of iteration 131.
    route iteration 131, CPU time elapsed 0.203125 sec.
    forward max bucket size 718 , backward 272.
        Unrouted nets 35 at the end of iteration 132.
    route iteration 132, CPU time elapsed 0.203125 sec.
    forward max bucket size 421 , backward 143.
        Unrouted nets 34 at the end of iteration 133.
    route iteration 133, CPU time elapsed 0.187500 sec.
    forward max bucket size 166 , backward 94.
        Unrouted nets 23 at the end of iteration 134.
    route iteration 134, CPU time elapsed 0.187500 sec.
    forward max bucket size 420 , backward 49.
        Unrouted nets 22 at the end of iteration 135.
    route iteration 135, CPU time elapsed 0.187500 sec.
    forward max bucket size 440 , backward 121.
        Unrouted nets 16 at the end of iteration 136.
    route iteration 136, CPU time elapsed 0.171875 sec.
    forward max bucket size 320 , backward 185.
        Unrouted nets 14 at the end of iteration 137.
    route iteration 137, CPU time elapsed 0.171875 sec.
    forward max bucket size 210 , backward 45.
        Unrouted nets 13 at the end of iteration 138.
    route iteration 138, CPU time elapsed 0.187500 sec.
    forward max bucket size 210 , backward 18.
        Unrouted nets 13 at the end of iteration 139.
    route iteration 139, CPU time elapsed 0.156250 sec.
    forward max bucket size 1683 , backward 250.
        Unrouted nets 16 at the end of iteration 140.
    route iteration 140, CPU time elapsed 0.187500 sec.
    forward max bucket size 75 , backward 55.
        Unrouted nets 16 at the end of iteration 141.
    route iteration 141, CPU time elapsed 0.203125 sec.
    forward max bucket size 280 , backward 48.
        Unrouted nets 22 at the end of iteration 142.
    route iteration 142, CPU time elapsed 0.203125 sec.
    forward max bucket size 676 , backward 87.
        Unrouted nets 32 at the end of iteration 143.
    route iteration 143, CPU time elapsed 0.187500 sec.
    forward max bucket size 635 , backward 144.
        Unrouted nets 29 at the end of iteration 144.
    route iteration 144, CPU time elapsed 0.203125 sec.
    forward max bucket size 4644 , backward 67.
        Unrouted nets 31 at the end of iteration 145.
    route iteration 145, CPU time elapsed 0.218750 sec.
    forward max bucket size 4766 , backward 64.
        Unrouted nets 36 at the end of iteration 146.
    route iteration 146, CPU time elapsed 0.203125 sec.
    forward max bucket size 4241 , backward 74.
        Unrouted nets 27 at the end of iteration 147.
    route iteration 147, CPU time elapsed 0.218750 sec.
    forward max bucket size 4815 , backward 78.
        Unrouted nets 24 at the end of iteration 148.
    route iteration 148, CPU time elapsed 0.203125 sec.
    forward max bucket size 4833 , backward 54.
        Unrouted nets 17 at the end of iteration 149.
    route iteration 149, CPU time elapsed 0.203125 sec.
    forward max bucket size 1874 , backward 90.
        Unrouted nets 25 at the end of iteration 150.
    route iteration 150, CPU time elapsed 0.218750 sec.
    forward max bucket size 1125 , backward 36.
        Unrouted nets 28 at the end of iteration 151.
    route iteration 151, CPU time elapsed 0.218750 sec.
    forward max bucket size 1125 , backward 170.
        Unrouted nets 31 at the end of iteration 152.
    route iteration 152, CPU time elapsed 0.187500 sec.
    forward max bucket size 882 , backward 57.
        Unrouted nets 34 at the end of iteration 153.
    route iteration 153, CPU time elapsed 0.218750 sec.
    forward max bucket size 307 , backward 256.
        Unrouted nets 21 at the end of iteration 154.
    route iteration 154, CPU time elapsed 0.187500 sec.
    forward max bucket size 111 , backward 57.
        Unrouted nets 18 at the end of iteration 155.
    route iteration 155, CPU time elapsed 0.187500 sec.
    forward max bucket size 111 , backward 93.
        Unrouted nets 15 at the end of iteration 156.
    route iteration 156, CPU time elapsed 0.187500 sec.
    forward max bucket size 250 , backward 72.
        Unrouted nets 13 at the end of iteration 157.
    route iteration 157, CPU time elapsed 0.171875 sec.
    forward max bucket size 94 , backward 70.
        Unrouted nets 13 at the end of iteration 158.
    route iteration 158, CPU time elapsed 0.171875 sec.
    forward max bucket size 111 , backward 37.
        Unrouted nets 10 at the end of iteration 159.
    route iteration 159, CPU time elapsed 0.171875 sec.
    forward max bucket size 1184 , backward 33.
        Unrouted nets 10 at the end of iteration 160.
    route iteration 160, CPU time elapsed 0.187500 sec.
    forward max bucket size 732 , backward 248.
        Unrouted nets 9 at the end of iteration 161.
    route iteration 161, CPU time elapsed 0.187500 sec.
    forward max bucket size 651 , backward 248.
        Unrouted nets 6 at the end of iteration 162.
    route iteration 162, CPU time elapsed 0.171875 sec.
    forward max bucket size 1009 , backward 76.
        Unrouted nets 6 at the end of iteration 163.
    route iteration 163, CPU time elapsed 0.156250 sec.
    forward max bucket size 1757 , backward 76.
        Unrouted nets 8 at the end of iteration 164.
    route iteration 164, CPU time elapsed 0.171875 sec.
    forward max bucket size 2048 , backward 76.
        Unrouted nets 8 at the end of iteration 165.
    route iteration 165, CPU time elapsed 0.156250 sec.
    forward max bucket size 907 , backward 76.
        Unrouted nets 12 at the end of iteration 166.
    route iteration 166, CPU time elapsed 0.171875 sec.
    forward max bucket size 99 , backward 52.
        Unrouted nets 15 at the end of iteration 167.
    route iteration 167, CPU time elapsed 0.171875 sec.
    forward max bucket size 99 , backward 76.
        Unrouted nets 15 at the end of iteration 168.
    route iteration 168, CPU time elapsed 0.187500 sec.
    forward max bucket size 125 , backward 122.
        Unrouted nets 7 at the end of iteration 169.
    route iteration 169, CPU time elapsed 0.171875 sec.
    forward max bucket size 83 , backward 75.
        Unrouted nets 4 at the end of iteration 170.
    route iteration 170, CPU time elapsed 0.171875 sec.
    forward max bucket size 158 , backward 129.
        Unrouted nets 2 at the end of iteration 171.
    route iteration 171, CPU time elapsed 0.171875 sec.
    forward max bucket size 85 , backward 72.
        Unrouted nets 0 at the end of iteration 172.
    route iteration 172, CPU time elapsed 0.171875 sec.
C: Route-2036: The clock path from ex_clk_50m_ibuf/opit_1:OUT to u_DDR3/u_pll_50_400/u_pll_e1/goppll:CLKIN1 is routed by SRB.
Detailed routing takes 145.06 sec.
Fix violation Finished.
Hold Violation Fix in router takes 312.64 sec.

Dispose routing result:
    Collect routing result.
    Delete unused device instances.
    Annotate routing result.
    Change LUT configuration.
    Dispose misc instances.
I: Route-6001: Insert route through in CLMA_50_92.
I: Route-6001: Insert route through in CLMA_50_88.
I: Route-6001: Insert route through in CLMA_50_121.
I: Route-6001: Insert route through in CLMA_46_120.
I: Route-6001: Insert route through in CLMS_102_221.
I: Route-6001: Insert route through in CLMS_86_233.
I: Route-6001: Insert route through in CLMA_42_172.
I: Route-6001: Insert route through in CLMA_50_116.
I: Route-6001: Insert route through in CLMS_126_245.
I: Route-6001: Insert route through in CLMS_78_93.
I: Route-6001: Insert route through in CLMA_50_37.
I: Route-6001: Insert route through in CLMS_94_37.
I: Route-6001: Insert route through in CLMS_102_181.
I: Route-6001: Insert route through in CLMA_70_104.
I: Route-6001: Insert route through in CLMS_46_77.
I: Route-6001: Insert route through in CLMA_50_120.
I: Route-6001: Insert route through in CLMA_26_216.
I: Route-6001: Insert route through in CLMS_78_333.
I: Route-6001: Insert route through in CLMA_50_121.
I: Route-6001: Insert route through in CLMA_50_125.
I: Route-6001: Insert route through in CLMA_30_161.
I: Route-6001: Insert route through in CLMA_42_276.
I: Route-6001: Insert route through in CLMA_22_240.
I: Route-6001: Insert route through in CLMA_50_77.
I: Route-6001: Insert route through in CLMS_114_81.
I: Route-6001: Insert route through in CLMA_78_168.
I: Route-6001: Insert route through in CLMA_90_132.
I: Route-6001: Insert route through in CLMA_54_180.
I: Route-6001: Insert route through in CLMA_54_176.
I: Route-6001: Insert route through in CLMA_114_164.
I: Route-6001: Insert route through in CLMA_98_149.
I: Route-6001: Insert route through in CLMA_94_148.
I: Route-6001: Insert route through in CLMA_50_81.
I: Route-6001: Insert route through in CLMA_22_240.
I: Route-6001: Insert route through in CLMA_42_169.
I: Route-6001: Insert route through in CLMS_126_21.
I: Route-6001: Insert route through in CLMS_54_125.
I: Route-6001: Insert route through in CLMS_86_233.
I: Route-6001: Insert route through in CLMS_38_265.
I: Route-6001: Insert route through in CLMS_94_157.
I: Route-6001: Insert route through in CLMS_38_197.
I: Route-6001: Insert route through in CLMA_50_161.
I: Route-6001: Insert route through in CLMS_78_161.
I: Route-6001: Insert route through in CLMA_50_132.
I: Route-6001: Insert route through in CLMS_26_165.
I: Route-6001: Insert route through in CLMA_90_257.
I: Route-6001: Insert route through in CLMA_50_128.
I: Route-6001: Insert route through in CLMA_82_156.
I: Route-6001: Insert route through in CLMA_78_168.
I: Route-6001: Insert route through in CLMS_26_137.
I: Route-6001: Insert route through in CLMA_50_161.
I: Route-6001: Insert route through in CLMA_46_120.
I: Route-6001: Insert route through in CLMA_82_153.
I: Route-6001: Insert route through in CLMA_50_132.
I: Route-6001: Insert route through in CLMS_54_169.
I: Route-6001: Insert route through in CLMA_30_161.
I: Route-6001: Insert route through in CLMA_50_173.
I: Route-6001: Insert route through in CLMA_30_112.
I: Route-6001: Insert route through in CLMA_90_249.
I: Route-6001: Insert route through in CLMA_90_145.
I: Route-6001: Insert route through in CLMS_38_173.
I: Route-6001: Insert route through in CLMA_50_156.
I: Route-6001: Insert route through in CLMA_50_128.
I: Route-6001: Insert route through in CLMA_90_213.
I: Route-6001: Insert route through in CLMA_42_181.
I: Route-6001: Insert route through in CLMA_98_208.
I: Route-6001: Insert route through in CLMA_90_129.
I: Route-6001: Insert route through in CLMS_94_157.
I: Route-6001: Insert route through in CLMA_30_240.
I: Route-6001: Insert route through in CLMA_146_236.
I: Route-6001: Insert route through in CLMA_130_196.
I: Route-6001: Insert route through in CLMS_54_121.
I: Route-6001: Insert route through in CLMS_78_205.
I: Route-6001: Insert route through in CLMA_98_304.
I: Route-6001: Insert route through in USCM_74_111.
I: Route-6001: Insert route through in USCM_74_128.
I: Route-6001: Insert route through in USCM_74_110.
I: Route-6001: Insert route through in USCM_74_133.
I: Route-6001: Insert route through in USCM_74_132.
I: Route-6001: Insert route through in RCKB_151_185.
I: Route-6001: Insert route through in RCKB_151_187.
I: Route-6001: Insert route through in RCKB_7_61.
I: Route-6001: Insert route through in RCKB_7_186.
I: Route-6001: Insert route through in RCKB_151_186.
I: Route-6001: Insert route through in RCKB_7_184.
I: Route-6001: Insert route through in RCKB_151_184.
I: Route-6001: Insert route through in RCKB_7_62.
I: Route-6001: Insert route through in RCKB_7_60.
    Annotate routing result again.
Finish routing takes 3.75 sec.
No timing paths have hold violation.
Hold fix iterated 0 times
Hold violation fix takes 7.83 sec.
Used srb routing arc is 146342.
Cleanup routing takes 0.06 sec.
Routing done.
Total routing takes 479.64 sec.


Device Utilization Summary :
+----------------------------------------------------------------------------+
| Logic Utilization        | Used     | Available     | Utilization(%)     
+----------------------------------------------------------------------------+
| Use of ADC               | 0        | 1             | 0                   
| Use of APM               | 3        | 30            | 10                  
| Use of BKCL              | 6        | 6             | 100                 
| Use of CLMA              | 2234     | 3274          | 68                  
|   FF                     | 3627     | 19644         | 18                  
|   LUT                    | 5994     | 13096         | 46                  
|   LUT-FF pairs           | 2046     | 13096         | 16                  
| Use of CLMS              | 727      | 1110          | 65                  
|   FF                     | 964      | 6660          | 14                  
|   LUT                    | 1881     | 4440          | 42                  
|   LUT-FF pairs           | 558      | 4440          | 13                  
|   Distributed RAM        | 96       | 4440          | 2                   
| Use of CRYSTAL           | 0        | 6             | 0                   
| Use of DLL               | 2        | 6             | 33                  
| Use of DQSL              | 5        | 18            | 28                  
| Use of DRM               | 21       | 48            | 44                  
| Use of FLSIF             | 0        | 1             | 0                   
| Use of FUSECODE          | 0        | 1             | 0                   
| Use of HARD0N1           | 0        | 2745          | 0                   
| Use of HMEMC             | 1        | 2             | 50                  
| Use of IO                | 86       | 240           | 36                  
|   IOBD                   | 41       | 120           | 34                  
|   IOBR                   | 1        | 6             | 17                  
|   IOBS                   | 44       | 114           | 39                  
| Use of IOCKDIV           | 1        | 12            | 8                   
| Use of IOCKDLY           | 1        | 24            | 4                   
| Use of IOCKGATE          | 2        | 12            | 17                  
| Use of IOCKGMUX_TEST     | 0        | 12            | 0                   
| Use of IOL               | 86       | 240           | 36                  
| Use of IPAL              | 0        | 1             | 0                   
| Use of MFG_TEST          | 0        | 1             | 0                   
| Use of OSC               | 0        | 1             | 0                   
| Use of PLL               | 1        | 6             | 17                  
| Use of PREGMUX_TEST      | 0        | 6             | 0                   
| Use of RCKB              | 9        | 24            | 38                  
| Use of RCKBMUX_TEST      | 0        | 12            | 0                   
| Use of RESCAL            | 0        | 6             | 0                   
| Use of SCANCHAIN         | 0        | 4             | 0                   
| Use of START             | 1        | 1             | 100                 
| Use of UDID              | 0        | 1             | 0                   
| Use of USCM              | 9        | 20            | 45                  
| Use of USCMMUX_TEST      | 0        | 20            | 0                   
| Use of VCKBMUX_TEST      | 0        | 12            | 0                   
+----------------------------------------------------------------------------+

Finished routing. (CPU time elapsed 0h:11m:14s)
Design 'm1_soc_top' has been placed and routed successfully.
Saving design to DB.
Action pnr: Real time elapsed is 684.000 sec
Action pnr: CPU time elapsed is 679.766 sec
Current time: Mon Mar 29 23:05:38 2021
Action pnr: Peak memory pool usage is 1,100,177,408 bytes
Finished placement and routing. (CPU time elapsed 0h:11m:15s)
