#Build: Fabric Compiler 2020.3-SP3.1, Build 67625, Jan 05 04:16 2021
#Install: C:\pango\PDS_2020.3-SP3.1-ads\bin
#Application name: pds_shell.exe
#OS: Windows 7 6.1.7600
#Hostname: LAPTOP-33JRCVKD
Generated by Fabric Compiler (version 2020.3-SP3.1 build 67625) at Mon Apr  5 12:39:32 2021
Compiling verification operator library.
Compiling common defs.
Compiling prim grid devices.
Compiling gate devices.
Compiling gate operators.
Building architecture model.
Loading device packaging model 'MBG324'.
I: dp_step_length: 4 != def: 1
Starting placement and routing flow. (CPU time elapsed 0h:00m:00s)
Reading design from devmap DB.
Building architecture floorplan logic view.
Executing : apply_constraint -f C:/Users/yangl/Documents/IC_competition/arm/M1_PGL22G_RTOS/PDS_project/pnr/device_map/m1_soc_top.pcf
Executing : def_port i2c0_sck -LOC A15 -IOSTANDARD LVCMOS33 -VCCIO 3.3 -BUS_KEEPER PULLUP
C: ConstraintEditor-2006: [C:/Users/yangl/Documents/IC_competition/arm/M1_PGL22G_RTOS/PDS_project/pnr/device_map/m1_soc_top.pcf] Port i2c0_sck lack of drive, output port and inout port had better set drive value, the default value is 4.
C: ConstraintEditor-2007: [C:/Users/yangl/Documents/IC_competition/arm/M1_PGL22G_RTOS/PDS_project/pnr/device_map/m1_soc_top.pcf] Port i2c0_sck lack of slew, output port and inout port had better set slew value, the default value is SLOW.
Executing : def_port i2c0_sck -LOC A15 -IOSTANDARD LVCMOS33 -VCCIO 3.3 -BUS_KEEPER PULLUP successfully.
Executing : def_port i2c0_sda -LOC B15 -IOSTANDARD LVCMOS33 -VCCIO 3.3 -BUS_KEEPER PULLUP
C: ConstraintEditor-2006: [C:/Users/yangl/Documents/IC_competition/arm/M1_PGL22G_RTOS/PDS_project/pnr/device_map/m1_soc_top.pcf] Port i2c0_sda lack of drive, output port and inout port had better set drive value, the default value is 4.
C: ConstraintEditor-2007: [C:/Users/yangl/Documents/IC_competition/arm/M1_PGL22G_RTOS/PDS_project/pnr/device_map/m1_soc_top.pcf] Port i2c0_sda lack of slew, output port and inout port had better set slew value, the default value is SLOW.
Executing : def_port i2c0_sda -LOC B15 -IOSTANDARD LVCMOS33 -VCCIO 3.3 -BUS_KEEPER PULLUP successfully.
Executing : def_port {pad_dq_ch0[0]} -LOC T8 -IOSTANDARD SSTL15_I -VCCIO 1.5 -BUS_KEEPER UNUSED -VREF_MODE IN -VREF_MODE_VALUE 0.5 -DDR_TERM_MODE ON -DRIVE 7.5 -SLEW FAST
Executing : def_port {pad_dq_ch0[0]} -LOC T8 -IOSTANDARD SSTL15_I -VCCIO 1.5 -BUS_KEEPER UNUSED -VREF_MODE IN -VREF_MODE_VALUE 0.5 -DDR_TERM_MODE ON -DRIVE 7.5 -SLEW FAST successfully.
Executing : def_port {pad_dq_ch0[1]} -LOC T6 -IOSTANDARD SSTL15_I -VCCIO 1.5 -BUS_KEEPER UNUSED -VREF_MODE IN -VREF_MODE_VALUE 0.5 -DDR_TERM_MODE ON -DRIVE 7.5 -SLEW FAST
Executing : def_port {pad_dq_ch0[1]} -LOC T6 -IOSTANDARD SSTL15_I -VCCIO 1.5 -BUS_KEEPER UNUSED -VREF_MODE IN -VREF_MODE_VALUE 0.5 -DDR_TERM_MODE ON -DRIVE 7.5 -SLEW FAST successfully.
Executing : def_port {pad_dq_ch0[2]} -LOC R6 -IOSTANDARD SSTL15_I -VCCIO 1.5 -BUS_KEEPER UNUSED -VREF_MODE IN -VREF_MODE_VALUE 0.5 -DDR_TERM_MODE ON -DRIVE 7.5 -SLEW FAST
Executing : def_port {pad_dq_ch0[2]} -LOC R6 -IOSTANDARD SSTL15_I -VCCIO 1.5 -BUS_KEEPER UNUSED -VREF_MODE IN -VREF_MODE_VALUE 0.5 -DDR_TERM_MODE ON -DRIVE 7.5 -SLEW FAST successfully.
Executing : def_port {pad_dq_ch0[3]} -LOC R9 -IOSTANDARD SSTL15_I -VCCIO 1.5 -BUS_KEEPER UNUSED -VREF_MODE IN -VREF_MODE_VALUE 0.5 -DDR_TERM_MODE ON -DRIVE 7.5 -SLEW FAST
Executing : def_port {pad_dq_ch0[3]} -LOC R9 -IOSTANDARD SSTL15_I -VCCIO 1.5 -BUS_KEEPER UNUSED -VREF_MODE IN -VREF_MODE_VALUE 0.5 -DDR_TERM_MODE ON -DRIVE 7.5 -SLEW FAST successfully.
Executing : def_port {pad_dq_ch0[4]} -LOC T9 -IOSTANDARD SSTL15_I -VCCIO 1.5 -BUS_KEEPER UNUSED -VREF_MODE IN -VREF_MODE_VALUE 0.5 -DDR_TERM_MODE ON -DRIVE 7.5 -SLEW FAST
Executing : def_port {pad_dq_ch0[4]} -LOC T9 -IOSTANDARD SSTL15_I -VCCIO 1.5 -BUS_KEEPER UNUSED -VREF_MODE IN -VREF_MODE_VALUE 0.5 -DDR_TERM_MODE ON -DRIVE 7.5 -SLEW FAST successfully.
Executing : def_port {pad_dq_ch0[5]} -LOC N4 -IOSTANDARD SSTL15_I -VCCIO 1.5 -BUS_KEEPER UNUSED -VREF_MODE IN -VREF_MODE_VALUE 0.5 -DDR_TERM_MODE ON -DRIVE 7.5 -SLEW FAST
Executing : def_port {pad_dq_ch0[5]} -LOC N4 -IOSTANDARD SSTL15_I -VCCIO 1.5 -BUS_KEEPER UNUSED -VREF_MODE IN -VREF_MODE_VALUE 0.5 -DDR_TERM_MODE ON -DRIVE 7.5 -SLEW FAST successfully.
Executing : def_port {pad_dq_ch0[6]} -LOC N5 -IOSTANDARD SSTL15_I -VCCIO 1.5 -BUS_KEEPER UNUSED -VREF_MODE IN -VREF_MODE_VALUE 0.5 -DDR_TERM_MODE ON -DRIVE 7.5 -SLEW FAST
Executing : def_port {pad_dq_ch0[6]} -LOC N5 -IOSTANDARD SSTL15_I -VCCIO 1.5 -BUS_KEEPER UNUSED -VREF_MODE IN -VREF_MODE_VALUE 0.5 -DDR_TERM_MODE ON -DRIVE 7.5 -SLEW FAST successfully.
Executing : def_port {pad_dq_ch0[7]} -LOC P6 -IOSTANDARD SSTL15_I -VCCIO 1.5 -BUS_KEEPER UNUSED -VREF_MODE IN -VREF_MODE_VALUE 0.5 -DDR_TERM_MODE ON -DRIVE 7.5 -SLEW FAST
Executing : def_port {pad_dq_ch0[7]} -LOC P6 -IOSTANDARD SSTL15_I -VCCIO 1.5 -BUS_KEEPER UNUSED -VREF_MODE IN -VREF_MODE_VALUE 0.5 -DDR_TERM_MODE ON -DRIVE 7.5 -SLEW FAST successfully.
Executing : def_port {pad_dq_ch0[8]} -LOC T4 -IOSTANDARD SSTL15_I -VCCIO 1.5 -BUS_KEEPER UNUSED -VREF_MODE IN -VREF_MODE_VALUE 0.5 -DDR_TERM_MODE ON -DRIVE 7.5 -SLEW FAST
Executing : def_port {pad_dq_ch0[8]} -LOC T4 -IOSTANDARD SSTL15_I -VCCIO 1.5 -BUS_KEEPER UNUSED -VREF_MODE IN -VREF_MODE_VALUE 0.5 -DDR_TERM_MODE ON -DRIVE 7.5 -SLEW FAST successfully.
Executing : def_port {pad_dq_ch0[9]} -LOC V9 -IOSTANDARD SSTL15_I -VCCIO 1.5 -BUS_KEEPER UNUSED -VREF_MODE IN -VREF_MODE_VALUE 0.5 -DDR_TERM_MODE ON -DRIVE 7.5 -SLEW FAST
Executing : def_port {pad_dq_ch0[9]} -LOC V9 -IOSTANDARD SSTL15_I -VCCIO 1.5 -BUS_KEEPER UNUSED -VREF_MODE IN -VREF_MODE_VALUE 0.5 -DDR_TERM_MODE ON -DRIVE 7.5 -SLEW FAST successfully.
Executing : def_port {pad_dq_ch0[10]} -LOC U9 -IOSTANDARD SSTL15_I -VCCIO 1.5 -BUS_KEEPER UNUSED -VREF_MODE IN -VREF_MODE_VALUE 0.5 -DDR_TERM_MODE ON -DRIVE 7.5 -SLEW FAST
Executing : def_port {pad_dq_ch0[10]} -LOC U9 -IOSTANDARD SSTL15_I -VCCIO 1.5 -BUS_KEEPER UNUSED -VREF_MODE IN -VREF_MODE_VALUE 0.5 -DDR_TERM_MODE ON -DRIVE 7.5 -SLEW FAST successfully.
Executing : def_port {pad_dq_ch0[11]} -LOC V7 -IOSTANDARD SSTL15_I -VCCIO 1.5 -BUS_KEEPER UNUSED -VREF_MODE IN -VREF_MODE_VALUE 0.5 -DDR_TERM_MODE ON -DRIVE 7.5 -SLEW FAST
Executing : def_port {pad_dq_ch0[11]} -LOC V7 -IOSTANDARD SSTL15_I -VCCIO 1.5 -BUS_KEEPER UNUSED -VREF_MODE IN -VREF_MODE_VALUE 0.5 -DDR_TERM_MODE ON -DRIVE 7.5 -SLEW FAST successfully.
Executing : def_port {pad_dq_ch0[12]} -LOC U7 -IOSTANDARD SSTL15_I -VCCIO 1.5 -BUS_KEEPER UNUSED -VREF_MODE IN -VREF_MODE_VALUE 0.5 -DDR_TERM_MODE ON -DRIVE 7.5 -SLEW FAST
Executing : def_port {pad_dq_ch0[12]} -LOC U7 -IOSTANDARD SSTL15_I -VCCIO 1.5 -BUS_KEEPER UNUSED -VREF_MODE IN -VREF_MODE_VALUE 0.5 -DDR_TERM_MODE ON -DRIVE 7.5 -SLEW FAST successfully.
Executing : def_port {pad_dq_ch0[13]} -LOC V6 -IOSTANDARD SSTL15_I -VCCIO 1.5 -BUS_KEEPER UNUSED -VREF_MODE IN -VREF_MODE_VALUE 0.5 -DDR_TERM_MODE ON -DRIVE 7.5 -SLEW FAST
Executing : def_port {pad_dq_ch0[13]} -LOC V6 -IOSTANDARD SSTL15_I -VCCIO 1.5 -BUS_KEEPER UNUSED -VREF_MODE IN -VREF_MODE_VALUE 0.5 -DDR_TERM_MODE ON -DRIVE 7.5 -SLEW FAST successfully.
Executing : def_port {pad_dq_ch0[14]} -LOC U6 -IOSTANDARD SSTL15_I -VCCIO 1.5 -BUS_KEEPER UNUSED -VREF_MODE IN -VREF_MODE_VALUE 0.5 -DDR_TERM_MODE ON -DRIVE 7.5 -SLEW FAST
Executing : def_port {pad_dq_ch0[14]} -LOC U6 -IOSTANDARD SSTL15_I -VCCIO 1.5 -BUS_KEEPER UNUSED -VREF_MODE IN -VREF_MODE_VALUE 0.5 -DDR_TERM_MODE ON -DRIVE 7.5 -SLEW FAST successfully.
Executing : def_port {pad_dq_ch0[15]} -LOC V5 -IOSTANDARD SSTL15_I -VCCIO 1.5 -BUS_KEEPER UNUSED -VREF_MODE IN -VREF_MODE_VALUE 0.5 -DDR_TERM_MODE ON -DRIVE 7.5 -SLEW FAST
Executing : def_port {pad_dq_ch0[15]} -LOC V5 -IOSTANDARD SSTL15_I -VCCIO 1.5 -BUS_KEEPER UNUSED -VREF_MODE IN -VREF_MODE_VALUE 0.5 -DDR_TERM_MODE ON -DRIVE 7.5 -SLEW FAST successfully.
Executing : def_port {pad_dqs_ch0[0]} -LOC N6 -IOSTANDARD SSTL15D_I -VCCIO 1.5 -BUS_KEEPER UNUSED -DDR_TERM_MODE ON -DRIVE 7.5 -SLEW FAST
Executing : def_port {pad_dqs_ch0[0]} -LOC N6 -IOSTANDARD SSTL15D_I -VCCIO 1.5 -BUS_KEEPER UNUSED -DDR_TERM_MODE ON -DRIVE 7.5 -SLEW FAST successfully.
Executing : def_port {pad_dqs_ch0[1]} -LOC U8 -IOSTANDARD SSTL15D_I -VCCIO 1.5 -BUS_KEEPER UNUSED -DDR_TERM_MODE ON -DRIVE 7.5 -SLEW FAST
Executing : def_port {pad_dqs_ch0[1]} -LOC U8 -IOSTANDARD SSTL15D_I -VCCIO 1.5 -BUS_KEEPER UNUSED -DDR_TERM_MODE ON -DRIVE 7.5 -SLEW FAST successfully.
Executing : def_port {pad_dqsn_ch0[0]} -LOC N7 -IOSTANDARD SSTL15D_I -VCCIO 1.5 -BUS_KEEPER UNUSED -DDR_TERM_MODE ON -DRIVE 7.5 -SLEW FAST
Executing : def_port {pad_dqsn_ch0[0]} -LOC N7 -IOSTANDARD SSTL15D_I -VCCIO 1.5 -BUS_KEEPER UNUSED -DDR_TERM_MODE ON -DRIVE 7.5 -SLEW FAST successfully.
Executing : def_port {pad_dqsn_ch0[1]} -LOC V8 -IOSTANDARD SSTL15D_I -VCCIO 1.5 -BUS_KEEPER UNUSED -DDR_TERM_MODE ON -DRIVE 7.5 -SLEW FAST
Executing : def_port {pad_dqsn_ch0[1]} -LOC V8 -IOSTANDARD SSTL15D_I -VCCIO 1.5 -BUS_KEEPER UNUSED -DDR_TERM_MODE ON -DRIVE 7.5 -SLEW FAST successfully.
Executing : def_port {LED[0]} -LOC U10 -IOSTANDARD LVCMOS33 -VCCIO 3.3 -BUS_KEEPER NONE
C: ConstraintEditor-2006: [C:/Users/yangl/Documents/IC_competition/arm/M1_PGL22G_RTOS/PDS_project/pnr/device_map/m1_soc_top.pcf] Port LED[0] lack of drive, output port and inout port had better set drive value, the default value is 4.
C: ConstraintEditor-2007: [C:/Users/yangl/Documents/IC_competition/arm/M1_PGL22G_RTOS/PDS_project/pnr/device_map/m1_soc_top.pcf] Port LED[0] lack of slew, output port and inout port had better set slew value, the default value is SLOW.
Executing : def_port {LED[0]} -LOC U10 -IOSTANDARD LVCMOS33 -VCCIO 3.3 -BUS_KEEPER NONE successfully.
Executing : def_port {LED[1]} -LOC V10 -IOSTANDARD LVCMOS33 -VCCIO 3.3 -BUS_KEEPER NONE
C: ConstraintEditor-2006: [C:/Users/yangl/Documents/IC_competition/arm/M1_PGL22G_RTOS/PDS_project/pnr/device_map/m1_soc_top.pcf] Port LED[1] lack of drive, output port and inout port had better set drive value, the default value is 4.
C: ConstraintEditor-2007: [C:/Users/yangl/Documents/IC_competition/arm/M1_PGL22G_RTOS/PDS_project/pnr/device_map/m1_soc_top.pcf] Port LED[1] lack of slew, output port and inout port had better set slew value, the default value is SLOW.
Executing : def_port {LED[1]} -LOC V10 -IOSTANDARD LVCMOS33 -VCCIO 3.3 -BUS_KEEPER NONE successfully.
Executing : def_port {LED[2]} -LOC U11 -IOSTANDARD LVCMOS33 -VCCIO 3.3 -BUS_KEEPER NONE
C: ConstraintEditor-2006: [C:/Users/yangl/Documents/IC_competition/arm/M1_PGL22G_RTOS/PDS_project/pnr/device_map/m1_soc_top.pcf] Port LED[2] lack of drive, output port and inout port had better set drive value, the default value is 4.
C: ConstraintEditor-2007: [C:/Users/yangl/Documents/IC_competition/arm/M1_PGL22G_RTOS/PDS_project/pnr/device_map/m1_soc_top.pcf] Port LED[2] lack of slew, output port and inout port had better set slew value, the default value is SLOW.
Executing : def_port {LED[2]} -LOC U11 -IOSTANDARD LVCMOS33 -VCCIO 3.3 -BUS_KEEPER NONE successfully.
Executing : def_port {LED[3]} -LOC V11 -IOSTANDARD LVCMOS33 -VCCIO 3.3 -BUS_KEEPER NONE -OPEN_DRAIN OFF
C: ConstraintEditor-2006: [C:/Users/yangl/Documents/IC_competition/arm/M1_PGL22G_RTOS/PDS_project/pnr/device_map/m1_soc_top.pcf] Port LED[3] lack of drive, output port and inout port had better set drive value, the default value is 4.
C: ConstraintEditor-2007: [C:/Users/yangl/Documents/IC_competition/arm/M1_PGL22G_RTOS/PDS_project/pnr/device_map/m1_soc_top.pcf] Port LED[3] lack of slew, output port and inout port had better set slew value, the default value is SLOW.
Executing : def_port {LED[3]} -LOC V11 -IOSTANDARD LVCMOS33 -VCCIO 3.3 -BUS_KEEPER NONE -OPEN_DRAIN OFF successfully.
Executing : def_port SD_DCLK -LOC V13 -IOSTANDARD LVCMOS33 -VCCIO 3.3 -BUS_KEEPER NONE -DRIVE 4
C: ConstraintEditor-2007: [C:/Users/yangl/Documents/IC_competition/arm/M1_PGL22G_RTOS/PDS_project/pnr/device_map/m1_soc_top.pcf] Port SD_DCLK lack of slew, output port and inout port had better set slew value, the default value is SLOW.
Executing : def_port SD_DCLK -LOC V13 -IOSTANDARD LVCMOS33 -VCCIO 3.3 -BUS_KEEPER NONE -DRIVE 4 successfully.
Executing : def_port SD_MOSI -LOC U14 -IOSTANDARD LVCMOS33 -VCCIO 3.3 -BUS_KEEPER PULLUP -DRIVE 4
C: ConstraintEditor-2007: [C:/Users/yangl/Documents/IC_competition/arm/M1_PGL22G_RTOS/PDS_project/pnr/device_map/m1_soc_top.pcf] Port SD_MOSI lack of slew, output port and inout port had better set slew value, the default value is SLOW.
Executing : def_port SD_MOSI -LOC U14 -IOSTANDARD LVCMOS33 -VCCIO 3.3 -BUS_KEEPER PULLUP -DRIVE 4 successfully.
Executing : def_port SD_nCS -LOC V14 -IOSTANDARD LVCMOS33 -VCCIO 3.3 -BUS_KEEPER PULLUP -DRIVE 4
C: ConstraintEditor-2007: [C:/Users/yangl/Documents/IC_competition/arm/M1_PGL22G_RTOS/PDS_project/pnr/device_map/m1_soc_top.pcf] Port SD_nCS lack of slew, output port and inout port had better set slew value, the default value is SLOW.
Executing : def_port SD_nCS -LOC V14 -IOSTANDARD LVCMOS33 -VCCIO 3.3 -BUS_KEEPER PULLUP -DRIVE 4 successfully.
Executing : def_port TX -LOC C10 -IOSTANDARD LVCMOS33 -VCCIO 3.3 -BUS_KEEPER PULLUP
C: ConstraintEditor-2006: [C:/Users/yangl/Documents/IC_competition/arm/M1_PGL22G_RTOS/PDS_project/pnr/device_map/m1_soc_top.pcf] Port TX lack of drive, output port and inout port had better set drive value, the default value is 4.
C: ConstraintEditor-2007: [C:/Users/yangl/Documents/IC_competition/arm/M1_PGL22G_RTOS/PDS_project/pnr/device_map/m1_soc_top.pcf] Port TX lack of slew, output port and inout port had better set slew value, the default value is SLOW.
Executing : def_port TX -LOC C10 -IOSTANDARD LVCMOS33 -VCCIO 3.3 -BUS_KEEPER PULLUP successfully.
Executing : def_port l0_sgmii_clk_shft -LOC H17 -IOSTANDARD LVCMOS33 -VCCIO 3.3 -BUS_KEEPER PULLUP -DRIVE 4 -SLEW FAST -OPEN_DRAIN OFF
Executing : def_port l0_sgmii_clk_shft -LOC H17 -IOSTANDARD LVCMOS33 -VCCIO 3.3 -BUS_KEEPER PULLUP -DRIVE 4 -SLEW FAST -OPEN_DRAIN OFF successfully.
Executing : def_port {pad_addr_ch0[0]} -LOC M4 -IOSTANDARD SSTL15_I -VCCIO 1.5 -BUS_KEEPER UNUSED -DRIVE 7.5 -SLEW FAST
Executing : def_port {pad_addr_ch0[0]} -LOC M4 -IOSTANDARD SSTL15_I -VCCIO 1.5 -BUS_KEEPER UNUSED -DRIVE 7.5 -SLEW FAST successfully.
Executing : def_port {pad_addr_ch0[1]} -LOC M3 -IOSTANDARD SSTL15_I -VCCIO 1.5 -BUS_KEEPER UNUSED -DRIVE 7.5 -SLEW FAST
Executing : def_port {pad_addr_ch0[1]} -LOC M3 -IOSTANDARD SSTL15_I -VCCIO 1.5 -BUS_KEEPER UNUSED -DRIVE 7.5 -SLEW FAST successfully.
Executing : def_port {pad_addr_ch0[2]} -LOC P2 -IOSTANDARD SSTL15_I -VCCIO 1.5 -BUS_KEEPER UNUSED -DRIVE 7.5 -SLEW FAST
Executing : def_port {pad_addr_ch0[2]} -LOC P2 -IOSTANDARD SSTL15_I -VCCIO 1.5 -BUS_KEEPER UNUSED -DRIVE 7.5 -SLEW FAST successfully.
Executing : def_port {pad_addr_ch0[3]} -LOC P1 -IOSTANDARD SSTL15_I -VCCIO 1.5 -BUS_KEEPER UNUSED -DRIVE 7.5 -SLEW FAST
Executing : def_port {pad_addr_ch0[3]} -LOC P1 -IOSTANDARD SSTL15_I -VCCIO 1.5 -BUS_KEEPER UNUSED -DRIVE 7.5 -SLEW FAST successfully.
Executing : def_port {pad_addr_ch0[4]} -LOC L5 -IOSTANDARD SSTL15_I -VCCIO 1.5 -BUS_KEEPER UNUSED -DRIVE 7.5 -SLEW FAST
Executing : def_port {pad_addr_ch0[4]} -LOC L5 -IOSTANDARD SSTL15_I -VCCIO 1.5 -BUS_KEEPER UNUSED -DRIVE 7.5 -SLEW FAST successfully.
Executing : def_port {pad_addr_ch0[5]} -LOC M5 -IOSTANDARD SSTL15_I -VCCIO 1.5 -BUS_KEEPER UNUSED -DRIVE 7.5 -SLEW FAST
Executing : def_port {pad_addr_ch0[5]} -LOC M5 -IOSTANDARD SSTL15_I -VCCIO 1.5 -BUS_KEEPER UNUSED -DRIVE 7.5 -SLEW FAST successfully.
Executing : def_port {pad_addr_ch0[6]} -LOC N2 -IOSTANDARD SSTL15_I -VCCIO 1.5 -BUS_KEEPER UNUSED -DRIVE 7.5 -SLEW FAST
Executing : def_port {pad_addr_ch0[6]} -LOC N2 -IOSTANDARD SSTL15_I -VCCIO 1.5 -BUS_KEEPER UNUSED -DRIVE 7.5 -SLEW FAST successfully.
Executing : def_port {pad_addr_ch0[7]} -LOC N1 -IOSTANDARD SSTL15_I -VCCIO 1.5 -BUS_KEEPER UNUSED -DRIVE 7.5 -SLEW FAST
Executing : def_port {pad_addr_ch0[7]} -LOC N1 -IOSTANDARD SSTL15_I -VCCIO 1.5 -BUS_KEEPER UNUSED -DRIVE 7.5 -SLEW FAST successfully.
Executing : def_port {pad_addr_ch0[8]} -LOC K4 -IOSTANDARD SSTL15_I -VCCIO 1.5 -BUS_KEEPER UNUSED -DRIVE 7.5 -SLEW FAST
Executing : def_port {pad_addr_ch0[8]} -LOC K4 -IOSTANDARD SSTL15_I -VCCIO 1.5 -BUS_KEEPER UNUSED -DRIVE 7.5 -SLEW FAST successfully.
Executing : def_port {pad_addr_ch0[9]} -LOC M1 -IOSTANDARD SSTL15_I -VCCIO 1.5 -BUS_KEEPER UNUSED -DRIVE 7.5 -SLEW FAST
Executing : def_port {pad_addr_ch0[9]} -LOC M1 -IOSTANDARD SSTL15_I -VCCIO 1.5 -BUS_KEEPER UNUSED -DRIVE 7.5 -SLEW FAST successfully.
Executing : def_port {pad_addr_ch0[10]} -LOC M6 -IOSTANDARD SSTL15_I -VCCIO 1.5 -BUS_KEEPER UNUSED -DRIVE 7.5 -SLEW FAST
Executing : def_port {pad_addr_ch0[10]} -LOC M6 -IOSTANDARD SSTL15_I -VCCIO 1.5 -BUS_KEEPER UNUSED -DRIVE 7.5 -SLEW FAST successfully.
Executing : def_port {pad_addr_ch0[11]} -LOC L1 -IOSTANDARD SSTL15_I -VCCIO 1.5 -BUS_KEEPER UNUSED -DRIVE 7.5 -SLEW FAST
Executing : def_port {pad_addr_ch0[11]} -LOC L1 -IOSTANDARD SSTL15_I -VCCIO 1.5 -BUS_KEEPER UNUSED -DRIVE 7.5 -SLEW FAST successfully.
Executing : def_port {pad_addr_ch0[12]} -LOC K2 -IOSTANDARD SSTL15_I -VCCIO 1.5 -BUS_KEEPER UNUSED -DRIVE 7.5 -SLEW FAST
Executing : def_port {pad_addr_ch0[12]} -LOC K2 -IOSTANDARD SSTL15_I -VCCIO 1.5 -BUS_KEEPER UNUSED -DRIVE 7.5 -SLEW FAST successfully.
Executing : def_port {pad_addr_ch0[13]} -LOC K1 -IOSTANDARD SSTL15_I -VCCIO 1.5 -BUS_KEEPER UNUSED -DRIVE 7.5 -SLEW FAST
Executing : def_port {pad_addr_ch0[13]} -LOC K1 -IOSTANDARD SSTL15_I -VCCIO 1.5 -BUS_KEEPER UNUSED -DRIVE 7.5 -SLEW FAST successfully.
Executing : def_port {pad_addr_ch0[14]} -LOC J2 -IOSTANDARD SSTL15_I -VCCIO 1.5 -BUS_KEEPER UNUSED -DRIVE 7.5 -SLEW FAST
Executing : def_port {pad_addr_ch0[14]} -LOC J2 -IOSTANDARD SSTL15_I -VCCIO 1.5 -BUS_KEEPER UNUSED -DRIVE 7.5 -SLEW FAST successfully.
Executing : def_port {pad_addr_ch0[15]} -LOC J1 -IOSTANDARD SSTL15_I -VCCIO 1.5 -BUS_KEEPER UNUSED -DRIVE 7.5 -SLEW FAST
Executing : def_port {pad_addr_ch0[15]} -LOC J1 -IOSTANDARD SSTL15_I -VCCIO 1.5 -BUS_KEEPER UNUSED -DRIVE 7.5 -SLEW FAST successfully.
Executing : def_port {pad_ba_ch0[0]} -LOC U2 -IOSTANDARD SSTL15_I -VCCIO 1.5 -BUS_KEEPER UNUSED -DRIVE 7.5 -SLEW FAST
Executing : def_port {pad_ba_ch0[0]} -LOC U2 -IOSTANDARD SSTL15_I -VCCIO 1.5 -BUS_KEEPER UNUSED -DRIVE 7.5 -SLEW FAST successfully.
Executing : def_port {pad_ba_ch0[1]} -LOC U1 -IOSTANDARD SSTL15_I -VCCIO 1.5 -BUS_KEEPER UNUSED -DRIVE 7.5 -SLEW FAST
Executing : def_port {pad_ba_ch0[1]} -LOC U1 -IOSTANDARD SSTL15_I -VCCIO 1.5 -BUS_KEEPER UNUSED -DRIVE 7.5 -SLEW FAST successfully.
Executing : def_port {pad_ba_ch0[2]} -LOC T2 -IOSTANDARD SSTL15_I -VCCIO 1.5 -BUS_KEEPER UNUSED -DRIVE 7.5 -SLEW FAST
Executing : def_port {pad_ba_ch0[2]} -LOC T2 -IOSTANDARD SSTL15_I -VCCIO 1.5 -BUS_KEEPER UNUSED -DRIVE 7.5 -SLEW FAST successfully.
Executing : def_port pad_casn_ch0 -LOC T1 -IOSTANDARD SSTL15_I -VCCIO 1.5 -BUS_KEEPER UNUSED -DRIVE 7.5 -SLEW FAST
Executing : def_port pad_casn_ch0 -LOC T1 -IOSTANDARD SSTL15_I -VCCIO 1.5 -BUS_KEEPER UNUSED -DRIVE 7.5 -SLEW FAST successfully.
Executing : def_port pad_cke_ch0 -LOC L4 -IOSTANDARD SSTL15_I -VCCIO 1.5 -BUS_KEEPER UNUSED -DRIVE 7.5 -SLEW FAST
Executing : def_port pad_cke_ch0 -LOC L4 -IOSTANDARD SSTL15_I -VCCIO 1.5 -BUS_KEEPER UNUSED -DRIVE 7.5 -SLEW FAST successfully.
Executing : def_port pad_csn_ch0 -LOC R1 -IOSTANDARD SSTL15_I -VCCIO 1.5 -BUS_KEEPER UNUSED -DRIVE 7.5 -SLEW FAST
Executing : def_port pad_csn_ch0 -LOC R1 -IOSTANDARD SSTL15_I -VCCIO 1.5 -BUS_KEEPER UNUSED -DRIVE 7.5 -SLEW FAST successfully.
Executing : def_port pad_ddr_clk_w -LOC U3 -IOSTANDARD SSTL15D_I -VCCIO 1.5 -BUS_KEEPER UNUSED -DRIVE 7.5 -SLEW FAST
Executing : def_port pad_ddr_clk_w -LOC U3 -IOSTANDARD SSTL15D_I -VCCIO 1.5 -BUS_KEEPER UNUSED -DRIVE 7.5 -SLEW FAST successfully.
Executing : def_port pad_ddr_clkn_w -LOC V3 -IOSTANDARD SSTL15D_I -VCCIO 1.5 -BUS_KEEPER UNUSED -DRIVE 7.5 -SLEW FAST
Executing : def_port pad_ddr_clkn_w -LOC V3 -IOSTANDARD SSTL15D_I -VCCIO 1.5 -BUS_KEEPER UNUSED -DRIVE 7.5 -SLEW FAST successfully.
Executing : def_port {pad_dm_rdqs_ch0[0]} -LOC R8 -IOSTANDARD SSTL15_I -VCCIO 1.5 -BUS_KEEPER UNUSED -DRIVE 7.5 -SLEW FAST
Executing : def_port {pad_dm_rdqs_ch0[0]} -LOC R8 -IOSTANDARD SSTL15_I -VCCIO 1.5 -BUS_KEEPER UNUSED -DRIVE 7.5 -SLEW FAST successfully.
Executing : def_port {pad_dm_rdqs_ch0[1]} -LOC U5 -IOSTANDARD SSTL15_I -VCCIO 1.5 -BUS_KEEPER UNUSED -DRIVE 7.5 -SLEW FAST
Executing : def_port {pad_dm_rdqs_ch0[1]} -LOC U5 -IOSTANDARD SSTL15_I -VCCIO 1.5 -BUS_KEEPER UNUSED -DRIVE 7.5 -SLEW FAST successfully.
Executing : def_port pad_loop_out -LOC P8 -IOSTANDARD SSTL15_I -VCCIO 1.5 -BUS_KEEPER UNUSED -DRIVE 7.5 -SLEW FAST
Executing : def_port pad_loop_out -LOC P8 -IOSTANDARD SSTL15_I -VCCIO 1.5 -BUS_KEEPER UNUSED -DRIVE 7.5 -SLEW FAST successfully.
Executing : def_port pad_loop_out_h -LOC U4 -IOSTANDARD SSTL15_I -VCCIO 1.5 -BUS_KEEPER UNUSED -DRIVE 7.5 -SLEW FAST
Executing : def_port pad_loop_out_h -LOC U4 -IOSTANDARD SSTL15_I -VCCIO 1.5 -BUS_KEEPER UNUSED -DRIVE 7.5 -SLEW FAST successfully.
Executing : def_port pad_odt_ch0 -LOC V2 -IOSTANDARD SSTL15_I -VCCIO 1.5 -BUS_KEEPER UNUSED -DRIVE 7.5 -SLEW FAST
Executing : def_port pad_odt_ch0 -LOC V2 -IOSTANDARD SSTL15_I -VCCIO 1.5 -BUS_KEEPER UNUSED -DRIVE 7.5 -SLEW FAST successfully.
Executing : def_port pad_rasn_ch0 -LOC R2 -IOSTANDARD SSTL15_I -VCCIO 1.5 -BUS_KEEPER UNUSED -DRIVE 7.5 -SLEW FAST
Executing : def_port pad_rasn_ch0 -LOC R2 -IOSTANDARD SSTL15_I -VCCIO 1.5 -BUS_KEEPER UNUSED -DRIVE 7.5 -SLEW FAST successfully.
Executing : def_port pad_rstn_ch0 -LOC M2 -IOSTANDARD SSTL15_I -VCCIO 1.5 -BUS_KEEPER UNUSED -DRIVE 7.5 -SLEW FAST
Executing : def_port pad_rstn_ch0 -LOC M2 -IOSTANDARD SSTL15_I -VCCIO 1.5 -BUS_KEEPER UNUSED -DRIVE 7.5 -SLEW FAST successfully.
Executing : def_port pad_wen_ch0 -LOC V1 -IOSTANDARD SSTL15_I -VCCIO 1.5 -BUS_KEEPER UNUSED -DRIVE 7.5 -SLEW FAST
Executing : def_port pad_wen_ch0 -LOC V1 -IOSTANDARD SSTL15_I -VCCIO 1.5 -BUS_KEEPER UNUSED -DRIVE 7.5 -SLEW FAST successfully.
Executing : def_port phy_rst_n -LOC J17 -IOSTANDARD LVCMOS33 -VCCIO 3.3 -BUS_KEEPER PULLUP -DRIVE 8 -SLEW FAST -OPEN_DRAIN OFF
Executing : def_port phy_rst_n -LOC J17 -IOSTANDARD LVCMOS33 -VCCIO 3.3 -BUS_KEEPER PULLUP -DRIVE 8 -SLEW FAST -OPEN_DRAIN OFF successfully.
Executing : def_port phy_tx_en -LOC G18 -IOSTANDARD LVCMOS33 -VCCIO 3.3 -BUS_KEEPER PULLUP -DRIVE 8 -SLEW FAST -OPEN_DRAIN OFF
Executing : def_port phy_tx_en -LOC G18 -IOSTANDARD LVCMOS33 -VCCIO 3.3 -BUS_KEEPER PULLUP -DRIVE 8 -SLEW FAST -OPEN_DRAIN OFF successfully.
Executing : def_port phy_txd0 -LOC G17 -IOSTANDARD LVCMOS33 -VCCIO 3.3 -BUS_KEEPER PULLUP -DRIVE 8 -SLEW FAST -OPEN_DRAIN OFF
Executing : def_port phy_txd0 -LOC G17 -IOSTANDARD LVCMOS33 -VCCIO 3.3 -BUS_KEEPER PULLUP -DRIVE 8 -SLEW FAST -OPEN_DRAIN OFF successfully.
Executing : def_port phy_txd1 -LOC F18 -IOSTANDARD LVCMOS33 -VCCIO 3.3 -BUS_KEEPER PULLUP -DRIVE 8 -SLEW FAST -OPEN_DRAIN OFF
Executing : def_port phy_txd1 -LOC F18 -IOSTANDARD LVCMOS33 -VCCIO 3.3 -BUS_KEEPER PULLUP -DRIVE 8 -SLEW FAST -OPEN_DRAIN OFF successfully.
Executing : def_port phy_txd2 -LOC F17 -IOSTANDARD LVCMOS33 -VCCIO 3.3 -BUS_KEEPER PULLUP -DRIVE 8 -SLEW FAST -OPEN_DRAIN OFF
Executing : def_port phy_txd2 -LOC F17 -IOSTANDARD LVCMOS33 -VCCIO 3.3 -BUS_KEEPER PULLUP -DRIVE 8 -SLEW FAST -OPEN_DRAIN OFF successfully.
Executing : def_port phy_txd3 -LOC G16 -IOSTANDARD LVCMOS33 -VCCIO 3.3 -BUS_KEEPER PULLUP -DRIVE 8 -SLEW FAST -OPEN_DRAIN OFF
Executing : def_port phy_txd3 -LOC G16 -IOSTANDARD LVCMOS33 -VCCIO 3.3 -BUS_KEEPER PULLUP -DRIVE 8 -SLEW FAST -OPEN_DRAIN OFF successfully.
Executing : def_port spi0_clk -LOC C9 -IOSTANDARD LVCMOS33 -VCCIO 3.3 -BUS_KEEPER NONE -DRIVE 4
C: ConstraintEditor-2007: [C:/Users/yangl/Documents/IC_competition/arm/M1_PGL22G_RTOS/PDS_project/pnr/device_map/m1_soc_top.pcf] Port spi0_clk lack of slew, output port and inout port had better set slew value, the default value is SLOW.
Executing : def_port spi0_clk -LOC C9 -IOSTANDARD LVCMOS33 -VCCIO 3.3 -BUS_KEEPER NONE -DRIVE 4 successfully.
Executing : def_port spi0_cs -LOC B8 -IOSTANDARD LVCMOS33 -VCCIO 3.3 -BUS_KEEPER PULLUP -DRIVE 4
C: ConstraintEditor-2007: [C:/Users/yangl/Documents/IC_competition/arm/M1_PGL22G_RTOS/PDS_project/pnr/device_map/m1_soc_top.pcf] Port spi0_cs lack of slew, output port and inout port had better set slew value, the default value is SLOW.
Executing : def_port spi0_cs -LOC B8 -IOSTANDARD LVCMOS33 -VCCIO 3.3 -BUS_KEEPER PULLUP -DRIVE 4 successfully.
Executing : def_port spi0_mosi -LOC B4 -IOSTANDARD LVCMOS33 -VCCIO 3.3 -BUS_KEEPER PULLUP -DRIVE 4
C: ConstraintEditor-2007: [C:/Users/yangl/Documents/IC_competition/arm/M1_PGL22G_RTOS/PDS_project/pnr/device_map/m1_soc_top.pcf] Port spi0_mosi lack of slew, output port and inout port had better set slew value, the default value is SLOW.
Executing : def_port spi0_mosi -LOC B4 -IOSTANDARD LVCMOS33 -VCCIO 3.3 -BUS_KEEPER PULLUP -DRIVE 4 successfully.
Executing : def_port RX -LOC A12 -IOSTANDARD LVCMOS33 -VCCIO 3.3 -BUS_KEEPER PULLUP
C: ConstraintEditor-2002: [C:/Users/yangl/Documents/IC_competition/arm/M1_PGL22G_RTOS/PDS_project/pnr/device_map/m1_soc_top.pcf(line number: 75)] | Port RX has been placed at location A12, whose type is share pin.
Executing : def_port RX -LOC A12 -IOSTANDARD LVCMOS33 -VCCIO 3.3 -BUS_KEEPER PULLUP successfully.
Executing : def_port SD_MISO -LOC U13 -IOSTANDARD LVCMOS33 -VCCIO 3.3 -BUS_KEEPER PULLUP
Executing : def_port SD_MISO -LOC U13 -IOSTANDARD LVCMOS33 -VCCIO 3.3 -BUS_KEEPER PULLUP successfully.
Executing : def_port ex_clk_50m -LOC B5 -IOSTANDARD LVCMOS33 -VCCIO 3.3 -HYS_DRIVE_MODE NOHYS -BUS_KEEPER PULLUP
Executing : def_port ex_clk_50m -LOC B5 -IOSTANDARD LVCMOS33 -VCCIO 3.3 -HYS_DRIVE_MODE NOHYS -BUS_KEEPER PULLUP successfully.
Executing : def_port gpio_in0 -LOC P17 -IOSTANDARD LVCMOS33 -VCCIO 3.3 -BUS_KEEPER NONE
Executing : def_port gpio_in0 -LOC P17 -IOSTANDARD LVCMOS33 -VCCIO 3.3 -BUS_KEEPER NONE successfully.
Executing : def_port gpio_in1 -LOC L12 -IOSTANDARD LVCMOS33 -VCCIO 3.3 -BUS_KEEPER NONE
Executing : def_port gpio_in1 -LOC L12 -IOSTANDARD LVCMOS33 -VCCIO 3.3 -BUS_KEEPER NONE successfully.
Executing : def_port pad_loop_in -LOC P7 -IOSTANDARD SSTL15_I -VCCIO 1.5 -BUS_KEEPER UNUSED -VREF_MODE IN -VREF_MODE_VALUE 0.5 -DDR_TERM_MODE ON
Executing : def_port pad_loop_in -LOC P7 -IOSTANDARD SSTL15_I -VCCIO 1.5 -BUS_KEEPER UNUSED -VREF_MODE IN -VREF_MODE_VALUE 0.5 -DDR_TERM_MODE ON successfully.
Executing : def_port pad_loop_in_h -LOC V4 -IOSTANDARD SSTL15_I -VCCIO 1.5 -BUS_KEEPER UNUSED -VREF_MODE IN -VREF_MODE_VALUE 0.5 -DDR_TERM_MODE ON
Executing : def_port pad_loop_in_h -LOC V4 -IOSTANDARD SSTL15_I -VCCIO 1.5 -BUS_KEEPER UNUSED -VREF_MODE IN -VREF_MODE_VALUE 0.5 -DDR_TERM_MODE ON successfully.
Executing : def_port phy_rx_dv -LOC L16 -IOSTANDARD LVCMOS33 -VCCIO 3.3 -HYS_DRIVE_MODE NOHYS -BUS_KEEPER PULLUP
Executing : def_port phy_rx_dv -LOC L16 -IOSTANDARD LVCMOS33 -VCCIO 3.3 -HYS_DRIVE_MODE NOHYS -BUS_KEEPER PULLUP successfully.
Executing : def_port phy_rxd0 -LOC M16 -IOSTANDARD LVCMOS33 -VCCIO 3.3 -HYS_DRIVE_MODE NOHYS -BUS_KEEPER PULLUP
Executing : def_port phy_rxd0 -LOC M16 -IOSTANDARD LVCMOS33 -VCCIO 3.3 -HYS_DRIVE_MODE NOHYS -BUS_KEEPER PULLUP successfully.
Executing : def_port phy_rxd1 -LOC M18 -IOSTANDARD LVCMOS33 -VCCIO 3.3 -HYS_DRIVE_MODE NOHYS -BUS_KEEPER PULLUP
Executing : def_port phy_rxd1 -LOC M18 -IOSTANDARD LVCMOS33 -VCCIO 3.3 -HYS_DRIVE_MODE NOHYS -BUS_KEEPER PULLUP successfully.
Executing : def_port phy_rxd2 -LOC K18 -IOSTANDARD LVCMOS33 -VCCIO 3.3 -HYS_DRIVE_MODE NOHYS -BUS_KEEPER PULLUP
Executing : def_port phy_rxd2 -LOC K18 -IOSTANDARD LVCMOS33 -VCCIO 3.3 -HYS_DRIVE_MODE NOHYS -BUS_KEEPER PULLUP successfully.
Executing : def_port phy_rxd3 -LOC K17 -IOSTANDARD LVCMOS33 -VCCIO 3.3 -HYS_DRIVE_MODE NOHYS -BUS_KEEPER PULLUP
Executing : def_port phy_rxd3 -LOC K17 -IOSTANDARD LVCMOS33 -VCCIO 3.3 -HYS_DRIVE_MODE NOHYS -BUS_KEEPER PULLUP successfully.
Executing : def_port rst_key -LOC V12 -IOSTANDARD LVCMOS33 -VCCIO 3.3 -HYS_DRIVE_MODE NOHYS -BUS_KEEPER PULLUP
Executing : def_port rst_key -LOC V12 -IOSTANDARD LVCMOS33 -VCCIO 3.3 -HYS_DRIVE_MODE NOHYS -BUS_KEEPER PULLUP successfully.
Executing : def_port rx_clki -LOC H18 -IOSTANDARD LVCMOS33 -VCCIO 3.3 -HYS_DRIVE_MODE NOHYS -BUS_KEEPER PULLUP
Executing : def_port rx_clki -LOC H18 -IOSTANDARD LVCMOS33 -VCCIO 3.3 -HYS_DRIVE_MODE NOHYS -BUS_KEEPER PULLUP successfully.
Executing : def_port spi0_miso -LOC A4 -IOSTANDARD LVCMOS33 -VCCIO 3.3 -BUS_KEEPER PULLUP
C: ConstraintEditor-2002: [C:/Users/yangl/Documents/IC_competition/arm/M1_PGL22G_RTOS/PDS_project/pnr/device_map/m1_soc_top.pcf(line number: 89)] | Port spi0_miso has been placed at location A4, whose type is share pin.
Executing : def_port spi0_miso -LOC A4 -IOSTANDARD LVCMOS33 -VCCIO 3.3 -BUS_KEEPER PULLUP successfully.
Executing : def_inst_site u_DDR3/u_pll_50_400/u_pll_e1/goppll PLL_82_71
Executing : def_inst_site u_DDR3/u_pll_50_400/u_pll_e1/goppll PLL_82_71 successfully.
Executing : apply_constraint -f C:/Users/yangl/Documents/IC_competition/arm/M1_PGL22G_RTOS/PDS_project/pnr/device_map/m1_soc_top.pcf successfully.

Placement started.
Mapping instance u_DDR3/u_ipsl_hmic_h_phy_top/u_phy_io/u_gtp_ddrphy/gateop_DDRC to HMEMC_16_1.
Mapping instance u_DDR3/u_ipsl_hmic_h_phy_top/u_phy_io/dqs2_dut/opit_0 to DQSL_6_96.
Mapping instance u_DDR3/u_ipsl_hmic_h_phy_top/u_phy_io/dqs0_dut/opit_0 to DQSL_6_24.
Mapping instance u_DDR3/u_ipsl_hmic_h_phy_top/u_phy_io/dll_hmemc_dut/gopdll to DLL_7_59.
Mapping instance u_DDR3/u_ipsl_hmic_h_phy_top/u_phy_io/dqs1_dut/opit_0 to DQSL_6_52.
Mapping instance u_DDR3/u_ipsl_hmic_h_phy_top/u_phy_io/dqs3_dut/opit_0 to DQSL_6_148.
Mapping instance u_DDR3/u_ipsl_hmic_h_phy_top/u_phy_io/dqs4_dut/opit_0 to DQSL_6_176.
Mapping instance u_DDR3/u_ipsl_hmic_h_phy_top/u_phy_io/ioclkdiv_dut/gopclkdiv to IOCKDIV_6_64.
Mapping instance u_GTP_IOCLKDELAY/opit_0 to IOCKDLY_150_185.
Mapping instance u_DDR3/u_ipsl_hmic_h_phy_top/u_phy_io/ioclkbuf01_dut/gopclkgate to IOCKGATE_6_56.
Mapping instance u_DDR3/u_ipsl_hmic_h_phy_top/u_phy_io/ioclkbuf02_dut/gopclkgate to IOCKGATE_6_181.
Mapping instance clkbufg_2/gopclkbufg to USCM_74_104.
Mapping instance u_GTP_CLKBUFG/gopclkbufg to USCM_74_105.
Mapping instance clkbufg_1/gopclkbufg to USCM_74_106.
Mapping instance clkbufg_0/gopclkbufg to USCM_74_107.
Pre global placement takes 16.47 sec.
Run super clustering :
	Initial slack -7890.
	11 iterations finished.
	Final slack -972.
Super clustering done.
Design Utilization : 46%.
Global placement takes 16.11 sec.
Wirelength after global placement is 112350.
Placed fixed group with base inst LED_obuf[0]/opit_1 on IOL_151_114.
Placed fixed group with base inst LED_obuf[1]/opit_1 on IOL_151_113.
Placed fixed group with base inst LED_obuf[2]/opit_1 on IOL_151_102.
Placed fixed group with base inst LED_obuf[3]/opit_1 on IOL_151_101.
Placed fixed group with base inst RX_ibuf/opit_1 on IOL_151_333.
Placed fixed group with base inst SD_DCLK_obuf/opit_1 on IOL_151_109.
Placed fixed group with base inst SD_MISO_ibuf/opit_1 on IOL_151_110.
Placed fixed group with base inst SD_MOSI_obuf/opit_1 on IOL_151_38.
Placed fixed group with base inst SD_nCS_obuf/opit_1 on IOL_151_37.
Placed fixed group with base inst TX_obuf/opit_1 on IOL_151_361.
Placed fixed instance clkbufg_0/gopclkbufg on USCM_74_107.
Placed fixed instance clkbufg_1/gopclkbufg on USCM_74_106.
Placed fixed instance clkbufg_2/gopclkbufg on USCM_74_104.
Placed fixed group with base inst ex_clk_50m_ibuf/opit_1 on IOL_7_298.
Placed fixed group with base inst gpio_in0_ibuf/opit_1 on IOL_151_46.
Placed fixed group with base inst gpio_in1_ibuf/opit_1 on IOL_151_161.
Placed fixed group with base inst i2c0_sck_tri/opit_1 on IOL_151_325.
Placed fixed group with base inst i2c0_sda_tri/opit_1 on IOL_151_326.
Placed fixed group with base inst phy_rst_n_obuf/opit_1 on IOL_151_173.
Placed fixed group with base inst rst_key_ibuf/opit_1 on IOL_151_105.
Placed fixed group with base inst rx_clki_ibuf/opit_1 on IOL_151_198.
Placed fixed group with base inst spi0_clk_obuf/opit_1 on IOL_7_353.
Placed fixed group with base inst spi0_cs_obuf/opit_1 on IOL_7_350.
Placed fixed group with base inst spi0_miso_ibuf/opit_1 on IOL_7_289.
Placed fixed group with base inst spi0_mosi_obuf/opit_1 on IOL_7_290.
Placed fixed instance u_DDR3/u_ipsl_hmic_h_phy_top/u_phy_io/dll_hmemc_dut/gopdll on DLL_7_59.
Placed fixed instance u_DDR3/u_ipsl_hmic_h_phy_top/u_phy_io/dqs0_dut/opit_0 on DQSL_6_24.
Placed fixed instance u_DDR3/u_ipsl_hmic_h_phy_top/u_phy_io/dqs1_dut/opit_0 on DQSL_6_52.
Placed fixed instance u_DDR3/u_ipsl_hmic_h_phy_top/u_phy_io/dqs2_dut/opit_0 on DQSL_6_96.
Placed fixed instance u_DDR3/u_ipsl_hmic_h_phy_top/u_phy_io/dqs3_dut/opit_0 on DQSL_6_148.
Placed fixed instance u_DDR3/u_ipsl_hmic_h_phy_top/u_phy_io/dqs4_dut/opit_0 on DQSL_6_176.
Placed fixed group with base inst u_DDR3/u_ipsl_hmic_h_phy_top/u_phy_io/genblk2.iob_08_09_dut/opit_2_O on IOL_7_22.
Placed fixed group with base inst u_DDR3/u_ipsl_hmic_h_phy_top/u_phy_io/genblk3.iob_30_31_dut/opit_2_O on IOL_7_102.
Placed fixed group with base inst u_DDR3/u_ipsl_hmic_h_phy_top/u_phy_io/iob_00_dut/opit_0_iol on IOL_7_5.
Placed fixed group with base inst u_DDR3/u_ipsl_hmic_h_phy_top/u_phy_io/iob_01_dut/opit_1 on IOL_7_6.
Placed fixed group with base inst u_DDR3/u_ipsl_hmic_h_phy_top/u_phy_io/iob_02_dut/opit_1_IOL on IOL_7_9.
Placed fixed group with base inst u_DDR3/u_ipsl_hmic_h_phy_top/u_phy_io/iob_16_17_dut/opit_3_IOL on IOL_7_46.
Placed fixed group with base inst u_DDR3/u_ipsl_hmic_h_phy_top/u_phy_io/iob_18_dut/opit_1_IOL on IOL_7_49.
Placed fixed group with base inst u_DDR3/u_ipsl_hmic_h_phy_top/u_phy_io/iob_19_dut/opit_1_IOL on IOL_7_50.
Placed fixed group with base inst u_DDR3/u_ipsl_hmic_h_phy_top/u_phy_io/iob_20_dut/opit_1_IOL on IOL_7_73.
Placed fixed group with base inst u_DDR3/u_ipsl_hmic_h_phy_top/u_phy_io/iob_21_dut/opit_1_IOL on IOL_7_74.
Placed fixed group with base inst u_DDR3/u_ipsl_hmic_h_phy_top/u_phy_io/iob_22_dut/opit_1_IOL on IOL_7_77.
Placed fixed group with base inst u_DDR3/u_ipsl_hmic_h_phy_top/u_phy_io/iob_23_dut/opit_1_IOL on IOL_7_78.
Placed fixed group with base inst u_DDR3/u_ipsl_hmic_h_phy_top/u_phy_io/iob_24_dut/opit_1_IOL on IOL_7_81.
Placed fixed group with base inst u_DDR3/u_ipsl_hmic_h_phy_top/u_phy_io/iob_25_dut/opit_1_IOL on IOL_7_82.
Placed fixed group with base inst u_DDR3/u_ipsl_hmic_h_phy_top/u_phy_io/iob_37_dut/opit_1_IOL on IOL_7_114.
Placed fixed group with base inst u_DDR3/u_ipsl_hmic_h_phy_top/u_phy_io/iob_38_dut/opit_0_iol on IOL_7_117.
Placed fixed group with base inst u_DDR3/u_ipsl_hmic_h_phy_top/u_phy_io/iob_39_dut/opit_1 on IOL_7_118.
Placed fixed group with base inst u_DDR3/u_ipsl_hmic_h_phy_top/u_phy_io/iob_40_dut/opit_1_IOL on IOL_7_129.
Placed fixed group with base inst u_DDR3/u_ipsl_hmic_h_phy_top/u_phy_io/iob_41_dut/opit_1_IOL on IOL_7_130.
Placed fixed group with base inst u_DDR3/u_ipsl_hmic_h_phy_top/u_phy_io/iob_42_dut/opit_1_IOL on IOL_7_133.
Placed fixed group with base inst u_DDR3/u_ipsl_hmic_h_phy_top/u_phy_io/iob_43_dut/opit_1_IOL on IOL_7_134.
Placed fixed group with base inst u_DDR3/u_ipsl_hmic_h_phy_top/u_phy_io/iob_44_dut/opit_1_IOL on IOL_7_137.
Placed fixed group with base inst u_DDR3/u_ipsl_hmic_h_phy_top/u_phy_io/iob_45_dut/opit_1_IOL on IOL_7_138.
Placed fixed group with base inst u_DDR3/u_ipsl_hmic_h_phy_top/u_phy_io/iob_46_dut/opit_1_IOL on IOL_7_141.
Placed fixed group with base inst u_DDR3/u_ipsl_hmic_h_phy_top/u_phy_io/iob_47_dut/opit_1_IOL on IOL_7_142.
Placed fixed group with base inst u_DDR3/u_ipsl_hmic_h_phy_top/u_phy_io/iob_48_dut/opit_1_IOL on IOL_7_145.
Placed fixed group with base inst u_DDR3/u_ipsl_hmic_h_phy_top/u_phy_io/iob_49_dut/opit_1_IOL on IOL_7_146.
Placed fixed group with base inst u_DDR3/u_ipsl_hmic_h_phy_top/u_phy_io/iob_50_dut/opit_1 on IOL_7_157.
Placed fixed group with base inst u_DDR3/u_ipsl_hmic_h_phy_top/u_phy_io/iob_51_dut/opit_1_IOL on IOL_7_158.
Placed fixed group with base inst u_DDR3/u_ipsl_hmic_h_phy_top/u_phy_io/iob_52_dut/opit_1_IOL on IOL_7_161.
Placed fixed group with base inst u_DDR3/u_ipsl_hmic_h_phy_top/u_phy_io/iob_55_dut/opit_1_IOL on IOL_7_166.
Placed fixed group with base inst u_DDR3/u_ipsl_hmic_h_phy_top/u_phy_io/iob_56_dut/opit_1_IOL on IOL_7_169.
Placed fixed group with base inst u_DDR3/u_ipsl_hmic_h_phy_top/u_phy_io/iob_57_dut/opit_1_IOL on IOL_7_170.
Placed fixed group with base inst u_DDR3/u_ipsl_hmic_h_phy_top/u_phy_io/iob_58_dut/opit_1_IOL on IOL_7_173.
Placed fixed group with base inst u_DDR3/u_ipsl_hmic_h_phy_top/u_phy_io/iob_59_dut/opit_1_IOL on IOL_7_174.
Placed fixed instance u_DDR3/u_ipsl_hmic_h_phy_top/u_phy_io/ioclkbuf01_dut/gopclkgate on IOCKGATE_6_56.
Placed fixed instance u_DDR3/u_ipsl_hmic_h_phy_top/u_phy_io/ioclkbuf02_dut/gopclkgate on IOCKGATE_6_181.
Placed fixed instance u_DDR3/u_ipsl_hmic_h_phy_top/u_phy_io/ioclkdiv_dut/gopclkdiv on IOCKDIV_6_64.
Placed fixed group with base inst u_DDR3/u_ipsl_hmic_h_phy_top/u_phy_io/iol_iddr3_dut/gateop_inv_IO on IOL_7_10.
Placed fixed group with base inst u_DDR3/u_ipsl_hmic_h_phy_top/u_phy_io/iol_iddr4_dut/gateop_inv_IO on IOL_7_13.
Placed fixed group with base inst u_DDR3/u_ipsl_hmic_h_phy_top/u_phy_io/iol_iddr5_dut/gateop_inv_IO on IOL_7_14.
Placed fixed group with base inst u_DDR3/u_ipsl_hmic_h_phy_top/u_phy_io/iol_iddr6_dut/gateop_inv_IO on IOL_7_17.
Placed fixed group with base inst u_DDR3/u_ipsl_hmic_h_phy_top/u_phy_io/iol_iddr7_dut/gateop_inv_IO on IOL_7_18.
Placed fixed group with base inst u_DDR3/u_ipsl_hmic_h_phy_top/u_phy_io/iol_iddr10_dut/gateop_inv_IO on IOL_7_33.
Placed fixed group with base inst u_DDR3/u_ipsl_hmic_h_phy_top/u_phy_io/iol_iddr11_dut/gateop_inv_IO on IOL_7_34.
Placed fixed group with base inst u_DDR3/u_ipsl_hmic_h_phy_top/u_phy_io/iol_iddr12_dut/gateop_inv_IO on IOL_7_37.
Placed fixed group with base inst u_DDR3/u_ipsl_hmic_h_phy_top/u_phy_io/iol_iddr27_dut/gateop_inv_IO on IOL_7_86.
Placed fixed group with base inst u_DDR3/u_ipsl_hmic_h_phy_top/u_phy_io/iol_iddr28_dut/gateop_inv_IO on IOL_7_89.
Placed fixed group with base inst u_DDR3/u_ipsl_hmic_h_phy_top/u_phy_io/iol_iddr29_dut/gateop_inv_IO on IOL_7_90.
Placed fixed group with base inst u_DDR3/u_ipsl_hmic_h_phy_top/u_phy_io/iol_iddr32_dut/gateop_inv_IO on IOL_7_105.
Placed fixed group with base inst u_DDR3/u_ipsl_hmic_h_phy_top/u_phy_io/iol_iddr33_dut/gateop_inv_IO on IOL_7_106.
Placed fixed group with base inst u_DDR3/u_ipsl_hmic_h_phy_top/u_phy_io/iol_iddr34_dut/gateop_inv_IO on IOL_7_109.
Placed fixed group with base inst u_DDR3/u_ipsl_hmic_h_phy_top/u_phy_io/iol_iddr35_dut/gateop_inv_IO on IOL_7_110.
Placed fixed group with base inst u_DDR3/u_ipsl_hmic_h_phy_top/u_phy_io/iol_iddr36_dut/gateop_inv_IO on IOL_7_113.
Placed fixed instance u_DDR3/u_ipsl_hmic_h_phy_top/u_phy_io/u_gtp_ddrphy/gateop_DDRC on HMEMC_16_1.
Placed fixed instance u_DDR3/u_pll_50_400/u_pll_e1/goppll on PLL_82_71.
Placed fixed instance u_GTP_CLKBUFG/gopclkbufg on USCM_74_105.
Placed fixed instance u_GTP_IOCLKDELAY/opit_0 on IOCKDLY_150_185.
Placed fixed group with base inst u_GTP_OUTBUFT/opit_1_IOL on IOL_151_197.
Placed fixed group with base inst u_tsmac_phy/U_pgs_tsmac_rgmii_gmii_convert_v1_0/U_pgs_tsmac_gmii_to_rgmii_v1_0/gtp_outbuft1/opit_1_IOL on IOL_151_214.
Placed fixed group with base inst u_tsmac_phy/U_pgs_tsmac_rgmii_gmii_convert_v1_0/U_pgs_tsmac_gmii_to_rgmii_v1_0/gtp_outbuft2/opit_1_IOL on IOL_151_229.
Placed fixed group with base inst u_tsmac_phy/U_pgs_tsmac_rgmii_gmii_convert_v1_0/U_pgs_tsmac_gmii_to_rgmii_v1_0/gtp_outbuft3/opit_1_IOL on IOL_151_237.
Placed fixed group with base inst u_tsmac_phy/U_pgs_tsmac_rgmii_gmii_convert_v1_0/U_pgs_tsmac_gmii_to_rgmii_v1_0/gtp_outbuft4/opit_1_IOL on IOL_151_238.
Placed fixed group with base inst u_tsmac_phy/U_pgs_tsmac_rgmii_gmii_convert_v1_0/U_pgs_tsmac_gmii_to_rgmii_v1_0/gtp_outbuft5/opit_1_IOL on IOL_151_213.
Placed fixed group with base inst u_tsmac_phy/U_pgs_tsmac_rgmii_gmii_convert_v1_0/U_pgs_tsmac_rgmii_to_gmii_v1_0/igddr1/gateigddr_IOL on IOL_151_157.
Placed fixed group with base inst u_tsmac_phy/U_pgs_tsmac_rgmii_gmii_convert_v1_0/U_pgs_tsmac_rgmii_to_gmii_v1_0/igddr2/gateigddr_IOL on IOL_151_142.
Placed fixed group with base inst u_tsmac_phy/U_pgs_tsmac_rgmii_gmii_convert_v1_0/U_pgs_tsmac_rgmii_to_gmii_v1_0/igddr3/gateigddr_IOL on IOL_151_170.
Placed fixed group with base inst u_tsmac_phy/U_pgs_tsmac_rgmii_gmii_convert_v1_0/U_pgs_tsmac_rgmii_to_gmii_v1_0/igddr4/gateigddr_IOL on IOL_151_169.
Placed fixed group with base inst u_tsmac_phy/U_pgs_tsmac_rgmii_gmii_convert_v1_0/U_pgs_tsmac_rgmii_to_gmii_v1_0/igddr5/gateigddr_IOL on IOL_151_158.
Placed fixed instance BKCL_auto_0 on BKCL_2_268.
Placed fixed instance BKCL_auto_1 on BKCL_2_144.
Placed fixed instance BKCL_auto_2 on BKCL_2_20.
Placed fixed instance BKCL_auto_3 on BKCL_154_268.
Placed fixed instance BKCL_auto_4 on BKCL_154_144.
Placed fixed instance BKCL_auto_5 on BKCL_154_20.
Placed instance u_DDR3/u_ipsl_hmic_h_phy_top/u_phy_io/dll_hmemc_dut/gopdll(gopDLL) on DLL_7_59, and placed u_DDR3/u_ipsl_hmic_h_phy_top/u_phy_io/dqs0_dut/opit_0(gopDQS_DDC) on DQSL_6_24.
Placed instance u_DDR3/u_ipsl_hmic_h_phy_top/u_phy_io/dll_hmemc_dut/gopdll(gopDLL) on DLL_7_59, and placed u_DDR3/u_ipsl_hmic_h_phy_top/u_phy_io/dqs1_dut/opit_0(gopDQS_DDC) on DQSL_6_52.
Placed instance u_DDR3/u_ipsl_hmic_h_phy_top/u_phy_io/dll_hmemc_dut/gopdll(gopDLL) on DLL_7_59, and placed u_DDR3/u_ipsl_hmic_h_phy_top/u_phy_io/dqs2_dut/opit_0(gopDQS_DDC) on DQSL_6_96.
Placed instance u_DDR3/u_ipsl_hmic_h_phy_top/u_phy_io/dll_hmemc_dut/gopdll(gopDLL) on DLL_7_59, and placed u_DDR3/u_ipsl_hmic_h_phy_top/u_phy_io/dqs3_dut/opit_0(gopDQS_DDC) on DQSL_6_148.
Placed instance u_DDR3/u_ipsl_hmic_h_phy_top/u_phy_io/dll_hmemc_dut/gopdll(gopDLL) on DLL_7_59, and placed u_DDR3/u_ipsl_hmic_h_phy_top/u_phy_io/dqs4_dut/opit_0(gopDQS_DDC) on DQSL_6_176.
Forbidden IOL_7_38.
Forbidden IOL_7_41.
Forbidden IOL_7_42.
Forbidden IOL_7_85.
Forbidden IOL_7_162.
Forbidden IOL_7_165.
Wirelength after Macro cell placement is 118201.
Macro cell placement takes 0.17 sec.
Run super clustering :
	Initial slack -7890.
	11 iterations finished.
	Final slack -972.
Super clustering done.
Design Utilization : 46%.
Wirelength after post global placement is 104184.
Post global placement takes 16.16 sec.
Wirelength after legalization is 109444.
Legalization takes 2.64 sec.
Worst slack before Replication Place is 706.
Wirelength after replication placement is 109444.
Legalized cost 706.000000.
The detailed placement ends at 11th iteration.
Wirelength after detailed placement is 118627.
Timing-driven detailed placement takes 87.28 sec.
Placement done.
Total placement takes 140.14 sec.
Finished placement. (CPU time elapsed 0h:02m:26s)

Routing started.
Building routing graph takes 1.33 sec.
Worst slack is 1052.
Processing design graph takes 1.19 sec.
Total memory for routing:
	53.829689 M.
Total nets for routing : 12665.
Rcf routing step 1 processed 0 nets, it takes 0.00 sec.
Rcf routing step 2 processed 0 nets, it takes 0.00 sec.
Rcf routing step 3 processed 0 nets, it takes 0.00 sec.
Unrouted nets 0 at the end of iteration 0.
Global Routing step 1 processed 128 nets, it takes 0.02 sec.
Unrouted nets 192 at the end of iteration 0.
Unrouted nets 126 at the end of iteration 1.
Unrouted nets 91 at the end of iteration 2.
Unrouted nets 57 at the end of iteration 3.
Unrouted nets 38 at the end of iteration 4.
Unrouted nets 20 at the end of iteration 5.
Unrouted nets 19 at the end of iteration 6.
Unrouted nets 19 at the end of iteration 7.
Unrouted nets 16 at the end of iteration 8.
Unrouted nets 11 at the end of iteration 9.
Unrouted nets 10 at the end of iteration 10.
Unrouted nets 10 at the end of iteration 11.
Unrouted nets 5 at the end of iteration 12.
Unrouted nets 3 at the end of iteration 13.
Unrouted nets 3 at the end of iteration 14.
Unrouted nets 1 at the end of iteration 15.
Unrouted nets 2 at the end of iteration 16.
Unrouted nets 1 at the end of iteration 17.
Unrouted nets 1 at the end of iteration 18.
Unrouted nets 1 at the end of iteration 19.
Unrouted nets 1 at the end of iteration 20.
Unrouted nets 2 at the end of iteration 21.
Unrouted nets 0 at the end of iteration 22.
Global Routing step 2 processed 495 nets, it takes 1.02 sec.
Unrouted nets 248 at the end of iteration 0.
Unrouted nets 146 at the end of iteration 1.
Unrouted nets 108 at the end of iteration 2.
Unrouted nets 78 at the end of iteration 3.
Unrouted nets 51 at the end of iteration 4.
Unrouted nets 30 at the end of iteration 5.
Unrouted nets 16 at the end of iteration 6.
Unrouted nets 18 at the end of iteration 7.
Unrouted nets 19 at the end of iteration 8.
Unrouted nets 12 at the end of iteration 9.
Unrouted nets 4 at the end of iteration 10.
Unrouted nets 2 at the end of iteration 11.
Unrouted nets 2 at the end of iteration 12.
Unrouted nets 2 at the end of iteration 13.
Unrouted nets 0 at the end of iteration 14.
Global Routing step 3 processed 799 nets, it takes 3.63 sec.
Global routing takes 4.67 sec.
Total 15192 subnets.
    forward max bucket size 2211 , backward 269.
        Unrouted nets 10910 at the end of iteration 0.
    route iteration 0, CPU time elapsed 4.609375 sec.
    forward max bucket size 2829 , backward 390.
        Unrouted nets 9787 at the end of iteration 1.
    route iteration 1, CPU time elapsed 4.546875 sec.
    forward max bucket size 2550 , backward 611.
        Unrouted nets 8613 at the end of iteration 2.
    route iteration 2, CPU time elapsed 4.515625 sec.
    forward max bucket size 3114 , backward 615.
        Unrouted nets 7490 at the end of iteration 3.
    route iteration 3, CPU time elapsed 4.515625 sec.
    forward max bucket size 4005 , backward 911.
        Unrouted nets 6668 at the end of iteration 4.
    route iteration 4, CPU time elapsed 3.921875 sec.
    forward max bucket size 3434 , backward 499.
        Unrouted nets 6078 at the end of iteration 5.
    route iteration 5, CPU time elapsed 4.281250 sec.
    forward max bucket size 4408 , backward 793.
        Unrouted nets 5477 at the end of iteration 6.
    route iteration 6, CPU time elapsed 2.968750 sec.
    forward max bucket size 3170 , backward 1004.
        Unrouted nets 4761 at the end of iteration 7.
    route iteration 7, CPU time elapsed 2.906250 sec.
    forward max bucket size 4521 , backward 953.
        Unrouted nets 4067 at the end of iteration 8.
    route iteration 8, CPU time elapsed 2.578125 sec.
    forward max bucket size 4878 , backward 643.
        Unrouted nets 3701 at the end of iteration 9.
    route iteration 9, CPU time elapsed 2.375000 sec.
    forward max bucket size 3548 , backward 835.
        Unrouted nets 3267 at the end of iteration 10.
    route iteration 10, CPU time elapsed 2.234375 sec.
    forward max bucket size 4941 , backward 913.
        Unrouted nets 2923 at the end of iteration 11.
    route iteration 11, CPU time elapsed 1.937500 sec.
    forward max bucket size 3857 , backward 1026.
        Unrouted nets 2474 at the end of iteration 12.
    route iteration 12, CPU time elapsed 1.765625 sec.
    forward max bucket size 3450 , backward 1156.
        Unrouted nets 2224 at the end of iteration 13.
    route iteration 13, CPU time elapsed 1.625000 sec.
    forward max bucket size 3086 , backward 894.
        Unrouted nets 1878 at the end of iteration 14.
    route iteration 14, CPU time elapsed 1.453125 sec.
    forward max bucket size 4320 , backward 1552.
        Unrouted nets 1747 at the end of iteration 15.
    route iteration 15, CPU time elapsed 1.328125 sec.
    forward max bucket size 3551 , backward 627.
        Unrouted nets 1603 at the end of iteration 16.
    route iteration 16, CPU time elapsed 1.187500 sec.
    forward max bucket size 3567 , backward 797.
        Unrouted nets 1518 at the end of iteration 17.
    route iteration 17, CPU time elapsed 1.218750 sec.
    forward max bucket size 3621 , backward 748.
        Unrouted nets 1317 at the end of iteration 18.
    route iteration 18, CPU time elapsed 1.078125 sec.
    forward max bucket size 4434 , backward 887.
        Unrouted nets 1141 at the end of iteration 19.
    route iteration 19, CPU time elapsed 1.062500 sec.
    forward max bucket size 4659 , backward 913.
        Unrouted nets 1071 at the end of iteration 20.
    route iteration 20, CPU time elapsed 0.937500 sec.
    forward max bucket size 5769 , backward 822.
        Unrouted nets 1011 at the end of iteration 21.
    route iteration 21, CPU time elapsed 0.906250 sec.
    forward max bucket size 5426 , backward 669.
        Unrouted nets 943 at the end of iteration 22.
    route iteration 22, CPU time elapsed 0.890625 sec.
    forward max bucket size 5081 , backward 571.
        Unrouted nets 838 at the end of iteration 23.
    route iteration 23, CPU time elapsed 0.796875 sec.
    forward max bucket size 3264 , backward 656.
        Unrouted nets 780 at the end of iteration 24.
    route iteration 24, CPU time elapsed 0.750000 sec.
    forward max bucket size 2146 , backward 592.
        Unrouted nets 736 at the end of iteration 25.
    route iteration 25, CPU time elapsed 0.687500 sec.
    forward max bucket size 3678 , backward 669.
        Unrouted nets 673 at the end of iteration 26.
    route iteration 26, CPU time elapsed 0.640625 sec.
    forward max bucket size 4724 , backward 620.
        Unrouted nets 630 at the end of iteration 27.
    route iteration 27, CPU time elapsed 0.609375 sec.
    forward max bucket size 3126 , backward 975.
        Unrouted nets 576 at the end of iteration 28.
    route iteration 28, CPU time elapsed 0.609375 sec.
    forward max bucket size 2850 , backward 929.
        Unrouted nets 544 at the end of iteration 29.
    route iteration 29, CPU time elapsed 0.531250 sec.
    forward max bucket size 4384 , backward 339.
        Unrouted nets 451 at the end of iteration 30.
    route iteration 30, CPU time elapsed 0.531250 sec.
    forward max bucket size 3988 , backward 969.
        Unrouted nets 445 at the end of iteration 31.
    route iteration 31, CPU time elapsed 0.484375 sec.
    forward max bucket size 3477 , backward 891.
        Unrouted nets 437 at the end of iteration 32.
    route iteration 32, CPU time elapsed 0.546875 sec.
    forward max bucket size 2818 , backward 508.
        Unrouted nets 433 at the end of iteration 33.
    route iteration 33, CPU time elapsed 0.468750 sec.
    forward max bucket size 2245 , backward 594.
        Unrouted nets 379 at the end of iteration 34.
    route iteration 34, CPU time elapsed 0.421875 sec.
    forward max bucket size 5811 , backward 346.
        Unrouted nets 359 at the end of iteration 35.
    route iteration 35, CPU time elapsed 0.437500 sec.
    forward max bucket size 5577 , backward 343.
        Unrouted nets 341 at the end of iteration 36.
    route iteration 36, CPU time elapsed 0.421875 sec.
    forward max bucket size 4609 , backward 346.
        Unrouted nets 291 at the end of iteration 37.
    route iteration 37, CPU time elapsed 0.375000 sec.
    forward max bucket size 3248 , backward 842.
        Unrouted nets 259 at the end of iteration 38.
    route iteration 38, CPU time elapsed 0.359375 sec.
    forward max bucket size 2862 , backward 783.
        Unrouted nets 262 at the end of iteration 39.
    route iteration 39, CPU time elapsed 0.359375 sec.
    forward max bucket size 2264 , backward 671.
        Unrouted nets 243 at the end of iteration 40.
    route iteration 40, CPU time elapsed 0.406250 sec.
    forward max bucket size 4077 , backward 441.
        Unrouted nets 219 at the end of iteration 41.
    route iteration 41, CPU time elapsed 0.343750 sec.
    forward max bucket size 2219 , backward 501.
        Unrouted nets 232 at the end of iteration 42.
    route iteration 42, CPU time elapsed 0.312500 sec.
    forward max bucket size 7235 , backward 740.
        Unrouted nets 215 at the end of iteration 43.
    route iteration 43, CPU time elapsed 0.359375 sec.
    forward max bucket size 3779 , backward 359.
        Unrouted nets 195 at the end of iteration 44.
    route iteration 44, CPU time elapsed 0.312500 sec.
    forward max bucket size 3558 , backward 465.
        Unrouted nets 173 at the end of iteration 45.
    route iteration 45, CPU time elapsed 0.281250 sec.
    forward max bucket size 1706 , backward 566.
        Unrouted nets 171 at the end of iteration 46.
    route iteration 46, CPU time elapsed 0.312500 sec.
    forward max bucket size 2075 , backward 672.
        Unrouted nets 147 at the end of iteration 47.
    route iteration 47, CPU time elapsed 0.281250 sec.
    forward max bucket size 1761 , backward 684.
        Unrouted nets 119 at the end of iteration 48.
    route iteration 48, CPU time elapsed 0.250000 sec.
    forward max bucket size 1896 , backward 269.
        Unrouted nets 101 at the end of iteration 49.
    route iteration 49, CPU time elapsed 0.234375 sec.
    forward max bucket size 1003 , backward 322.
        Unrouted nets 88 at the end of iteration 50.
    route iteration 50, CPU time elapsed 0.218750 sec.
    forward max bucket size 946 , backward 373.
        Unrouted nets 102 at the end of iteration 51.
    route iteration 51, CPU time elapsed 0.250000 sec.
    forward max bucket size 716 , backward 176.
        Unrouted nets 92 at the end of iteration 52.
    route iteration 52, CPU time elapsed 0.234375 sec.
    forward max bucket size 1400 , backward 192.
        Unrouted nets 86 at the end of iteration 53.
    route iteration 53, CPU time elapsed 0.203125 sec.
    forward max bucket size 2543 , backward 390.
        Unrouted nets 80 at the end of iteration 54.
    route iteration 54, CPU time elapsed 0.203125 sec.
    forward max bucket size 716 , backward 316.
        Unrouted nets 69 at the end of iteration 55.
    route iteration 55, CPU time elapsed 0.187500 sec.
    forward max bucket size 380 , backward 328.
        Unrouted nets 61 at the end of iteration 56.
    route iteration 56, CPU time elapsed 0.187500 sec.
    forward max bucket size 630 , backward 587.
        Unrouted nets 55 at the end of iteration 57.
    route iteration 57, CPU time elapsed 0.187500 sec.
    forward max bucket size 637 , backward 567.
        Unrouted nets 45 at the end of iteration 58.
    route iteration 58, CPU time elapsed 0.187500 sec.
    forward max bucket size 561 , backward 330.
        Unrouted nets 43 at the end of iteration 59.
    route iteration 59, CPU time elapsed 0.187500 sec.
    forward max bucket size 277 , backward 428.
        Unrouted nets 33 at the end of iteration 60.
    route iteration 60, CPU time elapsed 0.187500 sec.
    forward max bucket size 1659 , backward 464.
        Unrouted nets 32 at the end of iteration 61.
    route iteration 61, CPU time elapsed 0.171875 sec.
    forward max bucket size 2065 , backward 315.
        Unrouted nets 34 at the end of iteration 62.
    route iteration 62, CPU time elapsed 0.171875 sec.
    forward max bucket size 2269 , backward 75.
        Unrouted nets 31 at the end of iteration 63.
    route iteration 63, CPU time elapsed 0.187500 sec.
    forward max bucket size 858 , backward 113.
        Unrouted nets 35 at the end of iteration 64.
    route iteration 64, CPU time elapsed 0.203125 sec.
    forward max bucket size 2565 , backward 321.
        Unrouted nets 27 at the end of iteration 65.
    route iteration 65, CPU time elapsed 0.187500 sec.
    forward max bucket size 2525 , backward 439.
        Unrouted nets 29 at the end of iteration 66.
    route iteration 66, CPU time elapsed 0.187500 sec.
    forward max bucket size 2525 , backward 480.
        Unrouted nets 29 at the end of iteration 67.
    route iteration 67, CPU time elapsed 0.187500 sec.
    forward max bucket size 2809 , backward 501.
        Unrouted nets 32 at the end of iteration 68.
    route iteration 68, CPU time elapsed 0.203125 sec.
    forward max bucket size 1944 , backward 508.
        Unrouted nets 25 at the end of iteration 69.
    route iteration 69, CPU time elapsed 0.171875 sec.
    forward max bucket size 707 , backward 271.
        Unrouted nets 26 at the end of iteration 70.
    route iteration 70, CPU time elapsed 0.171875 sec.
    forward max bucket size 736 , backward 94.
        Unrouted nets 31 at the end of iteration 71.
    route iteration 71, CPU time elapsed 0.171875 sec.
    forward max bucket size 880 , backward 73.
        Unrouted nets 25 at the end of iteration 72.
    route iteration 72, CPU time elapsed 0.156250 sec.
    forward max bucket size 185 , backward 53.
        Unrouted nets 27 at the end of iteration 73.
    route iteration 73, CPU time elapsed 0.171875 sec.
    forward max bucket size 1551 , backward 64.
        Unrouted nets 18 at the end of iteration 74.
    route iteration 74, CPU time elapsed 0.171875 sec.
    forward max bucket size 156 , backward 63.
        Unrouted nets 12 at the end of iteration 75.
    route iteration 75, CPU time elapsed 0.171875 sec.
    forward max bucket size 81 , backward 64.
        Unrouted nets 13 at the end of iteration 76.
    route iteration 76, CPU time elapsed 0.156250 sec.
    forward max bucket size 211 , backward 68.
        Unrouted nets 10 at the end of iteration 77.
    route iteration 77, CPU time elapsed 0.171875 sec.
    forward max bucket size 113 , backward 47.
        Unrouted nets 10 at the end of iteration 78.
    route iteration 78, CPU time elapsed 0.171875 sec.
    forward max bucket size 149 , backward 53.
        Unrouted nets 7 at the end of iteration 79.
    route iteration 79, CPU time elapsed 0.171875 sec.
    forward max bucket size 120 , backward 60.
        Unrouted nets 7 at the end of iteration 80.
    route iteration 80, CPU time elapsed 0.156250 sec.
    forward max bucket size 243 , backward 51.
        Unrouted nets 4 at the end of iteration 81.
    route iteration 81, CPU time elapsed 0.171875 sec.
    forward max bucket size 262 , backward 81.
        Unrouted nets 7 at the end of iteration 82.
    route iteration 82, CPU time elapsed 0.156250 sec.
    forward max bucket size 262 , backward 146.
        Unrouted nets 6 at the end of iteration 83.
    route iteration 83, CPU time elapsed 0.156250 sec.
    forward max bucket size 132 , backward 98.
        Unrouted nets 6 at the end of iteration 84.
    route iteration 84, CPU time elapsed 0.156250 sec.
    forward max bucket size 84 , backward 65.
        Unrouted nets 12 at the end of iteration 85.
    route iteration 85, CPU time elapsed 0.156250 sec.
    forward max bucket size 528 , backward 85.
        Unrouted nets 12 at the end of iteration 86.
    route iteration 86, CPU time elapsed 0.156250 sec.
    forward max bucket size 154 , backward 269.
        Unrouted nets 11 at the end of iteration 87.
    route iteration 87, CPU time elapsed 0.171875 sec.
    forward max bucket size 208 , backward 490.
        Unrouted nets 12 at the end of iteration 88.
    route iteration 88, CPU time elapsed 0.156250 sec.
    forward max bucket size 130 , backward 511.
        Unrouted nets 8 at the end of iteration 89.
    route iteration 89, CPU time elapsed 0.171875 sec.
    forward max bucket size 1032 , backward 792.
        Unrouted nets 20 at the end of iteration 90.
    route iteration 90, CPU time elapsed 0.171875 sec.
    forward max bucket size 3406 , backward 482.
        Unrouted nets 19 at the end of iteration 91.
    route iteration 91, CPU time elapsed 0.187500 sec.
    forward max bucket size 2162 , backward 442.
        Unrouted nets 11 at the end of iteration 92.
    route iteration 92, CPU time elapsed 0.171875 sec.
    forward max bucket size 2216 , backward 443.
        Unrouted nets 10 at the end of iteration 93.
    route iteration 93, CPU time elapsed 0.171875 sec.
    forward max bucket size 604 , backward 409.
        Unrouted nets 6 at the end of iteration 94.
    route iteration 94, CPU time elapsed 0.171875 sec.
    forward max bucket size 624 , backward 447.
        Unrouted nets 10 at the end of iteration 95.
    route iteration 95, CPU time elapsed 0.156250 sec.
    forward max bucket size 1484 , backward 474.
        Unrouted nets 10 at the end of iteration 96.
    route iteration 96, CPU time elapsed 0.187500 sec.
    forward max bucket size 2672 , backward 423.
        Unrouted nets 13 at the end of iteration 97.
    route iteration 97, CPU time elapsed 0.171875 sec.
    forward max bucket size 2244 , backward 423.
        Unrouted nets 9 at the end of iteration 98.
    route iteration 98, CPU time elapsed 0.171875 sec.
    forward max bucket size 315 , backward 383.
        Unrouted nets 14 at the end of iteration 99.
    route iteration 99, CPU time elapsed 0.187500 sec.
    forward max bucket size 1126 , backward 466.
        Unrouted nets 13 at the end of iteration 100.
    route iteration 100, CPU time elapsed 0.171875 sec.
    forward max bucket size 855 , backward 463.
        Unrouted nets 12 at the end of iteration 101.
    route iteration 101, CPU time elapsed 0.171875 sec.
    forward max bucket size 855 , backward 316.
        Unrouted nets 10 at the end of iteration 102.
    route iteration 102, CPU time elapsed 0.171875 sec.
    forward max bucket size 258 , backward 253.
        Unrouted nets 7 at the end of iteration 103.
    route iteration 103, CPU time elapsed 0.156250 sec.
    forward max bucket size 4746 , backward 100.
        Unrouted nets 11 at the end of iteration 104.
    route iteration 104, CPU time elapsed 0.171875 sec.
    forward max bucket size 579 , backward 123.
        Unrouted nets 10 at the end of iteration 105.
    route iteration 105, CPU time elapsed 0.171875 sec.
    forward max bucket size 29 , backward 62.
        Unrouted nets 10 at the end of iteration 106.
    route iteration 106, CPU time elapsed 0.156250 sec.
    forward max bucket size 1309 , backward 205.
        Unrouted nets 14 at the end of iteration 107.
    route iteration 107, CPU time elapsed 0.156250 sec.
    forward max bucket size 1357 , backward 586.
        Unrouted nets 6 at the end of iteration 108.
    route iteration 108, CPU time elapsed 0.171875 sec.
    forward max bucket size 96 , backward 585.
        Unrouted nets 6 at the end of iteration 109.
    route iteration 109, CPU time elapsed 0.171875 sec.
    forward max bucket size 100 , backward 586.
        Unrouted nets 6 at the end of iteration 110.
    route iteration 110, CPU time elapsed 0.140625 sec.
    forward max bucket size 77 , backward 478.
        Unrouted nets 2 at the end of iteration 111.
    route iteration 111, CPU time elapsed 0.171875 sec.
    forward max bucket size 11 , backward 18.
        Unrouted nets 0 at the end of iteration 112.
    route iteration 112, CPU time elapsed 0.156250 sec.
C: Route-2036: The clock path from ex_clk_50m_ibuf/opit_1:OUT to u_DDR3/u_pll_50_400/u_pll_e1/goppll:CLKIN1 is routed by SRB.
Detailed routing takes 81.75 sec.
Fix violation Finished.
Hold Violation Fix in router takes 234.89 sec.

Dispose routing result:
    Collect routing result.
    Delete unused device instances.
    Annotate routing result.
    Change LUT configuration.
    Dispose misc instances.
I: Route-6001: Insert route through in CLMA_14_272.
I: Route-6001: Insert route through in CLMA_86_144.
I: Route-6001: Insert route through in CLMA_50_124.
I: Route-6001: Insert route through in CLMA_42_124.
I: Route-6001: Insert route through in CLMA_42_72.
I: Route-6001: Insert route through in CLMA_26_260.
I: Route-6001: Insert route through in CLMS_66_113.
I: Route-6001: Insert route through in CLMA_86_264.
I: Route-6001: Insert route through in CLMS_102_85.
I: Route-6001: Insert route through in CLMS_94_85.
I: Route-6001: Insert route through in CLMS_54_41.
I: Route-6001: Insert route through in CLMS_46_229.
I: Route-6001: Insert route through in CLMA_90_189.
I: Route-6001: Insert route through in CLMA_82_160.
I: Route-6001: Insert route through in CLMA_82_164.
I: Route-6001: Insert route through in CLMA_70_168.
I: Route-6001: Insert route through in CLMA_90_165.
I: Route-6001: Insert route through in CLMA_86_240.
I: Route-6001: Insert route through in CLMS_46_77.
I: Route-6001: Insert route through in CLMA_46_128.
I: Route-6001: Insert route through in CLMA_38_136.
I: Route-6001: Insert route through in CLMA_70_88.
I: Route-6001: Insert route through in CLMA_38_304.
I: Route-6001: Insert route through in CLMA_70_77.
I: Route-6001: Insert route through in CLMA_38_136.
I: Route-6001: Insert route through in CLMS_94_85.
I: Route-6001: Insert route through in CLMA_130_120.
I: Route-6001: Insert route through in CLMA_70_280.
I: Route-6001: Insert route through in CLMA_78_96.
I: Route-6001: Insert route through in CLMS_54_245.
I: Route-6001: Insert route through in CLMA_58_244.
I: Route-6001: Insert route through in CLMA_86_144.
I: Route-6001: Insert route through in CLMS_66_69.
I: Route-6001: Insert route through in CLMA_54_68.
I: Route-6001: Insert route through in CLMA_70_101.
I: Route-6001: Insert route through in CLMS_66_113.
I: Route-6001: Insert route through in CLMA_94_232.
I: Route-6001: Insert route through in CLMA_42_232.
I: Route-6001: Insert route through in CLMA_50_209.
I: Route-6001: Insert route through in CLMA_98_141.
I: Route-6001: Insert route through in CLMA_82_160.
I: Route-6001: Insert route through in CLMA_42_140.
I: Route-6001: Insert route through in CLMA_46_148.
I: Route-6001: Insert route through in CLMA_106_84.
I: Route-6001: Insert route through in CLMA_70_157.
I: Route-6001: Insert route through in CLMA_90_137.
I: Route-6001: Insert route through in CLMA_70_301.
I: Route-6001: Insert route through in CLMA_50_156.
I: Route-6001: Insert route through in CLMA_78_128.
I: Route-6001: Insert route through in CLMA_46_116.
I: Route-6001: Insert route through in CLMA_42_225.
I: Route-6001: Insert route through in CLMA_106_64.
I: Route-6001: Insert route through in CLMA_86_208.
I: Route-6001: Insert route through in CLMA_50_141.
I: Route-6001: Insert route through in CLMS_46_289.
I: Route-6001: Insert route through in CLMA_46_272.
I: Route-6001: Insert route through in CLMA_26_104.
I: Route-6001: Insert route through in CLMA_78_84.
I: Route-6001: Insert route through in CLMA_50_145.
I: Route-6001: Insert route through in CLMA_90_277.
I: Route-6001: Insert route through in CLMS_54_129.
I: Route-6001: Insert route through in CLMA_50_124.
I: Route-6001: Insert route through in CLMA_94_248.
I: Route-6001: Insert route through in CLMA_102_256.
I: Route-6001: Insert route through in CLMA_82_149.
I: Route-6001: Insert route through in CLMA_82_145.
I: Route-6001: Insert route through in CLMA_26_196.
I: Route-6001: Insert route through in CLMA_130_193.
I: Route-6001: Insert route through in CLMA_138_288.
I: Route-6001: Insert route through in CLMS_86_329.
I: Route-6001: Insert route through in CLMA_94_132.
I: Route-6001: Insert route through in CLMA_98_129.
I: Route-6001: Insert route through in CLMA_78_280.
I: Route-6001: Insert route through in USCM_74_111.
I: Route-6001: Insert route through in USCM_74_108.
I: Route-6001: Insert route through in USCM_74_130.
I: Route-6001: Insert route through in USCM_74_113.
I: Route-6001: Insert route through in USCM_74_109.
I: Route-6001: Insert route through in USCM_74_110.
I: Route-6001: Insert route through in USCM_74_112.
I: Route-6001: Insert route through in RCKB_151_310.
I: Route-6001: Insert route through in RCKB_151_311.
I: Route-6001: Insert route through in RCKB_7_184.
I: Route-6001: Insert route through in RCKB_7_186.
I: Route-6001: Insert route through in RCKB_151_309.
I: Route-6001: Insert route through in RCKB_151_184.
I: Route-6001: Insert route through in RCKB_151_186.
I: Route-6001: Insert route through in RCKB_151_187.
I: Route-6001: Insert route through in RCKB_7_63.
I: Route-6001: Insert route through in RCKB_151_185.
I: Route-6001: Insert route through in RCKB_151_63.
I: Route-6001: Insert route through in RCKB_151_308.
I: Route-6001: Insert route through in RCKB_7_60.
I: Route-6001: Insert route through in RCKB_7_61.
    Annotate routing result again.
Finish routing takes 3.97 sec.
No timing paths have hold violation.
Hold fix iterated 0 times
Hold violation fix takes 7.97 sec.
Used srb routing arc is 154625.
Cleanup routing takes 0.08 sec.
Routing done.
Total routing takes 337.44 sec.


Device Utilization Summary :
+----------------------------------------------------------------------------+
| Logic Utilization        | Used     | Available     | Utilization(%)     
+----------------------------------------------------------------------------+
| Use of ADC               | 0        | 1             | 0                   
| Use of APM               | 3        | 30            | 10                  
| Use of BKCL              | 6        | 6             | 100                 
| Use of CLMA              | 2310     | 3274          | 71                  
|   FF                     | 3756     | 19644         | 19                  
|   LUT                    | 6227     | 13096         | 48                  
|   LUT-FF pairs           | 2103     | 13096         | 16                  
| Use of CLMS              | 748      | 1110          | 67                  
|   FF                     | 982      | 6660          | 15                  
|   LUT                    | 1937     | 4440          | 44                  
|   LUT-FF pairs           | 598      | 4440          | 13                  
|   Distributed RAM        | 168      | 4440          | 4                   
| Use of CRYSTAL           | 0        | 6             | 0                   
| Use of DLL               | 2        | 6             | 33                  
| Use of DQSL              | 5        | 18            | 28                  
| Use of DRM               | 26.5     | 48            | 55                  
| Use of FLSIF             | 0        | 1             | 0                   
| Use of FUSECODE          | 0        | 1             | 0                   
| Use of HARD0N1           | 0        | 2745          | 0                   
| Use of HMEMC             | 1        | 2             | 50                  
| Use of IO                | 87       | 240           | 36                  
|   IOBD                   | 42       | 120           | 35                  
|   IOBR                   | 1        | 6             | 17                  
|   IOBS                   | 44       | 114           | 39                  
| Use of IOCKDIV           | 1        | 12            | 8                   
| Use of IOCKDLY           | 1        | 24            | 4                   
| Use of IOCKGATE          | 2        | 12            | 17                  
| Use of IOCKGMUX_TEST     | 0        | 12            | 0                   
| Use of IOL               | 87       | 240           | 36                  
| Use of IPAL              | 0        | 1             | 0                   
| Use of MFG_TEST          | 0        | 1             | 0                   
| Use of OSC               | 0        | 1             | 0                   
| Use of PLL               | 1        | 6             | 17                  
| Use of PREGMUX_TEST      | 0        | 6             | 0                   
| Use of RCKB              | 14       | 24            | 58                  
| Use of RCKBMUX_TEST      | 0        | 12            | 0                   
| Use of RESCAL            | 0        | 6             | 0                   
| Use of SCANCHAIN         | 0        | 4             | 0                   
| Use of START             | 1        | 1             | 100                 
| Use of UDID              | 0        | 1             | 0                   
| Use of USCM              | 11       | 20            | 55                  
| Use of USCMMUX_TEST      | 0        | 20            | 0                   
| Use of VCKBMUX_TEST      | 0        | 12            | 0                   
+----------------------------------------------------------------------------+

Finished routing. (CPU time elapsed 0h:08m:42s)
Design 'm1_soc_top' has been placed and routed successfully.
Saving design to DB.
Action pnr: Real time elapsed is 530.000 sec
Action pnr: CPU time elapsed is 526.906 sec
Current time: Mon Apr  5 12:48:20 2021
Action pnr: Peak memory pool usage is 1,132,998,656 bytes
Finished placement and routing. (CPU time elapsed 0h:08m:42s)
