#Build: Fabric Compiler 2020.3-SP3.1, Build 67625, Jan 05 04:16 2021
#Install: C:\pango\PDS_2020.3-SP3.1-ads\bin
#Application name: pds_shell.exe
#OS: Windows 7 6.1.7600
#Hostname: LAPTOP-33JRCVKD
Generated by Fabric Compiler (version 2020.3-SP3.1 build 67625) at Wed Mar 24 09:28:41 2021
Compiling verification operator library.
Compiling common defs.
Compiling prim grid devices.
Compiling gate devices.
Compiling gate operators.
Building architecture model.
Loading device packaging model 'MBG324'.
I: dp_step_length: 4 != def: 1
Starting placement and routing flow. (CPU time elapsed 0h:00m:00s)
Reading design from devmap DB.
Building architecture floorplan logic view.
Executing : apply_constraint -f C:/Users/yangl/Documents/IC_competition/arm/M1_PGL22G_RTOS/PDS_project/pnr/device_map/m1_soc_top.pcf
Executing : def_port i2c0_sck -LOC A15 -IOSTANDARD LVCMOS33 -VCCIO 3.3 -BUS_KEEPER PULLUP
C: ConstraintEditor-2006: [C:/Users/yangl/Documents/IC_competition/arm/M1_PGL22G_RTOS/PDS_project/pnr/device_map/m1_soc_top.pcf] Port i2c0_sck lack of drive, output port and inout port had better set drive value, the default value is 4.
C: ConstraintEditor-2007: [C:/Users/yangl/Documents/IC_competition/arm/M1_PGL22G_RTOS/PDS_project/pnr/device_map/m1_soc_top.pcf] Port i2c0_sck lack of slew, output port and inout port had better set slew value, the default value is SLOW.
Executing : def_port i2c0_sck -LOC A15 -IOSTANDARD LVCMOS33 -VCCIO 3.3 -BUS_KEEPER PULLUP successfully.
Executing : def_port i2c0_sda -LOC B15 -IOSTANDARD LVCMOS33 -VCCIO 3.3 -BUS_KEEPER PULLUP
C: ConstraintEditor-2006: [C:/Users/yangl/Documents/IC_competition/arm/M1_PGL22G_RTOS/PDS_project/pnr/device_map/m1_soc_top.pcf] Port i2c0_sda lack of drive, output port and inout port had better set drive value, the default value is 4.
C: ConstraintEditor-2007: [C:/Users/yangl/Documents/IC_competition/arm/M1_PGL22G_RTOS/PDS_project/pnr/device_map/m1_soc_top.pcf] Port i2c0_sda lack of slew, output port and inout port had better set slew value, the default value is SLOW.
Executing : def_port i2c0_sda -LOC B15 -IOSTANDARD LVCMOS33 -VCCIO 3.3 -BUS_KEEPER PULLUP successfully.
Executing : def_port {pad_dq_ch0[0]} -LOC T8 -IOSTANDARD SSTL15_I -VCCIO 1.5 -BUS_KEEPER UNUSED -VREF_MODE IN -VREF_MODE_VALUE 0.5 -DDR_TERM_MODE ON -DRIVE 7.5 -SLEW FAST
Executing : def_port {pad_dq_ch0[0]} -LOC T8 -IOSTANDARD SSTL15_I -VCCIO 1.5 -BUS_KEEPER UNUSED -VREF_MODE IN -VREF_MODE_VALUE 0.5 -DDR_TERM_MODE ON -DRIVE 7.5 -SLEW FAST successfully.
Executing : def_port {pad_dq_ch0[1]} -LOC T6 -IOSTANDARD SSTL15_I -VCCIO 1.5 -BUS_KEEPER UNUSED -VREF_MODE IN -VREF_MODE_VALUE 0.5 -DDR_TERM_MODE ON -DRIVE 7.5 -SLEW FAST
Executing : def_port {pad_dq_ch0[1]} -LOC T6 -IOSTANDARD SSTL15_I -VCCIO 1.5 -BUS_KEEPER UNUSED -VREF_MODE IN -VREF_MODE_VALUE 0.5 -DDR_TERM_MODE ON -DRIVE 7.5 -SLEW FAST successfully.
Executing : def_port {pad_dq_ch0[2]} -LOC R6 -IOSTANDARD SSTL15_I -VCCIO 1.5 -BUS_KEEPER UNUSED -VREF_MODE IN -VREF_MODE_VALUE 0.5 -DDR_TERM_MODE ON -DRIVE 7.5 -SLEW FAST
Executing : def_port {pad_dq_ch0[2]} -LOC R6 -IOSTANDARD SSTL15_I -VCCIO 1.5 -BUS_KEEPER UNUSED -VREF_MODE IN -VREF_MODE_VALUE 0.5 -DDR_TERM_MODE ON -DRIVE 7.5 -SLEW FAST successfully.
Executing : def_port {pad_dq_ch0[3]} -LOC R9 -IOSTANDARD SSTL15_I -VCCIO 1.5 -BUS_KEEPER UNUSED -VREF_MODE IN -VREF_MODE_VALUE 0.5 -DDR_TERM_MODE ON -DRIVE 7.5 -SLEW FAST
Executing : def_port {pad_dq_ch0[3]} -LOC R9 -IOSTANDARD SSTL15_I -VCCIO 1.5 -BUS_KEEPER UNUSED -VREF_MODE IN -VREF_MODE_VALUE 0.5 -DDR_TERM_MODE ON -DRIVE 7.5 -SLEW FAST successfully.
Executing : def_port {pad_dq_ch0[4]} -LOC T9 -IOSTANDARD SSTL15_I -VCCIO 1.5 -BUS_KEEPER UNUSED -VREF_MODE IN -VREF_MODE_VALUE 0.5 -DDR_TERM_MODE ON -DRIVE 7.5 -SLEW FAST
Executing : def_port {pad_dq_ch0[4]} -LOC T9 -IOSTANDARD SSTL15_I -VCCIO 1.5 -BUS_KEEPER UNUSED -VREF_MODE IN -VREF_MODE_VALUE 0.5 -DDR_TERM_MODE ON -DRIVE 7.5 -SLEW FAST successfully.
Executing : def_port {pad_dq_ch0[5]} -LOC N4 -IOSTANDARD SSTL15_I -VCCIO 1.5 -BUS_KEEPER UNUSED -VREF_MODE IN -VREF_MODE_VALUE 0.5 -DDR_TERM_MODE ON -DRIVE 7.5 -SLEW FAST
Executing : def_port {pad_dq_ch0[5]} -LOC N4 -IOSTANDARD SSTL15_I -VCCIO 1.5 -BUS_KEEPER UNUSED -VREF_MODE IN -VREF_MODE_VALUE 0.5 -DDR_TERM_MODE ON -DRIVE 7.5 -SLEW FAST successfully.
Executing : def_port {pad_dq_ch0[6]} -LOC N5 -IOSTANDARD SSTL15_I -VCCIO 1.5 -BUS_KEEPER UNUSED -VREF_MODE IN -VREF_MODE_VALUE 0.5 -DDR_TERM_MODE ON -DRIVE 7.5 -SLEW FAST
Executing : def_port {pad_dq_ch0[6]} -LOC N5 -IOSTANDARD SSTL15_I -VCCIO 1.5 -BUS_KEEPER UNUSED -VREF_MODE IN -VREF_MODE_VALUE 0.5 -DDR_TERM_MODE ON -DRIVE 7.5 -SLEW FAST successfully.
Executing : def_port {pad_dq_ch0[7]} -LOC P6 -IOSTANDARD SSTL15_I -VCCIO 1.5 -BUS_KEEPER UNUSED -VREF_MODE IN -VREF_MODE_VALUE 0.5 -DDR_TERM_MODE ON -DRIVE 7.5 -SLEW FAST
Executing : def_port {pad_dq_ch0[7]} -LOC P6 -IOSTANDARD SSTL15_I -VCCIO 1.5 -BUS_KEEPER UNUSED -VREF_MODE IN -VREF_MODE_VALUE 0.5 -DDR_TERM_MODE ON -DRIVE 7.5 -SLEW FAST successfully.
Executing : def_port {pad_dq_ch0[8]} -LOC T4 -IOSTANDARD SSTL15_I -VCCIO 1.5 -BUS_KEEPER UNUSED -VREF_MODE IN -VREF_MODE_VALUE 0.5 -DDR_TERM_MODE ON -DRIVE 7.5 -SLEW FAST
Executing : def_port {pad_dq_ch0[8]} -LOC T4 -IOSTANDARD SSTL15_I -VCCIO 1.5 -BUS_KEEPER UNUSED -VREF_MODE IN -VREF_MODE_VALUE 0.5 -DDR_TERM_MODE ON -DRIVE 7.5 -SLEW FAST successfully.
Executing : def_port {pad_dq_ch0[9]} -LOC V9 -IOSTANDARD SSTL15_I -VCCIO 1.5 -BUS_KEEPER UNUSED -VREF_MODE IN -VREF_MODE_VALUE 0.5 -DDR_TERM_MODE ON -DRIVE 7.5 -SLEW FAST
Executing : def_port {pad_dq_ch0[9]} -LOC V9 -IOSTANDARD SSTL15_I -VCCIO 1.5 -BUS_KEEPER UNUSED -VREF_MODE IN -VREF_MODE_VALUE 0.5 -DDR_TERM_MODE ON -DRIVE 7.5 -SLEW FAST successfully.
Executing : def_port {pad_dq_ch0[10]} -LOC U9 -IOSTANDARD SSTL15_I -VCCIO 1.5 -BUS_KEEPER UNUSED -VREF_MODE IN -VREF_MODE_VALUE 0.5 -DDR_TERM_MODE ON -DRIVE 7.5 -SLEW FAST
Executing : def_port {pad_dq_ch0[10]} -LOC U9 -IOSTANDARD SSTL15_I -VCCIO 1.5 -BUS_KEEPER UNUSED -VREF_MODE IN -VREF_MODE_VALUE 0.5 -DDR_TERM_MODE ON -DRIVE 7.5 -SLEW FAST successfully.
Executing : def_port {pad_dq_ch0[11]} -LOC V7 -IOSTANDARD SSTL15_I -VCCIO 1.5 -BUS_KEEPER UNUSED -VREF_MODE IN -VREF_MODE_VALUE 0.5 -DDR_TERM_MODE ON -DRIVE 7.5 -SLEW FAST
Executing : def_port {pad_dq_ch0[11]} -LOC V7 -IOSTANDARD SSTL15_I -VCCIO 1.5 -BUS_KEEPER UNUSED -VREF_MODE IN -VREF_MODE_VALUE 0.5 -DDR_TERM_MODE ON -DRIVE 7.5 -SLEW FAST successfully.
Executing : def_port {pad_dq_ch0[12]} -LOC U7 -IOSTANDARD SSTL15_I -VCCIO 1.5 -BUS_KEEPER UNUSED -VREF_MODE IN -VREF_MODE_VALUE 0.5 -DDR_TERM_MODE ON -DRIVE 7.5 -SLEW FAST
Executing : def_port {pad_dq_ch0[12]} -LOC U7 -IOSTANDARD SSTL15_I -VCCIO 1.5 -BUS_KEEPER UNUSED -VREF_MODE IN -VREF_MODE_VALUE 0.5 -DDR_TERM_MODE ON -DRIVE 7.5 -SLEW FAST successfully.
Executing : def_port {pad_dq_ch0[13]} -LOC V6 -IOSTANDARD SSTL15_I -VCCIO 1.5 -BUS_KEEPER UNUSED -VREF_MODE IN -VREF_MODE_VALUE 0.5 -DDR_TERM_MODE ON -DRIVE 7.5 -SLEW FAST
Executing : def_port {pad_dq_ch0[13]} -LOC V6 -IOSTANDARD SSTL15_I -VCCIO 1.5 -BUS_KEEPER UNUSED -VREF_MODE IN -VREF_MODE_VALUE 0.5 -DDR_TERM_MODE ON -DRIVE 7.5 -SLEW FAST successfully.
Executing : def_port {pad_dq_ch0[14]} -LOC U6 -IOSTANDARD SSTL15_I -VCCIO 1.5 -BUS_KEEPER UNUSED -VREF_MODE IN -VREF_MODE_VALUE 0.5 -DDR_TERM_MODE ON -DRIVE 7.5 -SLEW FAST
Executing : def_port {pad_dq_ch0[14]} -LOC U6 -IOSTANDARD SSTL15_I -VCCIO 1.5 -BUS_KEEPER UNUSED -VREF_MODE IN -VREF_MODE_VALUE 0.5 -DDR_TERM_MODE ON -DRIVE 7.5 -SLEW FAST successfully.
Executing : def_port {pad_dq_ch0[15]} -LOC V5 -IOSTANDARD SSTL15_I -VCCIO 1.5 -BUS_KEEPER UNUSED -VREF_MODE IN -VREF_MODE_VALUE 0.5 -DDR_TERM_MODE ON -DRIVE 7.5 -SLEW FAST
Executing : def_port {pad_dq_ch0[15]} -LOC V5 -IOSTANDARD SSTL15_I -VCCIO 1.5 -BUS_KEEPER UNUSED -VREF_MODE IN -VREF_MODE_VALUE 0.5 -DDR_TERM_MODE ON -DRIVE 7.5 -SLEW FAST successfully.
Executing : def_port {pad_dqs_ch0[0]} -LOC N6 -IOSTANDARD SSTL15D_I -VCCIO 1.5 -BUS_KEEPER UNUSED -DDR_TERM_MODE ON -DRIVE 7.5 -SLEW FAST
Executing : def_port {pad_dqs_ch0[0]} -LOC N6 -IOSTANDARD SSTL15D_I -VCCIO 1.5 -BUS_KEEPER UNUSED -DDR_TERM_MODE ON -DRIVE 7.5 -SLEW FAST successfully.
Executing : def_port {pad_dqs_ch0[1]} -LOC U8 -IOSTANDARD SSTL15D_I -VCCIO 1.5 -BUS_KEEPER UNUSED -DDR_TERM_MODE ON -DRIVE 7.5 -SLEW FAST
Executing : def_port {pad_dqs_ch0[1]} -LOC U8 -IOSTANDARD SSTL15D_I -VCCIO 1.5 -BUS_KEEPER UNUSED -DDR_TERM_MODE ON -DRIVE 7.5 -SLEW FAST successfully.
Executing : def_port {pad_dqsn_ch0[0]} -LOC N7 -IOSTANDARD SSTL15D_I -VCCIO 1.5 -BUS_KEEPER UNUSED -DDR_TERM_MODE ON -DRIVE 7.5 -SLEW FAST
Executing : def_port {pad_dqsn_ch0[0]} -LOC N7 -IOSTANDARD SSTL15D_I -VCCIO 1.5 -BUS_KEEPER UNUSED -DDR_TERM_MODE ON -DRIVE 7.5 -SLEW FAST successfully.
Executing : def_port {pad_dqsn_ch0[1]} -LOC V8 -IOSTANDARD SSTL15D_I -VCCIO 1.5 -BUS_KEEPER UNUSED -DDR_TERM_MODE ON -DRIVE 7.5 -SLEW FAST
Executing : def_port {pad_dqsn_ch0[1]} -LOC V8 -IOSTANDARD SSTL15D_I -VCCIO 1.5 -BUS_KEEPER UNUSED -DDR_TERM_MODE ON -DRIVE 7.5 -SLEW FAST successfully.
Executing : def_port {LED[0]} -LOC U10 -IOSTANDARD LVCMOS33 -VCCIO 3.3 -BUS_KEEPER NONE
C: ConstraintEditor-2006: [C:/Users/yangl/Documents/IC_competition/arm/M1_PGL22G_RTOS/PDS_project/pnr/device_map/m1_soc_top.pcf] Port LED[0] lack of drive, output port and inout port had better set drive value, the default value is 4.
C: ConstraintEditor-2007: [C:/Users/yangl/Documents/IC_competition/arm/M1_PGL22G_RTOS/PDS_project/pnr/device_map/m1_soc_top.pcf] Port LED[0] lack of slew, output port and inout port had better set slew value, the default value is SLOW.
Executing : def_port {LED[0]} -LOC U10 -IOSTANDARD LVCMOS33 -VCCIO 3.3 -BUS_KEEPER NONE successfully.
Executing : def_port {LED[1]} -LOC V10 -IOSTANDARD LVCMOS33 -VCCIO 3.3 -BUS_KEEPER NONE
C: ConstraintEditor-2006: [C:/Users/yangl/Documents/IC_competition/arm/M1_PGL22G_RTOS/PDS_project/pnr/device_map/m1_soc_top.pcf] Port LED[1] lack of drive, output port and inout port had better set drive value, the default value is 4.
C: ConstraintEditor-2007: [C:/Users/yangl/Documents/IC_competition/arm/M1_PGL22G_RTOS/PDS_project/pnr/device_map/m1_soc_top.pcf] Port LED[1] lack of slew, output port and inout port had better set slew value, the default value is SLOW.
Executing : def_port {LED[1]} -LOC V10 -IOSTANDARD LVCMOS33 -VCCIO 3.3 -BUS_KEEPER NONE successfully.
Executing : def_port {LED[2]} -LOC U11 -IOSTANDARD LVCMOS33 -VCCIO 3.3 -BUS_KEEPER NONE
C: ConstraintEditor-2006: [C:/Users/yangl/Documents/IC_competition/arm/M1_PGL22G_RTOS/PDS_project/pnr/device_map/m1_soc_top.pcf] Port LED[2] lack of drive, output port and inout port had better set drive value, the default value is 4.
C: ConstraintEditor-2007: [C:/Users/yangl/Documents/IC_competition/arm/M1_PGL22G_RTOS/PDS_project/pnr/device_map/m1_soc_top.pcf] Port LED[2] lack of slew, output port and inout port had better set slew value, the default value is SLOW.
Executing : def_port {LED[2]} -LOC U11 -IOSTANDARD LVCMOS33 -VCCIO 3.3 -BUS_KEEPER NONE successfully.
Executing : def_port {LED[3]} -LOC V11 -IOSTANDARD LVCMOS33 -VCCIO 3.3 -BUS_KEEPER NONE -OPEN_DRAIN OFF
C: ConstraintEditor-2006: [C:/Users/yangl/Documents/IC_competition/arm/M1_PGL22G_RTOS/PDS_project/pnr/device_map/m1_soc_top.pcf] Port LED[3] lack of drive, output port and inout port had better set drive value, the default value is 4.
C: ConstraintEditor-2007: [C:/Users/yangl/Documents/IC_competition/arm/M1_PGL22G_RTOS/PDS_project/pnr/device_map/m1_soc_top.pcf] Port LED[3] lack of slew, output port and inout port had better set slew value, the default value is SLOW.
Executing : def_port {LED[3]} -LOC V11 -IOSTANDARD LVCMOS33 -VCCIO 3.3 -BUS_KEEPER NONE -OPEN_DRAIN OFF successfully.
Executing : def_port TX -LOC C10 -IOSTANDARD LVCMOS33 -VCCIO 3.3 -BUS_KEEPER PULLUP
C: ConstraintEditor-2006: [C:/Users/yangl/Documents/IC_competition/arm/M1_PGL22G_RTOS/PDS_project/pnr/device_map/m1_soc_top.pcf] Port TX lack of drive, output port and inout port had better set drive value, the default value is 4.
C: ConstraintEditor-2007: [C:/Users/yangl/Documents/IC_competition/arm/M1_PGL22G_RTOS/PDS_project/pnr/device_map/m1_soc_top.pcf] Port TX lack of slew, output port and inout port had better set slew value, the default value is SLOW.
Executing : def_port TX -LOC C10 -IOSTANDARD LVCMOS33 -VCCIO 3.3 -BUS_KEEPER PULLUP successfully.
Executing : def_port l0_sgmii_clk_shft -LOC H17 -IOSTANDARD LVCMOS33 -VCCIO 3.3 -BUS_KEEPER PULLUP -DRIVE 4 -SLEW FAST -OPEN_DRAIN OFF
Executing : def_port l0_sgmii_clk_shft -LOC H17 -IOSTANDARD LVCMOS33 -VCCIO 3.3 -BUS_KEEPER PULLUP -DRIVE 4 -SLEW FAST -OPEN_DRAIN OFF successfully.
Executing : def_port {pad_addr_ch0[0]} -LOC M4 -IOSTANDARD SSTL15_I -VCCIO 1.5 -BUS_KEEPER UNUSED -DRIVE 7.5 -SLEW FAST
Executing : def_port {pad_addr_ch0[0]} -LOC M4 -IOSTANDARD SSTL15_I -VCCIO 1.5 -BUS_KEEPER UNUSED -DRIVE 7.5 -SLEW FAST successfully.
Executing : def_port {pad_addr_ch0[1]} -LOC M3 -IOSTANDARD SSTL15_I -VCCIO 1.5 -BUS_KEEPER UNUSED -DRIVE 7.5 -SLEW FAST
Executing : def_port {pad_addr_ch0[1]} -LOC M3 -IOSTANDARD SSTL15_I -VCCIO 1.5 -BUS_KEEPER UNUSED -DRIVE 7.5 -SLEW FAST successfully.
Executing : def_port {pad_addr_ch0[2]} -LOC P2 -IOSTANDARD SSTL15_I -VCCIO 1.5 -BUS_KEEPER UNUSED -DRIVE 7.5 -SLEW FAST
Executing : def_port {pad_addr_ch0[2]} -LOC P2 -IOSTANDARD SSTL15_I -VCCIO 1.5 -BUS_KEEPER UNUSED -DRIVE 7.5 -SLEW FAST successfully.
Executing : def_port {pad_addr_ch0[3]} -LOC P1 -IOSTANDARD SSTL15_I -VCCIO 1.5 -BUS_KEEPER UNUSED -DRIVE 7.5 -SLEW FAST
Executing : def_port {pad_addr_ch0[3]} -LOC P1 -IOSTANDARD SSTL15_I -VCCIO 1.5 -BUS_KEEPER UNUSED -DRIVE 7.5 -SLEW FAST successfully.
Executing : def_port {pad_addr_ch0[4]} -LOC L5 -IOSTANDARD SSTL15_I -VCCIO 1.5 -BUS_KEEPER UNUSED -DRIVE 7.5 -SLEW FAST
Executing : def_port {pad_addr_ch0[4]} -LOC L5 -IOSTANDARD SSTL15_I -VCCIO 1.5 -BUS_KEEPER UNUSED -DRIVE 7.5 -SLEW FAST successfully.
Executing : def_port {pad_addr_ch0[5]} -LOC M5 -IOSTANDARD SSTL15_I -VCCIO 1.5 -BUS_KEEPER UNUSED -DRIVE 7.5 -SLEW FAST
Executing : def_port {pad_addr_ch0[5]} -LOC M5 -IOSTANDARD SSTL15_I -VCCIO 1.5 -BUS_KEEPER UNUSED -DRIVE 7.5 -SLEW FAST successfully.
Executing : def_port {pad_addr_ch0[6]} -LOC N2 -IOSTANDARD SSTL15_I -VCCIO 1.5 -BUS_KEEPER UNUSED -DRIVE 7.5 -SLEW FAST
Executing : def_port {pad_addr_ch0[6]} -LOC N2 -IOSTANDARD SSTL15_I -VCCIO 1.5 -BUS_KEEPER UNUSED -DRIVE 7.5 -SLEW FAST successfully.
Executing : def_port {pad_addr_ch0[7]} -LOC N1 -IOSTANDARD SSTL15_I -VCCIO 1.5 -BUS_KEEPER UNUSED -DRIVE 7.5 -SLEW FAST
Executing : def_port {pad_addr_ch0[7]} -LOC N1 -IOSTANDARD SSTL15_I -VCCIO 1.5 -BUS_KEEPER UNUSED -DRIVE 7.5 -SLEW FAST successfully.
Executing : def_port {pad_addr_ch0[8]} -LOC K4 -IOSTANDARD SSTL15_I -VCCIO 1.5 -BUS_KEEPER UNUSED -DRIVE 7.5 -SLEW FAST
Executing : def_port {pad_addr_ch0[8]} -LOC K4 -IOSTANDARD SSTL15_I -VCCIO 1.5 -BUS_KEEPER UNUSED -DRIVE 7.5 -SLEW FAST successfully.
Executing : def_port {pad_addr_ch0[9]} -LOC M1 -IOSTANDARD SSTL15_I -VCCIO 1.5 -BUS_KEEPER UNUSED -DRIVE 7.5 -SLEW FAST
Executing : def_port {pad_addr_ch0[9]} -LOC M1 -IOSTANDARD SSTL15_I -VCCIO 1.5 -BUS_KEEPER UNUSED -DRIVE 7.5 -SLEW FAST successfully.
Executing : def_port {pad_addr_ch0[10]} -LOC M6 -IOSTANDARD SSTL15_I -VCCIO 1.5 -BUS_KEEPER UNUSED -DRIVE 7.5 -SLEW FAST
Executing : def_port {pad_addr_ch0[10]} -LOC M6 -IOSTANDARD SSTL15_I -VCCIO 1.5 -BUS_KEEPER UNUSED -DRIVE 7.5 -SLEW FAST successfully.
Executing : def_port {pad_addr_ch0[11]} -LOC L1 -IOSTANDARD SSTL15_I -VCCIO 1.5 -BUS_KEEPER UNUSED -DRIVE 7.5 -SLEW FAST
Executing : def_port {pad_addr_ch0[11]} -LOC L1 -IOSTANDARD SSTL15_I -VCCIO 1.5 -BUS_KEEPER UNUSED -DRIVE 7.5 -SLEW FAST successfully.
Executing : def_port {pad_addr_ch0[12]} -LOC K2 -IOSTANDARD SSTL15_I -VCCIO 1.5 -BUS_KEEPER UNUSED -DRIVE 7.5 -SLEW FAST
Executing : def_port {pad_addr_ch0[12]} -LOC K2 -IOSTANDARD SSTL15_I -VCCIO 1.5 -BUS_KEEPER UNUSED -DRIVE 7.5 -SLEW FAST successfully.
Executing : def_port {pad_addr_ch0[13]} -LOC K1 -IOSTANDARD SSTL15_I -VCCIO 1.5 -BUS_KEEPER UNUSED -DRIVE 7.5 -SLEW FAST
Executing : def_port {pad_addr_ch0[13]} -LOC K1 -IOSTANDARD SSTL15_I -VCCIO 1.5 -BUS_KEEPER UNUSED -DRIVE 7.5 -SLEW FAST successfully.
Executing : def_port {pad_addr_ch0[14]} -LOC J2 -IOSTANDARD SSTL15_I -VCCIO 1.5 -BUS_KEEPER UNUSED -DRIVE 7.5 -SLEW FAST
Executing : def_port {pad_addr_ch0[14]} -LOC J2 -IOSTANDARD SSTL15_I -VCCIO 1.5 -BUS_KEEPER UNUSED -DRIVE 7.5 -SLEW FAST successfully.
Executing : def_port {pad_addr_ch0[15]} -LOC J1 -IOSTANDARD SSTL15_I -VCCIO 1.5 -BUS_KEEPER UNUSED -DRIVE 7.5 -SLEW FAST
Executing : def_port {pad_addr_ch0[15]} -LOC J1 -IOSTANDARD SSTL15_I -VCCIO 1.5 -BUS_KEEPER UNUSED -DRIVE 7.5 -SLEW FAST successfully.
Executing : def_port {pad_ba_ch0[0]} -LOC U2 -IOSTANDARD SSTL15_I -VCCIO 1.5 -BUS_KEEPER UNUSED -DRIVE 7.5 -SLEW FAST
Executing : def_port {pad_ba_ch0[0]} -LOC U2 -IOSTANDARD SSTL15_I -VCCIO 1.5 -BUS_KEEPER UNUSED -DRIVE 7.5 -SLEW FAST successfully.
Executing : def_port {pad_ba_ch0[1]} -LOC U1 -IOSTANDARD SSTL15_I -VCCIO 1.5 -BUS_KEEPER UNUSED -DRIVE 7.5 -SLEW FAST
Executing : def_port {pad_ba_ch0[1]} -LOC U1 -IOSTANDARD SSTL15_I -VCCIO 1.5 -BUS_KEEPER UNUSED -DRIVE 7.5 -SLEW FAST successfully.
Executing : def_port {pad_ba_ch0[2]} -LOC T2 -IOSTANDARD SSTL15_I -VCCIO 1.5 -BUS_KEEPER UNUSED -DRIVE 7.5 -SLEW FAST
Executing : def_port {pad_ba_ch0[2]} -LOC T2 -IOSTANDARD SSTL15_I -VCCIO 1.5 -BUS_KEEPER UNUSED -DRIVE 7.5 -SLEW FAST successfully.
Executing : def_port pad_casn_ch0 -LOC T1 -IOSTANDARD SSTL15_I -VCCIO 1.5 -BUS_KEEPER UNUSED -DRIVE 7.5 -SLEW FAST
Executing : def_port pad_casn_ch0 -LOC T1 -IOSTANDARD SSTL15_I -VCCIO 1.5 -BUS_KEEPER UNUSED -DRIVE 7.5 -SLEW FAST successfully.
Executing : def_port pad_cke_ch0 -LOC L4 -IOSTANDARD SSTL15_I -VCCIO 1.5 -BUS_KEEPER UNUSED -DRIVE 7.5 -SLEW FAST
Executing : def_port pad_cke_ch0 -LOC L4 -IOSTANDARD SSTL15_I -VCCIO 1.5 -BUS_KEEPER UNUSED -DRIVE 7.5 -SLEW FAST successfully.
Executing : def_port pad_csn_ch0 -LOC R1 -IOSTANDARD SSTL15_I -VCCIO 1.5 -BUS_KEEPER UNUSED -DRIVE 7.5 -SLEW FAST
Executing : def_port pad_csn_ch0 -LOC R1 -IOSTANDARD SSTL15_I -VCCIO 1.5 -BUS_KEEPER UNUSED -DRIVE 7.5 -SLEW FAST successfully.
Executing : def_port pad_ddr_clk_w -LOC U3 -IOSTANDARD SSTL15D_I -VCCIO 1.5 -BUS_KEEPER UNUSED -DRIVE 7.5 -SLEW FAST
Executing : def_port pad_ddr_clk_w -LOC U3 -IOSTANDARD SSTL15D_I -VCCIO 1.5 -BUS_KEEPER UNUSED -DRIVE 7.5 -SLEW FAST successfully.
Executing : def_port pad_ddr_clkn_w -LOC V3 -IOSTANDARD SSTL15D_I -VCCIO 1.5 -BUS_KEEPER UNUSED -DRIVE 7.5 -SLEW FAST
Executing : def_port pad_ddr_clkn_w -LOC V3 -IOSTANDARD SSTL15D_I -VCCIO 1.5 -BUS_KEEPER UNUSED -DRIVE 7.5 -SLEW FAST successfully.
Executing : def_port {pad_dm_rdqs_ch0[0]} -LOC R8 -IOSTANDARD SSTL15_I -VCCIO 1.5 -BUS_KEEPER UNUSED -DRIVE 7.5 -SLEW FAST
Executing : def_port {pad_dm_rdqs_ch0[0]} -LOC R8 -IOSTANDARD SSTL15_I -VCCIO 1.5 -BUS_KEEPER UNUSED -DRIVE 7.5 -SLEW FAST successfully.
Executing : def_port {pad_dm_rdqs_ch0[1]} -LOC U5 -IOSTANDARD SSTL15_I -VCCIO 1.5 -BUS_KEEPER UNUSED -DRIVE 7.5 -SLEW FAST
Executing : def_port {pad_dm_rdqs_ch0[1]} -LOC U5 -IOSTANDARD SSTL15_I -VCCIO 1.5 -BUS_KEEPER UNUSED -DRIVE 7.5 -SLEW FAST successfully.
Executing : def_port pad_loop_out -LOC P8 -IOSTANDARD SSTL15_I -VCCIO 1.5 -BUS_KEEPER UNUSED -DRIVE 7.5 -SLEW FAST
Executing : def_port pad_loop_out -LOC P8 -IOSTANDARD SSTL15_I -VCCIO 1.5 -BUS_KEEPER UNUSED -DRIVE 7.5 -SLEW FAST successfully.
Executing : def_port pad_loop_out_h -LOC U4 -IOSTANDARD SSTL15_I -VCCIO 1.5 -BUS_KEEPER UNUSED -DRIVE 7.5 -SLEW FAST
Executing : def_port pad_loop_out_h -LOC U4 -IOSTANDARD SSTL15_I -VCCIO 1.5 -BUS_KEEPER UNUSED -DRIVE 7.5 -SLEW FAST successfully.
Executing : def_port pad_odt_ch0 -LOC V2 -IOSTANDARD SSTL15_I -VCCIO 1.5 -BUS_KEEPER UNUSED -DRIVE 7.5 -SLEW FAST
Executing : def_port pad_odt_ch0 -LOC V2 -IOSTANDARD SSTL15_I -VCCIO 1.5 -BUS_KEEPER UNUSED -DRIVE 7.5 -SLEW FAST successfully.
Executing : def_port pad_rasn_ch0 -LOC R2 -IOSTANDARD SSTL15_I -VCCIO 1.5 -BUS_KEEPER UNUSED -DRIVE 7.5 -SLEW FAST
Executing : def_port pad_rasn_ch0 -LOC R2 -IOSTANDARD SSTL15_I -VCCIO 1.5 -BUS_KEEPER UNUSED -DRIVE 7.5 -SLEW FAST successfully.
Executing : def_port pad_rstn_ch0 -LOC M2 -IOSTANDARD SSTL15_I -VCCIO 1.5 -BUS_KEEPER UNUSED -DRIVE 7.5 -SLEW FAST
Executing : def_port pad_rstn_ch0 -LOC M2 -IOSTANDARD SSTL15_I -VCCIO 1.5 -BUS_KEEPER UNUSED -DRIVE 7.5 -SLEW FAST successfully.
Executing : def_port pad_wen_ch0 -LOC V1 -IOSTANDARD SSTL15_I -VCCIO 1.5 -BUS_KEEPER UNUSED -DRIVE 7.5 -SLEW FAST
Executing : def_port pad_wen_ch0 -LOC V1 -IOSTANDARD SSTL15_I -VCCIO 1.5 -BUS_KEEPER UNUSED -DRIVE 7.5 -SLEW FAST successfully.
Executing : def_port phy_rst_n -LOC J17 -IOSTANDARD LVCMOS33 -VCCIO 3.3 -BUS_KEEPER PULLUP -DRIVE 8 -SLEW FAST -OPEN_DRAIN OFF
Executing : def_port phy_rst_n -LOC J17 -IOSTANDARD LVCMOS33 -VCCIO 3.3 -BUS_KEEPER PULLUP -DRIVE 8 -SLEW FAST -OPEN_DRAIN OFF successfully.
Executing : def_port phy_tx_en -LOC G18 -IOSTANDARD LVCMOS33 -VCCIO 3.3 -BUS_KEEPER PULLUP -DRIVE 8 -SLEW FAST -OPEN_DRAIN OFF
Executing : def_port phy_tx_en -LOC G18 -IOSTANDARD LVCMOS33 -VCCIO 3.3 -BUS_KEEPER PULLUP -DRIVE 8 -SLEW FAST -OPEN_DRAIN OFF successfully.
Executing : def_port phy_txd0 -LOC G17 -IOSTANDARD LVCMOS33 -VCCIO 3.3 -BUS_KEEPER PULLUP -DRIVE 8 -SLEW FAST -OPEN_DRAIN OFF
Executing : def_port phy_txd0 -LOC G17 -IOSTANDARD LVCMOS33 -VCCIO 3.3 -BUS_KEEPER PULLUP -DRIVE 8 -SLEW FAST -OPEN_DRAIN OFF successfully.
Executing : def_port phy_txd1 -LOC F18 -IOSTANDARD LVCMOS33 -VCCIO 3.3 -BUS_KEEPER PULLUP -DRIVE 8 -SLEW FAST -OPEN_DRAIN OFF
Executing : def_port phy_txd1 -LOC F18 -IOSTANDARD LVCMOS33 -VCCIO 3.3 -BUS_KEEPER PULLUP -DRIVE 8 -SLEW FAST -OPEN_DRAIN OFF successfully.
Executing : def_port phy_txd2 -LOC F17 -IOSTANDARD LVCMOS33 -VCCIO 3.3 -BUS_KEEPER PULLUP -DRIVE 8 -SLEW FAST -OPEN_DRAIN OFF
Executing : def_port phy_txd2 -LOC F17 -IOSTANDARD LVCMOS33 -VCCIO 3.3 -BUS_KEEPER PULLUP -DRIVE 8 -SLEW FAST -OPEN_DRAIN OFF successfully.
Executing : def_port phy_txd3 -LOC G16 -IOSTANDARD LVCMOS33 -VCCIO 3.3 -BUS_KEEPER PULLUP -DRIVE 8 -SLEW FAST -OPEN_DRAIN OFF
Executing : def_port phy_txd3 -LOC G16 -IOSTANDARD LVCMOS33 -VCCIO 3.3 -BUS_KEEPER PULLUP -DRIVE 8 -SLEW FAST -OPEN_DRAIN OFF successfully.
Executing : def_port spi0_clk -LOC C9 -IOSTANDARD LVCMOS33 -VCCIO 3.3 -BUS_KEEPER NONE -DRIVE 4
C: ConstraintEditor-2007: [C:/Users/yangl/Documents/IC_competition/arm/M1_PGL22G_RTOS/PDS_project/pnr/device_map/m1_soc_top.pcf] Port spi0_clk lack of slew, output port and inout port had better set slew value, the default value is SLOW.
Executing : def_port spi0_clk -LOC C9 -IOSTANDARD LVCMOS33 -VCCIO 3.3 -BUS_KEEPER NONE -DRIVE 4 successfully.
Executing : def_port spi0_cs -LOC B8 -IOSTANDARD LVCMOS33 -VCCIO 3.3 -BUS_KEEPER PULLUP -DRIVE 4
C: ConstraintEditor-2007: [C:/Users/yangl/Documents/IC_competition/arm/M1_PGL22G_RTOS/PDS_project/pnr/device_map/m1_soc_top.pcf] Port spi0_cs lack of slew, output port and inout port had better set slew value, the default value is SLOW.
Executing : def_port spi0_cs -LOC B8 -IOSTANDARD LVCMOS33 -VCCIO 3.3 -BUS_KEEPER PULLUP -DRIVE 4 successfully.
Executing : def_port spi0_mosi -LOC B4 -IOSTANDARD LVCMOS33 -VCCIO 3.3 -BUS_KEEPER PULLUP -DRIVE 4
C: ConstraintEditor-2007: [C:/Users/yangl/Documents/IC_competition/arm/M1_PGL22G_RTOS/PDS_project/pnr/device_map/m1_soc_top.pcf] Port spi0_mosi lack of slew, output port and inout port had better set slew value, the default value is SLOW.
Executing : def_port spi0_mosi -LOC B4 -IOSTANDARD LVCMOS33 -VCCIO 3.3 -BUS_KEEPER PULLUP -DRIVE 4 successfully.
Executing : def_port spi1_clk -LOC V13 -IOSTANDARD LVCMOS33 -VCCIO 3.3 -BUS_KEEPER NONE -DRIVE 4
C: ConstraintEditor-2007: [C:/Users/yangl/Documents/IC_competition/arm/M1_PGL22G_RTOS/PDS_project/pnr/device_map/m1_soc_top.pcf] Port spi1_clk lack of slew, output port and inout port had better set slew value, the default value is SLOW.
Executing : def_port spi1_clk -LOC V13 -IOSTANDARD LVCMOS33 -VCCIO 3.3 -BUS_KEEPER NONE -DRIVE 4 successfully.
Executing : def_port spi1_cs -LOC V14 -IOSTANDARD LVCMOS33 -VCCIO 3.3 -BUS_KEEPER PULLUP -DRIVE 4
C: ConstraintEditor-2007: [C:/Users/yangl/Documents/IC_competition/arm/M1_PGL22G_RTOS/PDS_project/pnr/device_map/m1_soc_top.pcf] Port spi1_cs lack of slew, output port and inout port had better set slew value, the default value is SLOW.
Executing : def_port spi1_cs -LOC V14 -IOSTANDARD LVCMOS33 -VCCIO 3.3 -BUS_KEEPER PULLUP -DRIVE 4 successfully.
Executing : def_port spi1_mosi -LOC U14 -IOSTANDARD LVCMOS33 -VCCIO 3.3 -BUS_KEEPER PULLUP -DRIVE 4
C: ConstraintEditor-2007: [C:/Users/yangl/Documents/IC_competition/arm/M1_PGL22G_RTOS/PDS_project/pnr/device_map/m1_soc_top.pcf] Port spi1_mosi lack of slew, output port and inout port had better set slew value, the default value is SLOW.
Executing : def_port spi1_mosi -LOC U14 -IOSTANDARD LVCMOS33 -VCCIO 3.3 -BUS_KEEPER PULLUP -DRIVE 4 successfully.
Executing : def_port RX -LOC A12 -IOSTANDARD LVCMOS33 -VCCIO 3.3 -BUS_KEEPER PULLUP
C: ConstraintEditor-2002: [C:/Users/yangl/Documents/IC_competition/arm/M1_PGL22G_RTOS/PDS_project/pnr/device_map/m1_soc_top.pcf(line number: 75)] | Port RX has been placed at location A12, whose type is share pin.
Executing : def_port RX -LOC A12 -IOSTANDARD LVCMOS33 -VCCIO 3.3 -BUS_KEEPER PULLUP successfully.
Executing : def_port ex_clk_50m -LOC B5 -IOSTANDARD LVCMOS33 -VCCIO 3.3 -HYS_DRIVE_MODE NOHYS -BUS_KEEPER PULLUP
Executing : def_port ex_clk_50m -LOC B5 -IOSTANDARD LVCMOS33 -VCCIO 3.3 -HYS_DRIVE_MODE NOHYS -BUS_KEEPER PULLUP successfully.
Executing : def_port gpio_in0 -LOC P17 -IOSTANDARD LVCMOS33 -VCCIO 3.3 -BUS_KEEPER NONE
Executing : def_port gpio_in0 -LOC P17 -IOSTANDARD LVCMOS33 -VCCIO 3.3 -BUS_KEEPER NONE successfully.
Executing : def_port gpio_in1 -LOC L12 -IOSTANDARD LVCMOS33 -VCCIO 3.3 -BUS_KEEPER NONE
Executing : def_port gpio_in1 -LOC L12 -IOSTANDARD LVCMOS33 -VCCIO 3.3 -BUS_KEEPER NONE successfully.
Executing : def_port pad_loop_in -LOC P7 -IOSTANDARD SSTL15_I -VCCIO 1.5 -BUS_KEEPER UNUSED -VREF_MODE IN -VREF_MODE_VALUE 0.5 -DDR_TERM_MODE ON
Executing : def_port pad_loop_in -LOC P7 -IOSTANDARD SSTL15_I -VCCIO 1.5 -BUS_KEEPER UNUSED -VREF_MODE IN -VREF_MODE_VALUE 0.5 -DDR_TERM_MODE ON successfully.
Executing : def_port pad_loop_in_h -LOC V4 -IOSTANDARD SSTL15_I -VCCIO 1.5 -BUS_KEEPER UNUSED -VREF_MODE IN -VREF_MODE_VALUE 0.5 -DDR_TERM_MODE ON
Executing : def_port pad_loop_in_h -LOC V4 -IOSTANDARD SSTL15_I -VCCIO 1.5 -BUS_KEEPER UNUSED -VREF_MODE IN -VREF_MODE_VALUE 0.5 -DDR_TERM_MODE ON successfully.
Executing : def_port phy_rx_dv -LOC L16 -IOSTANDARD LVCMOS33 -VCCIO 3.3 -HYS_DRIVE_MODE NOHYS -BUS_KEEPER PULLUP
Executing : def_port phy_rx_dv -LOC L16 -IOSTANDARD LVCMOS33 -VCCIO 3.3 -HYS_DRIVE_MODE NOHYS -BUS_KEEPER PULLUP successfully.
Executing : def_port phy_rxd0 -LOC M16 -IOSTANDARD LVCMOS33 -VCCIO 3.3 -HYS_DRIVE_MODE NOHYS -BUS_KEEPER PULLUP
Executing : def_port phy_rxd0 -LOC M16 -IOSTANDARD LVCMOS33 -VCCIO 3.3 -HYS_DRIVE_MODE NOHYS -BUS_KEEPER PULLUP successfully.
Executing : def_port phy_rxd1 -LOC M18 -IOSTANDARD LVCMOS33 -VCCIO 3.3 -HYS_DRIVE_MODE NOHYS -BUS_KEEPER PULLUP
Executing : def_port phy_rxd1 -LOC M18 -IOSTANDARD LVCMOS33 -VCCIO 3.3 -HYS_DRIVE_MODE NOHYS -BUS_KEEPER PULLUP successfully.
Executing : def_port phy_rxd2 -LOC K18 -IOSTANDARD LVCMOS33 -VCCIO 3.3 -HYS_DRIVE_MODE NOHYS -BUS_KEEPER PULLUP
Executing : def_port phy_rxd2 -LOC K18 -IOSTANDARD LVCMOS33 -VCCIO 3.3 -HYS_DRIVE_MODE NOHYS -BUS_KEEPER PULLUP successfully.
Executing : def_port phy_rxd3 -LOC K17 -IOSTANDARD LVCMOS33 -VCCIO 3.3 -HYS_DRIVE_MODE NOHYS -BUS_KEEPER PULLUP
Executing : def_port phy_rxd3 -LOC K17 -IOSTANDARD LVCMOS33 -VCCIO 3.3 -HYS_DRIVE_MODE NOHYS -BUS_KEEPER PULLUP successfully.
Executing : def_port rst_key -LOC V12 -IOSTANDARD LVCMOS33 -VCCIO 3.3 -HYS_DRIVE_MODE NOHYS -BUS_KEEPER PULLUP
Executing : def_port rst_key -LOC V12 -IOSTANDARD LVCMOS33 -VCCIO 3.3 -HYS_DRIVE_MODE NOHYS -BUS_KEEPER PULLUP successfully.
Executing : def_port rx_clki -LOC H18 -IOSTANDARD LVCMOS33 -VCCIO 3.3 -HYS_DRIVE_MODE NOHYS -BUS_KEEPER PULLUP
Executing : def_port rx_clki -LOC H18 -IOSTANDARD LVCMOS33 -VCCIO 3.3 -HYS_DRIVE_MODE NOHYS -BUS_KEEPER PULLUP successfully.
Executing : def_port spi0_miso -LOC A4 -IOSTANDARD LVCMOS33 -VCCIO 3.3 -BUS_KEEPER PULLUP
C: ConstraintEditor-2002: [C:/Users/yangl/Documents/IC_competition/arm/M1_PGL22G_RTOS/PDS_project/pnr/device_map/m1_soc_top.pcf(line number: 88)] | Port spi0_miso has been placed at location A4, whose type is share pin.
Executing : def_port spi0_miso -LOC A4 -IOSTANDARD LVCMOS33 -VCCIO 3.3 -BUS_KEEPER PULLUP successfully.
Executing : def_port spi1_miso -LOC U13 -IOSTANDARD LVCMOS33 -VCCIO 3.3 -BUS_KEEPER PULLUP
Executing : def_port spi1_miso -LOC U13 -IOSTANDARD LVCMOS33 -VCCIO 3.3 -BUS_KEEPER PULLUP successfully.
Executing : def_inst_site u_DDR3/u_pll_50_400/u_pll_e1/goppll PLL_82_71
Executing : def_inst_site u_DDR3/u_pll_50_400/u_pll_e1/goppll PLL_82_71 successfully.
Executing : apply_constraint -f C:/Users/yangl/Documents/IC_competition/arm/M1_PGL22G_RTOS/PDS_project/pnr/device_map/m1_soc_top.pcf successfully.

Placement started.
Mapping instance u_DDR3/u_ipsl_hmic_h_phy_top/u_phy_io/u_gtp_ddrphy/gateop_DDRC to HMEMC_16_1.
Mapping instance u_DDR3/u_ipsl_hmic_h_phy_top/u_phy_io/dqs2_dut/opit_0 to DQSL_6_96.
Mapping instance u_DDR3/u_ipsl_hmic_h_phy_top/u_phy_io/dqs0_dut/opit_0 to DQSL_6_24.
Mapping instance u_DDR3/u_ipsl_hmic_h_phy_top/u_phy_io/dll_hmemc_dut/gopdll to DLL_7_59.
Mapping instance u_DDR3/u_ipsl_hmic_h_phy_top/u_phy_io/dqs1_dut/opit_0 to DQSL_6_52.
Mapping instance u_DDR3/u_ipsl_hmic_h_phy_top/u_phy_io/dqs3_dut/opit_0 to DQSL_6_148.
Mapping instance u_DDR3/u_ipsl_hmic_h_phy_top/u_phy_io/dqs4_dut/opit_0 to DQSL_6_176.
Mapping instance u_DDR3/u_ipsl_hmic_h_phy_top/u_phy_io/ioclkdiv_dut/gopclkdiv to IOCKDIV_6_64.
Mapping instance u_GTP_IOCLKDELAY/opit_0 to IOCKDLY_150_185.
Mapping instance u_DDR3/u_ipsl_hmic_h_phy_top/u_phy_io/ioclkbuf01_dut/gopclkgate to IOCKGATE_6_56.
Mapping instance u_DDR3/u_ipsl_hmic_h_phy_top/u_phy_io/ioclkbuf02_dut/gopclkgate to IOCKGATE_6_181.
Mapping instance clkbufg_2/gopclkbufg to USCM_74_104.
Mapping instance u_GTP_CLKBUFG/gopclkbufg to USCM_74_105.
Mapping instance clkbufg_1/gopclkbufg to USCM_74_106.
Mapping instance clkbufg_0/gopclkbufg to USCM_74_107.
Pre global placement takes 17.48 sec.
Run super clustering :
	Initial slack -5592.
	9 iterations finished.
	Final slack -1021.
Super clustering done.
Design Utilization : 44%.
Global placement takes 15.09 sec.
Wirelength after global placement is 96636.
Placed fixed group with base inst LED_obuf[0]/opit_1 on IOL_151_114.
Placed fixed group with base inst LED_obuf[1]/opit_1 on IOL_151_113.
Placed fixed group with base inst LED_obuf[2]/opit_1 on IOL_151_102.
Placed fixed group with base inst LED_obuf[3]/opit_1 on IOL_151_101.
Placed fixed group with base inst RX_ibuf/opit_1 on IOL_151_333.
Placed fixed group with base inst TX_obuf/opit_1 on IOL_151_361.
Placed fixed instance clkbufg_0/gopclkbufg on USCM_74_107.
Placed fixed instance clkbufg_1/gopclkbufg on USCM_74_106.
Placed fixed instance clkbufg_2/gopclkbufg on USCM_74_104.
Placed fixed group with base inst ex_clk_50m_ibuf/opit_1 on IOL_7_298.
Placed fixed group with base inst gpio_in0_ibuf/opit_1 on IOL_151_46.
Placed fixed group with base inst gpio_in1_ibuf/opit_1 on IOL_151_161.
Placed fixed group with base inst i2c0_sck_tri/opit_1 on IOL_151_325.
Placed fixed group with base inst i2c0_sda_tri/opit_1 on IOL_151_326.
Placed fixed group with base inst phy_rst_n_obuf/opit_1 on IOL_151_173.
Placed fixed group with base inst rst_key_ibuf/opit_1 on IOL_151_105.
Placed fixed group with base inst rx_clki_ibuf/opit_1 on IOL_151_198.
Placed fixed group with base inst spi0_clk_obuf/opit_1 on IOL_7_353.
Placed fixed group with base inst spi0_cs_obuf/opit_1 on IOL_7_350.
Placed fixed group with base inst spi0_miso_ibuf/opit_1 on IOL_7_289.
Placed fixed group with base inst spi0_mosi_obuf/opit_1 on IOL_7_290.
Placed fixed group with base inst spi1_clk_obuf/opit_1 on IOL_151_109.
Placed fixed group with base inst spi1_cs_obuf/opit_1 on IOL_151_37.
Placed fixed group with base inst spi1_miso_ibuf/opit_1 on IOL_151_110.
Placed fixed group with base inst spi1_mosi_obuf/opit_1 on IOL_151_38.
Placed fixed instance u_DDR3/u_ipsl_hmic_h_phy_top/u_phy_io/dll_hmemc_dut/gopdll on DLL_7_59.
Placed fixed instance u_DDR3/u_ipsl_hmic_h_phy_top/u_phy_io/dqs0_dut/opit_0 on DQSL_6_24.
Placed fixed instance u_DDR3/u_ipsl_hmic_h_phy_top/u_phy_io/dqs1_dut/opit_0 on DQSL_6_52.
Placed fixed instance u_DDR3/u_ipsl_hmic_h_phy_top/u_phy_io/dqs2_dut/opit_0 on DQSL_6_96.
Placed fixed instance u_DDR3/u_ipsl_hmic_h_phy_top/u_phy_io/dqs3_dut/opit_0 on DQSL_6_148.
Placed fixed instance u_DDR3/u_ipsl_hmic_h_phy_top/u_phy_io/dqs4_dut/opit_0 on DQSL_6_176.
Placed fixed group with base inst u_DDR3/u_ipsl_hmic_h_phy_top/u_phy_io/genblk2.iob_08_09_dut/opit_2_O on IOL_7_22.
Placed fixed group with base inst u_DDR3/u_ipsl_hmic_h_phy_top/u_phy_io/genblk3.iob_30_31_dut/opit_2_O on IOL_7_102.
Placed fixed group with base inst u_DDR3/u_ipsl_hmic_h_phy_top/u_phy_io/iob_00_dut/opit_0_iol on IOL_7_5.
Placed fixed group with base inst u_DDR3/u_ipsl_hmic_h_phy_top/u_phy_io/iob_01_dut/opit_1 on IOL_7_6.
Placed fixed group with base inst u_DDR3/u_ipsl_hmic_h_phy_top/u_phy_io/iob_02_dut/opit_1_IOL on IOL_7_9.
Placed fixed group with base inst u_DDR3/u_ipsl_hmic_h_phy_top/u_phy_io/iob_16_17_dut/opit_3_IOL on IOL_7_46.
Placed fixed group with base inst u_DDR3/u_ipsl_hmic_h_phy_top/u_phy_io/iob_18_dut/opit_1_IOL on IOL_7_49.
Placed fixed group with base inst u_DDR3/u_ipsl_hmic_h_phy_top/u_phy_io/iob_19_dut/opit_1_IOL on IOL_7_50.
Placed fixed group with base inst u_DDR3/u_ipsl_hmic_h_phy_top/u_phy_io/iob_20_dut/opit_1_IOL on IOL_7_73.
Placed fixed group with base inst u_DDR3/u_ipsl_hmic_h_phy_top/u_phy_io/iob_21_dut/opit_1_IOL on IOL_7_74.
Placed fixed group with base inst u_DDR3/u_ipsl_hmic_h_phy_top/u_phy_io/iob_22_dut/opit_1_IOL on IOL_7_77.
Placed fixed group with base inst u_DDR3/u_ipsl_hmic_h_phy_top/u_phy_io/iob_23_dut/opit_1_IOL on IOL_7_78.
Placed fixed group with base inst u_DDR3/u_ipsl_hmic_h_phy_top/u_phy_io/iob_24_dut/opit_1_IOL on IOL_7_81.
Placed fixed group with base inst u_DDR3/u_ipsl_hmic_h_phy_top/u_phy_io/iob_25_dut/opit_1_IOL on IOL_7_82.
Placed fixed group with base inst u_DDR3/u_ipsl_hmic_h_phy_top/u_phy_io/iob_37_dut/opit_1_IOL on IOL_7_114.
Placed fixed group with base inst u_DDR3/u_ipsl_hmic_h_phy_top/u_phy_io/iob_38_dut/opit_0_iol on IOL_7_117.
Placed fixed group with base inst u_DDR3/u_ipsl_hmic_h_phy_top/u_phy_io/iob_39_dut/opit_1 on IOL_7_118.
Placed fixed group with base inst u_DDR3/u_ipsl_hmic_h_phy_top/u_phy_io/iob_40_dut/opit_1_IOL on IOL_7_129.
Placed fixed group with base inst u_DDR3/u_ipsl_hmic_h_phy_top/u_phy_io/iob_41_dut/opit_1_IOL on IOL_7_130.
Placed fixed group with base inst u_DDR3/u_ipsl_hmic_h_phy_top/u_phy_io/iob_42_dut/opit_1_IOL on IOL_7_133.
Placed fixed group with base inst u_DDR3/u_ipsl_hmic_h_phy_top/u_phy_io/iob_43_dut/opit_1_IOL on IOL_7_134.
Placed fixed group with base inst u_DDR3/u_ipsl_hmic_h_phy_top/u_phy_io/iob_44_dut/opit_1_IOL on IOL_7_137.
Placed fixed group with base inst u_DDR3/u_ipsl_hmic_h_phy_top/u_phy_io/iob_45_dut/opit_1_IOL on IOL_7_138.
Placed fixed group with base inst u_DDR3/u_ipsl_hmic_h_phy_top/u_phy_io/iob_46_dut/opit_1_IOL on IOL_7_141.
Placed fixed group with base inst u_DDR3/u_ipsl_hmic_h_phy_top/u_phy_io/iob_47_dut/opit_1_IOL on IOL_7_142.
Placed fixed group with base inst u_DDR3/u_ipsl_hmic_h_phy_top/u_phy_io/iob_48_dut/opit_1_IOL on IOL_7_145.
Placed fixed group with base inst u_DDR3/u_ipsl_hmic_h_phy_top/u_phy_io/iob_49_dut/opit_1_IOL on IOL_7_146.
Placed fixed group with base inst u_DDR3/u_ipsl_hmic_h_phy_top/u_phy_io/iob_50_dut/opit_1 on IOL_7_157.
Placed fixed group with base inst u_DDR3/u_ipsl_hmic_h_phy_top/u_phy_io/iob_51_dut/opit_1_IOL on IOL_7_158.
Placed fixed group with base inst u_DDR3/u_ipsl_hmic_h_phy_top/u_phy_io/iob_52_dut/opit_1_IOL on IOL_7_161.
Placed fixed group with base inst u_DDR3/u_ipsl_hmic_h_phy_top/u_phy_io/iob_55_dut/opit_1_IOL on IOL_7_166.
Placed fixed group with base inst u_DDR3/u_ipsl_hmic_h_phy_top/u_phy_io/iob_56_dut/opit_1_IOL on IOL_7_169.
Placed fixed group with base inst u_DDR3/u_ipsl_hmic_h_phy_top/u_phy_io/iob_57_dut/opit_1_IOL on IOL_7_170.
Placed fixed group with base inst u_DDR3/u_ipsl_hmic_h_phy_top/u_phy_io/iob_58_dut/opit_1_IOL on IOL_7_173.
Placed fixed group with base inst u_DDR3/u_ipsl_hmic_h_phy_top/u_phy_io/iob_59_dut/opit_1_IOL on IOL_7_174.
Placed fixed instance u_DDR3/u_ipsl_hmic_h_phy_top/u_phy_io/ioclkbuf01_dut/gopclkgate on IOCKGATE_6_56.
Placed fixed instance u_DDR3/u_ipsl_hmic_h_phy_top/u_phy_io/ioclkbuf02_dut/gopclkgate on IOCKGATE_6_181.
Placed fixed instance u_DDR3/u_ipsl_hmic_h_phy_top/u_phy_io/ioclkdiv_dut/gopclkdiv on IOCKDIV_6_64.
Placed fixed group with base inst u_DDR3/u_ipsl_hmic_h_phy_top/u_phy_io/iol_iddr3_dut/gateop_inv_IO on IOL_7_10.
Placed fixed group with base inst u_DDR3/u_ipsl_hmic_h_phy_top/u_phy_io/iol_iddr4_dut/gateop_inv_IO on IOL_7_13.
Placed fixed group with base inst u_DDR3/u_ipsl_hmic_h_phy_top/u_phy_io/iol_iddr5_dut/gateop_inv_IO on IOL_7_14.
Placed fixed group with base inst u_DDR3/u_ipsl_hmic_h_phy_top/u_phy_io/iol_iddr6_dut/gateop_inv_IO on IOL_7_17.
Placed fixed group with base inst u_DDR3/u_ipsl_hmic_h_phy_top/u_phy_io/iol_iddr7_dut/gateop_inv_IO on IOL_7_18.
Placed fixed group with base inst u_DDR3/u_ipsl_hmic_h_phy_top/u_phy_io/iol_iddr10_dut/gateop_inv_IO on IOL_7_33.
Placed fixed group with base inst u_DDR3/u_ipsl_hmic_h_phy_top/u_phy_io/iol_iddr11_dut/gateop_inv_IO on IOL_7_34.
Placed fixed group with base inst u_DDR3/u_ipsl_hmic_h_phy_top/u_phy_io/iol_iddr12_dut/gateop_inv_IO on IOL_7_37.
Placed fixed group with base inst u_DDR3/u_ipsl_hmic_h_phy_top/u_phy_io/iol_iddr27_dut/gateop_inv_IO on IOL_7_86.
Placed fixed group with base inst u_DDR3/u_ipsl_hmic_h_phy_top/u_phy_io/iol_iddr28_dut/gateop_inv_IO on IOL_7_89.
Placed fixed group with base inst u_DDR3/u_ipsl_hmic_h_phy_top/u_phy_io/iol_iddr29_dut/gateop_inv_IO on IOL_7_90.
Placed fixed group with base inst u_DDR3/u_ipsl_hmic_h_phy_top/u_phy_io/iol_iddr32_dut/gateop_inv_IO on IOL_7_105.
Placed fixed group with base inst u_DDR3/u_ipsl_hmic_h_phy_top/u_phy_io/iol_iddr33_dut/gateop_inv_IO on IOL_7_106.
Placed fixed group with base inst u_DDR3/u_ipsl_hmic_h_phy_top/u_phy_io/iol_iddr34_dut/gateop_inv_IO on IOL_7_109.
Placed fixed group with base inst u_DDR3/u_ipsl_hmic_h_phy_top/u_phy_io/iol_iddr35_dut/gateop_inv_IO on IOL_7_110.
Placed fixed group with base inst u_DDR3/u_ipsl_hmic_h_phy_top/u_phy_io/iol_iddr36_dut/gateop_inv_IO on IOL_7_113.
Placed fixed instance u_DDR3/u_ipsl_hmic_h_phy_top/u_phy_io/u_gtp_ddrphy/gateop_DDRC on HMEMC_16_1.
Placed fixed instance u_DDR3/u_pll_50_400/u_pll_e1/goppll on PLL_82_71.
Placed fixed instance u_GTP_CLKBUFG/gopclkbufg on USCM_74_105.
Placed fixed instance u_GTP_IOCLKDELAY/opit_0 on IOCKDLY_150_185.
Placed fixed group with base inst u_GTP_OUTBUFT/opit_1_IOL on IOL_151_197.
Placed fixed group with base inst u_tsmac_phy/U_pgs_tsmac_rgmii_gmii_convert_v1_0/U_pgs_tsmac_gmii_to_rgmii_v1_0/gtp_outbuft1/opit_1_IOL on IOL_151_214.
Placed fixed group with base inst u_tsmac_phy/U_pgs_tsmac_rgmii_gmii_convert_v1_0/U_pgs_tsmac_gmii_to_rgmii_v1_0/gtp_outbuft2/opit_1_IOL on IOL_151_229.
Placed fixed group with base inst u_tsmac_phy/U_pgs_tsmac_rgmii_gmii_convert_v1_0/U_pgs_tsmac_gmii_to_rgmii_v1_0/gtp_outbuft3/opit_1_IOL on IOL_151_237.
Placed fixed group with base inst u_tsmac_phy/U_pgs_tsmac_rgmii_gmii_convert_v1_0/U_pgs_tsmac_gmii_to_rgmii_v1_0/gtp_outbuft4/opit_1_IOL on IOL_151_238.
Placed fixed group with base inst u_tsmac_phy/U_pgs_tsmac_rgmii_gmii_convert_v1_0/U_pgs_tsmac_gmii_to_rgmii_v1_0/gtp_outbuft5/opit_1_IOL on IOL_151_213.
Placed fixed group with base inst u_tsmac_phy/U_pgs_tsmac_rgmii_gmii_convert_v1_0/U_pgs_tsmac_rgmii_to_gmii_v1_0/igddr1/gateigddr_IOL on IOL_151_157.
Placed fixed group with base inst u_tsmac_phy/U_pgs_tsmac_rgmii_gmii_convert_v1_0/U_pgs_tsmac_rgmii_to_gmii_v1_0/igddr2/gateigddr_IOL on IOL_151_142.
Placed fixed group with base inst u_tsmac_phy/U_pgs_tsmac_rgmii_gmii_convert_v1_0/U_pgs_tsmac_rgmii_to_gmii_v1_0/igddr3/gateigddr_IOL on IOL_151_170.
Placed fixed group with base inst u_tsmac_phy/U_pgs_tsmac_rgmii_gmii_convert_v1_0/U_pgs_tsmac_rgmii_to_gmii_v1_0/igddr4/gateigddr_IOL on IOL_151_169.
Placed fixed group with base inst u_tsmac_phy/U_pgs_tsmac_rgmii_gmii_convert_v1_0/U_pgs_tsmac_rgmii_to_gmii_v1_0/igddr5/gateigddr_IOL on IOL_151_158.
Placed fixed instance BKCL_auto_0 on BKCL_2_268.
Placed fixed instance BKCL_auto_1 on BKCL_2_144.
Placed fixed instance BKCL_auto_2 on BKCL_2_20.
Placed fixed instance BKCL_auto_3 on BKCL_154_268.
Placed fixed instance BKCL_auto_4 on BKCL_154_144.
Placed fixed instance BKCL_auto_5 on BKCL_154_20.
Placed instance u_DDR3/u_ipsl_hmic_h_phy_top/u_phy_io/dll_hmemc_dut/gopdll(gopDLL) on DLL_7_59, and placed u_DDR3/u_ipsl_hmic_h_phy_top/u_phy_io/dqs0_dut/opit_0(gopDQS_DDC) on DQSL_6_24.
Placed instance u_DDR3/u_ipsl_hmic_h_phy_top/u_phy_io/dll_hmemc_dut/gopdll(gopDLL) on DLL_7_59, and placed u_DDR3/u_ipsl_hmic_h_phy_top/u_phy_io/dqs1_dut/opit_0(gopDQS_DDC) on DQSL_6_52.
Placed instance u_DDR3/u_ipsl_hmic_h_phy_top/u_phy_io/dll_hmemc_dut/gopdll(gopDLL) on DLL_7_59, and placed u_DDR3/u_ipsl_hmic_h_phy_top/u_phy_io/dqs2_dut/opit_0(gopDQS_DDC) on DQSL_6_96.
Placed instance u_DDR3/u_ipsl_hmic_h_phy_top/u_phy_io/dll_hmemc_dut/gopdll(gopDLL) on DLL_7_59, and placed u_DDR3/u_ipsl_hmic_h_phy_top/u_phy_io/dqs3_dut/opit_0(gopDQS_DDC) on DQSL_6_148.
Placed instance u_DDR3/u_ipsl_hmic_h_phy_top/u_phy_io/dll_hmemc_dut/gopdll(gopDLL) on DLL_7_59, and placed u_DDR3/u_ipsl_hmic_h_phy_top/u_phy_io/dqs4_dut/opit_0(gopDQS_DDC) on DQSL_6_176.
Forbidden IOL_7_38.
Forbidden IOL_7_41.
Forbidden IOL_7_42.
Forbidden IOL_7_85.
Forbidden IOL_7_162.
Forbidden IOL_7_165.
Wirelength after Macro cell placement is 101985.
Macro cell placement takes 0.19 sec.
Run super clustering :
	Initial slack -5592.
	9 iterations finished.
	Final slack -1021.
Super clustering done.
Design Utilization : 44%.
Wirelength after post global placement is 101392.
Post global placement takes 16.34 sec.
Wirelength after legalization is 105796.
Legalization takes 2.41 sec.
Worst slack before Replication Place is -600.
Wirelength after replication placement is 105796.
Legalized cost -600.000000.
The detailed placement ends at 11th iteration.
Wirelength after detailed placement is 112256.
Timing-driven detailed placement takes 90.34 sec.
Placement done.
Total placement takes 143.20 sec.
Finished placement. (CPU time elapsed 0h:02m:29s)

Routing started.
Building routing graph takes 1.52 sec.
Worst slack is 1018.
Processing design graph takes 1.28 sec.
Total memory for routing:
	53.559441 M.
Total nets for routing : 12293.
Rcf routing step 1 processed 0 nets, it takes 0.00 sec.
Rcf routing step 2 processed 0 nets, it takes 0.00 sec.
Rcf routing step 3 processed 0 nets, it takes 0.00 sec.
Unrouted nets 0 at the end of iteration 0.
Global Routing step 1 processed 101 nets, it takes 0.03 sec.
Unrouted nets 212 at the end of iteration 0.
Unrouted nets 168 at the end of iteration 1.
Unrouted nets 137 at the end of iteration 2.
Unrouted nets 96 at the end of iteration 3.
Unrouted nets 73 at the end of iteration 4.
Unrouted nets 58 at the end of iteration 5.
Unrouted nets 47 at the end of iteration 6.
Unrouted nets 32 at the end of iteration 7.
Unrouted nets 24 at the end of iteration 8.
Unrouted nets 19 at the end of iteration 9.
Unrouted nets 11 at the end of iteration 10.
Unrouted nets 9 at the end of iteration 11.
Unrouted nets 6 at the end of iteration 12.
Unrouted nets 4 at the end of iteration 13.
Unrouted nets 2 at the end of iteration 14.
Unrouted nets 2 at the end of iteration 15.
Unrouted nets 2 at the end of iteration 16.
Unrouted nets 2 at the end of iteration 17.
Unrouted nets 2 at the end of iteration 18.
Unrouted nets 2 at the end of iteration 19.
Unrouted nets 2 at the end of iteration 20.
Unrouted nets 2 at the end of iteration 21.
Unrouted nets 2 at the end of iteration 22.
Unrouted nets 2 at the end of iteration 23.
Unrouted nets 2 at the end of iteration 24.
Unrouted nets 1 at the end of iteration 25.
Unrouted nets 0 at the end of iteration 26.
Global Routing step 2 processed 539 nets, it takes 1.44 sec.
Unrouted nets 261 at the end of iteration 0.
Unrouted nets 170 at the end of iteration 1.
Unrouted nets 127 at the end of iteration 2.
Unrouted nets 79 at the end of iteration 3.
Unrouted nets 91 at the end of iteration 4.
Unrouted nets 55 at the end of iteration 5.
Unrouted nets 45 at the end of iteration 6.
Unrouted nets 23 at the end of iteration 7.
Unrouted nets 14 at the end of iteration 8.
Unrouted nets 6 at the end of iteration 9.
Unrouted nets 11 at the end of iteration 10.
Unrouted nets 4 at the end of iteration 11.
Unrouted nets 5 at the end of iteration 12.
Unrouted nets 3 at the end of iteration 13.
Unrouted nets 2 at the end of iteration 14.
Unrouted nets 0 at the end of iteration 15.
Global Routing step 3 processed 783 nets, it takes 5.39 sec.
Global routing takes 6.86 sec.
Total 14803 subnets.
    forward max bucket size 1663 , backward 594.
        Unrouted nets 10544 at the end of iteration 0.
    route iteration 0, CPU time elapsed 4.703125 sec.
    forward max bucket size 1816 , backward 674.
        Unrouted nets 9444 at the end of iteration 1.
    route iteration 1, CPU time elapsed 4.671875 sec.
    forward max bucket size 1777 , backward 667.
        Unrouted nets 8284 at the end of iteration 2.
    route iteration 2, CPU time elapsed 4.750000 sec.
    forward max bucket size 2091 , backward 1015.
        Unrouted nets 7291 at the end of iteration 3.
    route iteration 3, CPU time elapsed 4.703125 sec.
    forward max bucket size 2038 , backward 736.
        Unrouted nets 6535 at the end of iteration 4.
    route iteration 4, CPU time elapsed 4.328125 sec.
    forward max bucket size 3744 , backward 915.
        Unrouted nets 5930 at the end of iteration 5.
    route iteration 5, CPU time elapsed 4.406250 sec.
    forward max bucket size 2939 , backward 659.
        Unrouted nets 5234 at the end of iteration 6.
    route iteration 6, CPU time elapsed 3.468750 sec.
    forward max bucket size 2810 , backward 671.
        Unrouted nets 4569 at the end of iteration 7.
    route iteration 7, CPU time elapsed 3.328125 sec.
    forward max bucket size 2857 , backward 598.
        Unrouted nets 3943 at the end of iteration 8.
    route iteration 8, CPU time elapsed 2.984375 sec.
    forward max bucket size 3627 , backward 561.
        Unrouted nets 3408 at the end of iteration 9.
    route iteration 9, CPU time elapsed 2.703125 sec.
    forward max bucket size 3691 , backward 1088.
        Unrouted nets 3024 at the end of iteration 10.
    route iteration 10, CPU time elapsed 2.500000 sec.
    forward max bucket size 3395 , backward 758.
        Unrouted nets 2697 at the end of iteration 11.
    route iteration 11, CPU time elapsed 2.437500 sec.
    forward max bucket size 2841 , backward 680.
        Unrouted nets 2374 at the end of iteration 12.
    route iteration 12, CPU time elapsed 2.171875 sec.
    forward max bucket size 3228 , backward 601.
        Unrouted nets 2057 at the end of iteration 13.
    route iteration 13, CPU time elapsed 2.062500 sec.
    forward max bucket size 2886 , backward 665.
        Unrouted nets 1839 at the end of iteration 14.
    route iteration 14, CPU time elapsed 1.781250 sec.
    forward max bucket size 3093 , backward 621.
        Unrouted nets 1653 at the end of iteration 15.
    route iteration 15, CPU time elapsed 1.734375 sec.
    forward max bucket size 3342 , backward 570.
        Unrouted nets 1509 at the end of iteration 16.
    route iteration 16, CPU time elapsed 1.671875 sec.
    forward max bucket size 3005 , backward 567.
        Unrouted nets 1440 at the end of iteration 17.
    route iteration 17, CPU time elapsed 1.546875 sec.
    forward max bucket size 3845 , backward 619.
        Unrouted nets 1337 at the end of iteration 18.
    route iteration 18, CPU time elapsed 1.453125 sec.
    forward max bucket size 2587 , backward 724.
        Unrouted nets 1202 at the end of iteration 19.
    route iteration 19, CPU time elapsed 1.390625 sec.
    forward max bucket size 2979 , backward 802.
        Unrouted nets 1115 at the end of iteration 20.
    route iteration 20, CPU time elapsed 1.250000 sec.
    forward max bucket size 2234 , backward 510.
        Unrouted nets 991 at the end of iteration 21.
    route iteration 21, CPU time elapsed 1.093750 sec.
    forward max bucket size 3244 , backward 877.
        Unrouted nets 943 at the end of iteration 22.
    route iteration 22, CPU time elapsed 1.218750 sec.
    forward max bucket size 3701 , backward 746.
        Unrouted nets 864 at the end of iteration 23.
    route iteration 23, CPU time elapsed 1.218750 sec.
    forward max bucket size 2662 , backward 496.
        Unrouted nets 777 at the end of iteration 24.
    route iteration 24, CPU time elapsed 0.953125 sec.
    forward max bucket size 2158 , backward 409.
        Unrouted nets 775 at the end of iteration 25.
    route iteration 25, CPU time elapsed 0.875000 sec.
    forward max bucket size 2142 , backward 523.
        Unrouted nets 720 at the end of iteration 26.
    route iteration 26, CPU time elapsed 0.859375 sec.
    forward max bucket size 1890 , backward 572.
        Unrouted nets 609 at the end of iteration 27.
    route iteration 27, CPU time elapsed 0.781250 sec.
    forward max bucket size 3188 , backward 717.
        Unrouted nets 544 at the end of iteration 28.
    route iteration 28, CPU time elapsed 0.750000 sec.
    forward max bucket size 5223 , backward 447.
        Unrouted nets 475 at the end of iteration 29.
    route iteration 29, CPU time elapsed 0.625000 sec.
    forward max bucket size 2402 , backward 384.
        Unrouted nets 433 at the end of iteration 30.
    route iteration 30, CPU time elapsed 0.625000 sec.
    forward max bucket size 1878 , backward 367.
        Unrouted nets 442 at the end of iteration 31.
    route iteration 31, CPU time elapsed 0.609375 sec.
    forward max bucket size 2228 , backward 233.
        Unrouted nets 381 at the end of iteration 32.
    route iteration 32, CPU time elapsed 0.546875 sec.
    forward max bucket size 1712 , backward 393.
        Unrouted nets 345 at the end of iteration 33.
    route iteration 33, CPU time elapsed 0.500000 sec.
    forward max bucket size 2345 , backward 567.
        Unrouted nets 322 at the end of iteration 34.
    route iteration 34, CPU time elapsed 0.546875 sec.
    forward max bucket size 2631 , backward 565.
        Unrouted nets 302 at the end of iteration 35.
    route iteration 35, CPU time elapsed 0.468750 sec.
    forward max bucket size 1779 , backward 375.
        Unrouted nets 283 at the end of iteration 36.
    route iteration 36, CPU time elapsed 0.453125 sec.
    forward max bucket size 1888 , backward 347.
        Unrouted nets 295 at the end of iteration 37.
    route iteration 37, CPU time elapsed 0.453125 sec.
    forward max bucket size 1803 , backward 769.
        Unrouted nets 259 at the end of iteration 38.
    route iteration 38, CPU time elapsed 0.421875 sec.
    forward max bucket size 1166 , backward 561.
        Unrouted nets 250 at the end of iteration 39.
    route iteration 39, CPU time elapsed 0.421875 sec.
    forward max bucket size 1772 , backward 474.
        Unrouted nets 236 at the end of iteration 40.
    route iteration 40, CPU time elapsed 0.390625 sec.
    forward max bucket size 2114 , backward 584.
        Unrouted nets 232 at the end of iteration 41.
    route iteration 41, CPU time elapsed 0.390625 sec.
    forward max bucket size 2022 , backward 580.
        Unrouted nets 218 at the end of iteration 42.
    route iteration 42, CPU time elapsed 0.359375 sec.
    forward max bucket size 1585 , backward 586.
        Unrouted nets 193 at the end of iteration 43.
    route iteration 43, CPU time elapsed 0.359375 sec.
    forward max bucket size 2078 , backward 915.
        Unrouted nets 208 at the end of iteration 44.
    route iteration 44, CPU time elapsed 0.343750 sec.
    forward max bucket size 2535 , backward 916.
        Unrouted nets 201 at the end of iteration 45.
    route iteration 45, CPU time elapsed 0.359375 sec.
    forward max bucket size 4052 , backward 969.
        Unrouted nets 215 at the end of iteration 46.
    route iteration 46, CPU time elapsed 0.421875 sec.
    forward max bucket size 2516 , backward 576.
        Unrouted nets 220 at the end of iteration 47.
    route iteration 47, CPU time elapsed 0.468750 sec.
    forward max bucket size 3273 , backward 967.
        Unrouted nets 208 at the end of iteration 48.
    route iteration 48, CPU time elapsed 0.406250 sec.
    forward max bucket size 1343 , backward 503.
        Unrouted nets 187 at the end of iteration 49.
    route iteration 49, CPU time elapsed 0.359375 sec.
    forward max bucket size 1603 , backward 495.
        Unrouted nets 176 at the end of iteration 50.
    route iteration 50, CPU time elapsed 0.359375 sec.
    forward max bucket size 1498 , backward 230.
        Unrouted nets 128 at the end of iteration 51.
    route iteration 51, CPU time elapsed 0.359375 sec.
    forward max bucket size 1038 , backward 340.
        Unrouted nets 116 at the end of iteration 52.
    route iteration 52, CPU time elapsed 0.343750 sec.
    forward max bucket size 941 , backward 287.
        Unrouted nets 114 at the end of iteration 53.
    route iteration 53, CPU time elapsed 0.296875 sec.
    forward max bucket size 927 , backward 693.
        Unrouted nets 146 at the end of iteration 54.
    route iteration 54, CPU time elapsed 0.359375 sec.
    forward max bucket size 945 , backward 217.
        Unrouted nets 139 at the end of iteration 55.
    route iteration 55, CPU time elapsed 0.281250 sec.
    forward max bucket size 433 , backward 328.
        Unrouted nets 118 at the end of iteration 56.
    route iteration 56, CPU time elapsed 0.312500 sec.
    forward max bucket size 752 , backward 327.
        Unrouted nets 124 at the end of iteration 57.
    route iteration 57, CPU time elapsed 0.265625 sec.
    forward max bucket size 646 , backward 336.
        Unrouted nets 103 at the end of iteration 58.
    route iteration 58, CPU time elapsed 0.265625 sec.
    forward max bucket size 549 , backward 411.
        Unrouted nets 102 at the end of iteration 59.
    route iteration 59, CPU time elapsed 0.281250 sec.
    forward max bucket size 609 , backward 454.
        Unrouted nets 104 at the end of iteration 60.
    route iteration 60, CPU time elapsed 0.281250 sec.
    forward max bucket size 566 , backward 322.
        Unrouted nets 102 at the end of iteration 61.
    route iteration 61, CPU time elapsed 0.265625 sec.
    forward max bucket size 261 , backward 460.
        Unrouted nets 101 at the end of iteration 62.
    route iteration 62, CPU time elapsed 0.234375 sec.
    forward max bucket size 298 , backward 220.
        Unrouted nets 84 at the end of iteration 63.
    route iteration 63, CPU time elapsed 0.234375 sec.
    forward max bucket size 425 , backward 178.
        Unrouted nets 80 at the end of iteration 64.
    route iteration 64, CPU time elapsed 0.203125 sec.
    forward max bucket size 2371 , backward 458.
        Unrouted nets 72 at the end of iteration 65.
    route iteration 65, CPU time elapsed 0.234375 sec.
    forward max bucket size 2608 , backward 312.
        Unrouted nets 57 at the end of iteration 66.
    route iteration 66, CPU time elapsed 0.203125 sec.
    forward max bucket size 1706 , backward 156.
        Unrouted nets 38 at the end of iteration 67.
    route iteration 67, CPU time elapsed 0.203125 sec.
    forward max bucket size 1354 , backward 255.
        Unrouted nets 43 at the end of iteration 68.
    route iteration 68, CPU time elapsed 0.218750 sec.
    forward max bucket size 41 , backward 348.
        Unrouted nets 38 at the end of iteration 69.
    route iteration 69, CPU time elapsed 0.203125 sec.
    forward max bucket size 26 , backward 584.
        Unrouted nets 25 at the end of iteration 70.
    route iteration 70, CPU time elapsed 0.187500 sec.
    forward max bucket size 32 , backward 565.
        Unrouted nets 24 at the end of iteration 71.
    route iteration 71, CPU time elapsed 0.187500 sec.
    forward max bucket size 147 , backward 379.
        Unrouted nets 18 at the end of iteration 72.
    route iteration 72, CPU time elapsed 0.187500 sec.
    forward max bucket size 96 , backward 91.
        Unrouted nets 16 at the end of iteration 73.
    route iteration 73, CPU time elapsed 0.203125 sec.
    forward max bucket size 42 , backward 40.
        Unrouted nets 18 at the end of iteration 74.
    route iteration 74, CPU time elapsed 0.187500 sec.
    forward max bucket size 74 , backward 44.
        Unrouted nets 17 at the end of iteration 75.
    route iteration 75, CPU time elapsed 0.171875 sec.
    forward max bucket size 117 , backward 88.
        Unrouted nets 12 at the end of iteration 76.
    route iteration 76, CPU time elapsed 0.171875 sec.
    forward max bucket size 71 , backward 114.
        Unrouted nets 10 at the end of iteration 77.
    route iteration 77, CPU time elapsed 0.187500 sec.
    forward max bucket size 45 , backward 51.
        Unrouted nets 14 at the end of iteration 78.
    route iteration 78, CPU time elapsed 0.171875 sec.
    forward max bucket size 60 , backward 521.
        Unrouted nets 15 at the end of iteration 79.
    route iteration 79, CPU time elapsed 0.140625 sec.
    forward max bucket size 38 , backward 229.
        Unrouted nets 19 at the end of iteration 80.
    route iteration 80, CPU time elapsed 0.187500 sec.
    forward max bucket size 36 , backward 39.
        Unrouted nets 21 at the end of iteration 81.
    route iteration 81, CPU time elapsed 0.171875 sec.
    forward max bucket size 52 , backward 52.
        Unrouted nets 15 at the end of iteration 82.
    route iteration 82, CPU time elapsed 0.156250 sec.
    forward max bucket size 21 , backward 30.
        Unrouted nets 8 at the end of iteration 83.
    route iteration 83, CPU time elapsed 0.171875 sec.
    forward max bucket size 27 , backward 31.
        Unrouted nets 8 at the end of iteration 84.
    route iteration 84, CPU time elapsed 0.171875 sec.
    forward max bucket size 35 , backward 42.
        Unrouted nets 10 at the end of iteration 85.
    route iteration 85, CPU time elapsed 0.171875 sec.
    forward max bucket size 35 , backward 39.
        Unrouted nets 16 at the end of iteration 86.
    route iteration 86, CPU time elapsed 0.171875 sec.
    forward max bucket size 35 , backward 39.
        Unrouted nets 13 at the end of iteration 87.
    route iteration 87, CPU time elapsed 0.156250 sec.
    forward max bucket size 162 , backward 145.
        Unrouted nets 14 at the end of iteration 88.
    route iteration 88, CPU time elapsed 0.187500 sec.
    forward max bucket size 60 , backward 40.
        Unrouted nets 13 at the end of iteration 89.
    route iteration 89, CPU time elapsed 0.171875 sec.
    forward max bucket size 104 , backward 94.
        Unrouted nets 10 at the end of iteration 90.
    route iteration 90, CPU time elapsed 0.171875 sec.
    forward max bucket size 60 , backward 54.
        Unrouted nets 13 at the end of iteration 91.
    route iteration 91, CPU time elapsed 0.171875 sec.
    forward max bucket size 60 , backward 197.
        Unrouted nets 12 at the end of iteration 92.
    route iteration 92, CPU time elapsed 0.187500 sec.
    forward max bucket size 41 , backward 97.
        Unrouted nets 15 at the end of iteration 93.
    route iteration 93, CPU time elapsed 0.156250 sec.
    forward max bucket size 80 , backward 340.
        Unrouted nets 12 at the end of iteration 94.
    route iteration 94, CPU time elapsed 0.171875 sec.
    forward max bucket size 59 , backward 40.
        Unrouted nets 12 at the end of iteration 95.
    route iteration 95, CPU time elapsed 0.171875 sec.
    forward max bucket size 887 , backward 672.
        Unrouted nets 22 at the end of iteration 96.
    route iteration 96, CPU time elapsed 0.171875 sec.
    forward max bucket size 149 , backward 540.
        Unrouted nets 23 at the end of iteration 97.
    route iteration 97, CPU time elapsed 0.187500 sec.
    forward max bucket size 108 , backward 80.
        Unrouted nets 17 at the end of iteration 98.
    route iteration 98, CPU time elapsed 0.187500 sec.
    forward max bucket size 64 , backward 84.
        Unrouted nets 26 at the end of iteration 99.
    route iteration 99, CPU time elapsed 0.171875 sec.
    forward max bucket size 89 , backward 171.
        Unrouted nets 21 at the end of iteration 100.
    route iteration 100, CPU time elapsed 0.218750 sec.
    forward max bucket size 22 , backward 106.
        Unrouted nets 16 at the end of iteration 101.
    route iteration 101, CPU time elapsed 0.140625 sec.
    forward max bucket size 26 , backward 117.
        Unrouted nets 6 at the end of iteration 102.
    route iteration 102, CPU time elapsed 0.156250 sec.
    forward max bucket size 18 , backward 15.
        Unrouted nets 2 at the end of iteration 103.
    route iteration 103, CPU time elapsed 0.171875 sec.
    forward max bucket size 17 , backward 11.
        Unrouted nets 2 at the end of iteration 104.
    route iteration 104, CPU time elapsed 0.171875 sec.
    forward max bucket size 15 , backward 20.
        Unrouted nets 2 at the end of iteration 105.
    route iteration 105, CPU time elapsed 0.156250 sec.
    forward max bucket size 22 , backward 31.
        Unrouted nets 2 at the end of iteration 106.
    route iteration 106, CPU time elapsed 0.156250 sec.
    forward max bucket size 46 , backward 54.
        Unrouted nets 2 at the end of iteration 107.
    route iteration 107, CPU time elapsed 0.171875 sec.
    forward max bucket size 44 , backward 54.
        Unrouted nets 2 at the end of iteration 108.
    route iteration 108, CPU time elapsed 0.156250 sec.
    forward max bucket size 11 , backward 8.
        Unrouted nets 2 at the end of iteration 109.
    route iteration 109, CPU time elapsed 0.171875 sec.
    forward max bucket size 18 , backward 32.
        Unrouted nets 2 at the end of iteration 110.
    route iteration 110, CPU time elapsed 0.156250 sec.
    forward max bucket size 21 , backward 35.
        Unrouted nets 2 at the end of iteration 111.
    route iteration 111, CPU time elapsed 0.156250 sec.
    forward max bucket size 23 , backward 8.
        Unrouted nets 0 at the end of iteration 112.
    route iteration 112, CPU time elapsed 0.156250 sec.
C: Route-2036: The clock path from ex_clk_50m_ibuf/opit_1:OUT to u_DDR3/u_pll_50_400/u_pll_e1/goppll:CLKIN1 is routed by SRB.
Detailed routing takes 93.95 sec.
Fix violation Finished.
Hold Violation Fix in router takes 151.59 sec.

Dispose routing result:
    Collect routing result.
    Delete unused device instances.
    Annotate routing result.
    Change LUT configuration.
    Dispose misc instances.
I: Route-6001: Insert route through in CLMS_78_105.
I: Route-6001: Insert route through in CLMS_38_197.
I: Route-6001: Insert route through in CLMS_86_133.
I: Route-6001: Insert route through in CLMA_30_100.
I: Route-6001: Insert route through in CLMA_50_156.
I: Route-6001: Insert route through in CLMA_82_153.
I: Route-6001: Insert route through in CLMA_82_152.
I: Route-6001: Insert route through in CLMA_82_137.
I: Route-6001: Insert route through in CLMA_98_149.
I: Route-6001: Insert route through in CLMA_42_53.
I: Route-6001: Insert route through in CLMA_82_140.
I: Route-6001: Insert route through in CLMS_86_41.
I: Route-6001: Insert route through in CLMA_82_153.
I: Route-6001: Insert route through in CLMA_30_141.
I: Route-6001: Insert route through in CLMA_54_88.
I: Route-6001: Insert route through in CLMA_90_132.
I: Route-6001: Insert route through in CLMS_94_221.
I: Route-6001: Insert route through in CLMA_78_324.
I: Route-6001: Insert route through in CLMS_26_97.
I: Route-6001: Insert route through in CLMA_66_212.
I: Route-6001: Insert route through in CLMS_46_53.
I: Route-6001: Insert route through in CLMA_50_288.
I: Route-6001: Insert route through in CLMA_78_152.
I: Route-6001: Insert route through in CLMA_126_168.
I: Route-6001: Insert route through in CLMA_82_152.
I: Route-6001: Insert route through in CLMS_78_145.
I: Route-6001: Insert route through in CLMA_70_148.
I: Route-6001: Insert route through in CLMA_138_221.
I: Route-6001: Insert route through in CLMA_46_112.
I: Route-6001: Insert route through in CLMA_70_89.
I: Route-6001: Insert route through in CLMA_46_40.
I: Route-6001: Insert route through in CLMS_38_121.
I: Route-6001: Insert route through in CLMS_86_133.
I: Route-6001: Insert route through in CLMA_82_145.
I: Route-6001: Insert route through in CLMS_78_149.
I: Route-6001: Insert route through in CLMA_70_144.
I: Route-6001: Insert route through in CLMA_82_140.
I: Route-6001: Insert route through in CLMA_86_168.
I: Route-6001: Insert route through in CLMA_82_145.
I: Route-6001: Insert route through in CLMS_86_217.
I: Route-6001: Insert route through in CLMS_66_145.
I: Route-6001: Insert route through in CLMA_42_145.
I: Route-6001: Insert route through in CLMA_70_272.
I: Route-6001: Insert route through in CLMA_70_272.
I: Route-6001: Insert route through in CLMA_130_209.
I: Route-6001: Insert route through in CLMA_70_140.
I: Route-6001: Insert route through in CLMA_54_236.
I: Route-6001: Insert route through in CLMS_126_73.
I: Route-6001: Insert route through in CLMA_54_236.
I: Route-6001: Insert route through in CLMA_42_145.
I: Route-6001: Insert route through in CLMA_46_112.
I: Route-6001: Insert route through in CLMA_66_104.
I: Route-6001: Insert route through in CLMA_94_136.
I: Route-6001: Insert route through in CLMA_90_125.
I: Route-6001: Insert route through in CLMA_134_216.
I: Route-6001: Insert route through in CLMA_98_353.
I: Route-6001: Insert route through in CLMA_98_241.
I: Route-6001: Insert route through in CLMS_66_81.
I: Route-6001: Insert route through in CLMA_130_205.
I: Route-6001: Insert route through in CLMA_26_20.
I: Route-6001: Insert route through in CLMS_26_153.
I: Route-6001: Insert route through in CLMA_98_188.
I: Route-6001: Insert route through in CLMA_130_277.
I: Route-6001: Insert route through in CLMA_94_124.
I: Route-6001: Insert route through in CLMA_94_164.
I: Route-6001: Insert route through in CLMA_30_120.
I: Route-6001: Insert route through in CLMA_42_104.
I: Route-6001: Insert route through in CLMA_42_169.
I: Route-6001: Insert route through in CLMA_94_88.
I: Route-6001: Insert route through in CLMS_78_189.
I: Route-6001: Insert route through in CLMA_98_105.
I: Route-6001: Insert route through in CLMA_50_161.
I: Route-6001: Insert route through in CLMA_134_208.
I: Route-6001: Insert route through in CLMA_82_268.
I: Route-6001: Insert route through in CLMA_90_209.
I: Route-6001: Insert route through in USCM_74_133.
I: Route-6001: Insert route through in USCM_74_111.
I: Route-6001: Insert route through in USCM_74_132.
I: Route-6001: Insert route through in USCM_74_108.
I: Route-6001: Insert route through in RCKB_7_310.
I: Route-6001: Insert route through in RCKB_7_187.
I: Route-6001: Insert route through in RCKB_7_186.
I: Route-6001: Insert route through in RCKB_7_184.
I: Route-6001: Insert route through in RCKB_7_185.
I: Route-6001: Insert route through in RCKB_7_61.
I: Route-6001: Insert route through in RCKB_151_187.
I: Route-6001: Insert route through in RCKB_151_186.
I: Route-6001: Insert route through in RCKB_151_184.
I: Route-6001: Insert route through in RCKB_151_185.
I: Route-6001: Insert route through in RCKB_7_63.
I: Route-6001: Insert route through in RCKB_7_60.
I: Route-6001: Insert route through in RCKB_7_62.
    Annotate routing result again.
Finish routing takes 4.09 sec.
No timing paths have hold violation.
Hold fix iterated 0 times
Hold violation fix takes 8.28 sec.
Used srb routing arc is 147676.
Cleanup routing takes 0.06 sec.
Routing done.
Total routing takes 269.27 sec.


Device Utilization Summary :
+----------------------------------------------------------------------------+
| Logic Utilization        | Used     | Available     | Utilization(%)     
+----------------------------------------------------------------------------+
| Use of ADC               | 0        | 1             | 0                   
| Use of APM               | 3        | 30            | 10                  
| Use of BKCL              | 6        | 6             | 100                 
| Use of CLMA              | 2236     | 3274          | 68                  
|   FF                     | 3529     | 19644         | 18                  
|   LUT                    | 5966     | 13096         | 46                  
|   LUT-FF pairs           | 2019     | 13096         | 15                  
| Use of CLMS              | 735      | 1110          | 66                  
|   FF                     | 1062     | 6660          | 16                  
|   LUT                    | 1835     | 4440          | 41                  
|   LUT-FF pairs           | 599      | 4440          | 13                  
|   Distributed RAM        | 96       | 4440          | 2                   
| Use of CRYSTAL           | 0        | 6             | 0                   
| Use of DLL               | 2        | 6             | 33                  
| Use of DQSL              | 5        | 18            | 28                  
| Use of DRM               | 21       | 48            | 44                  
| Use of FLSIF             | 0        | 1             | 0                   
| Use of FUSECODE          | 0        | 1             | 0                   
| Use of HARD0N1           | 0        | 2745          | 0                   
| Use of HMEMC             | 1        | 2             | 50                  
| Use of IO                | 87       | 240           | 36                  
|   IOBD                   | 42       | 120           | 35                  
|   IOBR                   | 1        | 6             | 17                  
|   IOBS                   | 44       | 114           | 39                  
| Use of IOCKDIV           | 1        | 12            | 8                   
| Use of IOCKDLY           | 1        | 24            | 4                   
| Use of IOCKGATE          | 2        | 12            | 17                  
| Use of IOCKGMUX_TEST     | 0        | 12            | 0                   
| Use of IOL               | 87       | 240           | 36                  
| Use of IPAL              | 0        | 1             | 0                   
| Use of MFG_TEST          | 0        | 1             | 0                   
| Use of OSC               | 0        | 1             | 0                   
| Use of PLL               | 1        | 6             | 17                  
| Use of PREGMUX_TEST      | 0        | 6             | 0                   
| Use of RCKB              | 13       | 24            | 54                  
| Use of RCKBMUX_TEST      | 0        | 12            | 0                   
| Use of RESCAL            | 0        | 6             | 0                   
| Use of SCANCHAIN         | 0        | 4             | 0                   
| Use of START             | 1        | 1             | 100                 
| Use of UDID              | 0        | 1             | 0                   
| Use of USCM              | 8        | 20            | 40                  
| Use of USCMMUX_TEST      | 0        | 20            | 0                   
| Use of VCKBMUX_TEST      | 0        | 12            | 0                   
+----------------------------------------------------------------------------+

Finished routing. (CPU time elapsed 0h:07m:38s)
Design 'm1_soc_top' has been placed and routed successfully.
Saving design to DB.
Action pnr: Real time elapsed is 467.000 sec
Action pnr: CPU time elapsed is 464.031 sec
Current time: Wed Mar 24 09:36:27 2021
Action pnr: Peak memory pool usage is 1,101,078,528 bytes
Finished placement and routing. (CPU time elapsed 0h:07m:39s)
