#Build: Fabric Compiler 2020.3-SP3.1, Build 67625, Jan 05 04:16 2021
#Install: C:\pango\PDS_2020.3-SP3.1-ads\bin
#Application name: pds_shell.exe
#OS: Windows 7 6.1.7600
#Hostname: LAPTOP-33JRCVKD
Generated by Fabric Compiler (version 2020.3-SP3.1 build 67625) at Thu Apr  8 20:03:16 2021
Compiling verification operator library.
Compiling common defs.
Compiling prim grid devices.
Compiling gate devices.
Compiling gate operators.
Building architecture model.
Loading device packaging model 'MBG324'.
I: dp_step_length: 4 != def: 1
Starting placement and routing flow. (CPU time elapsed 0h:00m:00s)
Reading design from devmap DB.
Building architecture floorplan logic view.
Executing : apply_constraint -f C:/Users/yangl/Documents/IC_competition/arm/M1_PGL22G_RTOS/PDS_project/pnr/device_map/m1_soc_top.pcf
Executing : def_port i2c0_sck -LOC A15 -IOSTANDARD LVCMOS33 -VCCIO 3.3 -BUS_KEEPER PULLUP
C: ConstraintEditor-2006: [C:/Users/yangl/Documents/IC_competition/arm/M1_PGL22G_RTOS/PDS_project/pnr/device_map/m1_soc_top.pcf] Port i2c0_sck lack of drive, output port and inout port had better set drive value, the default value is 4.
C: ConstraintEditor-2007: [C:/Users/yangl/Documents/IC_competition/arm/M1_PGL22G_RTOS/PDS_project/pnr/device_map/m1_soc_top.pcf] Port i2c0_sck lack of slew, output port and inout port had better set slew value, the default value is SLOW.
Executing : def_port i2c0_sck -LOC A15 -IOSTANDARD LVCMOS33 -VCCIO 3.3 -BUS_KEEPER PULLUP successfully.
Executing : def_port i2c0_sda -LOC B15 -IOSTANDARD LVCMOS33 -VCCIO 3.3 -BUS_KEEPER PULLUP
C: ConstraintEditor-2006: [C:/Users/yangl/Documents/IC_competition/arm/M1_PGL22G_RTOS/PDS_project/pnr/device_map/m1_soc_top.pcf] Port i2c0_sda lack of drive, output port and inout port had better set drive value, the default value is 4.
C: ConstraintEditor-2007: [C:/Users/yangl/Documents/IC_competition/arm/M1_PGL22G_RTOS/PDS_project/pnr/device_map/m1_soc_top.pcf] Port i2c0_sda lack of slew, output port and inout port had better set slew value, the default value is SLOW.
Executing : def_port i2c0_sda -LOC B15 -IOSTANDARD LVCMOS33 -VCCIO 3.3 -BUS_KEEPER PULLUP successfully.
Executing : def_port {pad_dq_ch0[0]} -LOC T8 -IOSTANDARD SSTL15_I -VCCIO 1.5 -BUS_KEEPER UNUSED -VREF_MODE IN -VREF_MODE_VALUE 0.5 -DDR_TERM_MODE ON -DRIVE 7.5 -SLEW FAST
Executing : def_port {pad_dq_ch0[0]} -LOC T8 -IOSTANDARD SSTL15_I -VCCIO 1.5 -BUS_KEEPER UNUSED -VREF_MODE IN -VREF_MODE_VALUE 0.5 -DDR_TERM_MODE ON -DRIVE 7.5 -SLEW FAST successfully.
Executing : def_port {pad_dq_ch0[1]} -LOC T6 -IOSTANDARD SSTL15_I -VCCIO 1.5 -BUS_KEEPER UNUSED -VREF_MODE IN -VREF_MODE_VALUE 0.5 -DDR_TERM_MODE ON -DRIVE 7.5 -SLEW FAST
Executing : def_port {pad_dq_ch0[1]} -LOC T6 -IOSTANDARD SSTL15_I -VCCIO 1.5 -BUS_KEEPER UNUSED -VREF_MODE IN -VREF_MODE_VALUE 0.5 -DDR_TERM_MODE ON -DRIVE 7.5 -SLEW FAST successfully.
Executing : def_port {pad_dq_ch0[2]} -LOC R6 -IOSTANDARD SSTL15_I -VCCIO 1.5 -BUS_KEEPER UNUSED -VREF_MODE IN -VREF_MODE_VALUE 0.5 -DDR_TERM_MODE ON -DRIVE 7.5 -SLEW FAST
Executing : def_port {pad_dq_ch0[2]} -LOC R6 -IOSTANDARD SSTL15_I -VCCIO 1.5 -BUS_KEEPER UNUSED -VREF_MODE IN -VREF_MODE_VALUE 0.5 -DDR_TERM_MODE ON -DRIVE 7.5 -SLEW FAST successfully.
Executing : def_port {pad_dq_ch0[3]} -LOC R9 -IOSTANDARD SSTL15_I -VCCIO 1.5 -BUS_KEEPER UNUSED -VREF_MODE IN -VREF_MODE_VALUE 0.5 -DDR_TERM_MODE ON -DRIVE 7.5 -SLEW FAST
Executing : def_port {pad_dq_ch0[3]} -LOC R9 -IOSTANDARD SSTL15_I -VCCIO 1.5 -BUS_KEEPER UNUSED -VREF_MODE IN -VREF_MODE_VALUE 0.5 -DDR_TERM_MODE ON -DRIVE 7.5 -SLEW FAST successfully.
Executing : def_port {pad_dq_ch0[4]} -LOC T9 -IOSTANDARD SSTL15_I -VCCIO 1.5 -BUS_KEEPER UNUSED -VREF_MODE IN -VREF_MODE_VALUE 0.5 -DDR_TERM_MODE ON -DRIVE 7.5 -SLEW FAST
Executing : def_port {pad_dq_ch0[4]} -LOC T9 -IOSTANDARD SSTL15_I -VCCIO 1.5 -BUS_KEEPER UNUSED -VREF_MODE IN -VREF_MODE_VALUE 0.5 -DDR_TERM_MODE ON -DRIVE 7.5 -SLEW FAST successfully.
Executing : def_port {pad_dq_ch0[5]} -LOC N4 -IOSTANDARD SSTL15_I -VCCIO 1.5 -BUS_KEEPER UNUSED -VREF_MODE IN -VREF_MODE_VALUE 0.5 -DDR_TERM_MODE ON -DRIVE 7.5 -SLEW FAST
Executing : def_port {pad_dq_ch0[5]} -LOC N4 -IOSTANDARD SSTL15_I -VCCIO 1.5 -BUS_KEEPER UNUSED -VREF_MODE IN -VREF_MODE_VALUE 0.5 -DDR_TERM_MODE ON -DRIVE 7.5 -SLEW FAST successfully.
Executing : def_port {pad_dq_ch0[6]} -LOC N5 -IOSTANDARD SSTL15_I -VCCIO 1.5 -BUS_KEEPER UNUSED -VREF_MODE IN -VREF_MODE_VALUE 0.5 -DDR_TERM_MODE ON -DRIVE 7.5 -SLEW FAST
Executing : def_port {pad_dq_ch0[6]} -LOC N5 -IOSTANDARD SSTL15_I -VCCIO 1.5 -BUS_KEEPER UNUSED -VREF_MODE IN -VREF_MODE_VALUE 0.5 -DDR_TERM_MODE ON -DRIVE 7.5 -SLEW FAST successfully.
Executing : def_port {pad_dq_ch0[7]} -LOC P6 -IOSTANDARD SSTL15_I -VCCIO 1.5 -BUS_KEEPER UNUSED -VREF_MODE IN -VREF_MODE_VALUE 0.5 -DDR_TERM_MODE ON -DRIVE 7.5 -SLEW FAST
Executing : def_port {pad_dq_ch0[7]} -LOC P6 -IOSTANDARD SSTL15_I -VCCIO 1.5 -BUS_KEEPER UNUSED -VREF_MODE IN -VREF_MODE_VALUE 0.5 -DDR_TERM_MODE ON -DRIVE 7.5 -SLEW FAST successfully.
Executing : def_port {pad_dq_ch0[8]} -LOC T4 -IOSTANDARD SSTL15_I -VCCIO 1.5 -BUS_KEEPER UNUSED -VREF_MODE IN -VREF_MODE_VALUE 0.5 -DDR_TERM_MODE ON -DRIVE 7.5 -SLEW FAST
Executing : def_port {pad_dq_ch0[8]} -LOC T4 -IOSTANDARD SSTL15_I -VCCIO 1.5 -BUS_KEEPER UNUSED -VREF_MODE IN -VREF_MODE_VALUE 0.5 -DDR_TERM_MODE ON -DRIVE 7.5 -SLEW FAST successfully.
Executing : def_port {pad_dq_ch0[9]} -LOC V9 -IOSTANDARD SSTL15_I -VCCIO 1.5 -BUS_KEEPER UNUSED -VREF_MODE IN -VREF_MODE_VALUE 0.5 -DDR_TERM_MODE ON -DRIVE 7.5 -SLEW FAST
Executing : def_port {pad_dq_ch0[9]} -LOC V9 -IOSTANDARD SSTL15_I -VCCIO 1.5 -BUS_KEEPER UNUSED -VREF_MODE IN -VREF_MODE_VALUE 0.5 -DDR_TERM_MODE ON -DRIVE 7.5 -SLEW FAST successfully.
Executing : def_port {pad_dq_ch0[10]} -LOC U9 -IOSTANDARD SSTL15_I -VCCIO 1.5 -BUS_KEEPER UNUSED -VREF_MODE IN -VREF_MODE_VALUE 0.5 -DDR_TERM_MODE ON -DRIVE 7.5 -SLEW FAST
Executing : def_port {pad_dq_ch0[10]} -LOC U9 -IOSTANDARD SSTL15_I -VCCIO 1.5 -BUS_KEEPER UNUSED -VREF_MODE IN -VREF_MODE_VALUE 0.5 -DDR_TERM_MODE ON -DRIVE 7.5 -SLEW FAST successfully.
Executing : def_port {pad_dq_ch0[11]} -LOC V7 -IOSTANDARD SSTL15_I -VCCIO 1.5 -BUS_KEEPER UNUSED -VREF_MODE IN -VREF_MODE_VALUE 0.5 -DDR_TERM_MODE ON -DRIVE 7.5 -SLEW FAST
Executing : def_port {pad_dq_ch0[11]} -LOC V7 -IOSTANDARD SSTL15_I -VCCIO 1.5 -BUS_KEEPER UNUSED -VREF_MODE IN -VREF_MODE_VALUE 0.5 -DDR_TERM_MODE ON -DRIVE 7.5 -SLEW FAST successfully.
Executing : def_port {pad_dq_ch0[12]} -LOC U7 -IOSTANDARD SSTL15_I -VCCIO 1.5 -BUS_KEEPER UNUSED -VREF_MODE IN -VREF_MODE_VALUE 0.5 -DDR_TERM_MODE ON -DRIVE 7.5 -SLEW FAST
Executing : def_port {pad_dq_ch0[12]} -LOC U7 -IOSTANDARD SSTL15_I -VCCIO 1.5 -BUS_KEEPER UNUSED -VREF_MODE IN -VREF_MODE_VALUE 0.5 -DDR_TERM_MODE ON -DRIVE 7.5 -SLEW FAST successfully.
Executing : def_port {pad_dq_ch0[13]} -LOC V6 -IOSTANDARD SSTL15_I -VCCIO 1.5 -BUS_KEEPER UNUSED -VREF_MODE IN -VREF_MODE_VALUE 0.5 -DDR_TERM_MODE ON -DRIVE 7.5 -SLEW FAST
Executing : def_port {pad_dq_ch0[13]} -LOC V6 -IOSTANDARD SSTL15_I -VCCIO 1.5 -BUS_KEEPER UNUSED -VREF_MODE IN -VREF_MODE_VALUE 0.5 -DDR_TERM_MODE ON -DRIVE 7.5 -SLEW FAST successfully.
Executing : def_port {pad_dq_ch0[14]} -LOC U6 -IOSTANDARD SSTL15_I -VCCIO 1.5 -BUS_KEEPER UNUSED -VREF_MODE IN -VREF_MODE_VALUE 0.5 -DDR_TERM_MODE ON -DRIVE 7.5 -SLEW FAST
Executing : def_port {pad_dq_ch0[14]} -LOC U6 -IOSTANDARD SSTL15_I -VCCIO 1.5 -BUS_KEEPER UNUSED -VREF_MODE IN -VREF_MODE_VALUE 0.5 -DDR_TERM_MODE ON -DRIVE 7.5 -SLEW FAST successfully.
Executing : def_port {pad_dq_ch0[15]} -LOC V5 -IOSTANDARD SSTL15_I -VCCIO 1.5 -BUS_KEEPER UNUSED -VREF_MODE IN -VREF_MODE_VALUE 0.5 -DDR_TERM_MODE ON -DRIVE 7.5 -SLEW FAST
Executing : def_port {pad_dq_ch0[15]} -LOC V5 -IOSTANDARD SSTL15_I -VCCIO 1.5 -BUS_KEEPER UNUSED -VREF_MODE IN -VREF_MODE_VALUE 0.5 -DDR_TERM_MODE ON -DRIVE 7.5 -SLEW FAST successfully.
Executing : def_port {pad_dqs_ch0[0]} -LOC N6 -IOSTANDARD SSTL15D_I -VCCIO 1.5 -BUS_KEEPER UNUSED -DDR_TERM_MODE ON -DRIVE 7.5 -SLEW FAST
Executing : def_port {pad_dqs_ch0[0]} -LOC N6 -IOSTANDARD SSTL15D_I -VCCIO 1.5 -BUS_KEEPER UNUSED -DDR_TERM_MODE ON -DRIVE 7.5 -SLEW FAST successfully.
Executing : def_port {pad_dqs_ch0[1]} -LOC U8 -IOSTANDARD SSTL15D_I -VCCIO 1.5 -BUS_KEEPER UNUSED -DDR_TERM_MODE ON -DRIVE 7.5 -SLEW FAST
Executing : def_port {pad_dqs_ch0[1]} -LOC U8 -IOSTANDARD SSTL15D_I -VCCIO 1.5 -BUS_KEEPER UNUSED -DDR_TERM_MODE ON -DRIVE 7.5 -SLEW FAST successfully.
Executing : def_port {pad_dqsn_ch0[0]} -LOC N7 -IOSTANDARD SSTL15D_I -VCCIO 1.5 -BUS_KEEPER UNUSED -DDR_TERM_MODE ON -DRIVE 7.5 -SLEW FAST
Executing : def_port {pad_dqsn_ch0[0]} -LOC N7 -IOSTANDARD SSTL15D_I -VCCIO 1.5 -BUS_KEEPER UNUSED -DDR_TERM_MODE ON -DRIVE 7.5 -SLEW FAST successfully.
Executing : def_port {pad_dqsn_ch0[1]} -LOC V8 -IOSTANDARD SSTL15D_I -VCCIO 1.5 -BUS_KEEPER UNUSED -DDR_TERM_MODE ON -DRIVE 7.5 -SLEW FAST
Executing : def_port {pad_dqsn_ch0[1]} -LOC V8 -IOSTANDARD SSTL15D_I -VCCIO 1.5 -BUS_KEEPER UNUSED -DDR_TERM_MODE ON -DRIVE 7.5 -SLEW FAST successfully.
Executing : def_port {LED[0]} -LOC U10 -IOSTANDARD LVCMOS33 -VCCIO 3.3 -BUS_KEEPER NONE
C: ConstraintEditor-2006: [C:/Users/yangl/Documents/IC_competition/arm/M1_PGL22G_RTOS/PDS_project/pnr/device_map/m1_soc_top.pcf] Port LED[0] lack of drive, output port and inout port had better set drive value, the default value is 4.
C: ConstraintEditor-2007: [C:/Users/yangl/Documents/IC_competition/arm/M1_PGL22G_RTOS/PDS_project/pnr/device_map/m1_soc_top.pcf] Port LED[0] lack of slew, output port and inout port had better set slew value, the default value is SLOW.
Executing : def_port {LED[0]} -LOC U10 -IOSTANDARD LVCMOS33 -VCCIO 3.3 -BUS_KEEPER NONE successfully.
Executing : def_port {LED[1]} -LOC V10 -IOSTANDARD LVCMOS33 -VCCIO 3.3 -BUS_KEEPER NONE
C: ConstraintEditor-2006: [C:/Users/yangl/Documents/IC_competition/arm/M1_PGL22G_RTOS/PDS_project/pnr/device_map/m1_soc_top.pcf] Port LED[1] lack of drive, output port and inout port had better set drive value, the default value is 4.
C: ConstraintEditor-2007: [C:/Users/yangl/Documents/IC_competition/arm/M1_PGL22G_RTOS/PDS_project/pnr/device_map/m1_soc_top.pcf] Port LED[1] lack of slew, output port and inout port had better set slew value, the default value is SLOW.
Executing : def_port {LED[1]} -LOC V10 -IOSTANDARD LVCMOS33 -VCCIO 3.3 -BUS_KEEPER NONE successfully.
Executing : def_port {LED[2]} -LOC U11 -IOSTANDARD LVCMOS33 -VCCIO 3.3 -BUS_KEEPER NONE
C: ConstraintEditor-2006: [C:/Users/yangl/Documents/IC_competition/arm/M1_PGL22G_RTOS/PDS_project/pnr/device_map/m1_soc_top.pcf] Port LED[2] lack of drive, output port and inout port had better set drive value, the default value is 4.
C: ConstraintEditor-2007: [C:/Users/yangl/Documents/IC_competition/arm/M1_PGL22G_RTOS/PDS_project/pnr/device_map/m1_soc_top.pcf] Port LED[2] lack of slew, output port and inout port had better set slew value, the default value is SLOW.
Executing : def_port {LED[2]} -LOC U11 -IOSTANDARD LVCMOS33 -VCCIO 3.3 -BUS_KEEPER NONE successfully.
Executing : def_port {LED[3]} -LOC V11 -IOSTANDARD LVCMOS33 -VCCIO 3.3 -BUS_KEEPER NONE -OPEN_DRAIN OFF
C: ConstraintEditor-2006: [C:/Users/yangl/Documents/IC_competition/arm/M1_PGL22G_RTOS/PDS_project/pnr/device_map/m1_soc_top.pcf] Port LED[3] lack of drive, output port and inout port had better set drive value, the default value is 4.
C: ConstraintEditor-2007: [C:/Users/yangl/Documents/IC_competition/arm/M1_PGL22G_RTOS/PDS_project/pnr/device_map/m1_soc_top.pcf] Port LED[3] lack of slew, output port and inout port had better set slew value, the default value is SLOW.
Executing : def_port {LED[3]} -LOC V11 -IOSTANDARD LVCMOS33 -VCCIO 3.3 -BUS_KEEPER NONE -OPEN_DRAIN OFF successfully.
Executing : def_port SD_DCLK -LOC V13 -IOSTANDARD LVCMOS33 -VCCIO 3.3 -BUS_KEEPER NONE -DRIVE 4
C: ConstraintEditor-2007: [C:/Users/yangl/Documents/IC_competition/arm/M1_PGL22G_RTOS/PDS_project/pnr/device_map/m1_soc_top.pcf] Port SD_DCLK lack of slew, output port and inout port had better set slew value, the default value is SLOW.
Executing : def_port SD_DCLK -LOC V13 -IOSTANDARD LVCMOS33 -VCCIO 3.3 -BUS_KEEPER NONE -DRIVE 4 successfully.
Executing : def_port SD_MOSI -LOC U14 -IOSTANDARD LVCMOS33 -VCCIO 3.3 -BUS_KEEPER PULLUP -DRIVE 4
C: ConstraintEditor-2007: [C:/Users/yangl/Documents/IC_competition/arm/M1_PGL22G_RTOS/PDS_project/pnr/device_map/m1_soc_top.pcf] Port SD_MOSI lack of slew, output port and inout port had better set slew value, the default value is SLOW.
Executing : def_port SD_MOSI -LOC U14 -IOSTANDARD LVCMOS33 -VCCIO 3.3 -BUS_KEEPER PULLUP -DRIVE 4 successfully.
Executing : def_port SD_nCS -LOC V14 -IOSTANDARD LVCMOS33 -VCCIO 3.3 -BUS_KEEPER PULLUP -DRIVE 4
C: ConstraintEditor-2007: [C:/Users/yangl/Documents/IC_competition/arm/M1_PGL22G_RTOS/PDS_project/pnr/device_map/m1_soc_top.pcf] Port SD_nCS lack of slew, output port and inout port had better set slew value, the default value is SLOW.
Executing : def_port SD_nCS -LOC V14 -IOSTANDARD LVCMOS33 -VCCIO 3.3 -BUS_KEEPER PULLUP -DRIVE 4 successfully.
Executing : def_port TX -LOC C10 -IOSTANDARD LVCMOS33 -VCCIO 3.3 -BUS_KEEPER PULLUP
C: ConstraintEditor-2006: [C:/Users/yangl/Documents/IC_competition/arm/M1_PGL22G_RTOS/PDS_project/pnr/device_map/m1_soc_top.pcf] Port TX lack of drive, output port and inout port had better set drive value, the default value is 4.
C: ConstraintEditor-2007: [C:/Users/yangl/Documents/IC_competition/arm/M1_PGL22G_RTOS/PDS_project/pnr/device_map/m1_soc_top.pcf] Port TX lack of slew, output port and inout port had better set slew value, the default value is SLOW.
Executing : def_port TX -LOC C10 -IOSTANDARD LVCMOS33 -VCCIO 3.3 -BUS_KEEPER PULLUP successfully.
Executing : def_port l0_sgmii_clk_shft -LOC H17 -IOSTANDARD LVCMOS33 -VCCIO 3.3 -BUS_KEEPER PULLUP -DRIVE 4 -SLEW FAST -OPEN_DRAIN OFF
Executing : def_port l0_sgmii_clk_shft -LOC H17 -IOSTANDARD LVCMOS33 -VCCIO 3.3 -BUS_KEEPER PULLUP -DRIVE 4 -SLEW FAST -OPEN_DRAIN OFF successfully.
Executing : def_port {pad_addr_ch0[0]} -LOC M4 -IOSTANDARD SSTL15_I -VCCIO 1.5 -BUS_KEEPER UNUSED -DRIVE 7.5 -SLEW FAST
Executing : def_port {pad_addr_ch0[0]} -LOC M4 -IOSTANDARD SSTL15_I -VCCIO 1.5 -BUS_KEEPER UNUSED -DRIVE 7.5 -SLEW FAST successfully.
Executing : def_port {pad_addr_ch0[1]} -LOC M3 -IOSTANDARD SSTL15_I -VCCIO 1.5 -BUS_KEEPER UNUSED -DRIVE 7.5 -SLEW FAST
Executing : def_port {pad_addr_ch0[1]} -LOC M3 -IOSTANDARD SSTL15_I -VCCIO 1.5 -BUS_KEEPER UNUSED -DRIVE 7.5 -SLEW FAST successfully.
Executing : def_port {pad_addr_ch0[2]} -LOC P2 -IOSTANDARD SSTL15_I -VCCIO 1.5 -BUS_KEEPER UNUSED -DRIVE 7.5 -SLEW FAST
Executing : def_port {pad_addr_ch0[2]} -LOC P2 -IOSTANDARD SSTL15_I -VCCIO 1.5 -BUS_KEEPER UNUSED -DRIVE 7.5 -SLEW FAST successfully.
Executing : def_port {pad_addr_ch0[3]} -LOC P1 -IOSTANDARD SSTL15_I -VCCIO 1.5 -BUS_KEEPER UNUSED -DRIVE 7.5 -SLEW FAST
Executing : def_port {pad_addr_ch0[3]} -LOC P1 -IOSTANDARD SSTL15_I -VCCIO 1.5 -BUS_KEEPER UNUSED -DRIVE 7.5 -SLEW FAST successfully.
Executing : def_port {pad_addr_ch0[4]} -LOC L5 -IOSTANDARD SSTL15_I -VCCIO 1.5 -BUS_KEEPER UNUSED -DRIVE 7.5 -SLEW FAST
Executing : def_port {pad_addr_ch0[4]} -LOC L5 -IOSTANDARD SSTL15_I -VCCIO 1.5 -BUS_KEEPER UNUSED -DRIVE 7.5 -SLEW FAST successfully.
Executing : def_port {pad_addr_ch0[5]} -LOC M5 -IOSTANDARD SSTL15_I -VCCIO 1.5 -BUS_KEEPER UNUSED -DRIVE 7.5 -SLEW FAST
Executing : def_port {pad_addr_ch0[5]} -LOC M5 -IOSTANDARD SSTL15_I -VCCIO 1.5 -BUS_KEEPER UNUSED -DRIVE 7.5 -SLEW FAST successfully.
Executing : def_port {pad_addr_ch0[6]} -LOC N2 -IOSTANDARD SSTL15_I -VCCIO 1.5 -BUS_KEEPER UNUSED -DRIVE 7.5 -SLEW FAST
Executing : def_port {pad_addr_ch0[6]} -LOC N2 -IOSTANDARD SSTL15_I -VCCIO 1.5 -BUS_KEEPER UNUSED -DRIVE 7.5 -SLEW FAST successfully.
Executing : def_port {pad_addr_ch0[7]} -LOC N1 -IOSTANDARD SSTL15_I -VCCIO 1.5 -BUS_KEEPER UNUSED -DRIVE 7.5 -SLEW FAST
Executing : def_port {pad_addr_ch0[7]} -LOC N1 -IOSTANDARD SSTL15_I -VCCIO 1.5 -BUS_KEEPER UNUSED -DRIVE 7.5 -SLEW FAST successfully.
Executing : def_port {pad_addr_ch0[8]} -LOC K4 -IOSTANDARD SSTL15_I -VCCIO 1.5 -BUS_KEEPER UNUSED -DRIVE 7.5 -SLEW FAST
Executing : def_port {pad_addr_ch0[8]} -LOC K4 -IOSTANDARD SSTL15_I -VCCIO 1.5 -BUS_KEEPER UNUSED -DRIVE 7.5 -SLEW FAST successfully.
Executing : def_port {pad_addr_ch0[9]} -LOC M1 -IOSTANDARD SSTL15_I -VCCIO 1.5 -BUS_KEEPER UNUSED -DRIVE 7.5 -SLEW FAST
Executing : def_port {pad_addr_ch0[9]} -LOC M1 -IOSTANDARD SSTL15_I -VCCIO 1.5 -BUS_KEEPER UNUSED -DRIVE 7.5 -SLEW FAST successfully.
Executing : def_port {pad_addr_ch0[10]} -LOC M6 -IOSTANDARD SSTL15_I -VCCIO 1.5 -BUS_KEEPER UNUSED -DRIVE 7.5 -SLEW FAST
Executing : def_port {pad_addr_ch0[10]} -LOC M6 -IOSTANDARD SSTL15_I -VCCIO 1.5 -BUS_KEEPER UNUSED -DRIVE 7.5 -SLEW FAST successfully.
Executing : def_port {pad_addr_ch0[11]} -LOC L1 -IOSTANDARD SSTL15_I -VCCIO 1.5 -BUS_KEEPER UNUSED -DRIVE 7.5 -SLEW FAST
Executing : def_port {pad_addr_ch0[11]} -LOC L1 -IOSTANDARD SSTL15_I -VCCIO 1.5 -BUS_KEEPER UNUSED -DRIVE 7.5 -SLEW FAST successfully.
Executing : def_port {pad_addr_ch0[12]} -LOC K2 -IOSTANDARD SSTL15_I -VCCIO 1.5 -BUS_KEEPER UNUSED -DRIVE 7.5 -SLEW FAST
Executing : def_port {pad_addr_ch0[12]} -LOC K2 -IOSTANDARD SSTL15_I -VCCIO 1.5 -BUS_KEEPER UNUSED -DRIVE 7.5 -SLEW FAST successfully.
Executing : def_port {pad_addr_ch0[13]} -LOC K1 -IOSTANDARD SSTL15_I -VCCIO 1.5 -BUS_KEEPER UNUSED -DRIVE 7.5 -SLEW FAST
Executing : def_port {pad_addr_ch0[13]} -LOC K1 -IOSTANDARD SSTL15_I -VCCIO 1.5 -BUS_KEEPER UNUSED -DRIVE 7.5 -SLEW FAST successfully.
Executing : def_port {pad_addr_ch0[14]} -LOC J2 -IOSTANDARD SSTL15_I -VCCIO 1.5 -BUS_KEEPER UNUSED -DRIVE 7.5 -SLEW FAST
Executing : def_port {pad_addr_ch0[14]} -LOC J2 -IOSTANDARD SSTL15_I -VCCIO 1.5 -BUS_KEEPER UNUSED -DRIVE 7.5 -SLEW FAST successfully.
Executing : def_port {pad_addr_ch0[15]} -LOC J1 -IOSTANDARD SSTL15_I -VCCIO 1.5 -BUS_KEEPER UNUSED -DRIVE 7.5 -SLEW FAST
Executing : def_port {pad_addr_ch0[15]} -LOC J1 -IOSTANDARD SSTL15_I -VCCIO 1.5 -BUS_KEEPER UNUSED -DRIVE 7.5 -SLEW FAST successfully.
Executing : def_port {pad_ba_ch0[0]} -LOC U2 -IOSTANDARD SSTL15_I -VCCIO 1.5 -BUS_KEEPER UNUSED -DRIVE 7.5 -SLEW FAST
Executing : def_port {pad_ba_ch0[0]} -LOC U2 -IOSTANDARD SSTL15_I -VCCIO 1.5 -BUS_KEEPER UNUSED -DRIVE 7.5 -SLEW FAST successfully.
Executing : def_port {pad_ba_ch0[1]} -LOC U1 -IOSTANDARD SSTL15_I -VCCIO 1.5 -BUS_KEEPER UNUSED -DRIVE 7.5 -SLEW FAST
Executing : def_port {pad_ba_ch0[1]} -LOC U1 -IOSTANDARD SSTL15_I -VCCIO 1.5 -BUS_KEEPER UNUSED -DRIVE 7.5 -SLEW FAST successfully.
Executing : def_port {pad_ba_ch0[2]} -LOC T2 -IOSTANDARD SSTL15_I -VCCIO 1.5 -BUS_KEEPER UNUSED -DRIVE 7.5 -SLEW FAST
Executing : def_port {pad_ba_ch0[2]} -LOC T2 -IOSTANDARD SSTL15_I -VCCIO 1.5 -BUS_KEEPER UNUSED -DRIVE 7.5 -SLEW FAST successfully.
Executing : def_port pad_casn_ch0 -LOC T1 -IOSTANDARD SSTL15_I -VCCIO 1.5 -BUS_KEEPER UNUSED -DRIVE 7.5 -SLEW FAST
Executing : def_port pad_casn_ch0 -LOC T1 -IOSTANDARD SSTL15_I -VCCIO 1.5 -BUS_KEEPER UNUSED -DRIVE 7.5 -SLEW FAST successfully.
Executing : def_port pad_cke_ch0 -LOC L4 -IOSTANDARD SSTL15_I -VCCIO 1.5 -BUS_KEEPER UNUSED -DRIVE 7.5 -SLEW FAST
Executing : def_port pad_cke_ch0 -LOC L4 -IOSTANDARD SSTL15_I -VCCIO 1.5 -BUS_KEEPER UNUSED -DRIVE 7.5 -SLEW FAST successfully.
Executing : def_port pad_csn_ch0 -LOC R1 -IOSTANDARD SSTL15_I -VCCIO 1.5 -BUS_KEEPER UNUSED -DRIVE 7.5 -SLEW FAST
Executing : def_port pad_csn_ch0 -LOC R1 -IOSTANDARD SSTL15_I -VCCIO 1.5 -BUS_KEEPER UNUSED -DRIVE 7.5 -SLEW FAST successfully.
Executing : def_port pad_ddr_clk_w -LOC U3 -IOSTANDARD SSTL15D_I -VCCIO 1.5 -BUS_KEEPER UNUSED -DRIVE 7.5 -SLEW FAST
Executing : def_port pad_ddr_clk_w -LOC U3 -IOSTANDARD SSTL15D_I -VCCIO 1.5 -BUS_KEEPER UNUSED -DRIVE 7.5 -SLEW FAST successfully.
Executing : def_port pad_ddr_clkn_w -LOC V3 -IOSTANDARD SSTL15D_I -VCCIO 1.5 -BUS_KEEPER UNUSED -DRIVE 7.5 -SLEW FAST
Executing : def_port pad_ddr_clkn_w -LOC V3 -IOSTANDARD SSTL15D_I -VCCIO 1.5 -BUS_KEEPER UNUSED -DRIVE 7.5 -SLEW FAST successfully.
Executing : def_port {pad_dm_rdqs_ch0[0]} -LOC R8 -IOSTANDARD SSTL15_I -VCCIO 1.5 -BUS_KEEPER UNUSED -DRIVE 7.5 -SLEW FAST
Executing : def_port {pad_dm_rdqs_ch0[0]} -LOC R8 -IOSTANDARD SSTL15_I -VCCIO 1.5 -BUS_KEEPER UNUSED -DRIVE 7.5 -SLEW FAST successfully.
Executing : def_port {pad_dm_rdqs_ch0[1]} -LOC U5 -IOSTANDARD SSTL15_I -VCCIO 1.5 -BUS_KEEPER UNUSED -DRIVE 7.5 -SLEW FAST
Executing : def_port {pad_dm_rdqs_ch0[1]} -LOC U5 -IOSTANDARD SSTL15_I -VCCIO 1.5 -BUS_KEEPER UNUSED -DRIVE 7.5 -SLEW FAST successfully.
Executing : def_port pad_loop_out -LOC P8 -IOSTANDARD SSTL15_I -VCCIO 1.5 -BUS_KEEPER UNUSED -DRIVE 7.5 -SLEW FAST
Executing : def_port pad_loop_out -LOC P8 -IOSTANDARD SSTL15_I -VCCIO 1.5 -BUS_KEEPER UNUSED -DRIVE 7.5 -SLEW FAST successfully.
Executing : def_port pad_loop_out_h -LOC U4 -IOSTANDARD SSTL15_I -VCCIO 1.5 -BUS_KEEPER UNUSED -DRIVE 7.5 -SLEW FAST
Executing : def_port pad_loop_out_h -LOC U4 -IOSTANDARD SSTL15_I -VCCIO 1.5 -BUS_KEEPER UNUSED -DRIVE 7.5 -SLEW FAST successfully.
Executing : def_port pad_odt_ch0 -LOC V2 -IOSTANDARD SSTL15_I -VCCIO 1.5 -BUS_KEEPER UNUSED -DRIVE 7.5 -SLEW FAST
Executing : def_port pad_odt_ch0 -LOC V2 -IOSTANDARD SSTL15_I -VCCIO 1.5 -BUS_KEEPER UNUSED -DRIVE 7.5 -SLEW FAST successfully.
Executing : def_port pad_rasn_ch0 -LOC R2 -IOSTANDARD SSTL15_I -VCCIO 1.5 -BUS_KEEPER UNUSED -DRIVE 7.5 -SLEW FAST
Executing : def_port pad_rasn_ch0 -LOC R2 -IOSTANDARD SSTL15_I -VCCIO 1.5 -BUS_KEEPER UNUSED -DRIVE 7.5 -SLEW FAST successfully.
Executing : def_port pad_rstn_ch0 -LOC M2 -IOSTANDARD SSTL15_I -VCCIO 1.5 -BUS_KEEPER UNUSED -DRIVE 7.5 -SLEW FAST
Executing : def_port pad_rstn_ch0 -LOC M2 -IOSTANDARD SSTL15_I -VCCIO 1.5 -BUS_KEEPER UNUSED -DRIVE 7.5 -SLEW FAST successfully.
Executing : def_port pad_wen_ch0 -LOC V1 -IOSTANDARD SSTL15_I -VCCIO 1.5 -BUS_KEEPER UNUSED -DRIVE 7.5 -SLEW FAST
Executing : def_port pad_wen_ch0 -LOC V1 -IOSTANDARD SSTL15_I -VCCIO 1.5 -BUS_KEEPER UNUSED -DRIVE 7.5 -SLEW FAST successfully.
Executing : def_port phy_rst_n -LOC J17 -IOSTANDARD LVCMOS33 -VCCIO 3.3 -BUS_KEEPER PULLUP -DRIVE 8 -SLEW FAST -OPEN_DRAIN OFF
Executing : def_port phy_rst_n -LOC J17 -IOSTANDARD LVCMOS33 -VCCIO 3.3 -BUS_KEEPER PULLUP -DRIVE 8 -SLEW FAST -OPEN_DRAIN OFF successfully.
Executing : def_port phy_tx_en -LOC G18 -IOSTANDARD LVCMOS33 -VCCIO 3.3 -BUS_KEEPER PULLUP -DRIVE 8 -SLEW FAST -OPEN_DRAIN OFF
Executing : def_port phy_tx_en -LOC G18 -IOSTANDARD LVCMOS33 -VCCIO 3.3 -BUS_KEEPER PULLUP -DRIVE 8 -SLEW FAST -OPEN_DRAIN OFF successfully.
Executing : def_port phy_txd0 -LOC G17 -IOSTANDARD LVCMOS33 -VCCIO 3.3 -BUS_KEEPER PULLUP -DRIVE 8 -SLEW FAST -OPEN_DRAIN OFF
Executing : def_port phy_txd0 -LOC G17 -IOSTANDARD LVCMOS33 -VCCIO 3.3 -BUS_KEEPER PULLUP -DRIVE 8 -SLEW FAST -OPEN_DRAIN OFF successfully.
Executing : def_port phy_txd1 -LOC F18 -IOSTANDARD LVCMOS33 -VCCIO 3.3 -BUS_KEEPER PULLUP -DRIVE 8 -SLEW FAST -OPEN_DRAIN OFF
Executing : def_port phy_txd1 -LOC F18 -IOSTANDARD LVCMOS33 -VCCIO 3.3 -BUS_KEEPER PULLUP -DRIVE 8 -SLEW FAST -OPEN_DRAIN OFF successfully.
Executing : def_port phy_txd2 -LOC F17 -IOSTANDARD LVCMOS33 -VCCIO 3.3 -BUS_KEEPER PULLUP -DRIVE 8 -SLEW FAST -OPEN_DRAIN OFF
Executing : def_port phy_txd2 -LOC F17 -IOSTANDARD LVCMOS33 -VCCIO 3.3 -BUS_KEEPER PULLUP -DRIVE 8 -SLEW FAST -OPEN_DRAIN OFF successfully.
Executing : def_port phy_txd3 -LOC G16 -IOSTANDARD LVCMOS33 -VCCIO 3.3 -BUS_KEEPER PULLUP -DRIVE 8 -SLEW FAST -OPEN_DRAIN OFF
Executing : def_port phy_txd3 -LOC G16 -IOSTANDARD LVCMOS33 -VCCIO 3.3 -BUS_KEEPER PULLUP -DRIVE 8 -SLEW FAST -OPEN_DRAIN OFF successfully.
Executing : def_port spi0_clk -LOC C9 -IOSTANDARD LVCMOS33 -VCCIO 3.3 -BUS_KEEPER NONE -DRIVE 4
C: ConstraintEditor-2007: [C:/Users/yangl/Documents/IC_competition/arm/M1_PGL22G_RTOS/PDS_project/pnr/device_map/m1_soc_top.pcf] Port spi0_clk lack of slew, output port and inout port had better set slew value, the default value is SLOW.
Executing : def_port spi0_clk -LOC C9 -IOSTANDARD LVCMOS33 -VCCIO 3.3 -BUS_KEEPER NONE -DRIVE 4 successfully.
Executing : def_port spi0_cs -LOC B8 -IOSTANDARD LVCMOS33 -VCCIO 3.3 -BUS_KEEPER PULLUP -DRIVE 4
C: ConstraintEditor-2007: [C:/Users/yangl/Documents/IC_competition/arm/M1_PGL22G_RTOS/PDS_project/pnr/device_map/m1_soc_top.pcf] Port spi0_cs lack of slew, output port and inout port had better set slew value, the default value is SLOW.
Executing : def_port spi0_cs -LOC B8 -IOSTANDARD LVCMOS33 -VCCIO 3.3 -BUS_KEEPER PULLUP -DRIVE 4 successfully.
Executing : def_port spi0_mosi -LOC B4 -IOSTANDARD LVCMOS33 -VCCIO 3.3 -BUS_KEEPER PULLUP -DRIVE 4
C: ConstraintEditor-2007: [C:/Users/yangl/Documents/IC_competition/arm/M1_PGL22G_RTOS/PDS_project/pnr/device_map/m1_soc_top.pcf] Port spi0_mosi lack of slew, output port and inout port had better set slew value, the default value is SLOW.
Executing : def_port spi0_mosi -LOC B4 -IOSTANDARD LVCMOS33 -VCCIO 3.3 -BUS_KEEPER PULLUP -DRIVE 4 successfully.
Executing : def_port RX -LOC A12 -IOSTANDARD LVCMOS33 -VCCIO 3.3 -BUS_KEEPER PULLUP
C: ConstraintEditor-2002: [C:/Users/yangl/Documents/IC_competition/arm/M1_PGL22G_RTOS/PDS_project/pnr/device_map/m1_soc_top.pcf(line number: 75)] | Port RX has been placed at location A12, whose type is share pin.
Executing : def_port RX -LOC A12 -IOSTANDARD LVCMOS33 -VCCIO 3.3 -BUS_KEEPER PULLUP successfully.
Executing : def_port SD_MISO -LOC U13 -IOSTANDARD LVCMOS33 -VCCIO 3.3 -BUS_KEEPER PULLUP
Executing : def_port SD_MISO -LOC U13 -IOSTANDARD LVCMOS33 -VCCIO 3.3 -BUS_KEEPER PULLUP successfully.
Executing : def_port ex_clk_50m -LOC B5 -IOSTANDARD LVCMOS33 -VCCIO 3.3 -HYS_DRIVE_MODE NOHYS -BUS_KEEPER PULLUP
Executing : def_port ex_clk_50m -LOC B5 -IOSTANDARD LVCMOS33 -VCCIO 3.3 -HYS_DRIVE_MODE NOHYS -BUS_KEEPER PULLUP successfully.
Executing : def_port gpio_in0 -LOC P17 -IOSTANDARD LVCMOS33 -VCCIO 3.3 -BUS_KEEPER NONE
Executing : def_port gpio_in0 -LOC P17 -IOSTANDARD LVCMOS33 -VCCIO 3.3 -BUS_KEEPER NONE successfully.
Executing : def_port gpio_in1 -LOC L12 -IOSTANDARD LVCMOS33 -VCCIO 3.3 -BUS_KEEPER NONE
Executing : def_port gpio_in1 -LOC L12 -IOSTANDARD LVCMOS33 -VCCIO 3.3 -BUS_KEEPER NONE successfully.
Executing : def_port pad_loop_in -LOC P7 -IOSTANDARD SSTL15_I -VCCIO 1.5 -BUS_KEEPER UNUSED -VREF_MODE IN -VREF_MODE_VALUE 0.5 -DDR_TERM_MODE ON
Executing : def_port pad_loop_in -LOC P7 -IOSTANDARD SSTL15_I -VCCIO 1.5 -BUS_KEEPER UNUSED -VREF_MODE IN -VREF_MODE_VALUE 0.5 -DDR_TERM_MODE ON successfully.
Executing : def_port pad_loop_in_h -LOC V4 -IOSTANDARD SSTL15_I -VCCIO 1.5 -BUS_KEEPER UNUSED -VREF_MODE IN -VREF_MODE_VALUE 0.5 -DDR_TERM_MODE ON
Executing : def_port pad_loop_in_h -LOC V4 -IOSTANDARD SSTL15_I -VCCIO 1.5 -BUS_KEEPER UNUSED -VREF_MODE IN -VREF_MODE_VALUE 0.5 -DDR_TERM_MODE ON successfully.
Executing : def_port phy_rx_dv -LOC L16 -IOSTANDARD LVCMOS33 -VCCIO 3.3 -HYS_DRIVE_MODE NOHYS -BUS_KEEPER PULLUP
Executing : def_port phy_rx_dv -LOC L16 -IOSTANDARD LVCMOS33 -VCCIO 3.3 -HYS_DRIVE_MODE NOHYS -BUS_KEEPER PULLUP successfully.
Executing : def_port phy_rxd0 -LOC M16 -IOSTANDARD LVCMOS33 -VCCIO 3.3 -HYS_DRIVE_MODE NOHYS -BUS_KEEPER PULLUP
Executing : def_port phy_rxd0 -LOC M16 -IOSTANDARD LVCMOS33 -VCCIO 3.3 -HYS_DRIVE_MODE NOHYS -BUS_KEEPER PULLUP successfully.
Executing : def_port phy_rxd1 -LOC M18 -IOSTANDARD LVCMOS33 -VCCIO 3.3 -HYS_DRIVE_MODE NOHYS -BUS_KEEPER PULLUP
Executing : def_port phy_rxd1 -LOC M18 -IOSTANDARD LVCMOS33 -VCCIO 3.3 -HYS_DRIVE_MODE NOHYS -BUS_KEEPER PULLUP successfully.
Executing : def_port phy_rxd2 -LOC K18 -IOSTANDARD LVCMOS33 -VCCIO 3.3 -HYS_DRIVE_MODE NOHYS -BUS_KEEPER PULLUP
Executing : def_port phy_rxd2 -LOC K18 -IOSTANDARD LVCMOS33 -VCCIO 3.3 -HYS_DRIVE_MODE NOHYS -BUS_KEEPER PULLUP successfully.
Executing : def_port phy_rxd3 -LOC K17 -IOSTANDARD LVCMOS33 -VCCIO 3.3 -HYS_DRIVE_MODE NOHYS -BUS_KEEPER PULLUP
Executing : def_port phy_rxd3 -LOC K17 -IOSTANDARD LVCMOS33 -VCCIO 3.3 -HYS_DRIVE_MODE NOHYS -BUS_KEEPER PULLUP successfully.
Executing : def_port rst_key -LOC V12 -IOSTANDARD LVCMOS33 -VCCIO 3.3 -HYS_DRIVE_MODE NOHYS -BUS_KEEPER PULLUP
Executing : def_port rst_key -LOC V12 -IOSTANDARD LVCMOS33 -VCCIO 3.3 -HYS_DRIVE_MODE NOHYS -BUS_KEEPER PULLUP successfully.
Executing : def_port rx_clki -LOC H18 -IOSTANDARD LVCMOS33 -VCCIO 3.3 -HYS_DRIVE_MODE NOHYS -BUS_KEEPER PULLUP
Executing : def_port rx_clki -LOC H18 -IOSTANDARD LVCMOS33 -VCCIO 3.3 -HYS_DRIVE_MODE NOHYS -BUS_KEEPER PULLUP successfully.
Executing : def_port spi0_miso -LOC A4 -IOSTANDARD LVCMOS33 -VCCIO 3.3 -BUS_KEEPER PULLUP
C: ConstraintEditor-2002: [C:/Users/yangl/Documents/IC_competition/arm/M1_PGL22G_RTOS/PDS_project/pnr/device_map/m1_soc_top.pcf(line number: 89)] | Port spi0_miso has been placed at location A4, whose type is share pin.
Executing : def_port spi0_miso -LOC A4 -IOSTANDARD LVCMOS33 -VCCIO 3.3 -BUS_KEEPER PULLUP successfully.
Executing : def_inst_site u_DDR3/u_pll_50_400/u_pll_e1/goppll PLL_82_71
Executing : def_inst_site u_DDR3/u_pll_50_400/u_pll_e1/goppll PLL_82_71 successfully.
Executing : apply_constraint -f C:/Users/yangl/Documents/IC_competition/arm/M1_PGL22G_RTOS/PDS_project/pnr/device_map/m1_soc_top.pcf successfully.

Placement started.
Mapping instance u_DDR3/u_ipsl_hmic_h_phy_top/u_phy_io/u_gtp_ddrphy/gateop_DDRC to HMEMC_16_1.
Mapping instance u_DDR3/u_ipsl_hmic_h_phy_top/u_phy_io/dqs2_dut/opit_0 to DQSL_6_96.
Mapping instance u_DDR3/u_ipsl_hmic_h_phy_top/u_phy_io/dqs0_dut/opit_0 to DQSL_6_24.
Mapping instance u_DDR3/u_ipsl_hmic_h_phy_top/u_phy_io/dll_hmemc_dut/gopdll to DLL_7_59.
Mapping instance u_DDR3/u_ipsl_hmic_h_phy_top/u_phy_io/dqs1_dut/opit_0 to DQSL_6_52.
Mapping instance u_DDR3/u_ipsl_hmic_h_phy_top/u_phy_io/dqs3_dut/opit_0 to DQSL_6_148.
Mapping instance u_DDR3/u_ipsl_hmic_h_phy_top/u_phy_io/dqs4_dut/opit_0 to DQSL_6_176.
Mapping instance u_DDR3/u_ipsl_hmic_h_phy_top/u_phy_io/ioclkdiv_dut/gopclkdiv to IOCKDIV_6_64.
Mapping instance u_GTP_IOCLKDELAY/opit_0 to IOCKDLY_150_185.
Mapping instance u_DDR3/u_ipsl_hmic_h_phy_top/u_phy_io/ioclkbuf01_dut/gopclkgate to IOCKGATE_6_56.
Mapping instance u_DDR3/u_ipsl_hmic_h_phy_top/u_phy_io/ioclkbuf02_dut/gopclkgate to IOCKGATE_6_181.
Mapping instance clkbufg_2/gopclkbufg to USCM_74_104.
Mapping instance u_GTP_CLKBUFG/gopclkbufg to USCM_74_105.
Mapping instance clkbufg_1/gopclkbufg to USCM_74_106.
Mapping instance clkbufg_0/gopclkbufg to USCM_74_107.
Pre global placement takes 17.89 sec.
Run super clustering :
	Initial slack -6576.
	9 iterations finished.
	Final slack -1067.
Super clustering done.
Design Utilization : 45%.
Global placement takes 16.36 sec.
Wirelength after global placement is 99437.
Placed fixed group with base inst LED_obuf[0]/opit_1 on IOL_151_114.
Placed fixed group with base inst LED_obuf[1]/opit_1 on IOL_151_113.
Placed fixed group with base inst LED_obuf[2]/opit_1 on IOL_151_102.
Placed fixed group with base inst LED_obuf[3]/opit_1 on IOL_151_101.
Placed fixed group with base inst RX_ibuf/opit_1 on IOL_151_333.
Placed fixed group with base inst SD_DCLK_obuf/opit_1 on IOL_151_109.
Placed fixed group with base inst SD_MISO_ibuf/opit_1 on IOL_151_110.
Placed fixed group with base inst SD_MOSI_obuf/opit_1 on IOL_151_38.
Placed fixed group with base inst SD_nCS_obuf/opit_1 on IOL_151_37.
Placed fixed group with base inst TX_obuf/opit_1 on IOL_151_361.
Placed fixed instance clkbufg_0/gopclkbufg on USCM_74_107.
Placed fixed instance clkbufg_1/gopclkbufg on USCM_74_106.
Placed fixed instance clkbufg_2/gopclkbufg on USCM_74_104.
Placed fixed group with base inst ex_clk_50m_ibuf/opit_1 on IOL_7_298.
Placed fixed group with base inst gpio_in0_ibuf/opit_1 on IOL_151_46.
Placed fixed group with base inst gpio_in1_ibuf/opit_1 on IOL_151_161.
Placed fixed group with base inst i2c0_sck_tri/opit_1 on IOL_151_325.
Placed fixed group with base inst i2c0_sda_tri/opit_1 on IOL_151_326.
Placed fixed group with base inst phy_rst_n_obuf/opit_1 on IOL_151_173.
Placed fixed group with base inst rst_key_ibuf/opit_1 on IOL_151_105.
Placed fixed group with base inst rx_clki_ibuf/opit_1 on IOL_151_198.
Placed fixed group with base inst spi0_clk_obuf/opit_1 on IOL_7_353.
Placed fixed group with base inst spi0_cs_obuf/opit_1 on IOL_7_350.
Placed fixed group with base inst spi0_miso_ibuf/opit_1 on IOL_7_289.
Placed fixed group with base inst spi0_mosi_obuf/opit_1 on IOL_7_290.
Placed fixed instance u_DDR3/u_ipsl_hmic_h_phy_top/u_phy_io/dll_hmemc_dut/gopdll on DLL_7_59.
Placed fixed instance u_DDR3/u_ipsl_hmic_h_phy_top/u_phy_io/dqs0_dut/opit_0 on DQSL_6_24.
Placed fixed instance u_DDR3/u_ipsl_hmic_h_phy_top/u_phy_io/dqs1_dut/opit_0 on DQSL_6_52.
Placed fixed instance u_DDR3/u_ipsl_hmic_h_phy_top/u_phy_io/dqs2_dut/opit_0 on DQSL_6_96.
Placed fixed instance u_DDR3/u_ipsl_hmic_h_phy_top/u_phy_io/dqs3_dut/opit_0 on DQSL_6_148.
Placed fixed instance u_DDR3/u_ipsl_hmic_h_phy_top/u_phy_io/dqs4_dut/opit_0 on DQSL_6_176.
Placed fixed group with base inst u_DDR3/u_ipsl_hmic_h_phy_top/u_phy_io/genblk2.iob_08_09_dut/opit_2_O on IOL_7_22.
Placed fixed group with base inst u_DDR3/u_ipsl_hmic_h_phy_top/u_phy_io/genblk3.iob_30_31_dut/opit_2_O on IOL_7_102.
Placed fixed group with base inst u_DDR3/u_ipsl_hmic_h_phy_top/u_phy_io/iob_00_dut/opit_0_iol on IOL_7_5.
Placed fixed group with base inst u_DDR3/u_ipsl_hmic_h_phy_top/u_phy_io/iob_01_dut/opit_1 on IOL_7_6.
Placed fixed group with base inst u_DDR3/u_ipsl_hmic_h_phy_top/u_phy_io/iob_02_dut/opit_1_IOL on IOL_7_9.
Placed fixed group with base inst u_DDR3/u_ipsl_hmic_h_phy_top/u_phy_io/iob_16_17_dut/opit_3_IOL on IOL_7_46.
Placed fixed group with base inst u_DDR3/u_ipsl_hmic_h_phy_top/u_phy_io/iob_18_dut/opit_1_IOL on IOL_7_49.
Placed fixed group with base inst u_DDR3/u_ipsl_hmic_h_phy_top/u_phy_io/iob_19_dut/opit_1_IOL on IOL_7_50.
Placed fixed group with base inst u_DDR3/u_ipsl_hmic_h_phy_top/u_phy_io/iob_20_dut/opit_1_IOL on IOL_7_73.
Placed fixed group with base inst u_DDR3/u_ipsl_hmic_h_phy_top/u_phy_io/iob_21_dut/opit_1_IOL on IOL_7_74.
Placed fixed group with base inst u_DDR3/u_ipsl_hmic_h_phy_top/u_phy_io/iob_22_dut/opit_1_IOL on IOL_7_77.
Placed fixed group with base inst u_DDR3/u_ipsl_hmic_h_phy_top/u_phy_io/iob_23_dut/opit_1_IOL on IOL_7_78.
Placed fixed group with base inst u_DDR3/u_ipsl_hmic_h_phy_top/u_phy_io/iob_24_dut/opit_1_IOL on IOL_7_81.
Placed fixed group with base inst u_DDR3/u_ipsl_hmic_h_phy_top/u_phy_io/iob_25_dut/opit_1_IOL on IOL_7_82.
Placed fixed group with base inst u_DDR3/u_ipsl_hmic_h_phy_top/u_phy_io/iob_37_dut/opit_1_IOL on IOL_7_114.
Placed fixed group with base inst u_DDR3/u_ipsl_hmic_h_phy_top/u_phy_io/iob_38_dut/opit_0_iol on IOL_7_117.
Placed fixed group with base inst u_DDR3/u_ipsl_hmic_h_phy_top/u_phy_io/iob_39_dut/opit_1 on IOL_7_118.
Placed fixed group with base inst u_DDR3/u_ipsl_hmic_h_phy_top/u_phy_io/iob_40_dut/opit_1_IOL on IOL_7_129.
Placed fixed group with base inst u_DDR3/u_ipsl_hmic_h_phy_top/u_phy_io/iob_41_dut/opit_1_IOL on IOL_7_130.
Placed fixed group with base inst u_DDR3/u_ipsl_hmic_h_phy_top/u_phy_io/iob_42_dut/opit_1_IOL on IOL_7_133.
Placed fixed group with base inst u_DDR3/u_ipsl_hmic_h_phy_top/u_phy_io/iob_43_dut/opit_1_IOL on IOL_7_134.
Placed fixed group with base inst u_DDR3/u_ipsl_hmic_h_phy_top/u_phy_io/iob_44_dut/opit_1_IOL on IOL_7_137.
Placed fixed group with base inst u_DDR3/u_ipsl_hmic_h_phy_top/u_phy_io/iob_45_dut/opit_1_IOL on IOL_7_138.
Placed fixed group with base inst u_DDR3/u_ipsl_hmic_h_phy_top/u_phy_io/iob_46_dut/opit_1_IOL on IOL_7_141.
Placed fixed group with base inst u_DDR3/u_ipsl_hmic_h_phy_top/u_phy_io/iob_47_dut/opit_1_IOL on IOL_7_142.
Placed fixed group with base inst u_DDR3/u_ipsl_hmic_h_phy_top/u_phy_io/iob_48_dut/opit_1_IOL on IOL_7_145.
Placed fixed group with base inst u_DDR3/u_ipsl_hmic_h_phy_top/u_phy_io/iob_49_dut/opit_1_IOL on IOL_7_146.
Placed fixed group with base inst u_DDR3/u_ipsl_hmic_h_phy_top/u_phy_io/iob_50_dut/opit_1 on IOL_7_157.
Placed fixed group with base inst u_DDR3/u_ipsl_hmic_h_phy_top/u_phy_io/iob_51_dut/opit_1_IOL on IOL_7_158.
Placed fixed group with base inst u_DDR3/u_ipsl_hmic_h_phy_top/u_phy_io/iob_52_dut/opit_1_IOL on IOL_7_161.
Placed fixed group with base inst u_DDR3/u_ipsl_hmic_h_phy_top/u_phy_io/iob_55_dut/opit_1_IOL on IOL_7_166.
Placed fixed group with base inst u_DDR3/u_ipsl_hmic_h_phy_top/u_phy_io/iob_56_dut/opit_1_IOL on IOL_7_169.
Placed fixed group with base inst u_DDR3/u_ipsl_hmic_h_phy_top/u_phy_io/iob_57_dut/opit_1_IOL on IOL_7_170.
Placed fixed group with base inst u_DDR3/u_ipsl_hmic_h_phy_top/u_phy_io/iob_58_dut/opit_1_IOL on IOL_7_173.
Placed fixed group with base inst u_DDR3/u_ipsl_hmic_h_phy_top/u_phy_io/iob_59_dut/opit_1_IOL on IOL_7_174.
Placed fixed instance u_DDR3/u_ipsl_hmic_h_phy_top/u_phy_io/ioclkbuf01_dut/gopclkgate on IOCKGATE_6_56.
Placed fixed instance u_DDR3/u_ipsl_hmic_h_phy_top/u_phy_io/ioclkbuf02_dut/gopclkgate on IOCKGATE_6_181.
Placed fixed instance u_DDR3/u_ipsl_hmic_h_phy_top/u_phy_io/ioclkdiv_dut/gopclkdiv on IOCKDIV_6_64.
Placed fixed group with base inst u_DDR3/u_ipsl_hmic_h_phy_top/u_phy_io/iol_iddr3_dut/gateop_inv_IO on IOL_7_10.
Placed fixed group with base inst u_DDR3/u_ipsl_hmic_h_phy_top/u_phy_io/iol_iddr4_dut/gateop_inv_IO on IOL_7_13.
Placed fixed group with base inst u_DDR3/u_ipsl_hmic_h_phy_top/u_phy_io/iol_iddr5_dut/gateop_inv_IO on IOL_7_14.
Placed fixed group with base inst u_DDR3/u_ipsl_hmic_h_phy_top/u_phy_io/iol_iddr6_dut/gateop_inv_IO on IOL_7_17.
Placed fixed group with base inst u_DDR3/u_ipsl_hmic_h_phy_top/u_phy_io/iol_iddr7_dut/gateop_inv_IO on IOL_7_18.
Placed fixed group with base inst u_DDR3/u_ipsl_hmic_h_phy_top/u_phy_io/iol_iddr10_dut/gateop_inv_IO on IOL_7_33.
Placed fixed group with base inst u_DDR3/u_ipsl_hmic_h_phy_top/u_phy_io/iol_iddr11_dut/gateop_inv_IO on IOL_7_34.
Placed fixed group with base inst u_DDR3/u_ipsl_hmic_h_phy_top/u_phy_io/iol_iddr12_dut/gateop_inv_IO on IOL_7_37.
Placed fixed group with base inst u_DDR3/u_ipsl_hmic_h_phy_top/u_phy_io/iol_iddr27_dut/gateop_inv_IO on IOL_7_86.
Placed fixed group with base inst u_DDR3/u_ipsl_hmic_h_phy_top/u_phy_io/iol_iddr28_dut/gateop_inv_IO on IOL_7_89.
Placed fixed group with base inst u_DDR3/u_ipsl_hmic_h_phy_top/u_phy_io/iol_iddr29_dut/gateop_inv_IO on IOL_7_90.
Placed fixed group with base inst u_DDR3/u_ipsl_hmic_h_phy_top/u_phy_io/iol_iddr32_dut/gateop_inv_IO on IOL_7_105.
Placed fixed group with base inst u_DDR3/u_ipsl_hmic_h_phy_top/u_phy_io/iol_iddr33_dut/gateop_inv_IO on IOL_7_106.
Placed fixed group with base inst u_DDR3/u_ipsl_hmic_h_phy_top/u_phy_io/iol_iddr34_dut/gateop_inv_IO on IOL_7_109.
Placed fixed group with base inst u_DDR3/u_ipsl_hmic_h_phy_top/u_phy_io/iol_iddr35_dut/gateop_inv_IO on IOL_7_110.
Placed fixed group with base inst u_DDR3/u_ipsl_hmic_h_phy_top/u_phy_io/iol_iddr36_dut/gateop_inv_IO on IOL_7_113.
Placed fixed instance u_DDR3/u_ipsl_hmic_h_phy_top/u_phy_io/u_gtp_ddrphy/gateop_DDRC on HMEMC_16_1.
Placed fixed instance u_DDR3/u_pll_50_400/u_pll_e1/goppll on PLL_82_71.
Placed fixed instance u_GTP_CLKBUFG/gopclkbufg on USCM_74_105.
Placed fixed instance u_GTP_IOCLKDELAY/opit_0 on IOCKDLY_150_185.
Placed fixed group with base inst u_GTP_OUTBUFT/opit_1_IOL on IOL_151_197.
Placed fixed group with base inst u_tsmac_phy/U_pgs_tsmac_rgmii_gmii_convert_v1_0/U_pgs_tsmac_gmii_to_rgmii_v1_0/gtp_outbuft1/opit_1_IOL on IOL_151_214.
Placed fixed group with base inst u_tsmac_phy/U_pgs_tsmac_rgmii_gmii_convert_v1_0/U_pgs_tsmac_gmii_to_rgmii_v1_0/gtp_outbuft2/opit_1_IOL on IOL_151_229.
Placed fixed group with base inst u_tsmac_phy/U_pgs_tsmac_rgmii_gmii_convert_v1_0/U_pgs_tsmac_gmii_to_rgmii_v1_0/gtp_outbuft3/opit_1_IOL on IOL_151_237.
Placed fixed group with base inst u_tsmac_phy/U_pgs_tsmac_rgmii_gmii_convert_v1_0/U_pgs_tsmac_gmii_to_rgmii_v1_0/gtp_outbuft4/opit_1_IOL on IOL_151_238.
Placed fixed group with base inst u_tsmac_phy/U_pgs_tsmac_rgmii_gmii_convert_v1_0/U_pgs_tsmac_gmii_to_rgmii_v1_0/gtp_outbuft5/opit_1_IOL on IOL_151_213.
Placed fixed group with base inst u_tsmac_phy/U_pgs_tsmac_rgmii_gmii_convert_v1_0/U_pgs_tsmac_rgmii_to_gmii_v1_0/igddr1/gateigddr_IOL on IOL_151_157.
Placed fixed group with base inst u_tsmac_phy/U_pgs_tsmac_rgmii_gmii_convert_v1_0/U_pgs_tsmac_rgmii_to_gmii_v1_0/igddr2/gateigddr_IOL on IOL_151_142.
Placed fixed group with base inst u_tsmac_phy/U_pgs_tsmac_rgmii_gmii_convert_v1_0/U_pgs_tsmac_rgmii_to_gmii_v1_0/igddr3/gateigddr_IOL on IOL_151_170.
Placed fixed group with base inst u_tsmac_phy/U_pgs_tsmac_rgmii_gmii_convert_v1_0/U_pgs_tsmac_rgmii_to_gmii_v1_0/igddr4/gateigddr_IOL on IOL_151_169.
Placed fixed group with base inst u_tsmac_phy/U_pgs_tsmac_rgmii_gmii_convert_v1_0/U_pgs_tsmac_rgmii_to_gmii_v1_0/igddr5/gateigddr_IOL on IOL_151_158.
Placed fixed instance BKCL_auto_0 on BKCL_2_268.
Placed fixed instance BKCL_auto_1 on BKCL_2_144.
Placed fixed instance BKCL_auto_2 on BKCL_2_20.
Placed fixed instance BKCL_auto_3 on BKCL_154_268.
Placed fixed instance BKCL_auto_4 on BKCL_154_144.
Placed fixed instance BKCL_auto_5 on BKCL_154_20.
Placed instance u_DDR3/u_ipsl_hmic_h_phy_top/u_phy_io/dll_hmemc_dut/gopdll(gopDLL) on DLL_7_59, and placed u_DDR3/u_ipsl_hmic_h_phy_top/u_phy_io/dqs0_dut/opit_0(gopDQS_DDC) on DQSL_6_24.
Placed instance u_DDR3/u_ipsl_hmic_h_phy_top/u_phy_io/dll_hmemc_dut/gopdll(gopDLL) on DLL_7_59, and placed u_DDR3/u_ipsl_hmic_h_phy_top/u_phy_io/dqs1_dut/opit_0(gopDQS_DDC) on DQSL_6_52.
Placed instance u_DDR3/u_ipsl_hmic_h_phy_top/u_phy_io/dll_hmemc_dut/gopdll(gopDLL) on DLL_7_59, and placed u_DDR3/u_ipsl_hmic_h_phy_top/u_phy_io/dqs2_dut/opit_0(gopDQS_DDC) on DQSL_6_96.
Placed instance u_DDR3/u_ipsl_hmic_h_phy_top/u_phy_io/dll_hmemc_dut/gopdll(gopDLL) on DLL_7_59, and placed u_DDR3/u_ipsl_hmic_h_phy_top/u_phy_io/dqs3_dut/opit_0(gopDQS_DDC) on DQSL_6_148.
Placed instance u_DDR3/u_ipsl_hmic_h_phy_top/u_phy_io/dll_hmemc_dut/gopdll(gopDLL) on DLL_7_59, and placed u_DDR3/u_ipsl_hmic_h_phy_top/u_phy_io/dqs4_dut/opit_0(gopDQS_DDC) on DQSL_6_176.
Forbidden IOL_7_38.
Forbidden IOL_7_41.
Forbidden IOL_7_42.
Forbidden IOL_7_85.
Forbidden IOL_7_162.
Forbidden IOL_7_165.
Wirelength after Macro cell placement is 106798.
Macro cell placement takes 0.20 sec.
Run super clustering :
	Initial slack -6576.
	9 iterations finished.
	Final slack -1067.
Super clustering done.
Design Utilization : 45%.
Wirelength after post global placement is 98049.
Post global placement takes 18.95 sec.
Wirelength after legalization is 102413.
Legalization takes 2.67 sec.
Worst slack before Replication Place is -145.
Wirelength after replication placement is 102413.
Legalized cost -145.000000.
The detailed placement ends at 11th iteration.
Wirelength after detailed placement is 114053.
Timing-driven detailed placement takes 90.33 sec.
Placement done.
Total placement takes 147.69 sec.
Finished placement. (CPU time elapsed 0h:02m:33s)

Routing started.
Building routing graph takes 1.41 sec.
Worst slack is 1025.
Processing design graph takes 1.28 sec.
Total memory for routing:
	53.833546 M.
Total nets for routing : 12698.
Rcf routing step 1 processed 0 nets, it takes 0.00 sec.
Rcf routing step 2 processed 0 nets, it takes 0.00 sec.
Rcf routing step 3 processed 0 nets, it takes 0.00 sec.
Unrouted nets 0 at the end of iteration 0.
Global Routing step 1 processed 91 nets, it takes 0.05 sec.
Unrouted nets 228 at the end of iteration 0.
Unrouted nets 157 at the end of iteration 1.
Unrouted nets 106 at the end of iteration 2.
Unrouted nets 68 at the end of iteration 3.
Unrouted nets 41 at the end of iteration 4.
Unrouted nets 33 at the end of iteration 5.
Unrouted nets 19 at the end of iteration 6.
Unrouted nets 11 at the end of iteration 7.
Unrouted nets 8 at the end of iteration 8.
Unrouted nets 4 at the end of iteration 9.
Unrouted nets 0 at the end of iteration 10.
Global Routing step 2 processed 541 nets, it takes 0.70 sec.
Unrouted nets 216 at the end of iteration 0.
Unrouted nets 121 at the end of iteration 1.
Unrouted nets 88 at the end of iteration 2.
Unrouted nets 71 at the end of iteration 3.
Unrouted nets 63 at the end of iteration 4.
Unrouted nets 55 at the end of iteration 5.
Unrouted nets 33 at the end of iteration 6.
Unrouted nets 9 at the end of iteration 7.
Unrouted nets 11 at the end of iteration 8.
Unrouted nets 4 at the end of iteration 9.
Unrouted nets 4 at the end of iteration 10.
Unrouted nets 5 at the end of iteration 11.
Unrouted nets 5 at the end of iteration 12.
Unrouted nets 2 at the end of iteration 13.
Unrouted nets 3 at the end of iteration 14.
Unrouted nets 2 at the end of iteration 15.
Unrouted nets 0 at the end of iteration 16.
Global Routing step 3 processed 776 nets, it takes 4.00 sec.
Global routing takes 4.77 sec.
Total 15175 subnets.
    forward max bucket size 1049 , backward 365.
        Unrouted nets 10858 at the end of iteration 0.
    route iteration 0, CPU time elapsed 4.937500 sec.
    forward max bucket size 937 , backward 600.
        Unrouted nets 9728 at the end of iteration 1.
    route iteration 1, CPU time elapsed 4.781250 sec.
    forward max bucket size 1447 , backward 710.
        Unrouted nets 8516 at the end of iteration 2.
    route iteration 2, CPU time elapsed 4.296875 sec.
    forward max bucket size 1858 , backward 785.
        Unrouted nets 7518 at the end of iteration 3.
    route iteration 3, CPU time elapsed 3.968750 sec.
    forward max bucket size 3234 , backward 574.
        Unrouted nets 6666 at the end of iteration 4.
    route iteration 4, CPU time elapsed 4.000000 sec.
    forward max bucket size 3202 , backward 979.
        Unrouted nets 6061 at the end of iteration 5.
    route iteration 5, CPU time elapsed 4.218750 sec.
    forward max bucket size 3221 , backward 768.
        Unrouted nets 5392 at the end of iteration 6.
    route iteration 6, CPU time elapsed 3.078125 sec.
    forward max bucket size 4525 , backward 1016.
        Unrouted nets 4664 at the end of iteration 7.
    route iteration 7, CPU time elapsed 2.968750 sec.
    forward max bucket size 3039 , backward 773.
        Unrouted nets 4074 at the end of iteration 8.
    route iteration 8, CPU time elapsed 2.937500 sec.
    forward max bucket size 3909 , backward 916.
        Unrouted nets 3533 at the end of iteration 9.
    route iteration 9, CPU time elapsed 2.906250 sec.
    forward max bucket size 3891 , backward 649.
        Unrouted nets 3119 at the end of iteration 10.
    route iteration 10, CPU time elapsed 2.453125 sec.
    forward max bucket size 3510 , backward 742.
        Unrouted nets 2753 at the end of iteration 11.
    route iteration 11, CPU time elapsed 2.328125 sec.
    forward max bucket size 5070 , backward 922.
        Unrouted nets 2440 at the end of iteration 12.
    route iteration 12, CPU time elapsed 2.281250 sec.
    forward max bucket size 4586 , backward 893.
        Unrouted nets 2160 at the end of iteration 13.
    route iteration 13, CPU time elapsed 2.140625 sec.
    forward max bucket size 3563 , backward 844.
        Unrouted nets 1978 at the end of iteration 14.
    route iteration 14, CPU time elapsed 2.125000 sec.
    forward max bucket size 4199 , backward 792.
        Unrouted nets 1843 at the end of iteration 15.
    route iteration 15, CPU time elapsed 1.937500 sec.
    forward max bucket size 4336 , backward 700.
        Unrouted nets 1636 at the end of iteration 16.
    route iteration 16, CPU time elapsed 1.890625 sec.
    forward max bucket size 4586 , backward 852.
        Unrouted nets 1457 at the end of iteration 17.
    route iteration 17, CPU time elapsed 1.906250 sec.
    forward max bucket size 4742 , backward 849.
        Unrouted nets 1346 at the end of iteration 18.
    route iteration 18, CPU time elapsed 1.734375 sec.
    forward max bucket size 4060 , backward 1052.
        Unrouted nets 1283 at the end of iteration 19.
    route iteration 19, CPU time elapsed 1.750000 sec.
    forward max bucket size 4746 , backward 520.
        Unrouted nets 1158 at the end of iteration 20.
    route iteration 20, CPU time elapsed 1.765625 sec.
    forward max bucket size 4774 , backward 782.
        Unrouted nets 1113 at the end of iteration 21.
    route iteration 21, CPU time elapsed 1.625000 sec.
    forward max bucket size 4772 , backward 946.
        Unrouted nets 1028 at the end of iteration 22.
    route iteration 22, CPU time elapsed 1.421875 sec.
    forward max bucket size 3325 , backward 672.
        Unrouted nets 972 at the end of iteration 23.
    route iteration 23, CPU time elapsed 1.359375 sec.
    forward max bucket size 4151 , backward 476.
        Unrouted nets 932 at the end of iteration 24.
    route iteration 24, CPU time elapsed 1.171875 sec.
    forward max bucket size 5707 , backward 375.
        Unrouted nets 872 at the end of iteration 25.
    route iteration 25, CPU time elapsed 1.203125 sec.
    forward max bucket size 5778 , backward 354.
        Unrouted nets 843 at the end of iteration 26.
    route iteration 26, CPU time elapsed 1.234375 sec.
    forward max bucket size 4777 , backward 423.
        Unrouted nets 833 at the end of iteration 27.
    route iteration 27, CPU time elapsed 1.109375 sec.
    forward max bucket size 4308 , backward 830.
        Unrouted nets 808 at the end of iteration 28.
    route iteration 28, CPU time elapsed 1.078125 sec.
    forward max bucket size 4434 , backward 799.
        Unrouted nets 757 at the end of iteration 29.
    route iteration 29, CPU time elapsed 1.171875 sec.
    forward max bucket size 5949 , backward 795.
        Unrouted nets 729 at the end of iteration 30.
    route iteration 30, CPU time elapsed 1.125000 sec.
    forward max bucket size 3883 , backward 647.
        Unrouted nets 673 at the end of iteration 31.
    route iteration 31, CPU time elapsed 0.906250 sec.
    forward max bucket size 5189 , backward 548.
        Unrouted nets 646 at the end of iteration 32.
    route iteration 32, CPU time elapsed 0.875000 sec.
    forward max bucket size 4147 , backward 565.
        Unrouted nets 594 at the end of iteration 33.
    route iteration 33, CPU time elapsed 0.890625 sec.
    forward max bucket size 5143 , backward 726.
        Unrouted nets 547 at the end of iteration 34.
    route iteration 34, CPU time elapsed 0.906250 sec.
    forward max bucket size 3368 , backward 544.
        Unrouted nets 530 at the end of iteration 35.
    route iteration 35, CPU time elapsed 0.859375 sec.
    forward max bucket size 6060 , backward 625.
        Unrouted nets 493 at the end of iteration 36.
    route iteration 36, CPU time elapsed 0.906250 sec.
    forward max bucket size 4541 , backward 521.
        Unrouted nets 483 at the end of iteration 37.
    route iteration 37, CPU time elapsed 0.875000 sec.
    forward max bucket size 2914 , backward 471.
        Unrouted nets 464 at the end of iteration 38.
    route iteration 38, CPU time elapsed 0.812500 sec.
    forward max bucket size 2395 , backward 456.
        Unrouted nets 438 at the end of iteration 39.
    route iteration 39, CPU time elapsed 0.812500 sec.
    forward max bucket size 3757 , backward 523.
        Unrouted nets 422 at the end of iteration 40.
    route iteration 40, CPU time elapsed 0.953125 sec.
    forward max bucket size 4320 , backward 704.
        Unrouted nets 372 at the end of iteration 41.
    route iteration 41, CPU time elapsed 0.843750 sec.
    forward max bucket size 3737 , backward 958.
        Unrouted nets 370 at the end of iteration 42.
    route iteration 42, CPU time elapsed 0.765625 sec.
    forward max bucket size 2704 , backward 554.
        Unrouted nets 361 at the end of iteration 43.
    route iteration 43, CPU time elapsed 0.687500 sec.
    forward max bucket size 3003 , backward 483.
        Unrouted nets 359 at the end of iteration 44.
    route iteration 44, CPU time elapsed 0.734375 sec.
    forward max bucket size 2347 , backward 591.
        Unrouted nets 328 at the end of iteration 45.
    route iteration 45, CPU time elapsed 0.656250 sec.
    forward max bucket size 2924 , backward 510.
        Unrouted nets 297 at the end of iteration 46.
    route iteration 46, CPU time elapsed 0.687500 sec.
    forward max bucket size 2911 , backward 643.
        Unrouted nets 296 at the end of iteration 47.
    route iteration 47, CPU time elapsed 0.765625 sec.
    forward max bucket size 1799 , backward 543.
        Unrouted nets 282 at the end of iteration 48.
    route iteration 48, CPU time elapsed 0.562500 sec.
    forward max bucket size 4408 , backward 674.
        Unrouted nets 284 at the end of iteration 49.
    route iteration 49, CPU time elapsed 0.546875 sec.
    forward max bucket size 2732 , backward 640.
        Unrouted nets 303 at the end of iteration 50.
    route iteration 50, CPU time elapsed 0.515625 sec.
    forward max bucket size 3652 , backward 649.
        Unrouted nets 280 at the end of iteration 51.
    route iteration 51, CPU time elapsed 0.593750 sec.
    forward max bucket size 3558 , backward 688.
        Unrouted nets 330 at the end of iteration 52.
    route iteration 52, CPU time elapsed 0.562500 sec.
    forward max bucket size 3611 , backward 608.
        Unrouted nets 354 at the end of iteration 53.
    route iteration 53, CPU time elapsed 0.593750 sec.
    forward max bucket size 3922 , backward 418.
        Unrouted nets 335 at the end of iteration 54.
    route iteration 54, CPU time elapsed 0.578125 sec.
    forward max bucket size 3784 , backward 878.
        Unrouted nets 316 at the end of iteration 55.
    route iteration 55, CPU time elapsed 0.593750 sec.
    forward max bucket size 3490 , backward 419.
        Unrouted nets 323 at the end of iteration 56.
    route iteration 56, CPU time elapsed 0.578125 sec.
    forward max bucket size 3408 , backward 531.
        Unrouted nets 300 at the end of iteration 57.
    route iteration 57, CPU time elapsed 0.531250 sec.
    forward max bucket size 3278 , backward 639.
        Unrouted nets 269 at the end of iteration 58.
    route iteration 58, CPU time elapsed 0.515625 sec.
    forward max bucket size 3881 , backward 663.
        Unrouted nets 271 at the end of iteration 59.
    route iteration 59, CPU time elapsed 0.593750 sec.
    forward max bucket size 4716 , backward 702.
        Unrouted nets 254 at the end of iteration 60.
    route iteration 60, CPU time elapsed 0.468750 sec.
    forward max bucket size 2050 , backward 710.
        Unrouted nets 258 at the end of iteration 61.
    route iteration 61, CPU time elapsed 0.437500 sec.
    forward max bucket size 3650 , backward 607.
        Unrouted nets 236 at the end of iteration 62.
    route iteration 62, CPU time elapsed 0.515625 sec.
    forward max bucket size 3910 , backward 764.
        Unrouted nets 249 at the end of iteration 63.
    route iteration 63, CPU time elapsed 0.531250 sec.
    forward max bucket size 2879 , backward 806.
        Unrouted nets 230 at the end of iteration 64.
    route iteration 64, CPU time elapsed 0.500000 sec.
    forward max bucket size 4942 , backward 463.
        Unrouted nets 215 at the end of iteration 65.
    route iteration 65, CPU time elapsed 0.515625 sec.
    forward max bucket size 5727 , backward 581.
        Unrouted nets 210 at the end of iteration 66.
    route iteration 66, CPU time elapsed 0.453125 sec.
    forward max bucket size 3982 , backward 433.
        Unrouted nets 212 at the end of iteration 67.
    route iteration 67, CPU time elapsed 0.453125 sec.
    forward max bucket size 3757 , backward 557.
        Unrouted nets 230 at the end of iteration 68.
    route iteration 68, CPU time elapsed 0.468750 sec.
    forward max bucket size 6833 , backward 579.
        Unrouted nets 217 at the end of iteration 69.
    route iteration 69, CPU time elapsed 0.515625 sec.
    forward max bucket size 3506 , backward 733.
        Unrouted nets 194 at the end of iteration 70.
    route iteration 70, CPU time elapsed 0.406250 sec.
    forward max bucket size 3336 , backward 525.
        Unrouted nets 171 at the end of iteration 71.
    route iteration 71, CPU time elapsed 0.406250 sec.
    forward max bucket size 3583 , backward 418.
        Unrouted nets 128 at the end of iteration 72.
    route iteration 72, CPU time elapsed 0.359375 sec.
    forward max bucket size 2760 , backward 261.
        Unrouted nets 145 at the end of iteration 73.
    route iteration 73, CPU time elapsed 0.343750 sec.
    forward max bucket size 3620 , backward 529.
        Unrouted nets 159 at the end of iteration 74.
    route iteration 74, CPU time elapsed 0.343750 sec.
    forward max bucket size 1966 , backward 419.
        Unrouted nets 145 at the end of iteration 75.
    route iteration 75, CPU time elapsed 0.343750 sec.
    forward max bucket size 2785 , backward 231.
        Unrouted nets 125 at the end of iteration 76.
    route iteration 76, CPU time elapsed 0.328125 sec.
    forward max bucket size 2473 , backward 265.
        Unrouted nets 112 at the end of iteration 77.
    route iteration 77, CPU time elapsed 0.296875 sec.
    forward max bucket size 1731 , backward 491.
        Unrouted nets 111 at the end of iteration 78.
    route iteration 78, CPU time elapsed 0.250000 sec.
    forward max bucket size 1009 , backward 250.
        Unrouted nets 107 at the end of iteration 79.
    route iteration 79, CPU time elapsed 0.281250 sec.
    forward max bucket size 2443 , backward 300.
        Unrouted nets 102 at the end of iteration 80.
    route iteration 80, CPU time elapsed 0.296875 sec.
    forward max bucket size 3711 , backward 176.
        Unrouted nets 114 at the end of iteration 81.
    route iteration 81, CPU time elapsed 0.296875 sec.
    forward max bucket size 3284 , backward 682.
        Unrouted nets 117 at the end of iteration 82.
    route iteration 82, CPU time elapsed 0.312500 sec.
    forward max bucket size 5591 , backward 540.
        Unrouted nets 121 at the end of iteration 83.
    route iteration 83, CPU time elapsed 0.312500 sec.
    forward max bucket size 3750 , backward 541.
        Unrouted nets 125 at the end of iteration 84.
    route iteration 84, CPU time elapsed 0.328125 sec.
    forward max bucket size 2655 , backward 561.
        Unrouted nets 129 at the end of iteration 85.
    route iteration 85, CPU time elapsed 0.296875 sec.
    forward max bucket size 1348 , backward 402.
        Unrouted nets 125 at the end of iteration 86.
    route iteration 86, CPU time elapsed 0.281250 sec.
    forward max bucket size 1392 , backward 377.
        Unrouted nets 113 at the end of iteration 87.
    route iteration 87, CPU time elapsed 0.265625 sec.
    forward max bucket size 2336 , backward 414.
        Unrouted nets 91 at the end of iteration 88.
    route iteration 88, CPU time elapsed 0.265625 sec.
    forward max bucket size 4963 , backward 598.
        Unrouted nets 97 at the end of iteration 89.
    route iteration 89, CPU time elapsed 0.281250 sec.
    forward max bucket size 2964 , backward 383.
        Unrouted nets 101 at the end of iteration 90.
    route iteration 90, CPU time elapsed 0.281250 sec.
    forward max bucket size 3914 , backward 354.
        Unrouted nets 74 at the end of iteration 91.
    route iteration 91, CPU time elapsed 0.265625 sec.
    forward max bucket size 3941 , backward 223.
        Unrouted nets 67 at the end of iteration 92.
    route iteration 92, CPU time elapsed 0.281250 sec.
    forward max bucket size 1364 , backward 459.
        Unrouted nets 76 at the end of iteration 93.
    route iteration 93, CPU time elapsed 0.234375 sec.
    forward max bucket size 3522 , backward 342.
        Unrouted nets 66 at the end of iteration 94.
    route iteration 94, CPU time elapsed 0.250000 sec.
    forward max bucket size 932 , backward 435.
        Unrouted nets 50 at the end of iteration 95.
    route iteration 95, CPU time elapsed 0.203125 sec.
    forward max bucket size 1155 , backward 456.
        Unrouted nets 39 at the end of iteration 96.
    route iteration 96, CPU time elapsed 0.203125 sec.
    forward max bucket size 1558 , backward 93.
        Unrouted nets 47 at the end of iteration 97.
    route iteration 97, CPU time elapsed 0.234375 sec.
    forward max bucket size 2585 , backward 218.
        Unrouted nets 55 at the end of iteration 98.
    route iteration 98, CPU time elapsed 0.234375 sec.
    forward max bucket size 1329 , backward 360.
        Unrouted nets 50 at the end of iteration 99.
    route iteration 99, CPU time elapsed 0.250000 sec.
    forward max bucket size 1007 , backward 285.
        Unrouted nets 46 at the end of iteration 100.
    route iteration 100, CPU time elapsed 0.203125 sec.
    forward max bucket size 1020 , backward 114.
        Unrouted nets 36 at the end of iteration 101.
    route iteration 101, CPU time elapsed 0.203125 sec.
    forward max bucket size 1339 , backward 92.
        Unrouted nets 31 at the end of iteration 102.
    route iteration 102, CPU time elapsed 0.203125 sec.
    forward max bucket size 239 , backward 105.
        Unrouted nets 21 at the end of iteration 103.
    route iteration 103, CPU time elapsed 0.187500 sec.
    forward max bucket size 1092 , backward 193.
        Unrouted nets 21 at the end of iteration 104.
    route iteration 104, CPU time elapsed 0.187500 sec.
    forward max bucket size 1411 , backward 237.
        Unrouted nets 17 at the end of iteration 105.
    route iteration 105, CPU time elapsed 0.187500 sec.
    forward max bucket size 154 , backward 108.
        Unrouted nets 12 at the end of iteration 106.
    route iteration 106, CPU time elapsed 0.156250 sec.
    forward max bucket size 697 , backward 103.
        Unrouted nets 14 at the end of iteration 107.
    route iteration 107, CPU time elapsed 0.203125 sec.
    forward max bucket size 139 , backward 102.
        Unrouted nets 20 at the end of iteration 108.
    route iteration 108, CPU time elapsed 0.171875 sec.
    forward max bucket size 2595 , backward 206.
        Unrouted nets 17 at the end of iteration 109.
    route iteration 109, CPU time elapsed 0.218750 sec.
    forward max bucket size 834 , backward 162.
        Unrouted nets 23 at the end of iteration 110.
    route iteration 110, CPU time elapsed 0.218750 sec.
    forward max bucket size 816 , backward 161.
        Unrouted nets 23 at the end of iteration 111.
    route iteration 111, CPU time elapsed 0.187500 sec.
    forward max bucket size 1702 , backward 164.
        Unrouted nets 23 at the end of iteration 112.
    route iteration 112, CPU time elapsed 0.234375 sec.
    forward max bucket size 868 , backward 166.
        Unrouted nets 20 at the end of iteration 113.
    route iteration 113, CPU time elapsed 0.203125 sec.
    forward max bucket size 881 , backward 167.
        Unrouted nets 22 at the end of iteration 114.
    route iteration 114, CPU time elapsed 0.203125 sec.
    forward max bucket size 199 , backward 63.
        Unrouted nets 17 at the end of iteration 115.
    route iteration 115, CPU time elapsed 0.187500 sec.
    forward max bucket size 216 , backward 106.
        Unrouted nets 16 at the end of iteration 116.
    route iteration 116, CPU time elapsed 0.187500 sec.
    forward max bucket size 2757 , backward 143.
        Unrouted nets 25 at the end of iteration 117.
    route iteration 117, CPU time elapsed 0.250000 sec.
    forward max bucket size 695 , backward 120.
        Unrouted nets 28 at the end of iteration 118.
    route iteration 118, CPU time elapsed 0.203125 sec.
    forward max bucket size 443 , backward 248.
        Unrouted nets 41 at the end of iteration 119.
    route iteration 119, CPU time elapsed 0.203125 sec.
    forward max bucket size 704 , backward 224.
        Unrouted nets 48 at the end of iteration 120.
    route iteration 120, CPU time elapsed 0.203125 sec.
    forward max bucket size 939 , backward 198.
        Unrouted nets 44 at the end of iteration 121.
    route iteration 121, CPU time elapsed 0.218750 sec.
    forward max bucket size 828 , backward 45.
        Unrouted nets 33 at the end of iteration 122.
    route iteration 122, CPU time elapsed 0.203125 sec.
    forward max bucket size 2188 , backward 254.
        Unrouted nets 40 at the end of iteration 123.
    route iteration 123, CPU time elapsed 0.203125 sec.
    forward max bucket size 1295 , backward 228.
        Unrouted nets 40 at the end of iteration 124.
    route iteration 124, CPU time elapsed 0.218750 sec.
    forward max bucket size 4064 , backward 130.
        Unrouted nets 40 at the end of iteration 125.
    route iteration 125, CPU time elapsed 0.218750 sec.
    forward max bucket size 860 , backward 86.
        Unrouted nets 37 at the end of iteration 126.
    route iteration 126, CPU time elapsed 0.203125 sec.
    forward max bucket size 2004 , backward 260.
        Unrouted nets 43 at the end of iteration 127.
    route iteration 127, CPU time elapsed 0.203125 sec.
    forward max bucket size 770 , backward 154.
        Unrouted nets 33 at the end of iteration 128.
    route iteration 128, CPU time elapsed 0.203125 sec.
    forward max bucket size 648 , backward 253.
        Unrouted nets 37 at the end of iteration 129.
    route iteration 129, CPU time elapsed 0.218750 sec.
    forward max bucket size 647 , backward 83.
        Unrouted nets 34 at the end of iteration 130.
    route iteration 130, CPU time elapsed 0.203125 sec.
    forward max bucket size 641 , backward 71.
        Unrouted nets 34 at the end of iteration 131.
    route iteration 131, CPU time elapsed 0.187500 sec.
    forward max bucket size 1271 , backward 273.
        Unrouted nets 39 at the end of iteration 132.
    route iteration 132, CPU time elapsed 0.203125 sec.
    forward max bucket size 951 , backward 218.
        Unrouted nets 35 at the end of iteration 133.
    route iteration 133, CPU time elapsed 0.218750 sec.
    forward max bucket size 1931 , backward 139.
        Unrouted nets 35 at the end of iteration 134.
    route iteration 134, CPU time elapsed 0.234375 sec.
    forward max bucket size 950 , backward 87.
        Unrouted nets 33 at the end of iteration 135.
    route iteration 135, CPU time elapsed 0.218750 sec.
    forward max bucket size 946 , backward 208.
        Unrouted nets 37 at the end of iteration 136.
    route iteration 136, CPU time elapsed 0.203125 sec.
    forward max bucket size 910 , backward 270.
        Unrouted nets 44 at the end of iteration 137.
    route iteration 137, CPU time elapsed 0.203125 sec.
    forward max bucket size 2855 , backward 131.
        Unrouted nets 53 at the end of iteration 138.
    route iteration 138, CPU time elapsed 0.281250 sec.
    forward max bucket size 2978 , backward 156.
        Unrouted nets 68 at the end of iteration 139.
    route iteration 139, CPU time elapsed 0.265625 sec.
    forward max bucket size 1172 , backward 196.
        Unrouted nets 64 at the end of iteration 140.
    route iteration 140, CPU time elapsed 0.265625 sec.
    forward max bucket size 1687 , backward 427.
        Unrouted nets 58 at the end of iteration 141.
    route iteration 141, CPU time elapsed 0.250000 sec.
    forward max bucket size 721 , backward 164.
        Unrouted nets 49 at the end of iteration 142.
    route iteration 142, CPU time elapsed 0.234375 sec.
    forward max bucket size 2050 , backward 198.
        Unrouted nets 54 at the end of iteration 143.
    route iteration 143, CPU time elapsed 0.250000 sec.
    forward max bucket size 3797 , backward 263.
        Unrouted nets 62 at the end of iteration 144.
    route iteration 144, CPU time elapsed 0.281250 sec.
    forward max bucket size 2305 , backward 294.
        Unrouted nets 49 at the end of iteration 145.
    route iteration 145, CPU time elapsed 0.250000 sec.
    forward max bucket size 2695 , backward 248.
        Unrouted nets 56 at the end of iteration 146.
    route iteration 146, CPU time elapsed 0.250000 sec.
    forward max bucket size 3676 , backward 161.
        Unrouted nets 53 at the end of iteration 147.
    route iteration 147, CPU time elapsed 0.234375 sec.
    forward max bucket size 273 , backward 211.
        Unrouted nets 48 at the end of iteration 148.
    route iteration 148, CPU time elapsed 0.218750 sec.
    forward max bucket size 63 , backward 122.
        Unrouted nets 28 at the end of iteration 149.
    route iteration 149, CPU time elapsed 0.203125 sec.
    forward max bucket size 2190 , backward 359.
        Unrouted nets 36 at the end of iteration 150.
    route iteration 150, CPU time elapsed 0.218750 sec.
    forward max bucket size 2867 , backward 392.
        Unrouted nets 26 at the end of iteration 151.
    route iteration 151, CPU time elapsed 0.218750 sec.
    forward max bucket size 1970 , backward 361.
        Unrouted nets 22 at the end of iteration 152.
    route iteration 152, CPU time elapsed 0.203125 sec.
    forward max bucket size 2577 , backward 414.
        Unrouted nets 16 at the end of iteration 153.
    route iteration 153, CPU time elapsed 0.218750 sec.
    forward max bucket size 2475 , backward 388.
        Unrouted nets 25 at the end of iteration 154.
    route iteration 154, CPU time elapsed 0.218750 sec.
    forward max bucket size 2656 , backward 198.
        Unrouted nets 16 at the end of iteration 155.
    route iteration 155, CPU time elapsed 0.187500 sec.
    forward max bucket size 1031 , backward 324.
        Unrouted nets 13 at the end of iteration 156.
    route iteration 156, CPU time elapsed 0.203125 sec.
    forward max bucket size 204 , backward 171.
        Unrouted nets 18 at the end of iteration 157.
    route iteration 157, CPU time elapsed 0.203125 sec.
    forward max bucket size 371 , backward 102.
        Unrouted nets 17 at the end of iteration 158.
    route iteration 158, CPU time elapsed 0.203125 sec.
    forward max bucket size 783 , backward 122.
        Unrouted nets 27 at the end of iteration 159.
    route iteration 159, CPU time elapsed 0.203125 sec.
    forward max bucket size 721 , backward 152.
        Unrouted nets 26 at the end of iteration 160.
    route iteration 160, CPU time elapsed 0.218750 sec.
    forward max bucket size 719 , backward 219.
        Unrouted nets 17 at the end of iteration 161.
    route iteration 161, CPU time elapsed 0.203125 sec.
    forward max bucket size 1208 , backward 166.
        Unrouted nets 27 at the end of iteration 162.
    route iteration 162, CPU time elapsed 0.203125 sec.
    forward max bucket size 907 , backward 210.
        Unrouted nets 29 at the end of iteration 163.
    route iteration 163, CPU time elapsed 0.218750 sec.
    forward max bucket size 646 , backward 281.
        Unrouted nets 23 at the end of iteration 164.
    route iteration 164, CPU time elapsed 0.187500 sec.
    forward max bucket size 70 , backward 44.
        Unrouted nets 24 at the end of iteration 165.
    route iteration 165, CPU time elapsed 0.171875 sec.
    forward max bucket size 70 , backward 47.
        Unrouted nets 21 at the end of iteration 166.
    route iteration 166, CPU time elapsed 0.187500 sec.
    forward max bucket size 109 , backward 33.
        Unrouted nets 16 at the end of iteration 167.
    route iteration 167, CPU time elapsed 0.187500 sec.
    forward max bucket size 109 , backward 25.
        Unrouted nets 14 at the end of iteration 168.
    route iteration 168, CPU time elapsed 0.171875 sec.
    forward max bucket size 69 , backward 37.
        Unrouted nets 18 at the end of iteration 169.
    route iteration 169, CPU time elapsed 0.203125 sec.
    forward max bucket size 2324 , backward 393.
        Unrouted nets 12 at the end of iteration 170.
    route iteration 170, CPU time elapsed 0.203125 sec.
    forward max bucket size 2621 , backward 283.
        Unrouted nets 15 at the end of iteration 171.
    route iteration 171, CPU time elapsed 0.203125 sec.
    forward max bucket size 3527 , backward 152.
        Unrouted nets 12 at the end of iteration 172.
    route iteration 172, CPU time elapsed 0.203125 sec.
    forward max bucket size 2480 , backward 407.
        Unrouted nets 19 at the end of iteration 173.
    route iteration 173, CPU time elapsed 0.187500 sec.
    forward max bucket size 1050 , backward 229.
        Unrouted nets 15 at the end of iteration 174.
    route iteration 174, CPU time elapsed 0.171875 sec.
    forward max bucket size 2737 , backward 342.
        Unrouted nets 7 at the end of iteration 175.
    route iteration 175, CPU time elapsed 0.203125 sec.
    forward max bucket size 274 , backward 103.
        Unrouted nets 6 at the end of iteration 176.
    route iteration 176, CPU time elapsed 0.187500 sec.
    forward max bucket size 13 , backward 29.
        Unrouted nets 4 at the end of iteration 177.
    route iteration 177, CPU time elapsed 0.156250 sec.
    forward max bucket size 92 , backward 53.
        Unrouted nets 4 at the end of iteration 178.
    route iteration 178, CPU time elapsed 0.156250 sec.
    forward max bucket size 411 , backward 76.
        Unrouted nets 4 at the end of iteration 179.
    route iteration 179, CPU time elapsed 0.156250 sec.
    forward max bucket size 433 , backward 17.
        Unrouted nets 2 at the end of iteration 180.
    route iteration 180, CPU time elapsed 0.171875 sec.
    forward max bucket size 8 , backward 10.
        Unrouted nets 2 at the end of iteration 181.
    route iteration 181, CPU time elapsed 0.156250 sec.
    forward max bucket size 956 , backward 206.
        Unrouted nets 3 at the end of iteration 182.
    route iteration 182, CPU time elapsed 0.171875 sec.
    forward max bucket size 1153 , backward 225.
        Unrouted nets 6 at the end of iteration 183.
    route iteration 183, CPU time elapsed 0.171875 sec.
    forward max bucket size 1401 , backward 230.
        Unrouted nets 7 at the end of iteration 184.
    route iteration 184, CPU time elapsed 0.171875 sec.
    forward max bucket size 365 , backward 206.
        Unrouted nets 9 at the end of iteration 185.
    route iteration 185, CPU time elapsed 0.171875 sec.
    forward max bucket size 953 , backward 99.
        Unrouted nets 2 at the end of iteration 186.
    route iteration 186, CPU time elapsed 0.171875 sec.
    forward max bucket size 19 , backward 21.
        Unrouted nets 2 at the end of iteration 187.
    route iteration 187, CPU time elapsed 0.156250 sec.
    forward max bucket size 26 , backward 24.
        Unrouted nets 2 at the end of iteration 188.
    route iteration 188, CPU time elapsed 0.156250 sec.
    forward max bucket size 9 , backward 15.
        Unrouted nets 2 at the end of iteration 189.
    route iteration 189, CPU time elapsed 0.156250 sec.
    forward max bucket size 36 , backward 21.
        Unrouted nets 2 at the end of iteration 190.
    route iteration 190, CPU time elapsed 0.156250 sec.
    forward max bucket size 15 , backward 15.
        Unrouted nets 3 at the end of iteration 191.
    route iteration 191, CPU time elapsed 0.156250 sec.
    forward max bucket size 24 , backward 14.
        Unrouted nets 2 at the end of iteration 192.
    route iteration 192, CPU time elapsed 0.156250 sec.
    forward max bucket size 28 , backward 16.
        Unrouted nets 2 at the end of iteration 193.
    route iteration 193, CPU time elapsed 0.156250 sec.
    forward max bucket size 38 , backward 19.
        Unrouted nets 2 at the end of iteration 194.
    route iteration 194, CPU time elapsed 0.156250 sec.
    forward max bucket size 28 , backward 29.
        Unrouted nets 2 at the end of iteration 195.
    route iteration 195, CPU time elapsed 0.156250 sec.
    forward max bucket size 12 , backward 17.
        Unrouted nets 2 at the end of iteration 196.
    route iteration 196, CPU time elapsed 0.171875 sec.
    forward max bucket size 12 , backward 17.
        Unrouted nets 2 at the end of iteration 197.
    route iteration 197, CPU time elapsed 0.156250 sec.
    forward max bucket size 43 , backward 27.
        Unrouted nets 6 at the end of iteration 198.
    route iteration 198, CPU time elapsed 0.171875 sec.
    forward max bucket size 48 , backward 32.
        Unrouted nets 5 at the end of iteration 199.
    route iteration 199, CPU time elapsed 0.171875 sec.
    forward max bucket size 2018 , backward 42.
        Unrouted nets 5 at the end of iteration 200.
    route iteration 200, CPU time elapsed 0.187500 sec.
    forward max bucket size 2291 , backward 97.
        Unrouted nets 8 at the end of iteration 201.
    route iteration 201, CPU time elapsed 0.203125 sec.
    forward max bucket size 2576 , backward 336.
        Unrouted nets 6 at the end of iteration 202.
    route iteration 202, CPU time elapsed 0.171875 sec.
    forward max bucket size 2026 , backward 354.
        Unrouted nets 4 at the end of iteration 203.
    route iteration 203, CPU time elapsed 0.171875 sec.
    forward max bucket size 2443 , backward 136.
        Unrouted nets 6 at the end of iteration 204.
    route iteration 204, CPU time elapsed 0.187500 sec.
    forward max bucket size 1241 , backward 74.
        Unrouted nets 6 at the end of iteration 205.
    route iteration 205, CPU time elapsed 0.171875 sec.
    forward max bucket size 1927 , backward 42.
        Unrouted nets 3 at the end of iteration 206.
    route iteration 206, CPU time elapsed 0.171875 sec.
    forward max bucket size 314 , backward 42.
        Unrouted nets 5 at the end of iteration 207.
    route iteration 207, CPU time elapsed 0.156250 sec.
    forward max bucket size 1146 , backward 42.
        Unrouted nets 0 at the end of iteration 208.
    route iteration 208, CPU time elapsed 0.156250 sec.
C: Route-2036: The clock path from ex_clk_50m_ibuf/opit_1:OUT to u_DDR3/u_pll_50_400/u_pll_e1/goppll:CLKIN1 is routed by SRB.
Detailed routing takes 135.73 sec.
Fix violation Finished.
Hold Violation Fix in router takes 452.95 sec.

Dispose routing result:
    Collect routing result.
    Delete unused device instances.
    Annotate routing result.
    Change LUT configuration.
    Dispose misc instances.
I: Route-6001: Insert route through in CLMA_50_220.
I: Route-6001: Insert route through in CLMA_58_216.
I: Route-6001: Insert route through in CLMS_54_109.
I: Route-6001: Insert route through in CLMA_118_332.
I: Route-6001: Insert route through in CLMS_86_221.
I: Route-6001: Insert route through in CLMA_42_117.
I: Route-6001: Insert route through in CLMA_42_129.
I: Route-6001: Insert route through in CLMA_82_112.
I: Route-6001: Insert route through in CLMA_82_265.
I: Route-6001: Insert route through in CLMS_94_253.
I: Route-6001: Insert route through in CLMA_14_208.
I: Route-6001: Insert route through in CLMA_90_277.
I: Route-6001: Insert route through in CLMA_98_161.
I: Route-6001: Insert route through in CLMS_54_77.
I: Route-6001: Insert route through in CLMA_50_108.
I: Route-6001: Insert route through in CLMA_54_68.
I: Route-6001: Insert route through in CLMA_46_84.
I: Route-6001: Insert route through in CLMA_50_101.
I: Route-6001: Insert route through in CLMA_58_44.
I: Route-6001: Insert route through in CLMA_70_69.
I: Route-6001: Insert route through in CLMS_54_77.
I: Route-6001: Insert route through in CLMA_70_281.
I: Route-6001: Insert route through in CLMA_50_196.
I: Route-6001: Insert route through in CLMA_30_180.
I: Route-6001: Insert route through in CLMA_54_116.
I: Route-6001: Insert route through in CLMA_50_108.
I: Route-6001: Insert route through in CLMA_50_109.
I: Route-6001: Insert route through in CLMA_130_272.
I: Route-6001: Insert route through in CLMA_142_228.
I: Route-6001: Insert route through in CLMS_46_133.
I: Route-6001: Insert route through in CLMA_82_165.
I: Route-6001: Insert route through in CLMA_50_204.
I: Route-6001: Insert route through in CLMA_50_220.
I: Route-6001: Insert route through in CLMS_102_201.
I: Route-6001: Insert route through in CLMS_126_277.
I: Route-6001: Insert route through in CLMS_102_245.
I: Route-6001: Insert route through in CLMS_114_281.
I: Route-6001: Insert route through in CLMA_70_116.
I: Route-6001: Insert route through in CLMA_50_200.
I: Route-6001: Insert route through in CLMA_78_80.
I: Route-6001: Insert route through in CLMA_102_52.
I: Route-6001: Insert route through in CLMA_46_56.
I: Route-6001: Insert route through in CLMS_94_197.
I: Route-6001: Insert route through in CLMA_46_260.
I: Route-6001: Insert route through in CLMS_66_149.
I: Route-6001: Insert route through in CLMA_70_148.
I: Route-6001: Insert route through in CLMA_26_284.
I: Route-6001: Insert route through in CLMA_70_189.
I: Route-6001: Insert route through in CLMA_86_152.
I: Route-6001: Insert route through in CLMA_86_192.
I: Route-6001: Insert route through in CLMA_70_105.
I: Route-6001: Insert route through in CLMS_142_205.
I: Route-6001: Insert route through in CLMA_26_236.
I: Route-6001: Insert route through in CLMA_98_201.
I: Route-6001: Insert route through in CLMA_86_208.
I: Route-6001: Insert route through in CLMS_54_201.
I: Route-6001: Insert route through in CLMA_86_84.
I: Route-6001: Insert route through in CLMA_50_201.
I: Route-6001: Insert route through in CLMA_50_140.
I: Route-6001: Insert route through in CLMA_42_256.
I: Route-6001: Insert route through in CLMA_98_188.
I: Route-6001: Insert route through in CLMS_38_41.
I: Route-6001: Insert route through in CLMS_94_41.
I: Route-6001: Insert route through in CLMA_22_188.
I: Route-6001: Insert route through in CLMA_30_180.
I: Route-6001: Insert route through in CLMA_50_152.
I: Route-6001: Insert route through in CLMA_70_48.
I: Route-6001: Insert route through in CLMA_50_132.
I: Route-6001: Insert route through in CLMS_46_133.
I: Route-6001: Insert route through in CLMA_42_104.
I: Route-6001: Insert route through in CLMA_50_140.
I: Route-6001: Insert route through in CLMA_102_264.
I: Route-6001: Insert route through in CLMA_98_273.
I: Route-6001: Insert route through in CLMA_138_192.
I: Route-6001: Insert route through in CLMS_66_149.
I: Route-6001: Insert route through in CLMA_70_28.
I: Route-6001: Insert route through in CLMA_18_248.
I: Route-6001: Insert route through in USCM_74_110.
I: Route-6001: Insert route through in USCM_74_113.
I: Route-6001: Insert route through in USCM_74_109.
I: Route-6001: Insert route through in USCM_74_108.
I: Route-6001: Insert route through in USCM_74_133.
I: Route-6001: Insert route through in RCKB_7_184.
I: Route-6001: Insert route through in RCKB_151_186.
I: Route-6001: Insert route through in RCKB_7_61.
I: Route-6001: Insert route through in RCKB_7_62.
I: Route-6001: Insert route through in RCKB_151_308.
I: Route-6001: Insert route through in RCKB_7_60.
    Annotate routing result again.
Finish routing takes 3.91 sec.
No timing paths have hold violation.
Hold fix iterated 0 times
Hold violation fix takes 8.89 sec.
Used srb routing arc is 152379.
Cleanup routing takes 0.08 sec.
Routing done.
Total routing takes 610.69 sec.


Device Utilization Summary :
+----------------------------------------------------------------------------+
| Logic Utilization        | Used     | Available     | Utilization(%)     
+----------------------------------------------------------------------------+
| Use of ADC               | 0        | 1             | 0                   
| Use of APM               | 3        | 30            | 10                  
| Use of BKCL              | 6        | 6             | 100                 
| Use of CLMA              | 2320     | 3274          | 71                  
|   FF                     | 3709     | 19644         | 19                  
|   LUT                    | 6183     | 13096         | 47                  
|   LUT-FF pairs           | 2060     | 13096         | 16                  
| Use of CLMS              | 759      | 1110          | 68                  
|   FF                     | 1144     | 6660          | 17                  
|   LUT                    | 1924     | 4440          | 43                  
|   LUT-FF pairs           | 683      | 4440          | 15                  
|   Distributed RAM        | 96       | 4440          | 2                   
| Use of CRYSTAL           | 0        | 6             | 0                   
| Use of DLL               | 2        | 6             | 33                  
| Use of DQSL              | 5        | 18            | 28                  
| Use of DRM               | 27       | 48            | 56                  
| Use of FLSIF             | 0        | 1             | 0                   
| Use of FUSECODE          | 0        | 1             | 0                   
| Use of HARD0N1           | 0        | 2745          | 0                   
| Use of HMEMC             | 1        | 2             | 50                  
| Use of IO                | 87       | 240           | 36                  
|   IOBD                   | 42       | 120           | 35                  
|   IOBR                   | 1        | 6             | 17                  
|   IOBS                   | 44       | 114           | 39                  
| Use of IOCKDIV           | 1        | 12            | 8                   
| Use of IOCKDLY           | 1        | 24            | 4                   
| Use of IOCKGATE          | 2        | 12            | 17                  
| Use of IOCKGMUX_TEST     | 0        | 12            | 0                   
| Use of IOL               | 87       | 240           | 36                  
| Use of IPAL              | 0        | 1             | 0                   
| Use of MFG_TEST          | 0        | 1             | 0                   
| Use of OSC               | 0        | 1             | 0                   
| Use of PLL               | 1        | 6             | 17                  
| Use of PREGMUX_TEST      | 0        | 6             | 0                   
| Use of RCKB              | 6        | 24            | 25                  
| Use of RCKBMUX_TEST      | 0        | 12            | 0                   
| Use of RESCAL            | 0        | 6             | 0                   
| Use of SCANCHAIN         | 0        | 4             | 0                   
| Use of START             | 1        | 1             | 100                 
| Use of UDID              | 0        | 1             | 0                   
| Use of USCM              | 9        | 20            | 45                  
| Use of USCMMUX_TEST      | 0        | 20            | 0                   
| Use of VCKBMUX_TEST      | 0        | 12            | 0                   
+----------------------------------------------------------------------------+

Finished routing. (CPU time elapsed 0h:13m:25s)
Design 'm1_soc_top' has been placed and routed successfully.
Saving design to DB.
Action pnr: Real time elapsed is 814.000 sec
Action pnr: CPU time elapsed is 809.734 sec
Current time: Thu Apr  8 20:16:48 2021
Action pnr: Peak memory pool usage is 1,119,916,032 bytes
Finished placement and routing. (CPU time elapsed 0h:13m:25s)
