


ARM Macro Assembler    Page 1 


    1 00000000         ; ******************************************************
                       ********************************
    2 00000000         ; *
    3 00000000         ;   (C) COPYRIGHT 2014-2019 PANGO 
    4 00000000         ; *
    5 00000000         ; * File Name : startup_PANGO_M1.s
    6 00000000         ; * Author  : Embedded Development Team
    7 00000000         ; * Version  : V1.0.0
    8 00000000         ; * Date  : 2019-09-09 09:09:09
    9 00000000         ; * Description : Cortex-M1 vector table for ARM toolcha
                       in
   10 00000000         ; *     This module performs:
   11 00000000         ; *     - Set the initial SP
   12 00000000         ; *     - Set the initial PC == Reset_Handler
   13 00000000         ; *     - Set the vector table entries with exceptions I
                       SR address
   14 00000000         ; *     - Configure the system clock
   15 00000000         ; *     - Branches to __main in the C library(which even
                       tually calls main())
   16 00000000         ; *     After Reset the Cortex-M1 processor is in Thread
                        mode,
   17 00000000         ; *     priority is Privileged and the Stach is set to M
                       ain
   18 00000000         ; *
   19 00000000         ; * <<< Use Configuration Wizard in Context Menu >>>
   20 00000000         ; *
   21 00000000         ; ******************************************************
                       **********************************
   22 00000000         
   23 00000000         ;<h> Stack Configuration
   24 00000000         ;  <o> Stack Size (in Bytes) <0x0-0xFFFFFFFF:8>
   25 00000000         ;</h>
   26 00000000         
   27 00000000 00000100 
                       Stack_Size
                               EQU              0x00000100
   28 00000000         
   29 00000000                 AREA             STACK, NOINIT, READWRITE, ALIGN
=3
   30 00000000         __stack_limit
   31 00000000         Stack_Mem
                               SPACE            Stack_Size
   32 00000100         __initial_sp
   33 00000100         
   34 00000100         
   35 00000100         ;<h> Heap Configuration
   36 00000100         ;  <o> Heap Size (in Bytes) <0x0-0xFFFFFFFF:8>
   37 00000100         ;</h>
   38 00000100         
   39 00000100 00000100 
                       Heap_Size
                               EQU              0x00000100
   40 00000100         
   41 00000100                 IF               Heap_Size != 0 
                                                            ; Heap is provided
   42 00000100                 AREA             HEAP, NOINIT, READWRITE, ALIGN=
3
   43 00000000         __heap_base
   44 00000000         Heap_Mem



ARM Macro Assembler    Page 2 


                               SPACE            Heap_Size
   45 00000100         __heap_limit
   46 00000100                 ENDIF
   47 00000100         
   48 00000100         
   49 00000100                 PRESERVE8
   50 00000100                 THUMB
   51 00000100         
   52 00000100         
   53 00000100         ; Vector Table Mapped to Address 0 at Reset
   54 00000100         
   55 00000100                 AREA             RESET, DATA, READONLY
   56 00000000                 EXPORT           __Vectors
   57 00000000                 EXPORT           __Vectors_End
   58 00000000                 EXPORT           __Vectors_Size
   59 00000000         
   60 00000000 00000000 
                       __Vectors
                               DCD              __initial_sp ;     Top of Stack
                                                            
   61 00000004 00000000        DCD              Reset_Handler 
                                                            ;     Reset Handler
                                                            
   62 00000008 00000000        DCD              NMI_Handler ; -14 NMI Handler
   63 0000000C 00000000        DCD              HardFault_Handler ; -13 Hard Fa
                                                            ult Handler
   64 00000010 00000000        DCD              0           ;     Reserved
   65 00000014 00000000        DCD              0           ;     Reserved
   66 00000018 00000000        DCD              0           ;     Reserved
   67 0000001C 00000000        DCD              0           ;     Reserved
   68 00000020 00000000        DCD              0           ;     Reserved
   69 00000024 00000000        DCD              0           ;     Reserved
   70 00000028 00000000        DCD              0           ;     Reserved
   71 0000002C 00000000        DCD              SVC_Handler ;  -5 SVCall Handle
                                                            r
   72 00000030 00000000        DCD              0           ;     Reserved
   73 00000034 00000000        DCD              0           ;     Reserved
   74 00000038 00000000        DCD              PendSV_Handler ;  -2 PendSV Han
                                                            dler
   75 0000003C 00000000        DCD              SysTick_Handler ;  -1 SysTick H
                                                            andler
   76 00000040         
   77 00000040         ; Interrupts
   78 00000040 00000000        DCD              UART0_Handler ;   0 UART0 Inter
                                                            rupt handler
   79 00000044 00000000        DCD              UART1_Handler ;   1 UART1 Inter
                                                            rupt handler
   80 00000048 00000000        DCD              TIMER0_Handler ;   2 TIMER0 Int
                                                            errupt handler
   81 0000004C 00000000        DCD              TIMER1_Handler ;   3 TIMER1 Int
                                                            errupt handler
   82 00000050 00000000        DCD              GPIO0_Handler ;   4 GPIO0 Inter
                                                            rupt handler
   83 00000054 00000000        DCD              UARTOVF_Handler ;   5 UART0,1 O
                                                            verflow Interrupt h
                                                            andler
   84 00000058 00000000        DCD              ENT_Handler ;   6 Ethernet Inte
                                                            rrupt handler
   85 0000005C 00000000        DCD              I2C_Handler ;   7 I2C Interrupt



ARM Macro Assembler    Page 3 


                                                             handler
   86 00000060 00000000        DCD              CAN_Handler ;   8 CAN Interrupt
                                                             handler
   87 00000064 00000000        DCD              RTC_Handler ;   9 RTC Interrupt
                                                             handler
   88 00000068 00000000        DCD              Interrupt10_Handler 
                                                            ;   10 Interrupt 10
                                                            
   89 0000006C 00000000        DCD              DTimer_Handler ;   11 DualTimer
                                                             Interrupt handler
   90 00000070 00000000        DCD              TRNG_Handler ;   12 TRNG Interr
                                                            upt handler
   91 00000074 00000000        DCD              Interrupt13_Handler 
                                                            ;  13 Interrupt 13
   92 00000078 00000000        DCD              Interrupt14_Handler 
                                                            ;   14 Interrupt 14
                                                            
   93 0000007C 00000000        DCD              Interrupt15_Handler 
                                                            ;   15 Interrupt 15
                                                            
   94 00000080 00000000        DCD              Interrupt16_Handler 
                                                            ;   16 Interrupt 16
                                                            
   95 00000084 00000000        DCD              Interrupt17_Handler 
                                                            ;   17 Interrupt 17
                                                            
   96 00000088 00000000        DCD              Interrupt18_Handler 
                                                            ;   18 Interrupt 18
                                                            
   97 0000008C 00000000        DCD              Interrupt19_Handler 
                                                            ;   19 Interrupt 19
                                                            
   98 00000090 00000000        DCD              Interrupt20_Handler 
                                                            ;   20 Interrupt 20
                                                            
   99 00000094 00000000        DCD              Interrupt21_Handler 
                                                            ;   21 Interrupt 21
                                                            
  100 00000098 00000000        DCD              Interrupt22_Handler 
                                                            ;   22 Interrupt 22
                                                            
  101 0000009C 00000000        DCD              Interrupt23_Handler 
                                                            ;   23 Interrupt 23
                                                            
  102 000000A0 00000000        DCD              Interrupt24_Handler 
                                                            ;   24 Interrupt 24
                                                            
  103 000000A4 00000000        DCD              Interrupt25_Handler 
                                                            ;   25 Interrupt 25
                                                            
  104 000000A8 00000000        DCD              Interrupt26_Handler 
                                                            ;   26 Interrupt 26
                                                            
  105 000000AC 00000000        DCD              Interrupt27_Handler 
                                                            ;   27 Interrupt 27
                                                            
  106 000000B0 00000000        DCD              Interrupt28_Handler 
                                                            ;   28 Interrupt 28
                                                            



ARM Macro Assembler    Page 4 


  107 000000B4 00000000        DCD              Interrupt29_Handler 
                                                            ;   29 Interrupt 29
                                                            
  108 000000B8 00000000        DCD              Interrupt30_Handler 
                                                            ;   30 Interrupt 30
                                                            
  109 000000BC 00000000        DCD              Interrupt31_Handler 
                                                            ;   31 Interrupt 31
                                                            
  110 000000C0         __Vectors_End
  111 000000C0 000000C0 
                       __Vectors_Size
                               EQU              __Vectors_End - __Vectors
  112 000000C0         
  113 000000C0         
  114 000000C0                 AREA             |.text|, CODE, READONLY
  115 00000000         
  116 00000000         ; Reset Handler
  117 00000000         
  118 00000000         Reset_Handler
                               PROC
  119 00000000                 EXPORT           Reset_Handler             [WEAK
]
  120 00000000                 IMPORT           SystemInit
  121 00000000                 IMPORT           __main
  122 00000000         
  123 00000000 4814            LDR              R0, =SystemInit
  124 00000002 4780            BLX              R0
  125 00000004 4814            LDR              R0, =__main
  126 00000006 4700            BX               R0
  127 00000008                 ENDP
  128 00000008         
  129 00000008         
  130 00000008         ; Macro to define default exception/interrupt handlers.
  131 00000008         ; Default handler are weak symbols with an endless loop.
                       
  132 00000008         ; They can be overwritten by real handlers.
  133 00000008                 MACRO
  134 00000008                 Set_Default_Handler
                                                $Handler_Name
  135 00000008         $Handler_Name
                               PROC
  136 00000008                 EXPORT           $Handler_Name             [WEAK
]
  137 00000008                 B                .
  138 00000008                 ENDP
  139 00000008                 MEND
  140 00000008         
  141 00000008         
  142 00000008         ; Default exception/interrupt handler
  143 00000008         
  144 00000008                 Set_Default_Handler
                                                NMI_Handler
  135 00000008         NMI_Handler
                               PROC
  136 00000008                 EXPORT           NMI_Handler             [WEAK]
  137 00000008 E7FE            B                .
  138 0000000A                 ENDP
  145 0000000A                 Set_Default_Handler



ARM Macro Assembler    Page 5 


                                                HardFault_Handler
  135 0000000A         HardFault_Handler
                               PROC
  136 0000000A                 EXPORT           HardFault_Handler             [
WEAK]
  137 0000000A E7FE            B                .
  138 0000000C                 ENDP
  146 0000000C                 Set_Default_Handler
                                                SVC_Handler
  135 0000000C         SVC_Handler
                               PROC
  136 0000000C                 EXPORT           SVC_Handler             [WEAK]
  137 0000000C E7FE            B                .
  138 0000000E                 ENDP
  147 0000000E                 Set_Default_Handler
                                                PendSV_Handler
  135 0000000E         PendSV_Handler
                               PROC
  136 0000000E                 EXPORT           PendSV_Handler             [WEA
K]
  137 0000000E E7FE            B                .
  138 00000010                 ENDP
  148 00000010                 Set_Default_Handler
                                                SysTick_Handler
  135 00000010         SysTick_Handler
                               PROC
  136 00000010                 EXPORT           SysTick_Handler             [WE
AK]
  137 00000010 E7FE            B                .
  138 00000012                 ENDP
  149 00000012         
  150 00000012                 Set_Default_Handler
                                                UART0_Handler
  135 00000012         UART0_Handler
                               PROC
  136 00000012                 EXPORT           UART0_Handler             [WEAK
]
  137 00000012 E7FE            B                .
  138 00000014                 ENDP
  151 00000014                 Set_Default_Handler
                                                UART1_Handler
  135 00000014         UART1_Handler
                               PROC
  136 00000014                 EXPORT           UART1_Handler             [WEAK
]
  137 00000014 E7FE            B                .
  138 00000016                 ENDP
  152 00000016                 Set_Default_Handler
                                                TIMER0_Handler
  135 00000016         TIMER0_Handler
                               PROC
  136 00000016                 EXPORT           TIMER0_Handler             [WEA
K]
  137 00000016 E7FE            B                .
  138 00000018                 ENDP
  153 00000018                 Set_Default_Handler
                                                TIMER1_Handler
  135 00000018         TIMER1_Handler
                               PROC



ARM Macro Assembler    Page 6 


  136 00000018                 EXPORT           TIMER1_Handler             [WEA
K]
  137 00000018 E7FE            B                .
  138 0000001A                 ENDP
  154 0000001A                 Set_Default_Handler
                                                GPIO0_Handler
  135 0000001A         GPIO0_Handler
                               PROC
  136 0000001A                 EXPORT           GPIO0_Handler             [WEAK
]
  137 0000001A E7FE            B                .
  138 0000001C                 ENDP
  155 0000001C                 Set_Default_Handler
                                                UARTOVF_Handler
  135 0000001C         UARTOVF_Handler
                               PROC
  136 0000001C                 EXPORT           UARTOVF_Handler             [WE
AK]
  137 0000001C E7FE            B                .
  138 0000001E                 ENDP
  156 0000001E                 Set_Default_Handler
                                                ENT_Handler
  135 0000001E         ENT_Handler
                               PROC
  136 0000001E                 EXPORT           ENT_Handler             [WEAK]
  137 0000001E E7FE            B                .
  138 00000020                 ENDP
  157 00000020                 Set_Default_Handler
                                                I2C_Handler
  135 00000020         I2C_Handler
                               PROC
  136 00000020                 EXPORT           I2C_Handler             [WEAK]
  137 00000020 E7FE            B                .
  138 00000022                 ENDP
  158 00000022                 Set_Default_Handler
                                                CAN_Handler
  135 00000022         CAN_Handler
                               PROC
  136 00000022                 EXPORT           CAN_Handler             [WEAK]
  137 00000022 E7FE            B                .
  138 00000024                 ENDP
  159 00000024                 Set_Default_Handler
                                                RTC_Handler
  135 00000024         RTC_Handler
                               PROC
  136 00000024                 EXPORT           RTC_Handler             [WEAK]
  137 00000024 E7FE            B                .
  138 00000026                 ENDP
  160 00000026                 Set_Default_Handler
                                                Interrupt10_Handler
  135 00000026         Interrupt10_Handler
                               PROC
  136 00000026                 EXPORT           Interrupt10_Handler            
 [WEAK]
  137 00000026 E7FE            B                .
  138 00000028                 ENDP
  161 00000028                 Set_Default_Handler
                                                DTimer_Handler
  135 00000028         DTimer_Handler



ARM Macro Assembler    Page 7 


                               PROC
  136 00000028                 EXPORT           DTimer_Handler             [WEA
K]
  137 00000028 E7FE            B                .
  138 0000002A                 ENDP
  162 0000002A                 Set_Default_Handler
                                                TRNG_Handler
  135 0000002A         TRNG_Handler
                               PROC
  136 0000002A                 EXPORT           TRNG_Handler             [WEAK]
  137 0000002A E7FE            B                .
  138 0000002C                 ENDP
  163 0000002C                 Set_Default_Handler
                                                Interrupt13_Handler
  135 0000002C         Interrupt13_Handler
                               PROC
  136 0000002C                 EXPORT           Interrupt13_Handler            
 [WEAK]
  137 0000002C E7FE            B                .
  138 0000002E                 ENDP
  164 0000002E                 Set_Default_Handler
                                                Interrupt14_Handler
  135 0000002E         Interrupt14_Handler
                               PROC
  136 0000002E                 EXPORT           Interrupt14_Handler            
 [WEAK]
  137 0000002E E7FE            B                .
  138 00000030                 ENDP
  165 00000030                 Set_Default_Handler
                                                Interrupt15_Handler
  135 00000030         Interrupt15_Handler
                               PROC
  136 00000030                 EXPORT           Interrupt15_Handler            
 [WEAK]
  137 00000030 E7FE            B                .
  138 00000032                 ENDP
  166 00000032                 Set_Default_Handler
                                                Interrupt16_Handler
  135 00000032         Interrupt16_Handler
                               PROC
  136 00000032                 EXPORT           Interrupt16_Handler            
 [WEAK]
  137 00000032 E7FE            B                .
  138 00000034                 ENDP
  167 00000034                 Set_Default_Handler
                                                Interrupt17_Handler
  135 00000034         Interrupt17_Handler
                               PROC
  136 00000034                 EXPORT           Interrupt17_Handler            
 [WEAK]
  137 00000034 E7FE            B                .
  138 00000036                 ENDP
  168 00000036                 Set_Default_Handler
                                                Interrupt18_Handler
  135 00000036         Interrupt18_Handler
                               PROC
  136 00000036                 EXPORT           Interrupt18_Handler            
 [WEAK]
  137 00000036 E7FE            B                .



ARM Macro Assembler    Page 8 


  138 00000038                 ENDP
  169 00000038                 Set_Default_Handler
                                                Interrupt19_Handler
  135 00000038         Interrupt19_Handler
                               PROC
  136 00000038                 EXPORT           Interrupt19_Handler            
 [WEAK]
  137 00000038 E7FE            B                .
  138 0000003A                 ENDP
  170 0000003A                 Set_Default_Handler
                                                Interrupt20_Handler
  135 0000003A         Interrupt20_Handler
                               PROC
  136 0000003A                 EXPORT           Interrupt20_Handler            
 [WEAK]
  137 0000003A E7FE            B                .
  138 0000003C                 ENDP
  171 0000003C                 Set_Default_Handler
                                                Interrupt21_Handler
  135 0000003C         Interrupt21_Handler
                               PROC
  136 0000003C                 EXPORT           Interrupt21_Handler            
 [WEAK]
  137 0000003C E7FE            B                .
  138 0000003E                 ENDP
  172 0000003E                 Set_Default_Handler
                                                Interrupt22_Handler
  135 0000003E         Interrupt22_Handler
                               PROC
  136 0000003E                 EXPORT           Interrupt22_Handler            
 [WEAK]
  137 0000003E E7FE            B                .
  138 00000040                 ENDP
  173 00000040                 Set_Default_Handler
                                                Interrupt23_Handler
  135 00000040         Interrupt23_Handler
                               PROC
  136 00000040                 EXPORT           Interrupt23_Handler            
 [WEAK]
  137 00000040 E7FE            B                .
  138 00000042                 ENDP
  174 00000042                 Set_Default_Handler
                                                Interrupt24_Handler
  135 00000042         Interrupt24_Handler
                               PROC
  136 00000042                 EXPORT           Interrupt24_Handler            
 [WEAK]
  137 00000042 E7FE            B                .
  138 00000044                 ENDP
  175 00000044                 Set_Default_Handler
                                                Interrupt25_Handler
  135 00000044         Interrupt25_Handler
                               PROC
  136 00000044                 EXPORT           Interrupt25_Handler            
 [WEAK]
  137 00000044 E7FE            B                .
  138 00000046                 ENDP
  176 00000046                 Set_Default_Handler
                                                Interrupt26_Handler



ARM Macro Assembler    Page 9 


  135 00000046         Interrupt26_Handler
                               PROC
  136 00000046                 EXPORT           Interrupt26_Handler            
 [WEAK]
  137 00000046 E7FE            B                .
  138 00000048                 ENDP
  177 00000048                 Set_Default_Handler
                                                Interrupt27_Handler
  135 00000048         Interrupt27_Handler
                               PROC
  136 00000048                 EXPORT           Interrupt27_Handler            
 [WEAK]
  137 00000048 E7FE            B                .
  138 0000004A                 ENDP
  178 0000004A                 Set_Default_Handler
                                                Interrupt28_Handler
  135 0000004A         Interrupt28_Handler
                               PROC
  136 0000004A                 EXPORT           Interrupt28_Handler            
 [WEAK]
  137 0000004A E7FE            B                .
  138 0000004C                 ENDP
  179 0000004C                 Set_Default_Handler
                                                Interrupt29_Handler
  135 0000004C         Interrupt29_Handler
                               PROC
  136 0000004C                 EXPORT           Interrupt29_Handler            
 [WEAK]
  137 0000004C E7FE            B                .
  138 0000004E                 ENDP
  180 0000004E                 Set_Default_Handler
                                                Interrupt30_Handler
  135 0000004E         Interrupt30_Handler
                               PROC
  136 0000004E                 EXPORT           Interrupt30_Handler            
 [WEAK]
  137 0000004E E7FE            B                .
  138 00000050                 ENDP
  181 00000050                 Set_Default_Handler
                                                Interrupt31_Handler
  135 00000050         Interrupt31_Handler
                               PROC
  136 00000050                 EXPORT           Interrupt31_Handler            
 [WEAK]
  137 00000050 E7FE            B                .
  138 00000052                 ENDP
  182 00000052         
  183 00000052 00 00           ALIGN
  184 00000054         
  185 00000054         
  186 00000054         ; User setup Stack & Heap
  187 00000054         
  188 00000054                 EXPORT           __stack_limit
  189 00000054                 EXPORT           __initial_sp
  190 00000054                 IF               Heap_Size != 0 
                                                            ; Heap is provided
  191 00000054                 EXPORT           __heap_base
  192 00000054                 EXPORT           __heap_limit
  193 00000054                 ENDIF



ARM Macro Assembler    Page 10 


  194 00000054         
  195 00000054                 END
              00000000 
              00000000 
Command Line: --debug --xref --diag_suppress=9931 --cpu=Cortex-M1 --apcs=interw
ork --depend=.\objects\startup_pango_m1.d -o.\objects\startup_pango_m1.o -IC:\U
sers\yangl\AppData\Local\Arm\Packs\ARM\CMSIS\5.7.0\Device\ARM\ARMCM1\Include -I
C:\Keil_v5\ARM\CMSIS\Include --predefine="__EVAL SETA 1" --predefine="__UVISION
_VERSION SETA 533" --predefine="ARMCM1 SETA 1" --list=.\listings\startup_pango_
m1.lst ..\STARTUP\startup_PANGO_M1.s



ARM Macro Assembler    Page 1 Alphabetic symbol ordering
Relocatable symbols

STACK 00000000

Symbol: STACK
   Definitions
      At line 29 in file ..\STARTUP\startup_PANGO_M1.s
   Uses
      None
Comment: STACK unused
Stack_Mem 00000000

Symbol: Stack_Mem
   Definitions
      At line 31 in file ..\STARTUP\startup_PANGO_M1.s
   Uses
      None
Comment: Stack_Mem unused
__initial_sp 00000100

Symbol: __initial_sp
   Definitions
      At line 32 in file ..\STARTUP\startup_PANGO_M1.s
   Uses
      At line 60 in file ..\STARTUP\startup_PANGO_M1.s
      At line 189 in file ..\STARTUP\startup_PANGO_M1.s

__stack_limit 00000000

Symbol: __stack_limit
   Definitions
      At line 30 in file ..\STARTUP\startup_PANGO_M1.s
   Uses
      At line 188 in file ..\STARTUP\startup_PANGO_M1.s
Comment: __stack_limit used once
4 symbols



ARM Macro Assembler    Page 1 Alphabetic symbol ordering
Relocatable symbols

HEAP 00000000

Symbol: HEAP
   Definitions
      At line 42 in file ..\STARTUP\startup_PANGO_M1.s
   Uses
      None
Comment: HEAP unused
Heap_Mem 00000000

Symbol: Heap_Mem
   Definitions
      At line 44 in file ..\STARTUP\startup_PANGO_M1.s
   Uses
      None
Comment: Heap_Mem unused
__heap_base 00000000

Symbol: __heap_base
   Definitions
      At line 43 in file ..\STARTUP\startup_PANGO_M1.s
   Uses
      At line 191 in file ..\STARTUP\startup_PANGO_M1.s
Comment: __heap_base used once
__heap_limit 00000100

Symbol: __heap_limit
   Definitions
      At line 45 in file ..\STARTUP\startup_PANGO_M1.s
   Uses
      At line 192 in file ..\STARTUP\startup_PANGO_M1.s
Comment: __heap_limit used once
4 symbols



ARM Macro Assembler    Page 1 Alphabetic symbol ordering
Relocatable symbols

RESET 00000000

Symbol: RESET
   Definitions
      At line 55 in file ..\STARTUP\startup_PANGO_M1.s
   Uses
      None
Comment: RESET unused
__Vectors 00000000

Symbol: __Vectors
   Definitions
      At line 60 in file ..\STARTUP\startup_PANGO_M1.s
   Uses
      At line 56 in file ..\STARTUP\startup_PANGO_M1.s
      At line 111 in file ..\STARTUP\startup_PANGO_M1.s

__Vectors_End 000000C0

Symbol: __Vectors_End
   Definitions
      At line 110 in file ..\STARTUP\startup_PANGO_M1.s
   Uses
      At line 57 in file ..\STARTUP\startup_PANGO_M1.s
      At line 111 in file ..\STARTUP\startup_PANGO_M1.s

3 symbols



ARM Macro Assembler    Page 1 Alphabetic symbol ordering
Relocatable symbols

.text 00000000

Symbol: .text
   Definitions
      At line 114 in file ..\STARTUP\startup_PANGO_M1.s
   Uses
      None
Comment: .text unused
CAN_Handler 00000022

Symbol: CAN_Handler
   Definitions
      At line 135 in macro Set_Default_Handler
      at line 158 in file ..\STARTUP\startup_PANGO_M1.s
   Uses
      At line 86 in file ..\STARTUP\startup_PANGO_M1.s
      At line 136 in macro Set_Default_Handler
      at line 158 in file ..\STARTUP\startup_PANGO_M1.s

DTimer_Handler 00000028

Symbol: DTimer_Handler
   Definitions
      At line 135 in macro Set_Default_Handler
      at line 161 in file ..\STARTUP\startup_PANGO_M1.s
   Uses
      At line 89 in file ..\STARTUP\startup_PANGO_M1.s
      At line 136 in macro Set_Default_Handler
      at line 161 in file ..\STARTUP\startup_PANGO_M1.s

ENT_Handler 0000001E

Symbol: ENT_Handler
   Definitions
      At line 135 in macro Set_Default_Handler
      at line 156 in file ..\STARTUP\startup_PANGO_M1.s
   Uses
      At line 84 in file ..\STARTUP\startup_PANGO_M1.s
      At line 136 in macro Set_Default_Handler
      at line 156 in file ..\STARTUP\startup_PANGO_M1.s

GPIO0_Handler 0000001A

Symbol: GPIO0_Handler
   Definitions
      At line 135 in macro Set_Default_Handler
      at line 154 in file ..\STARTUP\startup_PANGO_M1.s
   Uses
      At line 82 in file ..\STARTUP\startup_PANGO_M1.s
      At line 136 in macro Set_Default_Handler
      at line 154 in file ..\STARTUP\startup_PANGO_M1.s

HardFault_Handler 0000000A

Symbol: HardFault_Handler
   Definitions
      At line 135 in macro Set_Default_Handler
      at line 145 in file ..\STARTUP\startup_PANGO_M1.s
   Uses



ARM Macro Assembler    Page 2 Alphabetic symbol ordering
Relocatable symbols

      At line 63 in file ..\STARTUP\startup_PANGO_M1.s
      At line 136 in macro Set_Default_Handler
      at line 145 in file ..\STARTUP\startup_PANGO_M1.s

I2C_Handler 00000020

Symbol: I2C_Handler
   Definitions
      At line 135 in macro Set_Default_Handler
      at line 157 in file ..\STARTUP\startup_PANGO_M1.s
   Uses
      At line 85 in file ..\STARTUP\startup_PANGO_M1.s
      At line 136 in macro Set_Default_Handler
      at line 157 in file ..\STARTUP\startup_PANGO_M1.s

Interrupt10_Handler 00000026

Symbol: Interrupt10_Handler
   Definitions
      At line 135 in macro Set_Default_Handler
      at line 160 in file ..\STARTUP\startup_PANGO_M1.s
   Uses
      At line 88 in file ..\STARTUP\startup_PANGO_M1.s
      At line 136 in macro Set_Default_Handler
      at line 160 in file ..\STARTUP\startup_PANGO_M1.s

Interrupt13_Handler 0000002C

Symbol: Interrupt13_Handler
   Definitions
      At line 135 in macro Set_Default_Handler
      at line 163 in file ..\STARTUP\startup_PANGO_M1.s
   Uses
      At line 91 in file ..\STARTUP\startup_PANGO_M1.s
      At line 136 in macro Set_Default_Handler
      at line 163 in file ..\STARTUP\startup_PANGO_M1.s

Interrupt14_Handler 0000002E

Symbol: Interrupt14_Handler
   Definitions
      At line 135 in macro Set_Default_Handler
      at line 164 in file ..\STARTUP\startup_PANGO_M1.s
   Uses
      At line 92 in file ..\STARTUP\startup_PANGO_M1.s
      At line 136 in macro Set_Default_Handler
      at line 164 in file ..\STARTUP\startup_PANGO_M1.s

Interrupt15_Handler 00000030

Symbol: Interrupt15_Handler
   Definitions
      At line 135 in macro Set_Default_Handler
      at line 165 in file ..\STARTUP\startup_PANGO_M1.s
   Uses
      At line 93 in file ..\STARTUP\startup_PANGO_M1.s
      At line 136 in macro Set_Default_Handler
      at line 165 in file ..\STARTUP\startup_PANGO_M1.s




ARM Macro Assembler    Page 3 Alphabetic symbol ordering
Relocatable symbols

Interrupt16_Handler 00000032

Symbol: Interrupt16_Handler
   Definitions
      At line 135 in macro Set_Default_Handler
      at line 166 in file ..\STARTUP\startup_PANGO_M1.s
   Uses
      At line 94 in file ..\STARTUP\startup_PANGO_M1.s
      At line 136 in macro Set_Default_Handler
      at line 166 in file ..\STARTUP\startup_PANGO_M1.s

Interrupt17_Handler 00000034

Symbol: Interrupt17_Handler
   Definitions
      At line 135 in macro Set_Default_Handler
      at line 167 in file ..\STARTUP\startup_PANGO_M1.s
   Uses
      At line 95 in file ..\STARTUP\startup_PANGO_M1.s
      At line 136 in macro Set_Default_Handler
      at line 167 in file ..\STARTUP\startup_PANGO_M1.s

Interrupt18_Handler 00000036

Symbol: Interrupt18_Handler
   Definitions
      At line 135 in macro Set_Default_Handler
      at line 168 in file ..\STARTUP\startup_PANGO_M1.s
   Uses
      At line 96 in file ..\STARTUP\startup_PANGO_M1.s
      At line 136 in macro Set_Default_Handler
      at line 168 in file ..\STARTUP\startup_PANGO_M1.s

Interrupt19_Handler 00000038

Symbol: Interrupt19_Handler
   Definitions
      At line 135 in macro Set_Default_Handler
      at line 169 in file ..\STARTUP\startup_PANGO_M1.s
   Uses
      At line 97 in file ..\STARTUP\startup_PANGO_M1.s
      At line 136 in macro Set_Default_Handler
      at line 169 in file ..\STARTUP\startup_PANGO_M1.s

Interrupt20_Handler 0000003A

Symbol: Interrupt20_Handler
   Definitions
      At line 135 in macro Set_Default_Handler
      at line 170 in file ..\STARTUP\startup_PANGO_M1.s
   Uses
      At line 98 in file ..\STARTUP\startup_PANGO_M1.s
      At line 136 in macro Set_Default_Handler
      at line 170 in file ..\STARTUP\startup_PANGO_M1.s

Interrupt21_Handler 0000003C

Symbol: Interrupt21_Handler
   Definitions



ARM Macro Assembler    Page 4 Alphabetic symbol ordering
Relocatable symbols

      At line 135 in macro Set_Default_Handler
      at line 171 in file ..\STARTUP\startup_PANGO_M1.s
   Uses
      At line 99 in file ..\STARTUP\startup_PANGO_M1.s
      At line 136 in macro Set_Default_Handler
      at line 171 in file ..\STARTUP\startup_PANGO_M1.s

Interrupt22_Handler 0000003E

Symbol: Interrupt22_Handler
   Definitions
      At line 135 in macro Set_Default_Handler
      at line 172 in file ..\STARTUP\startup_PANGO_M1.s
   Uses
      At line 100 in file ..\STARTUP\startup_PANGO_M1.s
      At line 136 in macro Set_Default_Handler
      at line 172 in file ..\STARTUP\startup_PANGO_M1.s

Interrupt23_Handler 00000040

Symbol: Interrupt23_Handler
   Definitions
      At line 135 in macro Set_Default_Handler
      at line 173 in file ..\STARTUP\startup_PANGO_M1.s
   Uses
      At line 101 in file ..\STARTUP\startup_PANGO_M1.s
      At line 136 in macro Set_Default_Handler
      at line 173 in file ..\STARTUP\startup_PANGO_M1.s

Interrupt24_Handler 00000042

Symbol: Interrupt24_Handler
   Definitions
      At line 135 in macro Set_Default_Handler
      at line 174 in file ..\STARTUP\startup_PANGO_M1.s
   Uses
      At line 102 in file ..\STARTUP\startup_PANGO_M1.s
      At line 136 in macro Set_Default_Handler
      at line 174 in file ..\STARTUP\startup_PANGO_M1.s

Interrupt25_Handler 00000044

Symbol: Interrupt25_Handler
   Definitions
      At line 135 in macro Set_Default_Handler
      at line 175 in file ..\STARTUP\startup_PANGO_M1.s
   Uses
      At line 103 in file ..\STARTUP\startup_PANGO_M1.s
      At line 136 in macro Set_Default_Handler
      at line 175 in file ..\STARTUP\startup_PANGO_M1.s

Interrupt26_Handler 00000046

Symbol: Interrupt26_Handler
   Definitions
      At line 135 in macro Set_Default_Handler
      at line 176 in file ..\STARTUP\startup_PANGO_M1.s
   Uses
      At line 104 in file ..\STARTUP\startup_PANGO_M1.s



ARM Macro Assembler    Page 5 Alphabetic symbol ordering
Relocatable symbols

      At line 136 in macro Set_Default_Handler
      at line 176 in file ..\STARTUP\startup_PANGO_M1.s

Interrupt27_Handler 00000048

Symbol: Interrupt27_Handler
   Definitions
      At line 135 in macro Set_Default_Handler
      at line 177 in file ..\STARTUP\startup_PANGO_M1.s
   Uses
      At line 105 in file ..\STARTUP\startup_PANGO_M1.s
      At line 136 in macro Set_Default_Handler
      at line 177 in file ..\STARTUP\startup_PANGO_M1.s

Interrupt28_Handler 0000004A

Symbol: Interrupt28_Handler
   Definitions
      At line 135 in macro Set_Default_Handler
      at line 178 in file ..\STARTUP\startup_PANGO_M1.s
   Uses
      At line 106 in file ..\STARTUP\startup_PANGO_M1.s
      At line 136 in macro Set_Default_Handler
      at line 178 in file ..\STARTUP\startup_PANGO_M1.s

Interrupt29_Handler 0000004C

Symbol: Interrupt29_Handler
   Definitions
      At line 135 in macro Set_Default_Handler
      at line 179 in file ..\STARTUP\startup_PANGO_M1.s
   Uses
      At line 107 in file ..\STARTUP\startup_PANGO_M1.s
      At line 136 in macro Set_Default_Handler
      at line 179 in file ..\STARTUP\startup_PANGO_M1.s

Interrupt30_Handler 0000004E

Symbol: Interrupt30_Handler
   Definitions
      At line 135 in macro Set_Default_Handler
      at line 180 in file ..\STARTUP\startup_PANGO_M1.s
   Uses
      At line 108 in file ..\STARTUP\startup_PANGO_M1.s
      At line 136 in macro Set_Default_Handler
      at line 180 in file ..\STARTUP\startup_PANGO_M1.s

Interrupt31_Handler 00000050

Symbol: Interrupt31_Handler
   Definitions
      At line 135 in macro Set_Default_Handler
      at line 181 in file ..\STARTUP\startup_PANGO_M1.s
   Uses
      At line 109 in file ..\STARTUP\startup_PANGO_M1.s
      At line 136 in macro Set_Default_Handler
      at line 181 in file ..\STARTUP\startup_PANGO_M1.s

NMI_Handler 00000008



ARM Macro Assembler    Page 6 Alphabetic symbol ordering
Relocatable symbols


Symbol: NMI_Handler
   Definitions
      At line 135 in macro Set_Default_Handler
      at line 144 in file ..\STARTUP\startup_PANGO_M1.s
   Uses
      At line 62 in file ..\STARTUP\startup_PANGO_M1.s
      At line 136 in macro Set_Default_Handler
      at line 144 in file ..\STARTUP\startup_PANGO_M1.s

PendSV_Handler 0000000E

Symbol: PendSV_Handler
   Definitions
      At line 135 in macro Set_Default_Handler
      at line 147 in file ..\STARTUP\startup_PANGO_M1.s
   Uses
      At line 74 in file ..\STARTUP\startup_PANGO_M1.s
      At line 136 in macro Set_Default_Handler
      at line 147 in file ..\STARTUP\startup_PANGO_M1.s

RTC_Handler 00000024

Symbol: RTC_Handler
   Definitions
      At line 135 in macro Set_Default_Handler
      at line 159 in file ..\STARTUP\startup_PANGO_M1.s
   Uses
      At line 87 in file ..\STARTUP\startup_PANGO_M1.s
      At line 136 in macro Set_Default_Handler
      at line 159 in file ..\STARTUP\startup_PANGO_M1.s

Reset_Handler 00000000

Symbol: Reset_Handler
   Definitions
      At line 118 in file ..\STARTUP\startup_PANGO_M1.s
   Uses
      At line 61 in file ..\STARTUP\startup_PANGO_M1.s
      At line 119 in file ..\STARTUP\startup_PANGO_M1.s

SVC_Handler 0000000C

Symbol: SVC_Handler
   Definitions
      At line 135 in macro Set_Default_Handler
      at line 146 in file ..\STARTUP\startup_PANGO_M1.s
   Uses
      At line 71 in file ..\STARTUP\startup_PANGO_M1.s
      At line 136 in macro Set_Default_Handler
      at line 146 in file ..\STARTUP\startup_PANGO_M1.s

SysTick_Handler 00000010

Symbol: SysTick_Handler
   Definitions
      At line 135 in macro Set_Default_Handler
      at line 148 in file ..\STARTUP\startup_PANGO_M1.s
   Uses



ARM Macro Assembler    Page 7 Alphabetic symbol ordering
Relocatable symbols

      At line 75 in file ..\STARTUP\startup_PANGO_M1.s
      At line 136 in macro Set_Default_Handler
      at line 148 in file ..\STARTUP\startup_PANGO_M1.s

TIMER0_Handler 00000016

Symbol: TIMER0_Handler
   Definitions
      At line 135 in macro Set_Default_Handler
      at line 152 in file ..\STARTUP\startup_PANGO_M1.s
   Uses
      At line 80 in file ..\STARTUP\startup_PANGO_M1.s
      At line 136 in macro Set_Default_Handler
      at line 152 in file ..\STARTUP\startup_PANGO_M1.s

TIMER1_Handler 00000018

Symbol: TIMER1_Handler
   Definitions
      At line 135 in macro Set_Default_Handler
      at line 153 in file ..\STARTUP\startup_PANGO_M1.s
   Uses
      At line 81 in file ..\STARTUP\startup_PANGO_M1.s
      At line 136 in macro Set_Default_Handler
      at line 153 in file ..\STARTUP\startup_PANGO_M1.s

TRNG_Handler 0000002A

Symbol: TRNG_Handler
   Definitions
      At line 135 in macro Set_Default_Handler
      at line 162 in file ..\STARTUP\startup_PANGO_M1.s
   Uses
      At line 90 in file ..\STARTUP\startup_PANGO_M1.s
      At line 136 in macro Set_Default_Handler
      at line 162 in file ..\STARTUP\startup_PANGO_M1.s

UART0_Handler 00000012

Symbol: UART0_Handler
   Definitions
      At line 135 in macro Set_Default_Handler
      at line 150 in file ..\STARTUP\startup_PANGO_M1.s
   Uses
      At line 78 in file ..\STARTUP\startup_PANGO_M1.s
      At line 136 in macro Set_Default_Handler
      at line 150 in file ..\STARTUP\startup_PANGO_M1.s

UART1_Handler 00000014

Symbol: UART1_Handler
   Definitions
      At line 135 in macro Set_Default_Handler
      at line 151 in file ..\STARTUP\startup_PANGO_M1.s
   Uses
      At line 79 in file ..\STARTUP\startup_PANGO_M1.s
      At line 136 in macro Set_Default_Handler
      at line 151 in file ..\STARTUP\startup_PANGO_M1.s




ARM Macro Assembler    Page 8 Alphabetic symbol ordering
Relocatable symbols

UARTOVF_Handler 0000001C

Symbol: UARTOVF_Handler
   Definitions
      At line 135 in macro Set_Default_Handler
      at line 155 in file ..\STARTUP\startup_PANGO_M1.s
   Uses
      At line 83 in file ..\STARTUP\startup_PANGO_M1.s
      At line 136 in macro Set_Default_Handler
      at line 155 in file ..\STARTUP\startup_PANGO_M1.s

39 symbols



ARM Macro Assembler    Page 1 Alphabetic symbol ordering
Absolute symbols

Heap_Size 00000100

Symbol: Heap_Size
   Definitions
      At line 39 in file ..\STARTUP\startup_PANGO_M1.s
   Uses
      At line 41 in file ..\STARTUP\startup_PANGO_M1.s
      At line 44 in file ..\STARTUP\startup_PANGO_M1.s
      At line 190 in file ..\STARTUP\startup_PANGO_M1.s

Stack_Size 00000100

Symbol: Stack_Size
   Definitions
      At line 27 in file ..\STARTUP\startup_PANGO_M1.s
   Uses
      At line 31 in file ..\STARTUP\startup_PANGO_M1.s
Comment: Stack_Size used once
__Vectors_Size 000000C0

Symbol: __Vectors_Size
   Definitions
      At line 111 in file ..\STARTUP\startup_PANGO_M1.s
   Uses
      At line 58 in file ..\STARTUP\startup_PANGO_M1.s
Comment: __Vectors_Size used once
3 symbols



ARM Macro Assembler    Page 1 Alphabetic symbol ordering
External symbols

SystemInit 00000000

Symbol: SystemInit
   Definitions
      At line 120 in file ..\STARTUP\startup_PANGO_M1.s
   Uses
      At line 123 in file ..\STARTUP\startup_PANGO_M1.s
Comment: SystemInit used once
__main 00000000

Symbol: __main
   Definitions
      At line 121 in file ..\STARTUP\startup_PANGO_M1.s
   Uses
      At line 125 in file ..\STARTUP\startup_PANGO_M1.s
Comment: __main used once
2 symbols
390 symbols in table
